[0.008s] Invoking command in '/home/roy/ros2_packages/ros2_tutorial/build/service_server': AMENT_PREFIX_PATH=/home/roy/ros2_packages/ros2_tutorial/install/interfaces:${AMENT_PREFIX_PATH} CMAKE_PREFIX_PATH=/home/roy/ros2_packages/ros2_tutorial/install/interfaces:/opt/ros/humble LD_LIBRARY_PATH=/home/roy/ros2_packages/ros2_tutorial/install/interfaces/lib:${LD_LIBRARY_PATH} PYTHONPATH=/home/roy/ros2_packages/ros2_tutorial/install/interfaces/local/lib/python3.10/dist-packages:${PYTHONPATH} /usr/bin/cmake --build /home/roy/ros2_packages/ros2_tutorial/build/service_server -- -j8 -l8
[0.050s] [100%] Built target service_server
[0.060s] Invoked command in '/home/roy/ros2_packages/ros2_tutorial/build/service_server' returned '0': AMENT_PREFIX_PATH=/home/roy/ros2_packages/ros2_tutorial/install/interfaces:${AMENT_PREFIX_PATH} CMAKE_PREFIX_PATH=/home/roy/ros2_packages/ros2_tutorial/install/interfaces:/opt/ros/humble LD_LIBRARY_PATH=/home/roy/ros2_packages/ros2_tutorial/install/interfaces/lib:${LD_LIBRARY_PATH} PYTHONPATH=/home/roy/ros2_packages/ros2_tutorial/install/interfaces/local/lib/python3.10/dist-packages:${PYTHONPATH} /usr/bin/cmake --build /home/roy/ros2_packages/ros2_tutorial/build/service_server -- -j8 -l8
[0.082s] Invoking command in '/home/roy/ros2_packages/ros2_tutorial/build/service_server': AMENT_PREFIX_PATH=/home/roy/ros2_packages/ros2_tutorial/install/interfaces:${AMENT_PREFIX_PATH} CMAKE_PREFIX_PATH=/home/roy/ros2_packages/ros2_tutorial/install/interfaces:/opt/ros/humble LD_LIBRARY_PATH=/home/roy/ros2_packages/ros2_tutorial/install/interfaces/lib:${LD_LIBRARY_PATH} PYTHONPATH=/home/roy/ros2_packages/ros2_tutorial/install/interfaces/local/lib/python3.10/dist-packages:${PYTHONPATH} /usr/bin/cmake --install /home/roy/ros2_packages/ros2_tutorial/build/service_server
[0.088s] -- Install configuration: ""
[0.088s] -- Execute custom install script
[0.088s] -- Up-to-date symlink: /home/roy/ros2_packages/ros2_tutorial/install/service_server/lib/service_server/service_server
[0.088s] -- Up-to-date symlink: /home/roy/ros2_packages/ros2_tutorial/install/service_server/share/ament_index/resource_index/package_run_dependencies/service_server
[0.088s] -- Up-to-date symlink: /home/roy/ros2_packages/ros2_tutorial/install/service_server/share/ament_index/resource_index/parent_prefix_path/service_server
[0.088s] -- Up-to-date symlink: /home/roy/ros2_packages/ros2_tutorial/install/service_server/share/service_server/environment/ament_prefix_path.sh
[0.089s] -- Up-to-date symlink: /home/roy/ros2_packages/ros2_tutorial/install/service_server/share/service_server/environment/ament_prefix_path.dsv
[0.089s] -- Up-to-date symlink: /home/roy/ros2_packages/ros2_tutorial/install/service_server/share/service_server/environment/path.sh
[0.089s] -- Up-to-date symlink: /home/roy/ros2_packages/ros2_tutorial/install/service_server/share/service_server/environment/path.dsv
[0.089s] -- Up-to-date symlink: /home/roy/ros2_packages/ros2_tutorial/install/service_server/share/service_server/local_setup.bash
[0.089s] -- Up-to-date symlink: /home/roy/ros2_packages/ros2_tutorial/install/service_server/share/service_server/local_setup.sh
[0.089s] -- Up-to-date symlink: /home/roy/ros2_packages/ros2_tutorial/install/service_server/share/service_server/local_setup.zsh
[0.089s] -- Up-to-date symlink: /home/roy/ros2_packages/ros2_tutorial/install/service_server/share/service_server/local_setup.dsv
[0.089s] -- Symlinking: /home/roy/ros2_packages/ros2_tutorial/install/service_server/share/service_server/package.dsv
[0.096s] -- Up-to-date symlink: /home/roy/ros2_packages/ros2_tutorial/install/service_server/share/ament_index/resource_index/packages/service_server
[0.096s] -- Up-to-date symlink: /home/roy/ros2_packages/ros2_tutorial/install/service_server/share/service_server/cmake/service_serverConfig.cmake
[0.096s] -- Up-to-date symlink: /home/roy/ros2_packages/ros2_tutorial/install/service_server/share/service_server/cmake/service_serverConfig-version.cmake
[0.097s] -- Up-to-date symlink: /home/roy/ros2_packages/ros2_tutorial/install/service_server/share/service_server/package.xml
[0.104s] Invoked command in '/home/roy/ros2_packages/ros2_tutorial/build/service_server' returned '0': AMENT_PREFIX_PATH=/home/roy/ros2_packages/ros2_tutorial/install/interfaces:${AMENT_PREFIX_PATH} CMAKE_PREFIX_PATH=/home/roy/ros2_packages/ros2_tutorial/install/interfaces:/opt/ros/humble LD_LIBRARY_PATH=/home/roy/ros2_packages/ros2_tutorial/install/interfaces/lib:${LD_LIBRARY_PATH} PYTHONPATH=/home/roy/ros2_packages/ros2_tutorial/install/interfaces/local/lib/python3.10/dist-packages:${PYTHONPATH} /usr/bin/cmake --install /home/roy/ros2_packages/ros2_tutorial/build/service_server
