[0.014s] Invoking command in '/home/roy/ros2_packages/ros2_tutorial/build/publisher': CMAKE_PREFIX_PATH=/opt/ros/humble /usr/bin/cmake --build /home/roy/ros2_packages/ros2_tutorial/build/publisher -- -j8 -l8
[0.053s] [100%] Built target publisher
[0.063s] Invoked command in '/home/roy/ros2_packages/ros2_tutorial/build/publisher' returned '0': CMAKE_PREFIX_PATH=/opt/ros/humble /usr/bin/cmake --build /home/roy/ros2_packages/ros2_tutorial/build/publisher -- -j8 -l8
[0.091s] Invoking command in '/home/roy/ros2_packages/ros2_tutorial/build/publisher': CMAKE_PREFIX_PATH=/opt/ros/humble /usr/bin/cmake --install /home/roy/ros2_packages/ros2_tutorial/build/publisher
[0.096s] -- Install configuration: ""
[0.096s] -- Execute custom install script
[0.096s] -- Up-to-date symlink: /home/roy/ros2_packages/ros2_tutorial/install/publisher/lib/publisher/publisher
[0.097s] -- Up-to-date symlink: /home/roy/ros2_packages/ros2_tutorial/install/publisher/share/ament_index/resource_index/package_run_dependencies/publisher
[0.097s] -- Up-to-date symlink: /home/roy/ros2_packages/ros2_tutorial/install/publisher/share/ament_index/resource_index/parent_prefix_path/publisher
[0.097s] -- Up-to-date symlink: /home/roy/ros2_packages/ros2_tutorial/install/publisher/share/publisher/environment/ament_prefix_path.sh
[0.097s] -- Up-to-date symlink: /home/roy/ros2_packages/ros2_tutorial/install/publisher/share/publisher/environment/ament_prefix_path.dsv
[0.097s] -- Up-to-date symlink: /home/roy/ros2_packages/ros2_tutorial/install/publisher/share/publisher/environment/path.sh
[0.097s] -- Up-to-date symlink: /home/roy/ros2_packages/ros2_tutorial/install/publisher/share/publisher/environment/path.dsv
[0.097s] -- Up-to-date symlink: /home/roy/ros2_packages/ros2_tutorial/install/publisher/share/publisher/local_setup.bash
[0.097s] -- Up-to-date symlink: /home/roy/ros2_packages/ros2_tutorial/install/publisher/share/publisher/local_setup.sh
[0.098s] -- Up-to-date symlink: /home/roy/ros2_packages/ros2_tutorial/install/publisher/share/publisher/local_setup.zsh
[0.098s] -- Up-to-date symlink: /home/roy/ros2_packages/ros2_tutorial/install/publisher/share/publisher/local_setup.dsv
[0.098s] -- Symlinking: /home/roy/ros2_packages/ros2_tutorial/install/publisher/share/publisher/package.dsv
[0.106s] -- Up-to-date symlink: /home/roy/ros2_packages/ros2_tutorial/install/publisher/share/ament_index/resource_index/packages/publisher
[0.106s] -- Up-to-date symlink: /home/roy/ros2_packages/ros2_tutorial/install/publisher/share/publisher/cmake/publisherConfig.cmake
[0.106s] -- Up-to-date symlink: /home/roy/ros2_packages/ros2_tutorial/install/publisher/share/publisher/cmake/publisherConfig-version.cmake
[0.106s] -- Up-to-date symlink: /home/roy/ros2_packages/ros2_tutorial/install/publisher/share/publisher/package.xml
[0.108s] Invoked command in '/home/roy/ros2_packages/ros2_tutorial/build/publisher' returned '0': CMAKE_PREFIX_PATH=/opt/ros/humble /usr/bin/cmake --install /home/roy/ros2_packages/ros2_tutorial/build/publisher
