[0.013s] Invoking command in '/home/roy/ros2_packages/ros2_tutorial/build/parameters': CMAKE_PREFIX_PATH=/opt/ros/humble /usr/bin/cmake --build /home/roy/ros2_packages/ros2_tutorial/build/parameters -- -j8 -l8
[0.053s] [100%] Built target parameters
[0.062s] Invoked command in '/home/roy/ros2_packages/ros2_tutorial/build/parameters' returned '0': CMAKE_PREFIX_PATH=/opt/ros/humble /usr/bin/cmake --build /home/roy/ros2_packages/ros2_tutorial/build/parameters -- -j8 -l8
[0.087s] Invoking command in '/home/roy/ros2_packages/ros2_tutorial/build/parameters': CMAKE_PREFIX_PATH=/opt/ros/humble /usr/bin/cmake --install /home/roy/ros2_packages/ros2_tutorial/build/parameters
[0.093s] -- Install configuration: ""
[0.093s] -- Execute custom install script
[0.093s] -- Up-to-date symlink: /home/roy/ros2_packages/ros2_tutorial/install/parameters/lib/parameters/parameters
[0.093s] -- Up-to-date symlink: /home/roy/ros2_packages/ros2_tutorial/install/parameters/share/ament_index/resource_index/package_run_dependencies/parameters
[0.093s] -- Up-to-date symlink: /home/roy/ros2_packages/ros2_tutorial/install/parameters/share/ament_index/resource_index/parent_prefix_path/parameters
[0.094s] -- Up-to-date symlink: /home/roy/ros2_packages/ros2_tutorial/install/parameters/share/parameters/environment/ament_prefix_path.sh
[0.094s] -- Up-to-date symlink: /home/roy/ros2_packages/ros2_tutorial/install/parameters/share/parameters/environment/ament_prefix_path.dsv
[0.094s] -- Up-to-date symlink: /home/roy/ros2_packages/ros2_tutorial/install/parameters/share/parameters/environment/path.sh
[0.094s] -- Up-to-date symlink: /home/roy/ros2_packages/ros2_tutorial/install/parameters/share/parameters/environment/path.dsv
[0.094s] -- Up-to-date symlink: /home/roy/ros2_packages/ros2_tutorial/install/parameters/share/parameters/local_setup.bash
[0.094s] -- Up-to-date symlink: /home/roy/ros2_packages/ros2_tutorial/install/parameters/share/parameters/local_setup.sh
[0.095s] -- Up-to-date symlink: /home/roy/ros2_packages/ros2_tutorial/install/parameters/share/parameters/local_setup.zsh
[0.095s] -- Up-to-date symlink: /home/roy/ros2_packages/ros2_tutorial/install/parameters/share/parameters/local_setup.dsv
[0.095s] -- Symlinking: /home/roy/ros2_packages/ros2_tutorial/install/parameters/share/parameters/package.dsv
[0.102s] -- Up-to-date symlink: /home/roy/ros2_packages/ros2_tutorial/install/parameters/share/ament_index/resource_index/packages/parameters
[0.103s] -- Up-to-date symlink: /home/roy/ros2_packages/ros2_tutorial/install/parameters/share/parameters/cmake/parametersConfig.cmake
[0.103s] -- Up-to-date symlink: /home/roy/ros2_packages/ros2_tutorial/install/parameters/share/parameters/cmake/parametersConfig-version.cmake
[0.103s] -- Up-to-date symlink: /home/roy/ros2_packages/ros2_tutorial/install/parameters/share/parameters/package.xml
[0.116s] Invoked command in '/home/roy/ros2_packages/ros2_tutorial/build/parameters' returned '0': CMAKE_PREFIX_PATH=/opt/ros/humble /usr/bin/cmake --install /home/roy/ros2_packages/ros2_tutorial/build/parameters
