[0.084s] DEBUG:colcon:Command line arguments: ['/usr/bin/colcon', 'build', '--symlink-install']
[0.084s] DEBUG:colcon:Parsed command line arguments: Namespace(log_base=None, log_level=None, verb_name='build', build_base='build', install_base='install', merge_install=False, symlink_install=True, test_result_base=None, continue_on_error=False, executor='parallel', parallel_workers=8, event_handlers=None, ignore_user_meta=False, metas=['./colcon.meta'], base_paths=['.'], packages_ignore=None, packages_ignore_regex=None, paths=None, packages_up_to=None, packages_up_to_regex=None, packages_above=None, packages_above_and_dependencies=None, packages_above_depth=None, packages_select_by_dep=None, packages_skip_by_dep=None, packages_skip_up_to=None, packages_select_build_failed=False, packages_skip_build_finished=False, packages_select_test_failures=False, packages_skip_test_passed=False, packages_select=None, packages_skip=None, packages_select_regex=None, packages_skip_regex=None, packages_start=None, packages_end=None, allow_overriding=[], cmake_args=None, cmake_target=None, cmake_target_skip_unavailable=False, cmake_clean_cache=False, cmake_clean_first=False, cmake_force_configure=False, ament_cmake_args=None, catkin_cmake_args=None, catkin_skip_building_tests=False, mixin_files=None, mixin=None, verb_parser=<colcon_mixin.mixin.mixin_argument.MixinArgumentDecorator object at 0x77a40203e1d0>, verb_extension=<colcon_core.verb.build.BuildVerb object at 0x77a402151e70>, main=<bound method BuildVerb.main of <colcon_core.verb.build.BuildVerb object at 0x77a402151e70>>, mixin_verb=('build',))
[0.213s] Level 1:colcon.colcon_core.package_discovery:discover_packages(colcon_meta) check parameters
[0.213s] Level 1:colcon.colcon_core.package_discovery:discover_packages(recursive) check parameters
[0.213s] Level 1:colcon.colcon_core.package_discovery:discover_packages(ignore) check parameters
[0.213s] Level 1:colcon.colcon_core.package_discovery:discover_packages(path) check parameters
[0.213s] Level 1:colcon.colcon_core.package_discovery:discover_packages(colcon_meta) discover
[0.213s] Level 1:colcon.colcon_core.package_discovery:discover_packages(recursive) discover
[0.213s] INFO:colcon.colcon_core.package_discovery:Crawling recursively for packages in '/home/roy/ros2_packages/ros2_tutorial'
[0.213s] Level 1:colcon.colcon_core.package_identification:_identify(.) by extensions ['ignore', 'ignore_ament_install']
[0.213s] Level 1:colcon.colcon_core.package_identification:_identify(.) by extension 'ignore'
[0.213s] Level 1:colcon.colcon_core.package_identification:_identify(.) by extension 'ignore_ament_install'
[0.213s] Level 1:colcon.colcon_core.package_identification:_identify(.) by extensions ['colcon_pkg']
[0.213s] Level 1:colcon.colcon_core.package_identification:_identify(.) by extension 'colcon_pkg'
[0.213s] Level 1:colcon.colcon_core.package_identification:_identify(.) by extensions ['colcon_meta']
[0.213s] Level 1:colcon.colcon_core.package_identification:_identify(.) by extension 'colcon_meta'
[0.213s] Level 1:colcon.colcon_core.package_identification:_identify(.) by extensions ['ros']
[0.213s] Level 1:colcon.colcon_core.package_identification:_identify(.) by extension 'ros'
[0.222s] Level 1:colcon.colcon_core.package_identification:_identify(.) by extensions ['cmake', 'python']
[0.222s] Level 1:colcon.colcon_core.package_identification:_identify(.) by extension 'cmake'
[0.222s] Level 1:colcon.colcon_core.package_identification:_identify(.) by extension 'python'
[0.222s] Level 1:colcon.colcon_core.package_identification:_identify(.) by extensions ['python_setup_py']
[0.222s] Level 1:colcon.colcon_core.package_identification:_identify(.) by extension 'python_setup_py'
[0.222s] Level 1:colcon.colcon_core.package_identification:_identify(build) by extensions ['ignore', 'ignore_ament_install']
[0.222s] Level 1:colcon.colcon_core.package_identification:_identify(build) by extension 'ignore'
[0.222s] Level 1:colcon.colcon_core.package_identification:_identify(build) ignored
[0.222s] Level 1:colcon.colcon_core.package_identification:_identify(install) by extensions ['ignore', 'ignore_ament_install']
[0.222s] Level 1:colcon.colcon_core.package_identification:_identify(install) by extension 'ignore'
[0.222s] Level 1:colcon.colcon_core.package_identification:_identify(install) ignored
[0.223s] Level 1:colcon.colcon_core.package_identification:_identify(log) by extensions ['ignore', 'ignore_ament_install']
[0.223s] Level 1:colcon.colcon_core.package_identification:_identify(log) by extension 'ignore'
[0.223s] Level 1:colcon.colcon_core.package_identification:_identify(log) ignored
[0.223s] Level 1:colcon.colcon_core.package_identification:_identify(src) by extensions ['ignore', 'ignore_ament_install']
[0.223s] Level 1:colcon.colcon_core.package_identification:_identify(src) by extension 'ignore'
[0.223s] Level 1:colcon.colcon_core.package_identification:_identify(src) by extension 'ignore_ament_install'
[0.223s] Level 1:colcon.colcon_core.package_identification:_identify(src) by extensions ['colcon_pkg']
[0.223s] Level 1:colcon.colcon_core.package_identification:_identify(src) by extension 'colcon_pkg'
[0.223s] Level 1:colcon.colcon_core.package_identification:_identify(src) by extensions ['colcon_meta']
[0.223s] Level 1:colcon.colcon_core.package_identification:_identify(src) by extension 'colcon_meta'
[0.223s] Level 1:colcon.colcon_core.package_identification:_identify(src) by extensions ['ros']
[0.223s] Level 1:colcon.colcon_core.package_identification:_identify(src) by extension 'ros'
[0.223s] Level 1:colcon.colcon_core.package_identification:_identify(src) by extensions ['cmake', 'python']
[0.223s] Level 1:colcon.colcon_core.package_identification:_identify(src) by extension 'cmake'
[0.223s] Level 1:colcon.colcon_core.package_identification:_identify(src) by extension 'python'
[0.223s] Level 1:colcon.colcon_core.package_identification:_identify(src) by extensions ['python_setup_py']
[0.223s] Level 1:colcon.colcon_core.package_identification:_identify(src) by extension 'python_setup_py'
[0.223s] Level 1:colcon.colcon_core.package_identification:_identify(src/interfaces) by extensions ['ignore', 'ignore_ament_install']
[0.223s] Level 1:colcon.colcon_core.package_identification:_identify(src/interfaces) by extension 'ignore'
[0.223s] Level 1:colcon.colcon_core.package_identification:_identify(src/interfaces) by extension 'ignore_ament_install'
[0.223s] Level 1:colcon.colcon_core.package_identification:_identify(src/interfaces) by extensions ['colcon_pkg']
[0.223s] Level 1:colcon.colcon_core.package_identification:_identify(src/interfaces) by extension 'colcon_pkg'
[0.223s] Level 1:colcon.colcon_core.package_identification:_identify(src/interfaces) by extensions ['colcon_meta']
[0.223s] Level 1:colcon.colcon_core.package_identification:_identify(src/interfaces) by extension 'colcon_meta'
[0.224s] Level 1:colcon.colcon_core.package_identification:_identify(src/interfaces) by extensions ['ros']
[0.224s] Level 1:colcon.colcon_core.package_identification:_identify(src/interfaces) by extension 'ros'
[0.225s] DEBUG:colcon.colcon_core.package_identification:Package 'src/interfaces' with type 'ros.ament_cmake' and name 'interfaces'
[0.225s] Level 1:colcon.colcon_core.package_identification:_identify(src/parameters) by extensions ['ignore', 'ignore_ament_install']
[0.225s] Level 1:colcon.colcon_core.package_identification:_identify(src/parameters) by extension 'ignore'
[0.226s] Level 1:colcon.colcon_core.package_identification:_identify(src/parameters) by extension 'ignore_ament_install'
[0.226s] Level 1:colcon.colcon_core.package_identification:_identify(src/parameters) by extensions ['colcon_pkg']
[0.226s] Level 1:colcon.colcon_core.package_identification:_identify(src/parameters) by extension 'colcon_pkg'
[0.226s] Level 1:colcon.colcon_core.package_identification:_identify(src/parameters) by extensions ['colcon_meta']
[0.226s] Level 1:colcon.colcon_core.package_identification:_identify(src/parameters) by extension 'colcon_meta'
[0.226s] Level 1:colcon.colcon_core.package_identification:_identify(src/parameters) by extensions ['ros']
[0.226s] Level 1:colcon.colcon_core.package_identification:_identify(src/parameters) by extension 'ros'
[0.226s] DEBUG:colcon.colcon_core.package_identification:Package 'src/parameters' with type 'ros.ament_cmake' and name 'parameters'
[0.226s] Level 1:colcon.colcon_core.package_identification:_identify(src/publisher) by extensions ['ignore', 'ignore_ament_install']
[0.226s] Level 1:colcon.colcon_core.package_identification:_identify(src/publisher) by extension 'ignore'
[0.226s] Level 1:colcon.colcon_core.package_identification:_identify(src/publisher) by extension 'ignore_ament_install'
[0.226s] Level 1:colcon.colcon_core.package_identification:_identify(src/publisher) by extensions ['colcon_pkg']
[0.226s] Level 1:colcon.colcon_core.package_identification:_identify(src/publisher) by extension 'colcon_pkg'
[0.227s] Level 1:colcon.colcon_core.package_identification:_identify(src/publisher) by extensions ['colcon_meta']
[0.227s] Level 1:colcon.colcon_core.package_identification:_identify(src/publisher) by extension 'colcon_meta'
[0.227s] Level 1:colcon.colcon_core.package_identification:_identify(src/publisher) by extensions ['ros']
[0.227s] Level 1:colcon.colcon_core.package_identification:_identify(src/publisher) by extension 'ros'
[0.227s] DEBUG:colcon.colcon_core.package_identification:Package 'src/publisher' with type 'ros.ament_cmake' and name 'publisher'
[0.227s] Level 1:colcon.colcon_core.package_identification:_identify(src/service_client) by extensions ['ignore', 'ignore_ament_install']
[0.227s] Level 1:colcon.colcon_core.package_identification:_identify(src/service_client) by extension 'ignore'
[0.227s] Level 1:colcon.colcon_core.package_identification:_identify(src/service_client) by extension 'ignore_ament_install'
[0.227s] Level 1:colcon.colcon_core.package_identification:_identify(src/service_client) by extensions ['colcon_pkg']
[0.227s] Level 1:colcon.colcon_core.package_identification:_identify(src/service_client) by extension 'colcon_pkg'
[0.227s] Level 1:colcon.colcon_core.package_identification:_identify(src/service_client) by extensions ['colcon_meta']
[0.228s] Level 1:colcon.colcon_core.package_identification:_identify(src/service_client) by extension 'colcon_meta'
[0.228s] Level 1:colcon.colcon_core.package_identification:_identify(src/service_client) by extensions ['ros']
[0.228s] Level 1:colcon.colcon_core.package_identification:_identify(src/service_client) by extension 'ros'
[0.228s] DEBUG:colcon.colcon_core.package_identification:Package 'src/service_client' with type 'ros.ament_cmake' and name 'service_client'
[0.228s] Level 1:colcon.colcon_core.package_identification:_identify(src/service_server) by extensions ['ignore', 'ignore_ament_install']
[0.228s] Level 1:colcon.colcon_core.package_identification:_identify(src/service_server) by extension 'ignore'
[0.228s] Level 1:colcon.colcon_core.package_identification:_identify(src/service_server) by extension 'ignore_ament_install'
[0.228s] Level 1:colcon.colcon_core.package_identification:_identify(src/service_server) by extensions ['colcon_pkg']
[0.228s] Level 1:colcon.colcon_core.package_identification:_identify(src/service_server) by extension 'colcon_pkg'
[0.228s] Level 1:colcon.colcon_core.package_identification:_identify(src/service_server) by extensions ['colcon_meta']
[0.228s] Level 1:colcon.colcon_core.package_identification:_identify(src/service_server) by extension 'colcon_meta'
[0.228s] Level 1:colcon.colcon_core.package_identification:_identify(src/service_server) by extensions ['ros']
[0.228s] Level 1:colcon.colcon_core.package_identification:_identify(src/service_server) by extension 'ros'
[0.229s] DEBUG:colcon.colcon_core.package_identification:Package 'src/service_server' with type 'ros.ament_cmake' and name 'service_server'
[0.229s] Level 1:colcon.colcon_core.package_identification:_identify(src/subscriber) by extensions ['ignore', 'ignore_ament_install']
[0.229s] Level 1:colcon.colcon_core.package_identification:_identify(src/subscriber) by extension 'ignore'
[0.229s] Level 1:colcon.colcon_core.package_identification:_identify(src/subscriber) by extension 'ignore_ament_install'
[0.229s] Level 1:colcon.colcon_core.package_identification:_identify(src/subscriber) by extensions ['colcon_pkg']
[0.229s] Level 1:colcon.colcon_core.package_identification:_identify(src/subscriber) by extension 'colcon_pkg'
[0.229s] Level 1:colcon.colcon_core.package_identification:_identify(src/subscriber) by extensions ['colcon_meta']
[0.229s] Level 1:colcon.colcon_core.package_identification:_identify(src/subscriber) by extension 'colcon_meta'
[0.229s] Level 1:colcon.colcon_core.package_identification:_identify(src/subscriber) by extensions ['ros']
[0.229s] Level 1:colcon.colcon_core.package_identification:_identify(src/subscriber) by extension 'ros'
[0.230s] DEBUG:colcon.colcon_core.package_identification:Package 'src/subscriber' with type 'ros.ament_cmake' and name 'subscriber'
[0.230s] Level 1:colcon.colcon_core.package_discovery:discover_packages(recursive) using defaults
[0.230s] Level 1:colcon.colcon_core.package_discovery:discover_packages(ignore) discover
[0.230s] Level 1:colcon.colcon_core.package_discovery:discover_packages(ignore) using defaults
[0.230s] Level 1:colcon.colcon_core.package_discovery:discover_packages(path) discover
[0.230s] Level 1:colcon.colcon_core.package_discovery:discover_packages(path) using defaults
[0.244s] Level 1:colcon.colcon_core.package_discovery:discover_packages(prefix_path) check parameters
[0.245s] Level 1:colcon.colcon_core.package_discovery:discover_packages(prefix_path) discover
[0.246s] DEBUG:colcon.colcon_installed_package_information.package_discovery:Found 312 installed packages in /opt/ros/humble
[0.254s] Level 1:colcon.colcon_core.package_discovery:discover_packages(prefix_path) using defaults
[0.287s] Level 5:colcon.colcon_core.verb:set package 'interfaces' build argument 'cmake_args' from command line to 'None'
[0.287s] Level 5:colcon.colcon_core.verb:set package 'interfaces' build argument 'cmake_target' from command line to 'None'
[0.287s] Level 5:colcon.colcon_core.verb:set package 'interfaces' build argument 'cmake_target_skip_unavailable' from command line to 'False'
[0.287s] Level 5:colcon.colcon_core.verb:set package 'interfaces' build argument 'cmake_clean_cache' from command line to 'False'
[0.287s] Level 5:colcon.colcon_core.verb:set package 'interfaces' build argument 'cmake_clean_first' from command line to 'False'
[0.287s] Level 5:colcon.colcon_core.verb:set package 'interfaces' build argument 'cmake_force_configure' from command line to 'False'
[0.287s] Level 5:colcon.colcon_core.verb:set package 'interfaces' build argument 'ament_cmake_args' from command line to 'None'
[0.287s] Level 5:colcon.colcon_core.verb:set package 'interfaces' build argument 'catkin_cmake_args' from command line to 'None'
[0.287s] Level 5:colcon.colcon_core.verb:set package 'interfaces' build argument 'catkin_skip_building_tests' from command line to 'False'
[0.287s] DEBUG:colcon.colcon_core.verb:Building package 'interfaces' with the following arguments: {'ament_cmake_args': None, 'build_base': '/home/roy/ros2_packages/ros2_tutorial/build/interfaces', 'catkin_cmake_args': None, 'catkin_skip_building_tests': False, 'cmake_args': None, 'cmake_clean_cache': False, 'cmake_clean_first': False, 'cmake_force_configure': False, 'cmake_target': None, 'cmake_target_skip_unavailable': False, 'install_base': '/home/roy/ros2_packages/ros2_tutorial/install/interfaces', 'merge_install': False, 'path': '/home/roy/ros2_packages/ros2_tutorial/src/interfaces', 'symlink_install': True, 'test_result_base': None}
[0.287s] Level 5:colcon.colcon_core.verb:set package 'parameters' build argument 'cmake_args' from command line to 'None'
[0.287s] Level 5:colcon.colcon_core.verb:set package 'parameters' build argument 'cmake_target' from command line to 'None'
[0.287s] Level 5:colcon.colcon_core.verb:set package 'parameters' build argument 'cmake_target_skip_unavailable' from command line to 'False'
[0.287s] Level 5:colcon.colcon_core.verb:set package 'parameters' build argument 'cmake_clean_cache' from command line to 'False'
[0.287s] Level 5:colcon.colcon_core.verb:set package 'parameters' build argument 'cmake_clean_first' from command line to 'False'
[0.287s] Level 5:colcon.colcon_core.verb:set package 'parameters' build argument 'cmake_force_configure' from command line to 'False'
[0.287s] Level 5:colcon.colcon_core.verb:set package 'parameters' build argument 'ament_cmake_args' from command line to 'None'
[0.287s] Level 5:colcon.colcon_core.verb:set package 'parameters' build argument 'catkin_cmake_args' from command line to 'None'
[0.287s] Level 5:colcon.colcon_core.verb:set package 'parameters' build argument 'catkin_skip_building_tests' from command line to 'False'
[0.288s] DEBUG:colcon.colcon_core.verb:Building package 'parameters' with the following arguments: {'ament_cmake_args': None, 'build_base': '/home/roy/ros2_packages/ros2_tutorial/build/parameters', 'catkin_cmake_args': None, 'catkin_skip_building_tests': False, 'cmake_args': None, 'cmake_clean_cache': False, 'cmake_clean_first': False, 'cmake_force_configure': False, 'cmake_target': None, 'cmake_target_skip_unavailable': False, 'install_base': '/home/roy/ros2_packages/ros2_tutorial/install/parameters', 'merge_install': False, 'path': '/home/roy/ros2_packages/ros2_tutorial/src/parameters', 'symlink_install': True, 'test_result_base': None}
[0.288s] Level 5:colcon.colcon_core.verb:set package 'publisher' build argument 'cmake_args' from command line to 'None'
[0.288s] Level 5:colcon.colcon_core.verb:set package 'publisher' build argument 'cmake_target' from command line to 'None'
[0.288s] Level 5:colcon.colcon_core.verb:set package 'publisher' build argument 'cmake_target_skip_unavailable' from command line to 'False'
[0.288s] Level 5:colcon.colcon_core.verb:set package 'publisher' build argument 'cmake_clean_cache' from command line to 'False'
[0.288s] Level 5:colcon.colcon_core.verb:set package 'publisher' build argument 'cmake_clean_first' from command line to 'False'
[0.288s] Level 5:colcon.colcon_core.verb:set package 'publisher' build argument 'cmake_force_configure' from command line to 'False'
[0.288s] Level 5:colcon.colcon_core.verb:set package 'publisher' build argument 'ament_cmake_args' from command line to 'None'
[0.288s] Level 5:colcon.colcon_core.verb:set package 'publisher' build argument 'catkin_cmake_args' from command line to 'None'
[0.288s] Level 5:colcon.colcon_core.verb:set package 'publisher' build argument 'catkin_skip_building_tests' from command line to 'False'
[0.288s] DEBUG:colcon.colcon_core.verb:Building package 'publisher' with the following arguments: {'ament_cmake_args': None, 'build_base': '/home/roy/ros2_packages/ros2_tutorial/build/publisher', 'catkin_cmake_args': None, 'catkin_skip_building_tests': False, 'cmake_args': None, 'cmake_clean_cache': False, 'cmake_clean_first': False, 'cmake_force_configure': False, 'cmake_target': None, 'cmake_target_skip_unavailable': False, 'install_base': '/home/roy/ros2_packages/ros2_tutorial/install/publisher', 'merge_install': False, 'path': '/home/roy/ros2_packages/ros2_tutorial/src/publisher', 'symlink_install': True, 'test_result_base': None}
[0.288s] Level 5:colcon.colcon_core.verb:set package 'subscriber' build argument 'cmake_args' from command line to 'None'
[0.288s] Level 5:colcon.colcon_core.verb:set package 'subscriber' build argument 'cmake_target' from command line to 'None'
[0.288s] Level 5:colcon.colcon_core.verb:set package 'subscriber' build argument 'cmake_target_skip_unavailable' from command line to 'False'
[0.288s] Level 5:colcon.colcon_core.verb:set package 'subscriber' build argument 'cmake_clean_cache' from command line to 'False'
[0.288s] Level 5:colcon.colcon_core.verb:set package 'subscriber' build argument 'cmake_clean_first' from command line to 'False'
[0.288s] Level 5:colcon.colcon_core.verb:set package 'subscriber' build argument 'cmake_force_configure' from command line to 'False'
[0.288s] Level 5:colcon.colcon_core.verb:set package 'subscriber' build argument 'ament_cmake_args' from command line to 'None'
[0.288s] Level 5:colcon.colcon_core.verb:set package 'subscriber' build argument 'catkin_cmake_args' from command line to 'None'
[0.288s] Level 5:colcon.colcon_core.verb:set package 'subscriber' build argument 'catkin_skip_building_tests' from command line to 'False'
[0.289s] DEBUG:colcon.colcon_core.verb:Building package 'subscriber' with the following arguments: {'ament_cmake_args': None, 'build_base': '/home/roy/ros2_packages/ros2_tutorial/build/subscriber', 'catkin_cmake_args': None, 'catkin_skip_building_tests': False, 'cmake_args': None, 'cmake_clean_cache': False, 'cmake_clean_first': False, 'cmake_force_configure': False, 'cmake_target': None, 'cmake_target_skip_unavailable': False, 'install_base': '/home/roy/ros2_packages/ros2_tutorial/install/subscriber', 'merge_install': False, 'path': '/home/roy/ros2_packages/ros2_tutorial/src/subscriber', 'symlink_install': True, 'test_result_base': None}
[0.289s] Level 5:colcon.colcon_core.verb:set package 'service_client' build argument 'cmake_args' from command line to 'None'
[0.289s] Level 5:colcon.colcon_core.verb:set package 'service_client' build argument 'cmake_target' from command line to 'None'
[0.289s] Level 5:colcon.colcon_core.verb:set package 'service_client' build argument 'cmake_target_skip_unavailable' from command line to 'False'
[0.289s] Level 5:colcon.colcon_core.verb:set package 'service_client' build argument 'cmake_clean_cache' from command line to 'False'
[0.289s] Level 5:colcon.colcon_core.verb:set package 'service_client' build argument 'cmake_clean_first' from command line to 'False'
[0.289s] Level 5:colcon.colcon_core.verb:set package 'service_client' build argument 'cmake_force_configure' from command line to 'False'
[0.289s] Level 5:colcon.colcon_core.verb:set package 'service_client' build argument 'ament_cmake_args' from command line to 'None'
[0.289s] Level 5:colcon.colcon_core.verb:set package 'service_client' build argument 'catkin_cmake_args' from command line to 'None'
[0.289s] Level 5:colcon.colcon_core.verb:set package 'service_client' build argument 'catkin_skip_building_tests' from command line to 'False'
[0.289s] DEBUG:colcon.colcon_core.verb:Building package 'service_client' with the following arguments: {'ament_cmake_args': None, 'build_base': '/home/roy/ros2_packages/ros2_tutorial/build/service_client', 'catkin_cmake_args': None, 'catkin_skip_building_tests': False, 'cmake_args': None, 'cmake_clean_cache': False, 'cmake_clean_first': False, 'cmake_force_configure': False, 'cmake_target': None, 'cmake_target_skip_unavailable': False, 'install_base': '/home/roy/ros2_packages/ros2_tutorial/install/service_client', 'merge_install': False, 'path': '/home/roy/ros2_packages/ros2_tutorial/src/service_client', 'symlink_install': True, 'test_result_base': None}
[0.289s] Level 5:colcon.colcon_core.verb:set package 'service_server' build argument 'cmake_args' from command line to 'None'
[0.289s] Level 5:colcon.colcon_core.verb:set package 'service_server' build argument 'cmake_target' from command line to 'None'
[0.289s] Level 5:colcon.colcon_core.verb:set package 'service_server' build argument 'cmake_target_skip_unavailable' from command line to 'False'
[0.289s] Level 5:colcon.colcon_core.verb:set package 'service_server' build argument 'cmake_clean_cache' from command line to 'False'
[0.289s] Level 5:colcon.colcon_core.verb:set package 'service_server' build argument 'cmake_clean_first' from command line to 'False'
[0.289s] Level 5:colcon.colcon_core.verb:set package 'service_server' build argument 'cmake_force_configure' from command line to 'False'
[0.290s] Level 5:colcon.colcon_core.verb:set package 'service_server' build argument 'ament_cmake_args' from command line to 'None'
[0.290s] Level 5:colcon.colcon_core.verb:set package 'service_server' build argument 'catkin_cmake_args' from command line to 'None'
[0.290s] Level 5:colcon.colcon_core.verb:set package 'service_server' build argument 'catkin_skip_building_tests' from command line to 'False'
[0.290s] DEBUG:colcon.colcon_core.verb:Building package 'service_server' with the following arguments: {'ament_cmake_args': None, 'build_base': '/home/roy/ros2_packages/ros2_tutorial/build/service_server', 'catkin_cmake_args': None, 'catkin_skip_building_tests': False, 'cmake_args': None, 'cmake_clean_cache': False, 'cmake_clean_first': False, 'cmake_force_configure': False, 'cmake_target': None, 'cmake_target_skip_unavailable': False, 'install_base': '/home/roy/ros2_packages/ros2_tutorial/install/service_server', 'merge_install': False, 'path': '/home/roy/ros2_packages/ros2_tutorial/src/service_server', 'symlink_install': True, 'test_result_base': None}
[0.290s] INFO:colcon.colcon_core.executor:Executing jobs using 'parallel' executor
[0.291s] DEBUG:colcon.colcon_parallel_executor.executor.parallel:run_until_complete
[0.291s] INFO:colcon.colcon_ros.task.ament_cmake.build:Building ROS package in '/home/roy/ros2_packages/ros2_tutorial/src/interfaces' with build type 'ament_cmake'
[0.291s] INFO:colcon.colcon_cmake.task.cmake.build:Building CMake package in '/home/roy/ros2_packages/ros2_tutorial/src/interfaces'
[0.293s] INFO:colcon.colcon_core.plugin_system:Skipping extension 'colcon_core.shell.bat': Not used on non-Windows systems
[0.293s] INFO:colcon.colcon_core.shell:Skip shell extension 'powershell' for command environment: Not usable outside of PowerShell
[0.293s] DEBUG:colcon.colcon_core.shell:Skip shell extension 'dsv' for command environment
[0.295s] INFO:colcon.colcon_ros.task.ament_cmake.build:Building ROS package in '/home/roy/ros2_packages/ros2_tutorial/src/parameters' with build type 'ament_cmake'
[0.295s] INFO:colcon.colcon_cmake.task.cmake.build:Building CMake package in '/home/roy/ros2_packages/ros2_tutorial/src/parameters'
[0.295s] INFO:colcon.colcon_core.shell:Skip shell extension 'powershell' for command environment: Not usable outside of PowerShell
[0.295s] DEBUG:colcon.colcon_core.shell:Skip shell extension 'dsv' for command environment
[0.297s] INFO:colcon.colcon_ros.task.ament_cmake.build:Building ROS package in '/home/roy/ros2_packages/ros2_tutorial/src/publisher' with build type 'ament_cmake'
[0.297s] INFO:colcon.colcon_cmake.task.cmake.build:Building CMake package in '/home/roy/ros2_packages/ros2_tutorial/src/publisher'
[0.298s] INFO:colcon.colcon_core.shell:Skip shell extension 'powershell' for command environment: Not usable outside of PowerShell
[0.298s] DEBUG:colcon.colcon_core.shell:Skip shell extension 'dsv' for command environment
[0.299s] INFO:colcon.colcon_ros.task.ament_cmake.build:Building ROS package in '/home/roy/ros2_packages/ros2_tutorial/src/subscriber' with build type 'ament_cmake'
[0.299s] INFO:colcon.colcon_cmake.task.cmake.build:Building CMake package in '/home/roy/ros2_packages/ros2_tutorial/src/subscriber'
[0.300s] INFO:colcon.colcon_core.shell:Skip shell extension 'powershell' for command environment: Not usable outside of PowerShell
[0.300s] DEBUG:colcon.colcon_core.shell:Skip shell extension 'dsv' for command environment
[0.307s] DEBUG:colcon.colcon_core.event_handler.log_command:Invoking command in '/home/roy/ros2_packages/ros2_tutorial/build/interfaces': CMAKE_PREFIX_PATH=/opt/ros/humble /usr/bin/cmake --build /home/roy/ros2_packages/ros2_tutorial/build/interfaces -- -j8 -l8
[0.309s] DEBUG:colcon.colcon_core.event_handler.log_command:Invoking command in '/home/roy/ros2_packages/ros2_tutorial/build/parameters': CMAKE_PREFIX_PATH=/opt/ros/humble /usr/bin/cmake --build /home/roy/ros2_packages/ros2_tutorial/build/parameters -- -j8 -l8
[0.311s] DEBUG:colcon.colcon_core.event_handler.log_command:Invoking command in '/home/roy/ros2_packages/ros2_tutorial/build/publisher': CMAKE_PREFIX_PATH=/opt/ros/humble /usr/bin/cmake --build /home/roy/ros2_packages/ros2_tutorial/build/publisher -- -j8 -l8
[0.316s] DEBUG:colcon.colcon_core.event_handler.log_command:Invoking command in '/home/roy/ros2_packages/ros2_tutorial/build/subscriber': CMAKE_PREFIX_PATH=/opt/ros/humble /usr/bin/cmake --build /home/roy/ros2_packages/ros2_tutorial/build/subscriber -- -j8 -l8
[0.359s] DEBUG:colcon.colcon_core.event_handler.log_command:Invoked command in '/home/roy/ros2_packages/ros2_tutorial/build/parameters' returned '0': CMAKE_PREFIX_PATH=/opt/ros/humble /usr/bin/cmake --build /home/roy/ros2_packages/ros2_tutorial/build/parameters -- -j8 -l8
[0.369s] DEBUG:colcon.colcon_core.event_handler.log_command:Invoked command in '/home/roy/ros2_packages/ros2_tutorial/build/publisher' returned '0': CMAKE_PREFIX_PATH=/opt/ros/humble /usr/bin/cmake --build /home/roy/ros2_packages/ros2_tutorial/build/publisher -- -j8 -l8
[0.370s] DEBUG:colcon.colcon_core.event_handler.log_command:Invoked command in '/home/roy/ros2_packages/ros2_tutorial/build/subscriber' returned '0': CMAKE_PREFIX_PATH=/opt/ros/humble /usr/bin/cmake --build /home/roy/ros2_packages/ros2_tutorial/build/subscriber -- -j8 -l8
[0.386s] DEBUG:colcon.colcon_core.event_handler.log_command:Invoking command in '/home/roy/ros2_packages/ros2_tutorial/build/parameters': CMAKE_PREFIX_PATH=/opt/ros/humble /usr/bin/cmake --install /home/roy/ros2_packages/ros2_tutorial/build/parameters
[0.388s] DEBUG:colcon.colcon_core.event_handler.log_command:Invoking command in '/home/roy/ros2_packages/ros2_tutorial/build/publisher': CMAKE_PREFIX_PATH=/opt/ros/humble /usr/bin/cmake --install /home/roy/ros2_packages/ros2_tutorial/build/publisher
[0.390s] DEBUG:colcon.colcon_core.event_handler.log_command:Invoking command in '/home/roy/ros2_packages/ros2_tutorial/build/subscriber': CMAKE_PREFIX_PATH=/opt/ros/humble /usr/bin/cmake --install /home/roy/ros2_packages/ros2_tutorial/build/subscriber
[0.402s] Level 1:colcon.colcon_core.environment:create_environment_scripts_only(parameters)
[0.403s] DEBUG:colcon.colcon_core.event_handler.log_command:Invoked command in '/home/roy/ros2_packages/ros2_tutorial/build/parameters' returned '0': CMAKE_PREFIX_PATH=/opt/ros/humble /usr/bin/cmake --install /home/roy/ros2_packages/ros2_tutorial/build/parameters
[0.405s] Level 1:colcon.colcon_core.environment:checking '/home/roy/ros2_packages/ros2_tutorial/install/parameters' for CMake module files
[0.406s] Level 1:colcon.colcon_core.environment:checking '/home/roy/ros2_packages/ros2_tutorial/install/parameters' for CMake config files
[0.406s] Level 1:colcon.colcon_core.shell:create_environment_hook('parameters', 'cmake_prefix_path')
[0.406s] INFO:colcon.colcon_core.shell:Creating environment hook '/home/roy/ros2_packages/ros2_tutorial/install/parameters/share/parameters/hook/cmake_prefix_path.ps1'
[0.406s] INFO:colcon.colcon_core.shell:Creating environment descriptor '/home/roy/ros2_packages/ros2_tutorial/install/parameters/share/parameters/hook/cmake_prefix_path.dsv'
[0.407s] INFO:colcon.colcon_core.shell:Creating environment hook '/home/roy/ros2_packages/ros2_tutorial/install/parameters/share/parameters/hook/cmake_prefix_path.sh'
[0.408s] Level 1:colcon.colcon_core.environment:checking '/home/roy/ros2_packages/ros2_tutorial/install/parameters/lib'
[0.408s] Level 1:colcon.colcon_core.environment:checking '/home/roy/ros2_packages/ros2_tutorial/install/parameters/bin'
[0.408s] Level 1:colcon.colcon_core.environment:checking '/home/roy/ros2_packages/ros2_tutorial/install/parameters/lib/pkgconfig/parameters.pc'
[0.408s] Level 1:colcon.colcon_core.environment:checking '/home/roy/ros2_packages/ros2_tutorial/install/parameters/lib/python3.10/site-packages'
[0.408s] Level 1:colcon.colcon_core.environment:checking '/home/roy/ros2_packages/ros2_tutorial/install/parameters/bin'
[0.408s] INFO:colcon.colcon_core.shell:Creating package script '/home/roy/ros2_packages/ros2_tutorial/install/parameters/share/parameters/package.ps1'
[0.409s] INFO:colcon.colcon_core.shell:Creating package descriptor '/home/roy/ros2_packages/ros2_tutorial/install/parameters/share/parameters/package.dsv'
[0.410s] INFO:colcon.colcon_core.shell:Creating package script '/home/roy/ros2_packages/ros2_tutorial/install/parameters/share/parameters/package.sh'
[0.410s] INFO:colcon.colcon_core.shell:Creating package script '/home/roy/ros2_packages/ros2_tutorial/install/parameters/share/parameters/package.bash'
[0.411s] INFO:colcon.colcon_core.shell:Creating package script '/home/roy/ros2_packages/ros2_tutorial/install/parameters/share/parameters/package.zsh'
[0.411s] Level 1:colcon.colcon_core.environment:create_file_with_runtime_dependencies(/home/roy/ros2_packages/ros2_tutorial/install/parameters/share/colcon-core/packages/parameters)
[0.413s] Level 1:colcon.colcon_core.environment:create_environment_scripts_only(subscriber)
[0.413s] Level 1:colcon.colcon_core.environment:checking '/home/roy/ros2_packages/ros2_tutorial/install/subscriber' for CMake module files
[0.414s] DEBUG:colcon.colcon_core.event_handler.log_command:Invoked command in '/home/roy/ros2_packages/ros2_tutorial/build/subscriber' returned '0': CMAKE_PREFIX_PATH=/opt/ros/humble /usr/bin/cmake --install /home/roy/ros2_packages/ros2_tutorial/build/subscriber
[0.414s] Level 1:colcon.colcon_core.environment:checking '/home/roy/ros2_packages/ros2_tutorial/install/subscriber' for CMake config files
[0.414s] Level 1:colcon.colcon_core.shell:create_environment_hook('subscriber', 'cmake_prefix_path')
[0.414s] INFO:colcon.colcon_core.shell:Creating environment hook '/home/roy/ros2_packages/ros2_tutorial/install/subscriber/share/subscriber/hook/cmake_prefix_path.ps1'
[0.415s] INFO:colcon.colcon_core.shell:Creating environment descriptor '/home/roy/ros2_packages/ros2_tutorial/install/subscriber/share/subscriber/hook/cmake_prefix_path.dsv'
[0.415s] INFO:colcon.colcon_core.shell:Creating environment hook '/home/roy/ros2_packages/ros2_tutorial/install/subscriber/share/subscriber/hook/cmake_prefix_path.sh'
[0.415s] Level 1:colcon.colcon_core.environment:checking '/home/roy/ros2_packages/ros2_tutorial/install/subscriber/lib'
[0.415s] Level 1:colcon.colcon_core.environment:checking '/home/roy/ros2_packages/ros2_tutorial/install/subscriber/bin'
[0.415s] Level 1:colcon.colcon_core.environment:checking '/home/roy/ros2_packages/ros2_tutorial/install/subscriber/lib/pkgconfig/subscriber.pc'
[0.416s] Level 1:colcon.colcon_core.environment:checking '/home/roy/ros2_packages/ros2_tutorial/install/subscriber/lib/python3.10/site-packages'
[0.416s] Level 1:colcon.colcon_core.environment:checking '/home/roy/ros2_packages/ros2_tutorial/install/subscriber/bin'
[0.416s] INFO:colcon.colcon_core.shell:Creating package script '/home/roy/ros2_packages/ros2_tutorial/install/subscriber/share/subscriber/package.ps1'
[0.416s] INFO:colcon.colcon_core.shell:Creating package descriptor '/home/roy/ros2_packages/ros2_tutorial/install/subscriber/share/subscriber/package.dsv'
[0.417s] INFO:colcon.colcon_core.shell:Creating package script '/home/roy/ros2_packages/ros2_tutorial/install/subscriber/share/subscriber/package.sh'
[0.417s] INFO:colcon.colcon_core.shell:Creating package script '/home/roy/ros2_packages/ros2_tutorial/install/subscriber/share/subscriber/package.bash'
[0.417s] INFO:colcon.colcon_core.shell:Creating package script '/home/roy/ros2_packages/ros2_tutorial/install/subscriber/share/subscriber/package.zsh'
[0.418s] Level 1:colcon.colcon_core.environment:create_file_with_runtime_dependencies(/home/roy/ros2_packages/ros2_tutorial/install/subscriber/share/colcon-core/packages/subscriber)
[0.419s] Level 1:colcon.colcon_core.environment:create_environment_scripts_only(publisher)
[0.419s] Level 1:colcon.colcon_core.environment:checking '/home/roy/ros2_packages/ros2_tutorial/install/publisher' for CMake module files
[0.419s] DEBUG:colcon.colcon_core.event_handler.log_command:Invoked command in '/home/roy/ros2_packages/ros2_tutorial/build/publisher' returned '0': CMAKE_PREFIX_PATH=/opt/ros/humble /usr/bin/cmake --install /home/roy/ros2_packages/ros2_tutorial/build/publisher
[0.420s] Level 1:colcon.colcon_core.environment:checking '/home/roy/ros2_packages/ros2_tutorial/install/publisher' for CMake config files
[0.420s] Level 1:colcon.colcon_core.shell:create_environment_hook('publisher', 'cmake_prefix_path')
[0.420s] INFO:colcon.colcon_core.shell:Creating environment hook '/home/roy/ros2_packages/ros2_tutorial/install/publisher/share/publisher/hook/cmake_prefix_path.ps1'
[0.420s] INFO:colcon.colcon_core.shell:Creating environment descriptor '/home/roy/ros2_packages/ros2_tutorial/install/publisher/share/publisher/hook/cmake_prefix_path.dsv'
[0.421s] INFO:colcon.colcon_core.shell:Creating environment hook '/home/roy/ros2_packages/ros2_tutorial/install/publisher/share/publisher/hook/cmake_prefix_path.sh'
[0.421s] Level 1:colcon.colcon_core.environment:checking '/home/roy/ros2_packages/ros2_tutorial/install/publisher/lib'
[0.421s] Level 1:colcon.colcon_core.environment:checking '/home/roy/ros2_packages/ros2_tutorial/install/publisher/bin'
[0.421s] Level 1:colcon.colcon_core.environment:checking '/home/roy/ros2_packages/ros2_tutorial/install/publisher/lib/pkgconfig/publisher.pc'
[0.421s] Level 1:colcon.colcon_core.environment:checking '/home/roy/ros2_packages/ros2_tutorial/install/publisher/lib/python3.10/site-packages'
[0.422s] Level 1:colcon.colcon_core.environment:checking '/home/roy/ros2_packages/ros2_tutorial/install/publisher/bin'
[0.422s] INFO:colcon.colcon_core.shell:Creating package script '/home/roy/ros2_packages/ros2_tutorial/install/publisher/share/publisher/package.ps1'
[0.422s] INFO:colcon.colcon_core.shell:Creating package descriptor '/home/roy/ros2_packages/ros2_tutorial/install/publisher/share/publisher/package.dsv'
[0.422s] INFO:colcon.colcon_core.shell:Creating package script '/home/roy/ros2_packages/ros2_tutorial/install/publisher/share/publisher/package.sh'
[0.423s] INFO:colcon.colcon_core.shell:Creating package script '/home/roy/ros2_packages/ros2_tutorial/install/publisher/share/publisher/package.bash'
[0.423s] INFO:colcon.colcon_core.shell:Creating package script '/home/roy/ros2_packages/ros2_tutorial/install/publisher/share/publisher/package.zsh'
[0.423s] Level 1:colcon.colcon_core.environment:create_file_with_runtime_dependencies(/home/roy/ros2_packages/ros2_tutorial/install/publisher/share/colcon-core/packages/publisher)
[0.437s] Level 1:colcon.colcon_core.environment:create_environment_scripts_only(subscriber)
[0.437s] Level 1:colcon.colcon_core.environment:checking '/home/roy/ros2_packages/ros2_tutorial/install/subscriber' for CMake module files
[0.437s] Level 1:colcon.colcon_core.environment:checking '/home/roy/ros2_packages/ros2_tutorial/install/subscriber' for CMake config files
[0.438s] Level 1:colcon.colcon_core.shell:create_environment_hook('subscriber', 'cmake_prefix_path')
[0.438s] INFO:colcon.colcon_core.shell:Creating environment hook '/home/roy/ros2_packages/ros2_tutorial/install/subscriber/share/subscriber/hook/cmake_prefix_path.ps1'
[0.438s] INFO:colcon.colcon_core.shell:Creating environment descriptor '/home/roy/ros2_packages/ros2_tutorial/install/subscriber/share/subscriber/hook/cmake_prefix_path.dsv'
[0.439s] INFO:colcon.colcon_core.shell:Creating environment hook '/home/roy/ros2_packages/ros2_tutorial/install/subscriber/share/subscriber/hook/cmake_prefix_path.sh'
[0.439s] Level 1:colcon.colcon_core.environment:checking '/home/roy/ros2_packages/ros2_tutorial/install/subscriber/lib'
[0.439s] Level 1:colcon.colcon_core.environment:checking '/home/roy/ros2_packages/ros2_tutorial/install/subscriber/bin'
[0.439s] Level 1:colcon.colcon_core.environment:checking '/home/roy/ros2_packages/ros2_tutorial/install/subscriber/lib/pkgconfig/subscriber.pc'
[0.439s] Level 1:colcon.colcon_core.environment:checking '/home/roy/ros2_packages/ros2_tutorial/install/subscriber/lib/python3.10/site-packages'
[0.439s] Level 1:colcon.colcon_core.environment:checking '/home/roy/ros2_packages/ros2_tutorial/install/subscriber/bin'
[0.440s] INFO:colcon.colcon_core.shell:Creating package script '/home/roy/ros2_packages/ros2_tutorial/install/subscriber/share/subscriber/package.ps1'
[0.440s] INFO:colcon.colcon_core.shell:Creating package descriptor '/home/roy/ros2_packages/ros2_tutorial/install/subscriber/share/subscriber/package.dsv'
[0.440s] INFO:colcon.colcon_core.shell:Creating package script '/home/roy/ros2_packages/ros2_tutorial/install/subscriber/share/subscriber/package.sh'
[0.441s] INFO:colcon.colcon_core.shell:Creating package script '/home/roy/ros2_packages/ros2_tutorial/install/subscriber/share/subscriber/package.bash'
[0.441s] INFO:colcon.colcon_core.shell:Creating package script '/home/roy/ros2_packages/ros2_tutorial/install/subscriber/share/subscriber/package.zsh'
[0.441s] Level 1:colcon.colcon_core.environment:create_file_with_runtime_dependencies(/home/roy/ros2_packages/ros2_tutorial/install/subscriber/share/colcon-core/packages/subscriber)
[0.442s] Level 1:colcon.colcon_core.environment:create_environment_scripts_only(parameters)
[0.442s] Level 1:colcon.colcon_core.environment:checking '/home/roy/ros2_packages/ros2_tutorial/install/parameters' for CMake module files
[0.443s] Level 1:colcon.colcon_core.environment:checking '/home/roy/ros2_packages/ros2_tutorial/install/parameters' for CMake config files
[0.443s] Level 1:colcon.colcon_core.shell:create_environment_hook('parameters', 'cmake_prefix_path')
[0.443s] INFO:colcon.colcon_core.shell:Creating environment hook '/home/roy/ros2_packages/ros2_tutorial/install/parameters/share/parameters/hook/cmake_prefix_path.ps1'
[0.444s] INFO:colcon.colcon_core.shell:Creating environment descriptor '/home/roy/ros2_packages/ros2_tutorial/install/parameters/share/parameters/hook/cmake_prefix_path.dsv'
[0.444s] INFO:colcon.colcon_core.shell:Creating environment hook '/home/roy/ros2_packages/ros2_tutorial/install/parameters/share/parameters/hook/cmake_prefix_path.sh'
[0.444s] Level 1:colcon.colcon_core.environment:checking '/home/roy/ros2_packages/ros2_tutorial/install/parameters/lib'
[0.444s] Level 1:colcon.colcon_core.environment:checking '/home/roy/ros2_packages/ros2_tutorial/install/parameters/bin'
[0.444s] Level 1:colcon.colcon_core.environment:checking '/home/roy/ros2_packages/ros2_tutorial/install/parameters/lib/pkgconfig/parameters.pc'
[0.445s] Level 1:colcon.colcon_core.environment:checking '/home/roy/ros2_packages/ros2_tutorial/install/parameters/lib/python3.10/site-packages'
[0.445s] Level 1:colcon.colcon_core.environment:checking '/home/roy/ros2_packages/ros2_tutorial/install/parameters/bin'
[0.445s] INFO:colcon.colcon_core.shell:Creating package script '/home/roy/ros2_packages/ros2_tutorial/install/parameters/share/parameters/package.ps1'
[0.445s] INFO:colcon.colcon_core.shell:Creating package descriptor '/home/roy/ros2_packages/ros2_tutorial/install/parameters/share/parameters/package.dsv'
[0.446s] INFO:colcon.colcon_core.shell:Creating package script '/home/roy/ros2_packages/ros2_tutorial/install/parameters/share/parameters/package.sh'
[0.446s] INFO:colcon.colcon_core.shell:Creating package script '/home/roy/ros2_packages/ros2_tutorial/install/parameters/share/parameters/package.bash'
[0.446s] INFO:colcon.colcon_core.shell:Creating package script '/home/roy/ros2_packages/ros2_tutorial/install/parameters/share/parameters/package.zsh'
[0.447s] Level 1:colcon.colcon_core.environment:create_file_with_runtime_dependencies(/home/roy/ros2_packages/ros2_tutorial/install/parameters/share/colcon-core/packages/parameters)
[0.448s] Level 1:colcon.colcon_core.environment:create_environment_scripts_only(publisher)
[0.448s] Level 1:colcon.colcon_core.environment:checking '/home/roy/ros2_packages/ros2_tutorial/install/publisher' for CMake module files
[0.448s] Level 1:colcon.colcon_core.environment:checking '/home/roy/ros2_packages/ros2_tutorial/install/publisher' for CMake config files
[0.449s] Level 1:colcon.colcon_core.shell:create_environment_hook('publisher', 'cmake_prefix_path')
[0.449s] INFO:colcon.colcon_core.shell:Creating environment hook '/home/roy/ros2_packages/ros2_tutorial/install/publisher/share/publisher/hook/cmake_prefix_path.ps1'
[0.449s] INFO:colcon.colcon_core.shell:Creating environment descriptor '/home/roy/ros2_packages/ros2_tutorial/install/publisher/share/publisher/hook/cmake_prefix_path.dsv'
[0.449s] INFO:colcon.colcon_core.shell:Creating environment hook '/home/roy/ros2_packages/ros2_tutorial/install/publisher/share/publisher/hook/cmake_prefix_path.sh'
[0.450s] Level 1:colcon.colcon_core.environment:checking '/home/roy/ros2_packages/ros2_tutorial/install/publisher/lib'
[0.450s] Level 1:colcon.colcon_core.environment:checking '/home/roy/ros2_packages/ros2_tutorial/install/publisher/bin'
[0.450s] Level 1:colcon.colcon_core.environment:checking '/home/roy/ros2_packages/ros2_tutorial/install/publisher/lib/pkgconfig/publisher.pc'
[0.450s] Level 1:colcon.colcon_core.environment:checking '/home/roy/ros2_packages/ros2_tutorial/install/publisher/lib/python3.10/site-packages'
[0.450s] Level 1:colcon.colcon_core.environment:checking '/home/roy/ros2_packages/ros2_tutorial/install/publisher/bin'
[0.450s] INFO:colcon.colcon_core.shell:Creating package script '/home/roy/ros2_packages/ros2_tutorial/install/publisher/share/publisher/package.ps1'
[0.451s] INFO:colcon.colcon_core.shell:Creating package descriptor '/home/roy/ros2_packages/ros2_tutorial/install/publisher/share/publisher/package.dsv'
[0.451s] INFO:colcon.colcon_core.shell:Creating package script '/home/roy/ros2_packages/ros2_tutorial/install/publisher/share/publisher/package.sh'
[0.451s] INFO:colcon.colcon_core.shell:Creating package script '/home/roy/ros2_packages/ros2_tutorial/install/publisher/share/publisher/package.bash'
[0.452s] INFO:colcon.colcon_core.shell:Creating package script '/home/roy/ros2_packages/ros2_tutorial/install/publisher/share/publisher/package.zsh'
[0.452s] Level 1:colcon.colcon_core.environment:create_file_with_runtime_dependencies(/home/roy/ros2_packages/ros2_tutorial/install/publisher/share/colcon-core/packages/publisher)
[0.575s] DEBUG:colcon.colcon_core.event_handler.log_command:Invoked command in '/home/roy/ros2_packages/ros2_tutorial/build/interfaces' returned '0': CMAKE_PREFIX_PATH=/opt/ros/humble /usr/bin/cmake --build /home/roy/ros2_packages/ros2_tutorial/build/interfaces -- -j8 -l8
[0.621s] DEBUG:colcon.colcon_core.event_handler.log_command:Invoking command in '/home/roy/ros2_packages/ros2_tutorial/build/interfaces': CMAKE_PREFIX_PATH=/opt/ros/humble /usr/bin/cmake --install /home/roy/ros2_packages/ros2_tutorial/build/interfaces
[0.690s] Level 1:colcon.colcon_core.environment:create_environment_scripts_only(interfaces)
[0.690s] Level 1:colcon.colcon_core.environment:checking '/home/roy/ros2_packages/ros2_tutorial/install/interfaces' for CMake module files
[0.691s] DEBUG:colcon.colcon_core.event_handler.log_command:Invoked command in '/home/roy/ros2_packages/ros2_tutorial/build/interfaces' returned '0': CMAKE_PREFIX_PATH=/opt/ros/humble /usr/bin/cmake --install /home/roy/ros2_packages/ros2_tutorial/build/interfaces
[0.691s] Level 1:colcon.colcon_core.environment:checking '/home/roy/ros2_packages/ros2_tutorial/install/interfaces' for CMake config files
[0.692s] Level 1:colcon.colcon_core.shell:create_environment_hook('interfaces', 'cmake_prefix_path')
[0.692s] INFO:colcon.colcon_core.shell:Creating environment hook '/home/roy/ros2_packages/ros2_tutorial/install/interfaces/share/interfaces/hook/cmake_prefix_path.ps1'
[0.692s] INFO:colcon.colcon_core.shell:Creating environment descriptor '/home/roy/ros2_packages/ros2_tutorial/install/interfaces/share/interfaces/hook/cmake_prefix_path.dsv'
[0.692s] INFO:colcon.colcon_core.shell:Creating environment hook '/home/roy/ros2_packages/ros2_tutorial/install/interfaces/share/interfaces/hook/cmake_prefix_path.sh'
[0.693s] Level 1:colcon.colcon_core.environment:checking '/home/roy/ros2_packages/ros2_tutorial/install/interfaces/lib'
[0.693s] Level 1:colcon.colcon_core.shell:create_environment_hook('interfaces', 'ld_library_path_lib')
[0.693s] INFO:colcon.colcon_core.shell:Creating environment hook '/home/roy/ros2_packages/ros2_tutorial/install/interfaces/share/interfaces/hook/ld_library_path_lib.ps1'
[0.693s] INFO:colcon.colcon_core.shell:Creating environment descriptor '/home/roy/ros2_packages/ros2_tutorial/install/interfaces/share/interfaces/hook/ld_library_path_lib.dsv'
[0.693s] INFO:colcon.colcon_core.shell:Creating environment hook '/home/roy/ros2_packages/ros2_tutorial/install/interfaces/share/interfaces/hook/ld_library_path_lib.sh'
[0.694s] Level 1:colcon.colcon_core.environment:checking '/home/roy/ros2_packages/ros2_tutorial/install/interfaces/bin'
[0.694s] Level 1:colcon.colcon_core.environment:checking '/home/roy/ros2_packages/ros2_tutorial/install/interfaces/lib/pkgconfig/interfaces.pc'
[0.694s] Level 1:colcon.colcon_core.environment:checking '/home/roy/ros2_packages/ros2_tutorial/install/interfaces/lib/python3.10/site-packages'
[0.694s] Level 1:colcon.colcon_core.environment:checking '/home/roy/ros2_packages/ros2_tutorial/install/interfaces/bin'
[0.694s] INFO:colcon.colcon_core.shell:Creating package script '/home/roy/ros2_packages/ros2_tutorial/install/interfaces/share/interfaces/package.ps1'
[0.695s] INFO:colcon.colcon_core.shell:Creating package descriptor '/home/roy/ros2_packages/ros2_tutorial/install/interfaces/share/interfaces/package.dsv'
[0.695s] INFO:colcon.colcon_core.shell:Creating package script '/home/roy/ros2_packages/ros2_tutorial/install/interfaces/share/interfaces/package.sh'
[0.695s] INFO:colcon.colcon_core.shell:Creating package script '/home/roy/ros2_packages/ros2_tutorial/install/interfaces/share/interfaces/package.bash'
[0.695s] INFO:colcon.colcon_core.shell:Creating package script '/home/roy/ros2_packages/ros2_tutorial/install/interfaces/share/interfaces/package.zsh'
[0.696s] Level 1:colcon.colcon_core.environment:create_file_with_runtime_dependencies(/home/roy/ros2_packages/ros2_tutorial/install/interfaces/share/colcon-core/packages/interfaces)
[0.739s] Level 1:colcon.colcon_core.environment:create_environment_scripts_only(interfaces)
[0.739s] Level 1:colcon.colcon_core.environment:checking '/home/roy/ros2_packages/ros2_tutorial/install/interfaces' for CMake module files
[0.739s] Level 1:colcon.colcon_core.environment:checking '/home/roy/ros2_packages/ros2_tutorial/install/interfaces' for CMake config files
[0.740s] Level 1:colcon.colcon_core.shell:create_environment_hook('interfaces', 'cmake_prefix_path')
[0.740s] INFO:colcon.colcon_core.shell:Creating environment hook '/home/roy/ros2_packages/ros2_tutorial/install/interfaces/share/interfaces/hook/cmake_prefix_path.ps1'
[0.740s] INFO:colcon.colcon_core.shell:Creating environment descriptor '/home/roy/ros2_packages/ros2_tutorial/install/interfaces/share/interfaces/hook/cmake_prefix_path.dsv'
[0.740s] INFO:colcon.colcon_core.shell:Creating environment hook '/home/roy/ros2_packages/ros2_tutorial/install/interfaces/share/interfaces/hook/cmake_prefix_path.sh'
[0.741s] Level 1:colcon.colcon_core.environment:checking '/home/roy/ros2_packages/ros2_tutorial/install/interfaces/lib'
[0.741s] Level 1:colcon.colcon_core.shell:create_environment_hook('interfaces', 'ld_library_path_lib')
[0.741s] INFO:colcon.colcon_core.shell:Creating environment hook '/home/roy/ros2_packages/ros2_tutorial/install/interfaces/share/interfaces/hook/ld_library_path_lib.ps1'
[0.741s] INFO:colcon.colcon_core.shell:Creating environment descriptor '/home/roy/ros2_packages/ros2_tutorial/install/interfaces/share/interfaces/hook/ld_library_path_lib.dsv'
[0.742s] INFO:colcon.colcon_core.shell:Creating environment hook '/home/roy/ros2_packages/ros2_tutorial/install/interfaces/share/interfaces/hook/ld_library_path_lib.sh'
[0.742s] Level 1:colcon.colcon_core.environment:checking '/home/roy/ros2_packages/ros2_tutorial/install/interfaces/bin'
[0.742s] Level 1:colcon.colcon_core.environment:checking '/home/roy/ros2_packages/ros2_tutorial/install/interfaces/lib/pkgconfig/interfaces.pc'
[0.742s] Level 1:colcon.colcon_core.environment:checking '/home/roy/ros2_packages/ros2_tutorial/install/interfaces/lib/python3.10/site-packages'
[0.742s] Level 1:colcon.colcon_core.environment:checking '/home/roy/ros2_packages/ros2_tutorial/install/interfaces/bin'
[0.743s] INFO:colcon.colcon_core.shell:Creating package script '/home/roy/ros2_packages/ros2_tutorial/install/interfaces/share/interfaces/package.ps1'
[0.743s] INFO:colcon.colcon_core.shell:Creating package descriptor '/home/roy/ros2_packages/ros2_tutorial/install/interfaces/share/interfaces/package.dsv'
[0.743s] INFO:colcon.colcon_core.shell:Creating package script '/home/roy/ros2_packages/ros2_tutorial/install/interfaces/share/interfaces/package.sh'
[0.743s] INFO:colcon.colcon_core.shell:Creating package script '/home/roy/ros2_packages/ros2_tutorial/install/interfaces/share/interfaces/package.bash'
[0.744s] INFO:colcon.colcon_core.shell:Creating package script '/home/roy/ros2_packages/ros2_tutorial/install/interfaces/share/interfaces/package.zsh'
[0.744s] Level 1:colcon.colcon_core.environment:create_file_with_runtime_dependencies(/home/roy/ros2_packages/ros2_tutorial/install/interfaces/share/colcon-core/packages/interfaces)
[0.744s] INFO:colcon.colcon_ros.task.ament_cmake.build:Building ROS package in '/home/roy/ros2_packages/ros2_tutorial/src/service_client' with build type 'ament_cmake'
[0.744s] INFO:colcon.colcon_cmake.task.cmake.build:Building CMake package in '/home/roy/ros2_packages/ros2_tutorial/src/service_client'
[0.745s] INFO:colcon.colcon_core.shell:Skip shell extension 'powershell' for command environment: Not usable outside of PowerShell
[0.745s] DEBUG:colcon.colcon_core.shell:Skip shell extension 'dsv' for command environment
[0.747s] INFO:colcon.colcon_ros.task.ament_cmake.build:Building ROS package in '/home/roy/ros2_packages/ros2_tutorial/src/service_server' with build type 'ament_cmake'
[0.747s] INFO:colcon.colcon_cmake.task.cmake.build:Building CMake package in '/home/roy/ros2_packages/ros2_tutorial/src/service_server'
[0.747s] INFO:colcon.colcon_core.shell:Skip shell extension 'powershell' for command environment: Not usable outside of PowerShell
[0.747s] DEBUG:colcon.colcon_core.shell:Skip shell extension 'dsv' for command environment
[0.752s] DEBUG:colcon.colcon_core.event_handler.log_command:Invoking command in '/home/roy/ros2_packages/ros2_tutorial/build/service_client': AMENT_PREFIX_PATH=/home/roy/ros2_packages/ros2_tutorial/install/interfaces:${AMENT_PREFIX_PATH} CMAKE_PREFIX_PATH=/home/roy/ros2_packages/ros2_tutorial/install/interfaces:/opt/ros/humble LD_LIBRARY_PATH=/home/roy/ros2_packages/ros2_tutorial/install/interfaces/lib:${LD_LIBRARY_PATH} PYTHONPATH=/home/roy/ros2_packages/ros2_tutorial/install/interfaces/local/lib/python3.10/dist-packages:${PYTHONPATH} /usr/bin/cmake --build /home/roy/ros2_packages/ros2_tutorial/build/service_client -- -j8 -l8
[0.754s] DEBUG:colcon.colcon_core.event_handler.log_command:Invoking command in '/home/roy/ros2_packages/ros2_tutorial/build/service_server': AMENT_PREFIX_PATH=/home/roy/ros2_packages/ros2_tutorial/install/interfaces:${AMENT_PREFIX_PATH} CMAKE_PREFIX_PATH=/home/roy/ros2_packages/ros2_tutorial/install/interfaces:/opt/ros/humble LD_LIBRARY_PATH=/home/roy/ros2_packages/ros2_tutorial/install/interfaces/lib:${LD_LIBRARY_PATH} PYTHONPATH=/home/roy/ros2_packages/ros2_tutorial/install/interfaces/local/lib/python3.10/dist-packages:${PYTHONPATH} /usr/bin/cmake --build /home/roy/ros2_packages/ros2_tutorial/build/service_server -- -j8 -l8
[0.800s] DEBUG:colcon.colcon_core.event_handler.log_command:Invoked command in '/home/roy/ros2_packages/ros2_tutorial/build/service_client' returned '0': AMENT_PREFIX_PATH=/home/roy/ros2_packages/ros2_tutorial/install/interfaces:${AMENT_PREFIX_PATH} CMAKE_PREFIX_PATH=/home/roy/ros2_packages/ros2_tutorial/install/interfaces:/opt/ros/humble LD_LIBRARY_PATH=/home/roy/ros2_packages/ros2_tutorial/install/interfaces/lib:${LD_LIBRARY_PATH} PYTHONPATH=/home/roy/ros2_packages/ros2_tutorial/install/interfaces/local/lib/python3.10/dist-packages:${PYTHONPATH} /usr/bin/cmake --build /home/roy/ros2_packages/ros2_tutorial/build/service_client -- -j8 -l8
[0.802s] DEBUG:colcon.colcon_core.event_handler.log_command:Invoked command in '/home/roy/ros2_packages/ros2_tutorial/build/service_server' returned '0': AMENT_PREFIX_PATH=/home/roy/ros2_packages/ros2_tutorial/install/interfaces:${AMENT_PREFIX_PATH} CMAKE_PREFIX_PATH=/home/roy/ros2_packages/ros2_tutorial/install/interfaces:/opt/ros/humble LD_LIBRARY_PATH=/home/roy/ros2_packages/ros2_tutorial/install/interfaces/lib:${LD_LIBRARY_PATH} PYTHONPATH=/home/roy/ros2_packages/ros2_tutorial/install/interfaces/local/lib/python3.10/dist-packages:${PYTHONPATH} /usr/bin/cmake --build /home/roy/ros2_packages/ros2_tutorial/build/service_server -- -j8 -l8
[0.820s] DEBUG:colcon.colcon_core.event_handler.log_command:Invoking command in '/home/roy/ros2_packages/ros2_tutorial/build/service_client': AMENT_PREFIX_PATH=/home/roy/ros2_packages/ros2_tutorial/install/interfaces:${AMENT_PREFIX_PATH} CMAKE_PREFIX_PATH=/home/roy/ros2_packages/ros2_tutorial/install/interfaces:/opt/ros/humble LD_LIBRARY_PATH=/home/roy/ros2_packages/ros2_tutorial/install/interfaces/lib:${LD_LIBRARY_PATH} PYTHONPATH=/home/roy/ros2_packages/ros2_tutorial/install/interfaces/local/lib/python3.10/dist-packages:${PYTHONPATH} /usr/bin/cmake --install /home/roy/ros2_packages/ros2_tutorial/build/service_client
[0.821s] DEBUG:colcon.colcon_core.event_handler.log_command:Invoking command in '/home/roy/ros2_packages/ros2_tutorial/build/service_server': AMENT_PREFIX_PATH=/home/roy/ros2_packages/ros2_tutorial/install/interfaces:${AMENT_PREFIX_PATH} CMAKE_PREFIX_PATH=/home/roy/ros2_packages/ros2_tutorial/install/interfaces:/opt/ros/humble LD_LIBRARY_PATH=/home/roy/ros2_packages/ros2_tutorial/install/interfaces/lib:${LD_LIBRARY_PATH} PYTHONPATH=/home/roy/ros2_packages/ros2_tutorial/install/interfaces/local/lib/python3.10/dist-packages:${PYTHONPATH} /usr/bin/cmake --install /home/roy/ros2_packages/ros2_tutorial/build/service_server
[0.836s] Level 1:colcon.colcon_core.environment:create_environment_scripts_only(service_client)
[0.836s] DEBUG:colcon.colcon_core.event_handler.log_command:Invoked command in '/home/roy/ros2_packages/ros2_tutorial/build/service_client' returned '0': AMENT_PREFIX_PATH=/home/roy/ros2_packages/ros2_tutorial/install/interfaces:${AMENT_PREFIX_PATH} CMAKE_PREFIX_PATH=/home/roy/ros2_packages/ros2_tutorial/install/interfaces:/opt/ros/humble LD_LIBRARY_PATH=/home/roy/ros2_packages/ros2_tutorial/install/interfaces/lib:${LD_LIBRARY_PATH} PYTHONPATH=/home/roy/ros2_packages/ros2_tutorial/install/interfaces/local/lib/python3.10/dist-packages:${PYTHONPATH} /usr/bin/cmake --install /home/roy/ros2_packages/ros2_tutorial/build/service_client
[0.837s] Level 1:colcon.colcon_core.environment:checking '/home/roy/ros2_packages/ros2_tutorial/install/service_client' for CMake module files
[0.837s] Level 1:colcon.colcon_core.environment:checking '/home/roy/ros2_packages/ros2_tutorial/install/service_client' for CMake config files
[0.837s] Level 1:colcon.colcon_core.shell:create_environment_hook('service_client', 'cmake_prefix_path')
[0.837s] INFO:colcon.colcon_core.shell:Creating environment hook '/home/roy/ros2_packages/ros2_tutorial/install/service_client/share/service_client/hook/cmake_prefix_path.ps1'
[0.838s] INFO:colcon.colcon_core.shell:Creating environment descriptor '/home/roy/ros2_packages/ros2_tutorial/install/service_client/share/service_client/hook/cmake_prefix_path.dsv'
[0.838s] INFO:colcon.colcon_core.shell:Creating environment hook '/home/roy/ros2_packages/ros2_tutorial/install/service_client/share/service_client/hook/cmake_prefix_path.sh'
[0.838s] Level 1:colcon.colcon_core.environment:checking '/home/roy/ros2_packages/ros2_tutorial/install/service_client/lib'
[0.838s] Level 1:colcon.colcon_core.environment:checking '/home/roy/ros2_packages/ros2_tutorial/install/service_client/bin'
[0.838s] Level 1:colcon.colcon_core.environment:checking '/home/roy/ros2_packages/ros2_tutorial/install/service_client/lib/pkgconfig/service_client.pc'
[0.839s] Level 1:colcon.colcon_core.environment:checking '/home/roy/ros2_packages/ros2_tutorial/install/service_client/lib/python3.10/site-packages'
[0.839s] Level 1:colcon.colcon_core.environment:checking '/home/roy/ros2_packages/ros2_tutorial/install/service_client/bin'
[0.839s] INFO:colcon.colcon_core.shell:Creating package script '/home/roy/ros2_packages/ros2_tutorial/install/service_client/share/service_client/package.ps1'
[0.839s] INFO:colcon.colcon_core.shell:Creating package descriptor '/home/roy/ros2_packages/ros2_tutorial/install/service_client/share/service_client/package.dsv'
[0.840s] INFO:colcon.colcon_core.shell:Creating package script '/home/roy/ros2_packages/ros2_tutorial/install/service_client/share/service_client/package.sh'
[0.840s] INFO:colcon.colcon_core.shell:Creating package script '/home/roy/ros2_packages/ros2_tutorial/install/service_client/share/service_client/package.bash'
[0.840s] INFO:colcon.colcon_core.shell:Creating package script '/home/roy/ros2_packages/ros2_tutorial/install/service_client/share/service_client/package.zsh'
[0.840s] Level 1:colcon.colcon_core.environment:create_file_with_runtime_dependencies(/home/roy/ros2_packages/ros2_tutorial/install/service_client/share/colcon-core/packages/service_client)
[0.841s] Level 1:colcon.colcon_core.environment:create_environment_scripts_only(service_server)
[0.842s] Level 1:colcon.colcon_core.environment:checking '/home/roy/ros2_packages/ros2_tutorial/install/service_server' for CMake module files
[0.842s] DEBUG:colcon.colcon_core.event_handler.log_command:Invoked command in '/home/roy/ros2_packages/ros2_tutorial/build/service_server' returned '0': AMENT_PREFIX_PATH=/home/roy/ros2_packages/ros2_tutorial/install/interfaces:${AMENT_PREFIX_PATH} CMAKE_PREFIX_PATH=/home/roy/ros2_packages/ros2_tutorial/install/interfaces:/opt/ros/humble LD_LIBRARY_PATH=/home/roy/ros2_packages/ros2_tutorial/install/interfaces/lib:${LD_LIBRARY_PATH} PYTHONPATH=/home/roy/ros2_packages/ros2_tutorial/install/interfaces/local/lib/python3.10/dist-packages:${PYTHONPATH} /usr/bin/cmake --install /home/roy/ros2_packages/ros2_tutorial/build/service_server
[0.842s] Level 1:colcon.colcon_core.environment:checking '/home/roy/ros2_packages/ros2_tutorial/install/service_server' for CMake config files
[0.842s] Level 1:colcon.colcon_core.shell:create_environment_hook('service_server', 'cmake_prefix_path')
[0.842s] INFO:colcon.colcon_core.shell:Creating environment hook '/home/roy/ros2_packages/ros2_tutorial/install/service_server/share/service_server/hook/cmake_prefix_path.ps1'
[0.843s] INFO:colcon.colcon_core.shell:Creating environment descriptor '/home/roy/ros2_packages/ros2_tutorial/install/service_server/share/service_server/hook/cmake_prefix_path.dsv'
[0.843s] INFO:colcon.colcon_core.shell:Creating environment hook '/home/roy/ros2_packages/ros2_tutorial/install/service_server/share/service_server/hook/cmake_prefix_path.sh'
[0.843s] Level 1:colcon.colcon_core.environment:checking '/home/roy/ros2_packages/ros2_tutorial/install/service_server/lib'
[0.843s] Level 1:colcon.colcon_core.environment:checking '/home/roy/ros2_packages/ros2_tutorial/install/service_server/bin'
[0.843s] Level 1:colcon.colcon_core.environment:checking '/home/roy/ros2_packages/ros2_tutorial/install/service_server/lib/pkgconfig/service_server.pc'
[0.844s] Level 1:colcon.colcon_core.environment:checking '/home/roy/ros2_packages/ros2_tutorial/install/service_server/lib/python3.10/site-packages'
[0.844s] Level 1:colcon.colcon_core.environment:checking '/home/roy/ros2_packages/ros2_tutorial/install/service_server/bin'
[0.844s] INFO:colcon.colcon_core.shell:Creating package script '/home/roy/ros2_packages/ros2_tutorial/install/service_server/share/service_server/package.ps1'
[0.844s] INFO:colcon.colcon_core.shell:Creating package descriptor '/home/roy/ros2_packages/ros2_tutorial/install/service_server/share/service_server/package.dsv'
[0.844s] INFO:colcon.colcon_core.shell:Creating package script '/home/roy/ros2_packages/ros2_tutorial/install/service_server/share/service_server/package.sh'
[0.845s] INFO:colcon.colcon_core.shell:Creating package script '/home/roy/ros2_packages/ros2_tutorial/install/service_server/share/service_server/package.bash'
[0.845s] INFO:colcon.colcon_core.shell:Creating package script '/home/roy/ros2_packages/ros2_tutorial/install/service_server/share/service_server/package.zsh'
[0.845s] Level 1:colcon.colcon_core.environment:create_file_with_runtime_dependencies(/home/roy/ros2_packages/ros2_tutorial/install/service_server/share/colcon-core/packages/service_server)
[0.858s] Level 1:colcon.colcon_core.environment:create_environment_scripts_only(service_client)
[0.859s] Level 1:colcon.colcon_core.environment:checking '/home/roy/ros2_packages/ros2_tutorial/install/service_client' for CMake module files
[0.859s] Level 1:colcon.colcon_core.environment:checking '/home/roy/ros2_packages/ros2_tutorial/install/service_client' for CMake config files
[0.859s] Level 1:colcon.colcon_core.shell:create_environment_hook('service_client', 'cmake_prefix_path')
[0.859s] INFO:colcon.colcon_core.shell:Creating environment hook '/home/roy/ros2_packages/ros2_tutorial/install/service_client/share/service_client/hook/cmake_prefix_path.ps1'
[0.860s] INFO:colcon.colcon_core.shell:Creating environment descriptor '/home/roy/ros2_packages/ros2_tutorial/install/service_client/share/service_client/hook/cmake_prefix_path.dsv'
[0.860s] INFO:colcon.colcon_core.shell:Creating environment hook '/home/roy/ros2_packages/ros2_tutorial/install/service_client/share/service_client/hook/cmake_prefix_path.sh'
[0.860s] Level 1:colcon.colcon_core.environment:checking '/home/roy/ros2_packages/ros2_tutorial/install/service_client/lib'
[0.860s] Level 1:colcon.colcon_core.environment:checking '/home/roy/ros2_packages/ros2_tutorial/install/service_client/bin'
[0.860s] Level 1:colcon.colcon_core.environment:checking '/home/roy/ros2_packages/ros2_tutorial/install/service_client/lib/pkgconfig/service_client.pc'
[0.861s] Level 1:colcon.colcon_core.environment:checking '/home/roy/ros2_packages/ros2_tutorial/install/service_client/lib/python3.10/site-packages'
[0.861s] Level 1:colcon.colcon_core.environment:checking '/home/roy/ros2_packages/ros2_tutorial/install/service_client/bin'
[0.861s] INFO:colcon.colcon_core.shell:Creating package script '/home/roy/ros2_packages/ros2_tutorial/install/service_client/share/service_client/package.ps1'
[0.861s] INFO:colcon.colcon_core.shell:Creating package descriptor '/home/roy/ros2_packages/ros2_tutorial/install/service_client/share/service_client/package.dsv'
[0.862s] INFO:colcon.colcon_core.shell:Creating package script '/home/roy/ros2_packages/ros2_tutorial/install/service_client/share/service_client/package.sh'
[0.862s] INFO:colcon.colcon_core.shell:Creating package script '/home/roy/ros2_packages/ros2_tutorial/install/service_client/share/service_client/package.bash'
[0.862s] INFO:colcon.colcon_core.shell:Creating package script '/home/roy/ros2_packages/ros2_tutorial/install/service_client/share/service_client/package.zsh'
[0.863s] Level 1:colcon.colcon_core.environment:create_file_with_runtime_dependencies(/home/roy/ros2_packages/ros2_tutorial/install/service_client/share/colcon-core/packages/service_client)
[0.863s] Level 1:colcon.colcon_core.environment:create_environment_scripts_only(service_server)
[0.864s] Level 1:colcon.colcon_core.environment:checking '/home/roy/ros2_packages/ros2_tutorial/install/service_server' for CMake module files
[0.864s] Level 1:colcon.colcon_core.environment:checking '/home/roy/ros2_packages/ros2_tutorial/install/service_server' for CMake config files
[0.864s] Level 1:colcon.colcon_core.shell:create_environment_hook('service_server', 'cmake_prefix_path')
[0.864s] INFO:colcon.colcon_core.shell:Creating environment hook '/home/roy/ros2_packages/ros2_tutorial/install/service_server/share/service_server/hook/cmake_prefix_path.ps1'
[0.864s] INFO:colcon.colcon_core.shell:Creating environment descriptor '/home/roy/ros2_packages/ros2_tutorial/install/service_server/share/service_server/hook/cmake_prefix_path.dsv'
[0.865s] INFO:colcon.colcon_core.shell:Creating environment hook '/home/roy/ros2_packages/ros2_tutorial/install/service_server/share/service_server/hook/cmake_prefix_path.sh'
[0.865s] Level 1:colcon.colcon_core.environment:checking '/home/roy/ros2_packages/ros2_tutorial/install/service_server/lib'
[0.865s] Level 1:colcon.colcon_core.environment:checking '/home/roy/ros2_packages/ros2_tutorial/install/service_server/bin'
[0.865s] Level 1:colcon.colcon_core.environment:checking '/home/roy/ros2_packages/ros2_tutorial/install/service_server/lib/pkgconfig/service_server.pc'
[0.865s] Level 1:colcon.colcon_core.environment:checking '/home/roy/ros2_packages/ros2_tutorial/install/service_server/lib/python3.10/site-packages'
[0.866s] Level 1:colcon.colcon_core.environment:checking '/home/roy/ros2_packages/ros2_tutorial/install/service_server/bin'
[0.866s] INFO:colcon.colcon_core.shell:Creating package script '/home/roy/ros2_packages/ros2_tutorial/install/service_server/share/service_server/package.ps1'
[0.866s] INFO:colcon.colcon_core.shell:Creating package descriptor '/home/roy/ros2_packages/ros2_tutorial/install/service_server/share/service_server/package.dsv'
[0.866s] INFO:colcon.colcon_core.shell:Creating package script '/home/roy/ros2_packages/ros2_tutorial/install/service_server/share/service_server/package.sh'
[0.867s] INFO:colcon.colcon_core.shell:Creating package script '/home/roy/ros2_packages/ros2_tutorial/install/service_server/share/service_server/package.bash'
[0.867s] INFO:colcon.colcon_core.shell:Creating package script '/home/roy/ros2_packages/ros2_tutorial/install/service_server/share/service_server/package.zsh'
[0.867s] Level 1:colcon.colcon_core.environment:create_file_with_runtime_dependencies(/home/roy/ros2_packages/ros2_tutorial/install/service_server/share/colcon-core/packages/service_server)
[0.867s] DEBUG:colcon.colcon_parallel_executor.executor.parallel:closing loop
[0.867s] DEBUG:colcon.colcon_parallel_executor.executor.parallel:loop closed
[0.868s] DEBUG:colcon.colcon_parallel_executor.executor.parallel:run_until_complete finished with '0'
[0.868s] DEBUG:colcon.colcon_core.event_reactor:joining thread
[0.871s] INFO:colcon.colcon_core.plugin_system:Skipping extension 'colcon_notification.desktop_notification.terminal_notifier': Not used on non-Darwin systems
[0.871s] INFO:colcon.colcon_core.plugin_system:Skipping extension 'colcon_notification.desktop_notification.win32': Not used on non-Windows systems
[0.872s] INFO:colcon.colcon_notification.desktop_notification:Sending desktop notification using 'notify2'
[0.880s] DEBUG:colcon.colcon_core.event_reactor:joined thread
[0.880s] INFO:colcon.colcon_core.shell:Creating prefix script '/home/roy/ros2_packages/ros2_tutorial/install/local_setup.ps1'
[0.881s] INFO:colcon.colcon_core.shell:Creating prefix util module '/home/roy/ros2_packages/ros2_tutorial/install/_local_setup_util_ps1.py'
[0.882s] INFO:colcon.colcon_core.shell:Creating prefix chain script '/home/roy/ros2_packages/ros2_tutorial/install/setup.ps1'
[0.882s] INFO:colcon.colcon_core.shell:Creating prefix script '/home/roy/ros2_packages/ros2_tutorial/install/local_setup.sh'
[0.883s] INFO:colcon.colcon_core.shell:Creating prefix util module '/home/roy/ros2_packages/ros2_tutorial/install/_local_setup_util_sh.py'
[0.883s] INFO:colcon.colcon_core.shell:Creating prefix chain script '/home/roy/ros2_packages/ros2_tutorial/install/setup.sh'
[0.884s] INFO:colcon.colcon_core.shell:Creating prefix script '/home/roy/ros2_packages/ros2_tutorial/install/local_setup.bash'
[0.884s] INFO:colcon.colcon_core.shell:Creating prefix chain script '/home/roy/ros2_packages/ros2_tutorial/install/setup.bash'
[0.884s] INFO:colcon.colcon_core.shell:Creating prefix script '/home/roy/ros2_packages/ros2_tutorial/install/local_setup.zsh'
[0.885s] INFO:colcon.colcon_core.shell:Creating prefix chain script '/home/roy/ros2_packages/ros2_tutorial/install/setup.zsh'
