[0.082s] DEBUG:colcon:Command line arguments: ['/usr/bin/colcon', 'build', '--symlink-install']
[0.082s] DEBUG:colcon:Parsed command line arguments: Namespace(log_base=None, log_level=None, verb_name='build', build_base='build', install_base='install', merge_install=False, symlink_install=True, test_result_base=None, continue_on_error=False, executor='parallel', parallel_workers=8, event_handlers=None, ignore_user_meta=False, metas=['./colcon.meta'], base_paths=['.'], packages_ignore=None, packages_ignore_regex=None, paths=None, packages_up_to=None, packages_up_to_regex=None, packages_above=None, packages_above_and_dependencies=None, packages_above_depth=None, packages_select_by_dep=None, packages_skip_by_dep=None, packages_skip_up_to=None, packages_select_build_failed=False, packages_skip_build_finished=False, packages_select_test_failures=False, packages_skip_test_passed=False, packages_select=None, packages_skip=None, packages_select_regex=None, packages_skip_regex=None, packages_start=None, packages_end=None, allow_overriding=[], cmake_args=None, cmake_target=None, cmake_target_skip_unavailable=False, cmake_clean_cache=False, cmake_clean_first=False, cmake_force_configure=False, ament_cmake_args=None, catkin_cmake_args=None, catkin_skip_building_tests=False, mixin_files=None, mixin=None, verb_parser=<colcon_mixin.mixin.mixin_argument.MixinArgumentDecorator object at 0x768e4214a1d0>, verb_extension=<colcon_core.verb.build.BuildVerb object at 0x768e4225de70>, main=<bound method BuildVerb.main of <colcon_core.verb.build.BuildVerb object at 0x768e4225de70>>, mixin_verb=('build',))
[0.207s] Level 1:colcon.colcon_core.package_discovery:discover_packages(colcon_meta) check parameters
[0.207s] Level 1:colcon.colcon_core.package_discovery:discover_packages(recursive) check parameters
[0.207s] Level 1:colcon.colcon_core.package_discovery:discover_packages(ignore) check parameters
[0.207s] Level 1:colcon.colcon_core.package_discovery:discover_packages(path) check parameters
[0.207s] Level 1:colcon.colcon_core.package_discovery:discover_packages(colcon_meta) discover
[0.207s] Level 1:colcon.colcon_core.package_discovery:discover_packages(recursive) discover
[0.207s] INFO:colcon.colcon_core.package_discovery:Crawling recursively for packages in '/home/roy/ros2_packages/ros2_tutorial'
[0.207s] Level 1:colcon.colcon_core.package_identification:_identify(.) by extensions ['ignore', 'ignore_ament_install']
[0.207s] Level 1:colcon.colcon_core.package_identification:_identify(.) by extension 'ignore'
[0.207s] Level 1:colcon.colcon_core.package_identification:_identify(.) by extension 'ignore_ament_install'
[0.207s] Level 1:colcon.colcon_core.package_identification:_identify(.) by extensions ['colcon_pkg']
[0.207s] Level 1:colcon.colcon_core.package_identification:_identify(.) by extension 'colcon_pkg'
[0.207s] Level 1:colcon.colcon_core.package_identification:_identify(.) by extensions ['colcon_meta']
[0.207s] Level 1:colcon.colcon_core.package_identification:_identify(.) by extension 'colcon_meta'
[0.207s] Level 1:colcon.colcon_core.package_identification:_identify(.) by extensions ['ros']
[0.207s] Level 1:colcon.colcon_core.package_identification:_identify(.) by extension 'ros'
[0.216s] Level 1:colcon.colcon_core.package_identification:_identify(.) by extensions ['cmake', 'python']
[0.216s] Level 1:colcon.colcon_core.package_identification:_identify(.) by extension 'cmake'
[0.216s] Level 1:colcon.colcon_core.package_identification:_identify(.) by extension 'python'
[0.216s] Level 1:colcon.colcon_core.package_identification:_identify(.) by extensions ['python_setup_py']
[0.216s] Level 1:colcon.colcon_core.package_identification:_identify(.) by extension 'python_setup_py'
[0.216s] Level 1:colcon.colcon_core.package_identification:_identify(build) by extensions ['ignore', 'ignore_ament_install']
[0.216s] Level 1:colcon.colcon_core.package_identification:_identify(build) by extension 'ignore'
[0.216s] Level 1:colcon.colcon_core.package_identification:_identify(build) ignored
[0.216s] Level 1:colcon.colcon_core.package_identification:_identify(install) by extensions ['ignore', 'ignore_ament_install']
[0.216s] Level 1:colcon.colcon_core.package_identification:_identify(install) by extension 'ignore'
[0.216s] Level 1:colcon.colcon_core.package_identification:_identify(install) ignored
[0.216s] Level 1:colcon.colcon_core.package_identification:_identify(log) by extensions ['ignore', 'ignore_ament_install']
[0.216s] Level 1:colcon.colcon_core.package_identification:_identify(log) by extension 'ignore'
[0.216s] Level 1:colcon.colcon_core.package_identification:_identify(log) ignored
[0.216s] Level 1:colcon.colcon_core.package_identification:_identify(src) by extensions ['ignore', 'ignore_ament_install']
[0.217s] Level 1:colcon.colcon_core.package_identification:_identify(src) by extension 'ignore'
[0.217s] Level 1:colcon.colcon_core.package_identification:_identify(src) by extension 'ignore_ament_install'
[0.217s] Level 1:colcon.colcon_core.package_identification:_identify(src) by extensions ['colcon_pkg']
[0.217s] Level 1:colcon.colcon_core.package_identification:_identify(src) by extension 'colcon_pkg'
[0.217s] Level 1:colcon.colcon_core.package_identification:_identify(src) by extensions ['colcon_meta']
[0.217s] Level 1:colcon.colcon_core.package_identification:_identify(src) by extension 'colcon_meta'
[0.217s] Level 1:colcon.colcon_core.package_identification:_identify(src) by extensions ['ros']
[0.217s] Level 1:colcon.colcon_core.package_identification:_identify(src) by extension 'ros'
[0.217s] Level 1:colcon.colcon_core.package_identification:_identify(src) by extensions ['cmake', 'python']
[0.217s] Level 1:colcon.colcon_core.package_identification:_identify(src) by extension 'cmake'
[0.217s] Level 1:colcon.colcon_core.package_identification:_identify(src) by extension 'python'
[0.217s] Level 1:colcon.colcon_core.package_identification:_identify(src) by extensions ['python_setup_py']
[0.217s] Level 1:colcon.colcon_core.package_identification:_identify(src) by extension 'python_setup_py'
[0.217s] Level 1:colcon.colcon_core.package_identification:_identify(src/interfaces) by extensions ['ignore', 'ignore_ament_install']
[0.217s] Level 1:colcon.colcon_core.package_identification:_identify(src/interfaces) by extension 'ignore'
[0.217s] Level 1:colcon.colcon_core.package_identification:_identify(src/interfaces) by extension 'ignore_ament_install'
[0.217s] Level 1:colcon.colcon_core.package_identification:_identify(src/interfaces) by extensions ['colcon_pkg']
[0.217s] Level 1:colcon.colcon_core.package_identification:_identify(src/interfaces) by extension 'colcon_pkg'
[0.217s] Level 1:colcon.colcon_core.package_identification:_identify(src/interfaces) by extensions ['colcon_meta']
[0.217s] Level 1:colcon.colcon_core.package_identification:_identify(src/interfaces) by extension 'colcon_meta'
[0.218s] Level 1:colcon.colcon_core.package_identification:_identify(src/interfaces) by extensions ['ros']
[0.218s] Level 1:colcon.colcon_core.package_identification:_identify(src/interfaces) by extension 'ros'
[0.219s] DEBUG:colcon.colcon_core.package_identification:Package 'src/interfaces' with type 'ros.ament_cmake' and name 'interfaces'
[0.219s] Level 1:colcon.colcon_core.package_identification:_identify(src/parameters) by extensions ['ignore', 'ignore_ament_install']
[0.219s] Level 1:colcon.colcon_core.package_identification:_identify(src/parameters) by extension 'ignore'
[0.219s] Level 1:colcon.colcon_core.package_identification:_identify(src/parameters) by extension 'ignore_ament_install'
[0.219s] Level 1:colcon.colcon_core.package_identification:_identify(src/parameters) by extensions ['colcon_pkg']
[0.220s] Level 1:colcon.colcon_core.package_identification:_identify(src/parameters) by extension 'colcon_pkg'
[0.220s] Level 1:colcon.colcon_core.package_identification:_identify(src/parameters) by extensions ['colcon_meta']
[0.220s] Level 1:colcon.colcon_core.package_identification:_identify(src/parameters) by extension 'colcon_meta'
[0.220s] Level 1:colcon.colcon_core.package_identification:_identify(src/parameters) by extensions ['ros']
[0.220s] Level 1:colcon.colcon_core.package_identification:_identify(src/parameters) by extension 'ros'
[0.220s] DEBUG:colcon.colcon_core.package_identification:Package 'src/parameters' with type 'ros.ament_cmake' and name 'parameters'
[0.220s] Level 1:colcon.colcon_core.package_identification:_identify(src/publisher) by extensions ['ignore', 'ignore_ament_install']
[0.220s] Level 1:colcon.colcon_core.package_identification:_identify(src/publisher) by extension 'ignore'
[0.220s] Level 1:colcon.colcon_core.package_identification:_identify(src/publisher) by extension 'ignore_ament_install'
[0.220s] Level 1:colcon.colcon_core.package_identification:_identify(src/publisher) by extensions ['colcon_pkg']
[0.220s] Level 1:colcon.colcon_core.package_identification:_identify(src/publisher) by extension 'colcon_pkg'
[0.220s] Level 1:colcon.colcon_core.package_identification:_identify(src/publisher) by extensions ['colcon_meta']
[0.220s] Level 1:colcon.colcon_core.package_identification:_identify(src/publisher) by extension 'colcon_meta'
[0.220s] Level 1:colcon.colcon_core.package_identification:_identify(src/publisher) by extensions ['ros']
[0.220s] Level 1:colcon.colcon_core.package_identification:_identify(src/publisher) by extension 'ros'
[0.221s] DEBUG:colcon.colcon_core.package_identification:Package 'src/publisher' with type 'ros.ament_cmake' and name 'publisher'
[0.221s] Level 1:colcon.colcon_core.package_identification:_identify(src/service_client) by extensions ['ignore', 'ignore_ament_install']
[0.221s] Level 1:colcon.colcon_core.package_identification:_identify(src/service_client) by extension 'ignore'
[0.221s] Level 1:colcon.colcon_core.package_identification:_identify(src/service_client) by extension 'ignore_ament_install'
[0.221s] Level 1:colcon.colcon_core.package_identification:_identify(src/service_client) by extensions ['colcon_pkg']
[0.221s] Level 1:colcon.colcon_core.package_identification:_identify(src/service_client) by extension 'colcon_pkg'
[0.221s] Level 1:colcon.colcon_core.package_identification:_identify(src/service_client) by extensions ['colcon_meta']
[0.221s] Level 1:colcon.colcon_core.package_identification:_identify(src/service_client) by extension 'colcon_meta'
[0.221s] Level 1:colcon.colcon_core.package_identification:_identify(src/service_client) by extensions ['ros']
[0.221s] Level 1:colcon.colcon_core.package_identification:_identify(src/service_client) by extension 'ros'
[0.222s] DEBUG:colcon.colcon_core.package_identification:Package 'src/service_client' with type 'ros.ament_cmake' and name 'service_client'
[0.222s] Level 1:colcon.colcon_core.package_identification:_identify(src/service_server) by extensions ['ignore', 'ignore_ament_install']
[0.222s] Level 1:colcon.colcon_core.package_identification:_identify(src/service_server) by extension 'ignore'
[0.222s] Level 1:colcon.colcon_core.package_identification:_identify(src/service_server) by extension 'ignore_ament_install'
[0.222s] Level 1:colcon.colcon_core.package_identification:_identify(src/service_server) by extensions ['colcon_pkg']
[0.222s] Level 1:colcon.colcon_core.package_identification:_identify(src/service_server) by extension 'colcon_pkg'
[0.222s] Level 1:colcon.colcon_core.package_identification:_identify(src/service_server) by extensions ['colcon_meta']
[0.222s] Level 1:colcon.colcon_core.package_identification:_identify(src/service_server) by extension 'colcon_meta'
[0.222s] Level 1:colcon.colcon_core.package_identification:_identify(src/service_server) by extensions ['ros']
[0.222s] Level 1:colcon.colcon_core.package_identification:_identify(src/service_server) by extension 'ros'
[0.223s] DEBUG:colcon.colcon_core.package_identification:Package 'src/service_server' with type 'ros.ament_cmake' and name 'service_server'
[0.223s] Level 1:colcon.colcon_core.package_identification:_identify(src/subscriber) by extensions ['ignore', 'ignore_ament_install']
[0.223s] Level 1:colcon.colcon_core.package_identification:_identify(src/subscriber) by extension 'ignore'
[0.223s] Level 1:colcon.colcon_core.package_identification:_identify(src/subscriber) by extension 'ignore_ament_install'
[0.223s] Level 1:colcon.colcon_core.package_identification:_identify(src/subscriber) by extensions ['colcon_pkg']
[0.223s] Level 1:colcon.colcon_core.package_identification:_identify(src/subscriber) by extension 'colcon_pkg'
[0.223s] Level 1:colcon.colcon_core.package_identification:_identify(src/subscriber) by extensions ['colcon_meta']
[0.223s] Level 1:colcon.colcon_core.package_identification:_identify(src/subscriber) by extension 'colcon_meta'
[0.223s] Level 1:colcon.colcon_core.package_identification:_identify(src/subscriber) by extensions ['ros']
[0.223s] Level 1:colcon.colcon_core.package_identification:_identify(src/subscriber) by extension 'ros'
[0.224s] DEBUG:colcon.colcon_core.package_identification:Package 'src/subscriber' with type 'ros.ament_cmake' and name 'subscriber'
[0.224s] Level 1:colcon.colcon_core.package_discovery:discover_packages(recursive) using defaults
[0.224s] Level 1:colcon.colcon_core.package_discovery:discover_packages(ignore) discover
[0.224s] Level 1:colcon.colcon_core.package_discovery:discover_packages(ignore) using defaults
[0.224s] Level 1:colcon.colcon_core.package_discovery:discover_packages(path) discover
[0.224s] Level 1:colcon.colcon_core.package_discovery:discover_packages(path) using defaults
[0.238s] Level 1:colcon.colcon_core.package_discovery:discover_packages(prefix_path) check parameters
[0.238s] Level 1:colcon.colcon_core.package_discovery:discover_packages(prefix_path) discover
[0.240s] DEBUG:colcon.colcon_installed_package_information.package_discovery:Found 312 installed packages in /opt/ros/humble
[0.247s] Level 1:colcon.colcon_core.package_discovery:discover_packages(prefix_path) using defaults
[0.279s] Level 5:colcon.colcon_core.verb:set package 'interfaces' build argument 'cmake_args' from command line to 'None'
[0.279s] Level 5:colcon.colcon_core.verb:set package 'interfaces' build argument 'cmake_target' from command line to 'None'
[0.279s] Level 5:colcon.colcon_core.verb:set package 'interfaces' build argument 'cmake_target_skip_unavailable' from command line to 'False'
[0.279s] Level 5:colcon.colcon_core.verb:set package 'interfaces' build argument 'cmake_clean_cache' from command line to 'False'
[0.279s] Level 5:colcon.colcon_core.verb:set package 'interfaces' build argument 'cmake_clean_first' from command line to 'False'
[0.279s] Level 5:colcon.colcon_core.verb:set package 'interfaces' build argument 'cmake_force_configure' from command line to 'False'
[0.279s] Level 5:colcon.colcon_core.verb:set package 'interfaces' build argument 'ament_cmake_args' from command line to 'None'
[0.279s] Level 5:colcon.colcon_core.verb:set package 'interfaces' build argument 'catkin_cmake_args' from command line to 'None'
[0.279s] Level 5:colcon.colcon_core.verb:set package 'interfaces' build argument 'catkin_skip_building_tests' from command line to 'False'
[0.279s] DEBUG:colcon.colcon_core.verb:Building package 'interfaces' with the following arguments: {'ament_cmake_args': None, 'build_base': '/home/roy/ros2_packages/ros2_tutorial/build/interfaces', 'catkin_cmake_args': None, 'catkin_skip_building_tests': False, 'cmake_args': None, 'cmake_clean_cache': False, 'cmake_clean_first': False, 'cmake_force_configure': False, 'cmake_target': None, 'cmake_target_skip_unavailable': False, 'install_base': '/home/roy/ros2_packages/ros2_tutorial/install/interfaces', 'merge_install': False, 'path': '/home/roy/ros2_packages/ros2_tutorial/src/interfaces', 'symlink_install': True, 'test_result_base': None}
[0.280s] Level 5:colcon.colcon_core.verb:set package 'parameters' build argument 'cmake_args' from command line to 'None'
[0.280s] Level 5:colcon.colcon_core.verb:set package 'parameters' build argument 'cmake_target' from command line to 'None'
[0.280s] Level 5:colcon.colcon_core.verb:set package 'parameters' build argument 'cmake_target_skip_unavailable' from command line to 'False'
[0.280s] Level 5:colcon.colcon_core.verb:set package 'parameters' build argument 'cmake_clean_cache' from command line to 'False'
[0.280s] Level 5:colcon.colcon_core.verb:set package 'parameters' build argument 'cmake_clean_first' from command line to 'False'
[0.280s] Level 5:colcon.colcon_core.verb:set package 'parameters' build argument 'cmake_force_configure' from command line to 'False'
[0.280s] Level 5:colcon.colcon_core.verb:set package 'parameters' build argument 'ament_cmake_args' from command line to 'None'
[0.280s] Level 5:colcon.colcon_core.verb:set package 'parameters' build argument 'catkin_cmake_args' from command line to 'None'
[0.280s] Level 5:colcon.colcon_core.verb:set package 'parameters' build argument 'catkin_skip_building_tests' from command line to 'False'
[0.280s] DEBUG:colcon.colcon_core.verb:Building package 'parameters' with the following arguments: {'ament_cmake_args': None, 'build_base': '/home/roy/ros2_packages/ros2_tutorial/build/parameters', 'catkin_cmake_args': None, 'catkin_skip_building_tests': False, 'cmake_args': None, 'cmake_clean_cache': False, 'cmake_clean_first': False, 'cmake_force_configure': False, 'cmake_target': None, 'cmake_target_skip_unavailable': False, 'install_base': '/home/roy/ros2_packages/ros2_tutorial/install/parameters', 'merge_install': False, 'path': '/home/roy/ros2_packages/ros2_tutorial/src/parameters', 'symlink_install': True, 'test_result_base': None}
[0.280s] Level 5:colcon.colcon_core.verb:set package 'publisher' build argument 'cmake_args' from command line to 'None'
[0.280s] Level 5:colcon.colcon_core.verb:set package 'publisher' build argument 'cmake_target' from command line to 'None'
[0.280s] Level 5:colcon.colcon_core.verb:set package 'publisher' build argument 'cmake_target_skip_unavailable' from command line to 'False'
[0.280s] Level 5:colcon.colcon_core.verb:set package 'publisher' build argument 'cmake_clean_cache' from command line to 'False'
[0.280s] Level 5:colcon.colcon_core.verb:set package 'publisher' build argument 'cmake_clean_first' from command line to 'False'
[0.280s] Level 5:colcon.colcon_core.verb:set package 'publisher' build argument 'cmake_force_configure' from command line to 'False'
[0.280s] Level 5:colcon.colcon_core.verb:set package 'publisher' build argument 'ament_cmake_args' from command line to 'None'
[0.280s] Level 5:colcon.colcon_core.verb:set package 'publisher' build argument 'catkin_cmake_args' from command line to 'None'
[0.280s] Level 5:colcon.colcon_core.verb:set package 'publisher' build argument 'catkin_skip_building_tests' from command line to 'False'
[0.280s] DEBUG:colcon.colcon_core.verb:Building package 'publisher' with the following arguments: {'ament_cmake_args': None, 'build_base': '/home/roy/ros2_packages/ros2_tutorial/build/publisher', 'catkin_cmake_args': None, 'catkin_skip_building_tests': False, 'cmake_args': None, 'cmake_clean_cache': False, 'cmake_clean_first': False, 'cmake_force_configure': False, 'cmake_target': None, 'cmake_target_skip_unavailable': False, 'install_base': '/home/roy/ros2_packages/ros2_tutorial/install/publisher', 'merge_install': False, 'path': '/home/roy/ros2_packages/ros2_tutorial/src/publisher', 'symlink_install': True, 'test_result_base': None}
[0.281s] Level 5:colcon.colcon_core.verb:set package 'subscriber' build argument 'cmake_args' from command line to 'None'
[0.281s] Level 5:colcon.colcon_core.verb:set package 'subscriber' build argument 'cmake_target' from command line to 'None'
[0.281s] Level 5:colcon.colcon_core.verb:set package 'subscriber' build argument 'cmake_target_skip_unavailable' from command line to 'False'
[0.281s] Level 5:colcon.colcon_core.verb:set package 'subscriber' build argument 'cmake_clean_cache' from command line to 'False'
[0.281s] Level 5:colcon.colcon_core.verb:set package 'subscriber' build argument 'cmake_clean_first' from command line to 'False'
[0.281s] Level 5:colcon.colcon_core.verb:set package 'subscriber' build argument 'cmake_force_configure' from command line to 'False'
[0.281s] Level 5:colcon.colcon_core.verb:set package 'subscriber' build argument 'ament_cmake_args' from command line to 'None'
[0.281s] Level 5:colcon.colcon_core.verb:set package 'subscriber' build argument 'catkin_cmake_args' from command line to 'None'
[0.281s] Level 5:colcon.colcon_core.verb:set package 'subscriber' build argument 'catkin_skip_building_tests' from command line to 'False'
[0.281s] DEBUG:colcon.colcon_core.verb:Building package 'subscriber' with the following arguments: {'ament_cmake_args': None, 'build_base': '/home/roy/ros2_packages/ros2_tutorial/build/subscriber', 'catkin_cmake_args': None, 'catkin_skip_building_tests': False, 'cmake_args': None, 'cmake_clean_cache': False, 'cmake_clean_first': False, 'cmake_force_configure': False, 'cmake_target': None, 'cmake_target_skip_unavailable': False, 'install_base': '/home/roy/ros2_packages/ros2_tutorial/install/subscriber', 'merge_install': False, 'path': '/home/roy/ros2_packages/ros2_tutorial/src/subscriber', 'symlink_install': True, 'test_result_base': None}
[0.281s] Level 5:colcon.colcon_core.verb:set package 'service_client' build argument 'cmake_args' from command line to 'None'
[0.281s] Level 5:colcon.colcon_core.verb:set package 'service_client' build argument 'cmake_target' from command line to 'None'
[0.281s] Level 5:colcon.colcon_core.verb:set package 'service_client' build argument 'cmake_target_skip_unavailable' from command line to 'False'
[0.281s] Level 5:colcon.colcon_core.verb:set package 'service_client' build argument 'cmake_clean_cache' from command line to 'False'
[0.281s] Level 5:colcon.colcon_core.verb:set package 'service_client' build argument 'cmake_clean_first' from command line to 'False'
[0.281s] Level 5:colcon.colcon_core.verb:set package 'service_client' build argument 'cmake_force_configure' from command line to 'False'
[0.281s] Level 5:colcon.colcon_core.verb:set package 'service_client' build argument 'ament_cmake_args' from command line to 'None'
[0.281s] Level 5:colcon.colcon_core.verb:set package 'service_client' build argument 'catkin_cmake_args' from command line to 'None'
[0.281s] Level 5:colcon.colcon_core.verb:set package 'service_client' build argument 'catkin_skip_building_tests' from command line to 'False'
[0.281s] DEBUG:colcon.colcon_core.verb:Building package 'service_client' with the following arguments: {'ament_cmake_args': None, 'build_base': '/home/roy/ros2_packages/ros2_tutorial/build/service_client', 'catkin_cmake_args': None, 'catkin_skip_building_tests': False, 'cmake_args': None, 'cmake_clean_cache': False, 'cmake_clean_first': False, 'cmake_force_configure': False, 'cmake_target': None, 'cmake_target_skip_unavailable': False, 'install_base': '/home/roy/ros2_packages/ros2_tutorial/install/service_client', 'merge_install': False, 'path': '/home/roy/ros2_packages/ros2_tutorial/src/service_client', 'symlink_install': True, 'test_result_base': None}
[0.282s] Level 5:colcon.colcon_core.verb:set package 'service_server' build argument 'cmake_args' from command line to 'None'
[0.282s] Level 5:colcon.colcon_core.verb:set package 'service_server' build argument 'cmake_target' from command line to 'None'
[0.282s] Level 5:colcon.colcon_core.verb:set package 'service_server' build argument 'cmake_target_skip_unavailable' from command line to 'False'
[0.282s] Level 5:colcon.colcon_core.verb:set package 'service_server' build argument 'cmake_clean_cache' from command line to 'False'
[0.282s] Level 5:colcon.colcon_core.verb:set package 'service_server' build argument 'cmake_clean_first' from command line to 'False'
[0.282s] Level 5:colcon.colcon_core.verb:set package 'service_server' build argument 'cmake_force_configure' from command line to 'False'
[0.282s] Level 5:colcon.colcon_core.verb:set package 'service_server' build argument 'ament_cmake_args' from command line to 'None'
[0.282s] Level 5:colcon.colcon_core.verb:set package 'service_server' build argument 'catkin_cmake_args' from command line to 'None'
[0.282s] Level 5:colcon.colcon_core.verb:set package 'service_server' build argument 'catkin_skip_building_tests' from command line to 'False'
[0.282s] DEBUG:colcon.colcon_core.verb:Building package 'service_server' with the following arguments: {'ament_cmake_args': None, 'build_base': '/home/roy/ros2_packages/ros2_tutorial/build/service_server', 'catkin_cmake_args': None, 'catkin_skip_building_tests': False, 'cmake_args': None, 'cmake_clean_cache': False, 'cmake_clean_first': False, 'cmake_force_configure': False, 'cmake_target': None, 'cmake_target_skip_unavailable': False, 'install_base': '/home/roy/ros2_packages/ros2_tutorial/install/service_server', 'merge_install': False, 'path': '/home/roy/ros2_packages/ros2_tutorial/src/service_server', 'symlink_install': True, 'test_result_base': None}
[0.282s] INFO:colcon.colcon_core.executor:Executing jobs using 'parallel' executor
[0.283s] DEBUG:colcon.colcon_parallel_executor.executor.parallel:run_until_complete
[0.283s] INFO:colcon.colcon_ros.task.ament_cmake.build:Building ROS package in '/home/roy/ros2_packages/ros2_tutorial/src/interfaces' with build type 'ament_cmake'
[0.283s] INFO:colcon.colcon_cmake.task.cmake.build:Building CMake package in '/home/roy/ros2_packages/ros2_tutorial/src/interfaces'
[0.285s] INFO:colcon.colcon_core.plugin_system:Skipping extension 'colcon_core.shell.bat': Not used on non-Windows systems
[0.285s] INFO:colcon.colcon_core.shell:Skip shell extension 'powershell' for command environment: Not usable outside of PowerShell
[0.285s] DEBUG:colcon.colcon_core.shell:Skip shell extension 'dsv' for command environment
[0.287s] INFO:colcon.colcon_ros.task.ament_cmake.build:Building ROS package in '/home/roy/ros2_packages/ros2_tutorial/src/parameters' with build type 'ament_cmake'
[0.287s] INFO:colcon.colcon_cmake.task.cmake.build:Building CMake package in '/home/roy/ros2_packages/ros2_tutorial/src/parameters'
[0.288s] INFO:colcon.colcon_core.shell:Skip shell extension 'powershell' for command environment: Not usable outside of PowerShell
[0.288s] DEBUG:colcon.colcon_core.shell:Skip shell extension 'dsv' for command environment
[0.290s] INFO:colcon.colcon_ros.task.ament_cmake.build:Building ROS package in '/home/roy/ros2_packages/ros2_tutorial/src/publisher' with build type 'ament_cmake'
[0.290s] INFO:colcon.colcon_cmake.task.cmake.build:Building CMake package in '/home/roy/ros2_packages/ros2_tutorial/src/publisher'
[0.290s] INFO:colcon.colcon_core.shell:Skip shell extension 'powershell' for command environment: Not usable outside of PowerShell
[0.290s] DEBUG:colcon.colcon_core.shell:Skip shell extension 'dsv' for command environment
[0.292s] INFO:colcon.colcon_ros.task.ament_cmake.build:Building ROS package in '/home/roy/ros2_packages/ros2_tutorial/src/subscriber' with build type 'ament_cmake'
[0.292s] INFO:colcon.colcon_cmake.task.cmake.build:Building CMake package in '/home/roy/ros2_packages/ros2_tutorial/src/subscriber'
[0.292s] INFO:colcon.colcon_core.shell:Skip shell extension 'powershell' for command environment: Not usable outside of PowerShell
[0.292s] DEBUG:colcon.colcon_core.shell:Skip shell extension 'dsv' for command environment
[0.299s] DEBUG:colcon.colcon_core.event_handler.log_command:Invoking command in '/home/roy/ros2_packages/ros2_tutorial/build/interfaces': CMAKE_PREFIX_PATH=/opt/ros/humble /usr/bin/cmake --build /home/roy/ros2_packages/ros2_tutorial/build/interfaces -- -j8 -l8
[0.301s] DEBUG:colcon.colcon_core.event_handler.log_command:Invoking command in '/home/roy/ros2_packages/ros2_tutorial/build/parameters': CMAKE_PREFIX_PATH=/opt/ros/humble /usr/bin/cmake --build /home/roy/ros2_packages/ros2_tutorial/build/parameters -- -j8 -l8
[0.303s] DEBUG:colcon.colcon_core.event_handler.log_command:Invoking command in '/home/roy/ros2_packages/ros2_tutorial/build/publisher': CMAKE_PREFIX_PATH=/opt/ros/humble /usr/bin/cmake --build /home/roy/ros2_packages/ros2_tutorial/build/publisher -- -j8 -l8
[0.306s] DEBUG:colcon.colcon_core.event_handler.log_command:Invoking command in '/home/roy/ros2_packages/ros2_tutorial/build/subscriber': CMAKE_PREFIX_PATH=/opt/ros/humble /usr/bin/cmake --build /home/roy/ros2_packages/ros2_tutorial/build/subscriber -- -j8 -l8
[0.355s] DEBUG:colcon.colcon_core.event_handler.log_command:Invoked command in '/home/roy/ros2_packages/ros2_tutorial/build/publisher' returned '0': CMAKE_PREFIX_PATH=/opt/ros/humble /usr/bin/cmake --build /home/roy/ros2_packages/ros2_tutorial/build/publisher -- -j8 -l8
[0.363s] DEBUG:colcon.colcon_core.event_handler.log_command:Invoked command in '/home/roy/ros2_packages/ros2_tutorial/build/subscriber' returned '0': CMAKE_PREFIX_PATH=/opt/ros/humble /usr/bin/cmake --build /home/roy/ros2_packages/ros2_tutorial/build/subscriber -- -j8 -l8
[0.382s] DEBUG:colcon.colcon_core.event_handler.log_command:Invoking command in '/home/roy/ros2_packages/ros2_tutorial/build/publisher': CMAKE_PREFIX_PATH=/opt/ros/humble /usr/bin/cmake --install /home/roy/ros2_packages/ros2_tutorial/build/publisher
[0.384s] DEBUG:colcon.colcon_core.event_handler.log_command:Invoking command in '/home/roy/ros2_packages/ros2_tutorial/build/subscriber': CMAKE_PREFIX_PATH=/opt/ros/humble /usr/bin/cmake --install /home/roy/ros2_packages/ros2_tutorial/build/subscriber
[0.400s] Level 1:colcon.colcon_core.environment:create_environment_scripts_only(publisher)
[0.401s] DEBUG:colcon.colcon_core.event_handler.log_command:Invoked command in '/home/roy/ros2_packages/ros2_tutorial/build/publisher' returned '0': CMAKE_PREFIX_PATH=/opt/ros/humble /usr/bin/cmake --install /home/roy/ros2_packages/ros2_tutorial/build/publisher
[0.402s] Level 1:colcon.colcon_core.environment:checking '/home/roy/ros2_packages/ros2_tutorial/install/publisher' for CMake module files
[0.403s] Level 1:colcon.colcon_core.environment:checking '/home/roy/ros2_packages/ros2_tutorial/install/publisher' for CMake config files
[0.403s] Level 1:colcon.colcon_core.shell:create_environment_hook('publisher', 'cmake_prefix_path')
[0.403s] INFO:colcon.colcon_core.shell:Creating environment hook '/home/roy/ros2_packages/ros2_tutorial/install/publisher/share/publisher/hook/cmake_prefix_path.ps1'
[0.403s] INFO:colcon.colcon_core.shell:Creating environment descriptor '/home/roy/ros2_packages/ros2_tutorial/install/publisher/share/publisher/hook/cmake_prefix_path.dsv'
[0.404s] INFO:colcon.colcon_core.shell:Creating environment hook '/home/roy/ros2_packages/ros2_tutorial/install/publisher/share/publisher/hook/cmake_prefix_path.sh'
[0.404s] Level 1:colcon.colcon_core.environment:checking '/home/roy/ros2_packages/ros2_tutorial/install/publisher/lib'
[0.404s] Level 1:colcon.colcon_core.environment:checking '/home/roy/ros2_packages/ros2_tutorial/install/publisher/bin'
[0.405s] Level 1:colcon.colcon_core.environment:checking '/home/roy/ros2_packages/ros2_tutorial/install/publisher/lib/pkgconfig/publisher.pc'
[0.405s] Level 1:colcon.colcon_core.environment:checking '/home/roy/ros2_packages/ros2_tutorial/install/publisher/lib/python3.10/site-packages'
[0.405s] Level 1:colcon.colcon_core.environment:checking '/home/roy/ros2_packages/ros2_tutorial/install/publisher/bin'
[0.405s] INFO:colcon.colcon_core.shell:Creating package script '/home/roy/ros2_packages/ros2_tutorial/install/publisher/share/publisher/package.ps1'
[0.406s] INFO:colcon.colcon_core.shell:Creating package descriptor '/home/roy/ros2_packages/ros2_tutorial/install/publisher/share/publisher/package.dsv'
[0.406s] INFO:colcon.colcon_core.shell:Creating package script '/home/roy/ros2_packages/ros2_tutorial/install/publisher/share/publisher/package.sh'
[0.407s] INFO:colcon.colcon_core.shell:Creating package script '/home/roy/ros2_packages/ros2_tutorial/install/publisher/share/publisher/package.bash'
[0.407s] INFO:colcon.colcon_core.shell:Creating package script '/home/roy/ros2_packages/ros2_tutorial/install/publisher/share/publisher/package.zsh'
[0.408s] Level 1:colcon.colcon_core.environment:create_file_with_runtime_dependencies(/home/roy/ros2_packages/ros2_tutorial/install/publisher/share/colcon-core/packages/publisher)
[0.409s] Level 1:colcon.colcon_core.environment:create_environment_scripts_only(subscriber)
[0.409s] Level 1:colcon.colcon_core.environment:checking '/home/roy/ros2_packages/ros2_tutorial/install/subscriber' for CMake module files
[0.410s] Level 1:colcon.colcon_core.environment:checking '/home/roy/ros2_packages/ros2_tutorial/install/subscriber' for CMake config files
[0.410s] Level 1:colcon.colcon_core.shell:create_environment_hook('subscriber', 'cmake_prefix_path')
[0.410s] INFO:colcon.colcon_core.shell:Creating environment hook '/home/roy/ros2_packages/ros2_tutorial/install/subscriber/share/subscriber/hook/cmake_prefix_path.ps1'
[0.411s] INFO:colcon.colcon_core.shell:Creating environment descriptor '/home/roy/ros2_packages/ros2_tutorial/install/subscriber/share/subscriber/hook/cmake_prefix_path.dsv'
[0.411s] INFO:colcon.colcon_core.shell:Creating environment hook '/home/roy/ros2_packages/ros2_tutorial/install/subscriber/share/subscriber/hook/cmake_prefix_path.sh'
[0.411s] Level 1:colcon.colcon_core.environment:checking '/home/roy/ros2_packages/ros2_tutorial/install/subscriber/lib'
[0.411s] Level 1:colcon.colcon_core.environment:checking '/home/roy/ros2_packages/ros2_tutorial/install/subscriber/bin'
[0.411s] Level 1:colcon.colcon_core.environment:checking '/home/roy/ros2_packages/ros2_tutorial/install/subscriber/lib/pkgconfig/subscriber.pc'
[0.412s] Level 1:colcon.colcon_core.environment:checking '/home/roy/ros2_packages/ros2_tutorial/install/subscriber/lib/python3.10/site-packages'
[0.412s] Level 1:colcon.colcon_core.environment:checking '/home/roy/ros2_packages/ros2_tutorial/install/subscriber/bin'
[0.412s] INFO:colcon.colcon_core.shell:Creating package script '/home/roy/ros2_packages/ros2_tutorial/install/subscriber/share/subscriber/package.ps1'
[0.412s] INFO:colcon.colcon_core.shell:Creating package descriptor '/home/roy/ros2_packages/ros2_tutorial/install/subscriber/share/subscriber/package.dsv'
[0.413s] INFO:colcon.colcon_core.shell:Creating package script '/home/roy/ros2_packages/ros2_tutorial/install/subscriber/share/subscriber/package.sh'
[0.413s] INFO:colcon.colcon_core.shell:Creating package script '/home/roy/ros2_packages/ros2_tutorial/install/subscriber/share/subscriber/package.bash'
[0.413s] INFO:colcon.colcon_core.shell:Creating package script '/home/roy/ros2_packages/ros2_tutorial/install/subscriber/share/subscriber/package.zsh'
[0.413s] Level 1:colcon.colcon_core.environment:create_file_with_runtime_dependencies(/home/roy/ros2_packages/ros2_tutorial/install/subscriber/share/colcon-core/packages/subscriber)
[0.409s] DEBUG:colcon.colcon_core.event_handler.log_command:Invoked command in '/home/roy/ros2_packages/ros2_tutorial/build/subscriber' returned '0': CMAKE_PREFIX_PATH=/opt/ros/humble /usr/bin/cmake --install /home/roy/ros2_packages/ros2_tutorial/build/subscriber
[0.427s] Level 1:colcon.colcon_core.environment:create_environment_scripts_only(publisher)
[0.427s] Level 1:colcon.colcon_core.environment:checking '/home/roy/ros2_packages/ros2_tutorial/install/publisher' for CMake module files
[0.427s] Level 1:colcon.colcon_core.environment:checking '/home/roy/ros2_packages/ros2_tutorial/install/publisher' for CMake config files
[0.428s] Level 1:colcon.colcon_core.shell:create_environment_hook('publisher', 'cmake_prefix_path')
[0.428s] INFO:colcon.colcon_core.shell:Creating environment hook '/home/roy/ros2_packages/ros2_tutorial/install/publisher/share/publisher/hook/cmake_prefix_path.ps1'
[0.428s] INFO:colcon.colcon_core.shell:Creating environment descriptor '/home/roy/ros2_packages/ros2_tutorial/install/publisher/share/publisher/hook/cmake_prefix_path.dsv'
[0.428s] INFO:colcon.colcon_core.shell:Creating environment hook '/home/roy/ros2_packages/ros2_tutorial/install/publisher/share/publisher/hook/cmake_prefix_path.sh'
[0.429s] Level 1:colcon.colcon_core.environment:checking '/home/roy/ros2_packages/ros2_tutorial/install/publisher/lib'
[0.429s] Level 1:colcon.colcon_core.environment:checking '/home/roy/ros2_packages/ros2_tutorial/install/publisher/bin'
[0.429s] Level 1:colcon.colcon_core.environment:checking '/home/roy/ros2_packages/ros2_tutorial/install/publisher/lib/pkgconfig/publisher.pc'
[0.429s] Level 1:colcon.colcon_core.environment:checking '/home/roy/ros2_packages/ros2_tutorial/install/publisher/lib/python3.10/site-packages'
[0.429s] Level 1:colcon.colcon_core.environment:checking '/home/roy/ros2_packages/ros2_tutorial/install/publisher/bin'
[0.429s] INFO:colcon.colcon_core.shell:Creating package script '/home/roy/ros2_packages/ros2_tutorial/install/publisher/share/publisher/package.ps1'
[0.430s] INFO:colcon.colcon_core.shell:Creating package descriptor '/home/roy/ros2_packages/ros2_tutorial/install/publisher/share/publisher/package.dsv'
[0.430s] INFO:colcon.colcon_core.shell:Creating package script '/home/roy/ros2_packages/ros2_tutorial/install/publisher/share/publisher/package.sh'
[0.430s] INFO:colcon.colcon_core.shell:Creating package script '/home/roy/ros2_packages/ros2_tutorial/install/publisher/share/publisher/package.bash'
[0.431s] INFO:colcon.colcon_core.shell:Creating package script '/home/roy/ros2_packages/ros2_tutorial/install/publisher/share/publisher/package.zsh'
[0.431s] Level 1:colcon.colcon_core.environment:create_file_with_runtime_dependencies(/home/roy/ros2_packages/ros2_tutorial/install/publisher/share/colcon-core/packages/publisher)
[0.435s] Level 1:colcon.colcon_core.environment:create_environment_scripts_only(subscriber)
[0.436s] Level 1:colcon.colcon_core.environment:checking '/home/roy/ros2_packages/ros2_tutorial/install/subscriber' for CMake module files
[0.436s] Level 1:colcon.colcon_core.environment:checking '/home/roy/ros2_packages/ros2_tutorial/install/subscriber' for CMake config files
[0.436s] Level 1:colcon.colcon_core.shell:create_environment_hook('subscriber', 'cmake_prefix_path')
[0.436s] INFO:colcon.colcon_core.shell:Creating environment hook '/home/roy/ros2_packages/ros2_tutorial/install/subscriber/share/subscriber/hook/cmake_prefix_path.ps1'
[0.437s] INFO:colcon.colcon_core.shell:Creating environment descriptor '/home/roy/ros2_packages/ros2_tutorial/install/subscriber/share/subscriber/hook/cmake_prefix_path.dsv'
[0.437s] INFO:colcon.colcon_core.shell:Creating environment hook '/home/roy/ros2_packages/ros2_tutorial/install/subscriber/share/subscriber/hook/cmake_prefix_path.sh'
[0.438s] Level 1:colcon.colcon_core.environment:checking '/home/roy/ros2_packages/ros2_tutorial/install/subscriber/lib'
[0.438s] Level 1:colcon.colcon_core.environment:checking '/home/roy/ros2_packages/ros2_tutorial/install/subscriber/bin'
[0.438s] Level 1:colcon.colcon_core.environment:checking '/home/roy/ros2_packages/ros2_tutorial/install/subscriber/lib/pkgconfig/subscriber.pc'
[0.438s] Level 1:colcon.colcon_core.environment:checking '/home/roy/ros2_packages/ros2_tutorial/install/subscriber/lib/python3.10/site-packages'
[0.438s] Level 1:colcon.colcon_core.environment:checking '/home/roy/ros2_packages/ros2_tutorial/install/subscriber/bin'
[0.438s] INFO:colcon.colcon_core.shell:Creating package script '/home/roy/ros2_packages/ros2_tutorial/install/subscriber/share/subscriber/package.ps1'
[0.439s] INFO:colcon.colcon_core.shell:Creating package descriptor '/home/roy/ros2_packages/ros2_tutorial/install/subscriber/share/subscriber/package.dsv'
[0.439s] INFO:colcon.colcon_core.shell:Creating package script '/home/roy/ros2_packages/ros2_tutorial/install/subscriber/share/subscriber/package.sh'
[0.439s] INFO:colcon.colcon_core.shell:Creating package script '/home/roy/ros2_packages/ros2_tutorial/install/subscriber/share/subscriber/package.bash'
[0.440s] INFO:colcon.colcon_core.shell:Creating package script '/home/roy/ros2_packages/ros2_tutorial/install/subscriber/share/subscriber/package.zsh'
[0.440s] Level 1:colcon.colcon_core.environment:create_file_with_runtime_dependencies(/home/roy/ros2_packages/ros2_tutorial/install/subscriber/share/colcon-core/packages/subscriber)
[0.576s] DEBUG:colcon.colcon_core.event_handler.log_command:Invoked command in '/home/roy/ros2_packages/ros2_tutorial/build/interfaces' returned '0': CMAKE_PREFIX_PATH=/opt/ros/humble /usr/bin/cmake --build /home/roy/ros2_packages/ros2_tutorial/build/interfaces -- -j8 -l8
[0.620s] DEBUG:colcon.colcon_core.event_handler.log_command:Invoking command in '/home/roy/ros2_packages/ros2_tutorial/build/interfaces': CMAKE_PREFIX_PATH=/opt/ros/humble /usr/bin/cmake --install /home/roy/ros2_packages/ros2_tutorial/build/interfaces
[0.675s] Level 1:colcon.colcon_core.environment:create_environment_scripts_only(interfaces)
[0.675s] Level 1:colcon.colcon_core.environment:checking '/home/roy/ros2_packages/ros2_tutorial/install/interfaces' for CMake module files
[0.675s] DEBUG:colcon.colcon_core.event_handler.log_command:Invoked command in '/home/roy/ros2_packages/ros2_tutorial/build/interfaces' returned '0': CMAKE_PREFIX_PATH=/opt/ros/humble /usr/bin/cmake --install /home/roy/ros2_packages/ros2_tutorial/build/interfaces
[0.676s] Level 1:colcon.colcon_core.environment:checking '/home/roy/ros2_packages/ros2_tutorial/install/interfaces' for CMake config files
[0.676s] Level 1:colcon.colcon_core.shell:create_environment_hook('interfaces', 'cmake_prefix_path')
[0.676s] INFO:colcon.colcon_core.shell:Creating environment hook '/home/roy/ros2_packages/ros2_tutorial/install/interfaces/share/interfaces/hook/cmake_prefix_path.ps1'
[0.677s] INFO:colcon.colcon_core.shell:Creating environment descriptor '/home/roy/ros2_packages/ros2_tutorial/install/interfaces/share/interfaces/hook/cmake_prefix_path.dsv'
[0.677s] INFO:colcon.colcon_core.shell:Creating environment hook '/home/roy/ros2_packages/ros2_tutorial/install/interfaces/share/interfaces/hook/cmake_prefix_path.sh'
[0.677s] Level 1:colcon.colcon_core.environment:checking '/home/roy/ros2_packages/ros2_tutorial/install/interfaces/lib'
[0.677s] Level 1:colcon.colcon_core.shell:create_environment_hook('interfaces', 'ld_library_path_lib')
[0.677s] INFO:colcon.colcon_core.shell:Creating environment hook '/home/roy/ros2_packages/ros2_tutorial/install/interfaces/share/interfaces/hook/ld_library_path_lib.ps1'
[0.678s] INFO:colcon.colcon_core.shell:Creating environment descriptor '/home/roy/ros2_packages/ros2_tutorial/install/interfaces/share/interfaces/hook/ld_library_path_lib.dsv'
[0.678s] INFO:colcon.colcon_core.shell:Creating environment hook '/home/roy/ros2_packages/ros2_tutorial/install/interfaces/share/interfaces/hook/ld_library_path_lib.sh'
[0.678s] Level 1:colcon.colcon_core.environment:checking '/home/roy/ros2_packages/ros2_tutorial/install/interfaces/bin'
[0.678s] Level 1:colcon.colcon_core.environment:checking '/home/roy/ros2_packages/ros2_tutorial/install/interfaces/lib/pkgconfig/interfaces.pc'
[0.678s] Level 1:colcon.colcon_core.environment:checking '/home/roy/ros2_packages/ros2_tutorial/install/interfaces/lib/python3.10/site-packages'
[0.679s] Level 1:colcon.colcon_core.environment:checking '/home/roy/ros2_packages/ros2_tutorial/install/interfaces/bin'
[0.679s] INFO:colcon.colcon_core.shell:Creating package script '/home/roy/ros2_packages/ros2_tutorial/install/interfaces/share/interfaces/package.ps1'
[0.679s] INFO:colcon.colcon_core.shell:Creating package descriptor '/home/roy/ros2_packages/ros2_tutorial/install/interfaces/share/interfaces/package.dsv'
[0.680s] INFO:colcon.colcon_core.shell:Creating package script '/home/roy/ros2_packages/ros2_tutorial/install/interfaces/share/interfaces/package.sh'
[0.680s] INFO:colcon.colcon_core.shell:Creating package script '/home/roy/ros2_packages/ros2_tutorial/install/interfaces/share/interfaces/package.bash'
[0.680s] INFO:colcon.colcon_core.shell:Creating package script '/home/roy/ros2_packages/ros2_tutorial/install/interfaces/share/interfaces/package.zsh'
[0.681s] Level 1:colcon.colcon_core.environment:create_file_with_runtime_dependencies(/home/roy/ros2_packages/ros2_tutorial/install/interfaces/share/colcon-core/packages/interfaces)
[0.725s] Level 1:colcon.colcon_core.environment:create_environment_scripts_only(interfaces)
[0.725s] Level 1:colcon.colcon_core.environment:checking '/home/roy/ros2_packages/ros2_tutorial/install/interfaces' for CMake module files
[0.726s] Level 1:colcon.colcon_core.environment:checking '/home/roy/ros2_packages/ros2_tutorial/install/interfaces' for CMake config files
[0.726s] Level 1:colcon.colcon_core.shell:create_environment_hook('interfaces', 'cmake_prefix_path')
[0.726s] INFO:colcon.colcon_core.shell:Creating environment hook '/home/roy/ros2_packages/ros2_tutorial/install/interfaces/share/interfaces/hook/cmake_prefix_path.ps1'
[0.727s] INFO:colcon.colcon_core.shell:Creating environment descriptor '/home/roy/ros2_packages/ros2_tutorial/install/interfaces/share/interfaces/hook/cmake_prefix_path.dsv'
[0.727s] INFO:colcon.colcon_core.shell:Creating environment hook '/home/roy/ros2_packages/ros2_tutorial/install/interfaces/share/interfaces/hook/cmake_prefix_path.sh'
[0.727s] Level 1:colcon.colcon_core.environment:checking '/home/roy/ros2_packages/ros2_tutorial/install/interfaces/lib'
[0.728s] Level 1:colcon.colcon_core.shell:create_environment_hook('interfaces', 'ld_library_path_lib')
[0.728s] INFO:colcon.colcon_core.shell:Creating environment hook '/home/roy/ros2_packages/ros2_tutorial/install/interfaces/share/interfaces/hook/ld_library_path_lib.ps1'
[0.728s] INFO:colcon.colcon_core.shell:Creating environment descriptor '/home/roy/ros2_packages/ros2_tutorial/install/interfaces/share/interfaces/hook/ld_library_path_lib.dsv'
[0.728s] INFO:colcon.colcon_core.shell:Creating environment hook '/home/roy/ros2_packages/ros2_tutorial/install/interfaces/share/interfaces/hook/ld_library_path_lib.sh'
[0.729s] Level 1:colcon.colcon_core.environment:checking '/home/roy/ros2_packages/ros2_tutorial/install/interfaces/bin'
[0.729s] Level 1:colcon.colcon_core.environment:checking '/home/roy/ros2_packages/ros2_tutorial/install/interfaces/lib/pkgconfig/interfaces.pc'
[0.729s] Level 1:colcon.colcon_core.environment:checking '/home/roy/ros2_packages/ros2_tutorial/install/interfaces/lib/python3.10/site-packages'
[0.729s] Level 1:colcon.colcon_core.environment:checking '/home/roy/ros2_packages/ros2_tutorial/install/interfaces/bin'
[0.730s] INFO:colcon.colcon_core.shell:Creating package script '/home/roy/ros2_packages/ros2_tutorial/install/interfaces/share/interfaces/package.ps1'
[0.730s] INFO:colcon.colcon_core.shell:Creating package descriptor '/home/roy/ros2_packages/ros2_tutorial/install/interfaces/share/interfaces/package.dsv'
[0.731s] INFO:colcon.colcon_core.shell:Creating package script '/home/roy/ros2_packages/ros2_tutorial/install/interfaces/share/interfaces/package.sh'
[0.731s] INFO:colcon.colcon_core.shell:Creating package script '/home/roy/ros2_packages/ros2_tutorial/install/interfaces/share/interfaces/package.bash'
[0.731s] INFO:colcon.colcon_core.shell:Creating package script '/home/roy/ros2_packages/ros2_tutorial/install/interfaces/share/interfaces/package.zsh'
[0.732s] Level 1:colcon.colcon_core.environment:create_file_with_runtime_dependencies(/home/roy/ros2_packages/ros2_tutorial/install/interfaces/share/colcon-core/packages/interfaces)
[0.732s] INFO:colcon.colcon_ros.task.ament_cmake.build:Building ROS package in '/home/roy/ros2_packages/ros2_tutorial/src/service_client' with build type 'ament_cmake'
[0.732s] INFO:colcon.colcon_cmake.task.cmake.build:Building CMake package in '/home/roy/ros2_packages/ros2_tutorial/src/service_client'
[0.733s] INFO:colcon.colcon_core.shell:Skip shell extension 'powershell' for command environment: Not usable outside of PowerShell
[0.733s] DEBUG:colcon.colcon_core.shell:Skip shell extension 'dsv' for command environment
[0.735s] INFO:colcon.colcon_ros.task.ament_cmake.build:Building ROS package in '/home/roy/ros2_packages/ros2_tutorial/src/service_server' with build type 'ament_cmake'
[0.735s] INFO:colcon.colcon_cmake.task.cmake.build:Building CMake package in '/home/roy/ros2_packages/ros2_tutorial/src/service_server'
[0.735s] INFO:colcon.colcon_core.shell:Skip shell extension 'powershell' for command environment: Not usable outside of PowerShell
[0.735s] DEBUG:colcon.colcon_core.shell:Skip shell extension 'dsv' for command environment
[0.741s] DEBUG:colcon.colcon_core.event_handler.log_command:Invoking command in '/home/roy/ros2_packages/ros2_tutorial/build/service_client': AMENT_PREFIX_PATH=/home/roy/ros2_packages/ros2_tutorial/install/interfaces:${AMENT_PREFIX_PATH} CMAKE_PREFIX_PATH=/home/roy/ros2_packages/ros2_tutorial/install/interfaces:/opt/ros/humble LD_LIBRARY_PATH=/home/roy/ros2_packages/ros2_tutorial/install/interfaces/lib:${LD_LIBRARY_PATH} PYTHONPATH=/home/roy/ros2_packages/ros2_tutorial/install/interfaces/local/lib/python3.10/dist-packages:${PYTHONPATH} /usr/bin/cmake --build /home/roy/ros2_packages/ros2_tutorial/build/service_client -- -j8 -l8
[0.743s] DEBUG:colcon.colcon_core.event_handler.log_command:Invoking command in '/home/roy/ros2_packages/ros2_tutorial/build/service_server': AMENT_PREFIX_PATH=/home/roy/ros2_packages/ros2_tutorial/install/interfaces:${AMENT_PREFIX_PATH} CMAKE_PREFIX_PATH=/home/roy/ros2_packages/ros2_tutorial/install/interfaces:/opt/ros/humble LD_LIBRARY_PATH=/home/roy/ros2_packages/ros2_tutorial/install/interfaces/lib:${LD_LIBRARY_PATH} PYTHONPATH=/home/roy/ros2_packages/ros2_tutorial/install/interfaces/local/lib/python3.10/dist-packages:${PYTHONPATH} /usr/bin/cmake --build /home/roy/ros2_packages/ros2_tutorial/build/service_server -- -j8 -l8
[0.793s] DEBUG:colcon.colcon_core.event_handler.log_command:Invoked command in '/home/roy/ros2_packages/ros2_tutorial/build/service_server' returned '0': AMENT_PREFIX_PATH=/home/roy/ros2_packages/ros2_tutorial/install/interfaces:${AMENT_PREFIX_PATH} CMAKE_PREFIX_PATH=/home/roy/ros2_packages/ros2_tutorial/install/interfaces:/opt/ros/humble LD_LIBRARY_PATH=/home/roy/ros2_packages/ros2_tutorial/install/interfaces/lib:${LD_LIBRARY_PATH} PYTHONPATH=/home/roy/ros2_packages/ros2_tutorial/install/interfaces/local/lib/python3.10/dist-packages:${PYTHONPATH} /usr/bin/cmake --build /home/roy/ros2_packages/ros2_tutorial/build/service_server -- -j8 -l8
[0.794s] DEBUG:colcon.colcon_core.event_handler.log_command:Invoked command in '/home/roy/ros2_packages/ros2_tutorial/build/service_client' returned '0': AMENT_PREFIX_PATH=/home/roy/ros2_packages/ros2_tutorial/install/interfaces:${AMENT_PREFIX_PATH} CMAKE_PREFIX_PATH=/home/roy/ros2_packages/ros2_tutorial/install/interfaces:/opt/ros/humble LD_LIBRARY_PATH=/home/roy/ros2_packages/ros2_tutorial/install/interfaces/lib:${LD_LIBRARY_PATH} PYTHONPATH=/home/roy/ros2_packages/ros2_tutorial/install/interfaces/local/lib/python3.10/dist-packages:${PYTHONPATH} /usr/bin/cmake --build /home/roy/ros2_packages/ros2_tutorial/build/service_client -- -j8 -l8
[0.814s] DEBUG:colcon.colcon_core.event_handler.log_command:Invoking command in '/home/roy/ros2_packages/ros2_tutorial/build/service_server': AMENT_PREFIX_PATH=/home/roy/ros2_packages/ros2_tutorial/install/interfaces:${AMENT_PREFIX_PATH} CMAKE_PREFIX_PATH=/home/roy/ros2_packages/ros2_tutorial/install/interfaces:/opt/ros/humble LD_LIBRARY_PATH=/home/roy/ros2_packages/ros2_tutorial/install/interfaces/lib:${LD_LIBRARY_PATH} PYTHONPATH=/home/roy/ros2_packages/ros2_tutorial/install/interfaces/local/lib/python3.10/dist-packages:${PYTHONPATH} /usr/bin/cmake --install /home/roy/ros2_packages/ros2_tutorial/build/service_server
[0.816s] DEBUG:colcon.colcon_core.event_handler.log_command:Invoking command in '/home/roy/ros2_packages/ros2_tutorial/build/service_client': AMENT_PREFIX_PATH=/home/roy/ros2_packages/ros2_tutorial/install/interfaces:${AMENT_PREFIX_PATH} CMAKE_PREFIX_PATH=/home/roy/ros2_packages/ros2_tutorial/install/interfaces:/opt/ros/humble LD_LIBRARY_PATH=/home/roy/ros2_packages/ros2_tutorial/install/interfaces/lib:${LD_LIBRARY_PATH} PYTHONPATH=/home/roy/ros2_packages/ros2_tutorial/install/interfaces/local/lib/python3.10/dist-packages:${PYTHONPATH} /usr/bin/cmake --install /home/roy/ros2_packages/ros2_tutorial/build/service_client
[0.831s] Level 1:colcon.colcon_core.environment:create_environment_scripts_only(service_server)
[0.832s] Level 1:colcon.colcon_core.environment:checking '/home/roy/ros2_packages/ros2_tutorial/install/service_server' for CMake module files
[0.832s] DEBUG:colcon.colcon_core.event_handler.log_command:Invoked command in '/home/roy/ros2_packages/ros2_tutorial/build/service_server' returned '0': AMENT_PREFIX_PATH=/home/roy/ros2_packages/ros2_tutorial/install/interfaces:${AMENT_PREFIX_PATH} CMAKE_PREFIX_PATH=/home/roy/ros2_packages/ros2_tutorial/install/interfaces:/opt/ros/humble LD_LIBRARY_PATH=/home/roy/ros2_packages/ros2_tutorial/install/interfaces/lib:${LD_LIBRARY_PATH} PYTHONPATH=/home/roy/ros2_packages/ros2_tutorial/install/interfaces/local/lib/python3.10/dist-packages:${PYTHONPATH} /usr/bin/cmake --install /home/roy/ros2_packages/ros2_tutorial/build/service_server
[0.832s] Level 1:colcon.colcon_core.environment:checking '/home/roy/ros2_packages/ros2_tutorial/install/service_server' for CMake config files
[0.832s] Level 1:colcon.colcon_core.shell:create_environment_hook('service_server', 'cmake_prefix_path')
[0.833s] INFO:colcon.colcon_core.shell:Creating environment hook '/home/roy/ros2_packages/ros2_tutorial/install/service_server/share/service_server/hook/cmake_prefix_path.ps1'
[0.833s] INFO:colcon.colcon_core.shell:Creating environment descriptor '/home/roy/ros2_packages/ros2_tutorial/install/service_server/share/service_server/hook/cmake_prefix_path.dsv'
[0.833s] INFO:colcon.colcon_core.shell:Creating environment hook '/home/roy/ros2_packages/ros2_tutorial/install/service_server/share/service_server/hook/cmake_prefix_path.sh'
[0.834s] Level 1:colcon.colcon_core.environment:checking '/home/roy/ros2_packages/ros2_tutorial/install/service_server/lib'
[0.834s] Level 1:colcon.colcon_core.environment:checking '/home/roy/ros2_packages/ros2_tutorial/install/service_server/bin'
[0.834s] Level 1:colcon.colcon_core.environment:checking '/home/roy/ros2_packages/ros2_tutorial/install/service_server/lib/pkgconfig/service_server.pc'
[0.834s] Level 1:colcon.colcon_core.environment:checking '/home/roy/ros2_packages/ros2_tutorial/install/service_server/lib/python3.10/site-packages'
[0.834s] Level 1:colcon.colcon_core.environment:checking '/home/roy/ros2_packages/ros2_tutorial/install/service_server/bin'
[0.834s] INFO:colcon.colcon_core.shell:Creating package script '/home/roy/ros2_packages/ros2_tutorial/install/service_server/share/service_server/package.ps1'
[0.835s] INFO:colcon.colcon_core.shell:Creating package descriptor '/home/roy/ros2_packages/ros2_tutorial/install/service_server/share/service_server/package.dsv'
[0.835s] INFO:colcon.colcon_core.shell:Creating package script '/home/roy/ros2_packages/ros2_tutorial/install/service_server/share/service_server/package.sh'
[0.835s] INFO:colcon.colcon_core.shell:Creating package script '/home/roy/ros2_packages/ros2_tutorial/install/service_server/share/service_server/package.bash'
[0.836s] INFO:colcon.colcon_core.shell:Creating package script '/home/roy/ros2_packages/ros2_tutorial/install/service_server/share/service_server/package.zsh'
[0.836s] Level 1:colcon.colcon_core.environment:create_file_with_runtime_dependencies(/home/roy/ros2_packages/ros2_tutorial/install/service_server/share/colcon-core/packages/service_server)
[0.837s] Level 1:colcon.colcon_core.environment:create_environment_scripts_only(service_client)
[0.837s] DEBUG:colcon.colcon_core.event_handler.log_command:Invoked command in '/home/roy/ros2_packages/ros2_tutorial/build/service_client' returned '0': AMENT_PREFIX_PATH=/home/roy/ros2_packages/ros2_tutorial/install/interfaces:${AMENT_PREFIX_PATH} CMAKE_PREFIX_PATH=/home/roy/ros2_packages/ros2_tutorial/install/interfaces:/opt/ros/humble LD_LIBRARY_PATH=/home/roy/ros2_packages/ros2_tutorial/install/interfaces/lib:${LD_LIBRARY_PATH} PYTHONPATH=/home/roy/ros2_packages/ros2_tutorial/install/interfaces/local/lib/python3.10/dist-packages:${PYTHONPATH} /usr/bin/cmake --install /home/roy/ros2_packages/ros2_tutorial/build/service_client
[0.837s] Level 1:colcon.colcon_core.environment:checking '/home/roy/ros2_packages/ros2_tutorial/install/service_client' for CMake module files
[0.838s] Level 1:colcon.colcon_core.environment:checking '/home/roy/ros2_packages/ros2_tutorial/install/service_client' for CMake config files
[0.838s] Level 1:colcon.colcon_core.shell:create_environment_hook('service_client', 'cmake_prefix_path')
[0.838s] INFO:colcon.colcon_core.shell:Creating environment hook '/home/roy/ros2_packages/ros2_tutorial/install/service_client/share/service_client/hook/cmake_prefix_path.ps1'
[0.839s] INFO:colcon.colcon_core.shell:Creating environment descriptor '/home/roy/ros2_packages/ros2_tutorial/install/service_client/share/service_client/hook/cmake_prefix_path.dsv'
[0.839s] INFO:colcon.colcon_core.shell:Creating environment hook '/home/roy/ros2_packages/ros2_tutorial/install/service_client/share/service_client/hook/cmake_prefix_path.sh'
[0.839s] Level 1:colcon.colcon_core.environment:checking '/home/roy/ros2_packages/ros2_tutorial/install/service_client/lib'
[0.839s] Level 1:colcon.colcon_core.environment:checking '/home/roy/ros2_packages/ros2_tutorial/install/service_client/bin'
[0.839s] Level 1:colcon.colcon_core.environment:checking '/home/roy/ros2_packages/ros2_tutorial/install/service_client/lib/pkgconfig/service_client.pc'
[0.840s] Level 1:colcon.colcon_core.environment:checking '/home/roy/ros2_packages/ros2_tutorial/install/service_client/lib/python3.10/site-packages'
[0.840s] Level 1:colcon.colcon_core.environment:checking '/home/roy/ros2_packages/ros2_tutorial/install/service_client/bin'
[0.840s] INFO:colcon.colcon_core.shell:Creating package script '/home/roy/ros2_packages/ros2_tutorial/install/service_client/share/service_client/package.ps1'
[0.840s] INFO:colcon.colcon_core.shell:Creating package descriptor '/home/roy/ros2_packages/ros2_tutorial/install/service_client/share/service_client/package.dsv'
[0.841s] INFO:colcon.colcon_core.shell:Creating package script '/home/roy/ros2_packages/ros2_tutorial/install/service_client/share/service_client/package.sh'
[0.841s] INFO:colcon.colcon_core.shell:Creating package script '/home/roy/ros2_packages/ros2_tutorial/install/service_client/share/service_client/package.bash'
[0.841s] INFO:colcon.colcon_core.shell:Creating package script '/home/roy/ros2_packages/ros2_tutorial/install/service_client/share/service_client/package.zsh'
[0.842s] Level 1:colcon.colcon_core.environment:create_file_with_runtime_dependencies(/home/roy/ros2_packages/ros2_tutorial/install/service_client/share/colcon-core/packages/service_client)
[0.856s] Level 1:colcon.colcon_core.environment:create_environment_scripts_only(service_server)
[0.856s] Level 1:colcon.colcon_core.environment:checking '/home/roy/ros2_packages/ros2_tutorial/install/service_server' for CMake module files
[0.857s] Level 1:colcon.colcon_core.environment:checking '/home/roy/ros2_packages/ros2_tutorial/install/service_server' for CMake config files
[0.857s] Level 1:colcon.colcon_core.shell:create_environment_hook('service_server', 'cmake_prefix_path')
[0.857s] INFO:colcon.colcon_core.shell:Creating environment hook '/home/roy/ros2_packages/ros2_tutorial/install/service_server/share/service_server/hook/cmake_prefix_path.ps1'
[0.857s] INFO:colcon.colcon_core.shell:Creating environment descriptor '/home/roy/ros2_packages/ros2_tutorial/install/service_server/share/service_server/hook/cmake_prefix_path.dsv'
[0.858s] INFO:colcon.colcon_core.shell:Creating environment hook '/home/roy/ros2_packages/ros2_tutorial/install/service_server/share/service_server/hook/cmake_prefix_path.sh'
[0.858s] Level 1:colcon.colcon_core.environment:checking '/home/roy/ros2_packages/ros2_tutorial/install/service_server/lib'
[0.858s] Level 1:colcon.colcon_core.environment:checking '/home/roy/ros2_packages/ros2_tutorial/install/service_server/bin'
[0.858s] Level 1:colcon.colcon_core.environment:checking '/home/roy/ros2_packages/ros2_tutorial/install/service_server/lib/pkgconfig/service_server.pc'
[0.858s] Level 1:colcon.colcon_core.environment:checking '/home/roy/ros2_packages/ros2_tutorial/install/service_server/lib/python3.10/site-packages'
[0.859s] Level 1:colcon.colcon_core.environment:checking '/home/roy/ros2_packages/ros2_tutorial/install/service_server/bin'
[0.859s] INFO:colcon.colcon_core.shell:Creating package script '/home/roy/ros2_packages/ros2_tutorial/install/service_server/share/service_server/package.ps1'
[0.859s] INFO:colcon.colcon_core.shell:Creating package descriptor '/home/roy/ros2_packages/ros2_tutorial/install/service_server/share/service_server/package.dsv'
[0.860s] INFO:colcon.colcon_core.shell:Creating package script '/home/roy/ros2_packages/ros2_tutorial/install/service_server/share/service_server/package.sh'
[0.860s] INFO:colcon.colcon_core.shell:Creating package script '/home/roy/ros2_packages/ros2_tutorial/install/service_server/share/service_server/package.bash'
[0.860s] INFO:colcon.colcon_core.shell:Creating package script '/home/roy/ros2_packages/ros2_tutorial/install/service_server/share/service_server/package.zsh'
[0.860s] Level 1:colcon.colcon_core.environment:create_file_with_runtime_dependencies(/home/roy/ros2_packages/ros2_tutorial/install/service_server/share/colcon-core/packages/service_server)
[0.861s] Level 1:colcon.colcon_core.environment:create_environment_scripts_only(service_client)
[0.861s] Level 1:colcon.colcon_core.environment:checking '/home/roy/ros2_packages/ros2_tutorial/install/service_client' for CMake module files
[0.862s] Level 1:colcon.colcon_core.environment:checking '/home/roy/ros2_packages/ros2_tutorial/install/service_client' for CMake config files
[0.862s] Level 1:colcon.colcon_core.shell:create_environment_hook('service_client', 'cmake_prefix_path')
[0.862s] INFO:colcon.colcon_core.shell:Creating environment hook '/home/roy/ros2_packages/ros2_tutorial/install/service_client/share/service_client/hook/cmake_prefix_path.ps1'
[0.862s] INFO:colcon.colcon_core.shell:Creating environment descriptor '/home/roy/ros2_packages/ros2_tutorial/install/service_client/share/service_client/hook/cmake_prefix_path.dsv'
[0.863s] INFO:colcon.colcon_core.shell:Creating environment hook '/home/roy/ros2_packages/ros2_tutorial/install/service_client/share/service_client/hook/cmake_prefix_path.sh'
[0.863s] Level 1:colcon.colcon_core.environment:checking '/home/roy/ros2_packages/ros2_tutorial/install/service_client/lib'
[0.863s] Level 1:colcon.colcon_core.environment:checking '/home/roy/ros2_packages/ros2_tutorial/install/service_client/bin'
[0.863s] Level 1:colcon.colcon_core.environment:checking '/home/roy/ros2_packages/ros2_tutorial/install/service_client/lib/pkgconfig/service_client.pc'
[0.863s] Level 1:colcon.colcon_core.environment:checking '/home/roy/ros2_packages/ros2_tutorial/install/service_client/lib/python3.10/site-packages'
[0.863s] Level 1:colcon.colcon_core.environment:checking '/home/roy/ros2_packages/ros2_tutorial/install/service_client/bin'
[0.864s] INFO:colcon.colcon_core.shell:Creating package script '/home/roy/ros2_packages/ros2_tutorial/install/service_client/share/service_client/package.ps1'
[0.864s] INFO:colcon.colcon_core.shell:Creating package descriptor '/home/roy/ros2_packages/ros2_tutorial/install/service_client/share/service_client/package.dsv'
[0.864s] INFO:colcon.colcon_core.shell:Creating package script '/home/roy/ros2_packages/ros2_tutorial/install/service_client/share/service_client/package.sh'
[0.865s] INFO:colcon.colcon_core.shell:Creating package script '/home/roy/ros2_packages/ros2_tutorial/install/service_client/share/service_client/package.bash'
[0.865s] INFO:colcon.colcon_core.shell:Creating package script '/home/roy/ros2_packages/ros2_tutorial/install/service_client/share/service_client/package.zsh'
[0.865s] Level 1:colcon.colcon_core.environment:create_file_with_runtime_dependencies(/home/roy/ros2_packages/ros2_tutorial/install/service_client/share/colcon-core/packages/service_client)
[2.749s] DEBUG:colcon.colcon_core.event_handler.log_command:Invoked command in '/home/roy/ros2_packages/ros2_tutorial/build/parameters' returned '0': CMAKE_PREFIX_PATH=/opt/ros/humble /usr/bin/cmake --build /home/roy/ros2_packages/ros2_tutorial/build/parameters -- -j8 -l8
[2.768s] DEBUG:colcon.colcon_core.event_handler.log_command:Invoking command in '/home/roy/ros2_packages/ros2_tutorial/build/parameters': CMAKE_PREFIX_PATH=/opt/ros/humble /usr/bin/cmake --install /home/roy/ros2_packages/ros2_tutorial/build/parameters
[2.784s] Level 1:colcon.colcon_core.environment:create_environment_scripts_only(parameters)
[2.784s] Level 1:colcon.colcon_core.environment:checking '/home/roy/ros2_packages/ros2_tutorial/install/parameters' for CMake module files
[2.785s] DEBUG:colcon.colcon_core.event_handler.log_command:Invoked command in '/home/roy/ros2_packages/ros2_tutorial/build/parameters' returned '0': CMAKE_PREFIX_PATH=/opt/ros/humble /usr/bin/cmake --install /home/roy/ros2_packages/ros2_tutorial/build/parameters
[2.785s] Level 1:colcon.colcon_core.environment:checking '/home/roy/ros2_packages/ros2_tutorial/install/parameters' for CMake config files
[2.785s] Level 1:colcon.colcon_core.shell:create_environment_hook('parameters', 'cmake_prefix_path')
[2.785s] INFO:colcon.colcon_core.shell:Creating environment hook '/home/roy/ros2_packages/ros2_tutorial/install/parameters/share/parameters/hook/cmake_prefix_path.ps1'
[2.786s] INFO:colcon.colcon_core.shell:Creating environment descriptor '/home/roy/ros2_packages/ros2_tutorial/install/parameters/share/parameters/hook/cmake_prefix_path.dsv'
[2.786s] INFO:colcon.colcon_core.shell:Creating environment hook '/home/roy/ros2_packages/ros2_tutorial/install/parameters/share/parameters/hook/cmake_prefix_path.sh'
[2.786s] Level 1:colcon.colcon_core.environment:checking '/home/roy/ros2_packages/ros2_tutorial/install/parameters/lib'
[2.786s] Level 1:colcon.colcon_core.environment:checking '/home/roy/ros2_packages/ros2_tutorial/install/parameters/bin'
[2.786s] Level 1:colcon.colcon_core.environment:checking '/home/roy/ros2_packages/ros2_tutorial/install/parameters/lib/pkgconfig/parameters.pc'
[2.787s] Level 1:colcon.colcon_core.environment:checking '/home/roy/ros2_packages/ros2_tutorial/install/parameters/lib/python3.10/site-packages'
[2.787s] Level 1:colcon.colcon_core.environment:checking '/home/roy/ros2_packages/ros2_tutorial/install/parameters/bin'
[2.787s] INFO:colcon.colcon_core.shell:Creating package script '/home/roy/ros2_packages/ros2_tutorial/install/parameters/share/parameters/package.ps1'
[2.787s] INFO:colcon.colcon_core.shell:Creating package descriptor '/home/roy/ros2_packages/ros2_tutorial/install/parameters/share/parameters/package.dsv'
[2.788s] INFO:colcon.colcon_core.shell:Creating package script '/home/roy/ros2_packages/ros2_tutorial/install/parameters/share/parameters/package.sh'
[2.788s] INFO:colcon.colcon_core.shell:Creating package script '/home/roy/ros2_packages/ros2_tutorial/install/parameters/share/parameters/package.bash'
[2.788s] INFO:colcon.colcon_core.shell:Creating package script '/home/roy/ros2_packages/ros2_tutorial/install/parameters/share/parameters/package.zsh'
[2.789s] Level 1:colcon.colcon_core.environment:create_file_with_runtime_dependencies(/home/roy/ros2_packages/ros2_tutorial/install/parameters/share/colcon-core/packages/parameters)
[2.810s] Level 1:colcon.colcon_core.environment:create_environment_scripts_only(parameters)
[2.810s] Level 1:colcon.colcon_core.environment:checking '/home/roy/ros2_packages/ros2_tutorial/install/parameters' for CMake module files
[2.811s] Level 1:colcon.colcon_core.environment:checking '/home/roy/ros2_packages/ros2_tutorial/install/parameters' for CMake config files
[2.811s] Level 1:colcon.colcon_core.shell:create_environment_hook('parameters', 'cmake_prefix_path')
[2.811s] INFO:colcon.colcon_core.shell:Creating environment hook '/home/roy/ros2_packages/ros2_tutorial/install/parameters/share/parameters/hook/cmake_prefix_path.ps1'
[2.812s] INFO:colcon.colcon_core.shell:Creating environment descriptor '/home/roy/ros2_packages/ros2_tutorial/install/parameters/share/parameters/hook/cmake_prefix_path.dsv'
[2.812s] INFO:colcon.colcon_core.shell:Creating environment hook '/home/roy/ros2_packages/ros2_tutorial/install/parameters/share/parameters/hook/cmake_prefix_path.sh'
[2.812s] Level 1:colcon.colcon_core.environment:checking '/home/roy/ros2_packages/ros2_tutorial/install/parameters/lib'
[2.813s] Level 1:colcon.colcon_core.environment:checking '/home/roy/ros2_packages/ros2_tutorial/install/parameters/bin'
[2.813s] Level 1:colcon.colcon_core.environment:checking '/home/roy/ros2_packages/ros2_tutorial/install/parameters/lib/pkgconfig/parameters.pc'
[2.813s] Level 1:colcon.colcon_core.environment:checking '/home/roy/ros2_packages/ros2_tutorial/install/parameters/lib/python3.10/site-packages'
[2.813s] Level 1:colcon.colcon_core.environment:checking '/home/roy/ros2_packages/ros2_tutorial/install/parameters/bin'
[2.813s] INFO:colcon.colcon_core.shell:Creating package script '/home/roy/ros2_packages/ros2_tutorial/install/parameters/share/parameters/package.ps1'
[2.814s] INFO:colcon.colcon_core.shell:Creating package descriptor '/home/roy/ros2_packages/ros2_tutorial/install/parameters/share/parameters/package.dsv'
[2.815s] INFO:colcon.colcon_core.shell:Creating package script '/home/roy/ros2_packages/ros2_tutorial/install/parameters/share/parameters/package.sh'
[2.815s] INFO:colcon.colcon_core.shell:Creating package script '/home/roy/ros2_packages/ros2_tutorial/install/parameters/share/parameters/package.bash'
[2.815s] INFO:colcon.colcon_core.shell:Creating package script '/home/roy/ros2_packages/ros2_tutorial/install/parameters/share/parameters/package.zsh'
[2.816s] Level 1:colcon.colcon_core.environment:create_file_with_runtime_dependencies(/home/roy/ros2_packages/ros2_tutorial/install/parameters/share/colcon-core/packages/parameters)
[2.816s] DEBUG:colcon.colcon_parallel_executor.executor.parallel:closing loop
[2.816s] DEBUG:colcon.colcon_parallel_executor.executor.parallel:loop closed
[2.816s] DEBUG:colcon.colcon_parallel_executor.executor.parallel:run_until_complete finished with '0'
[2.817s] DEBUG:colcon.colcon_core.event_reactor:joining thread
[2.822s] INFO:colcon.colcon_core.plugin_system:Skipping extension 'colcon_notification.desktop_notification.terminal_notifier': Not used on non-Darwin systems
[2.822s] INFO:colcon.colcon_core.plugin_system:Skipping extension 'colcon_notification.desktop_notification.win32': Not used on non-Windows systems
[2.822s] INFO:colcon.colcon_notification.desktop_notification:Sending desktop notification using 'notify2'
[2.830s] DEBUG:colcon.colcon_core.event_reactor:joined thread
[2.830s] INFO:colcon.colcon_core.shell:Creating prefix script '/home/roy/ros2_packages/ros2_tutorial/install/local_setup.ps1'
[2.831s] INFO:colcon.colcon_core.shell:Creating prefix util module '/home/roy/ros2_packages/ros2_tutorial/install/_local_setup_util_ps1.py'
[2.832s] INFO:colcon.colcon_core.shell:Creating prefix chain script '/home/roy/ros2_packages/ros2_tutorial/install/setup.ps1'
[2.833s] INFO:colcon.colcon_core.shell:Creating prefix script '/home/roy/ros2_packages/ros2_tutorial/install/local_setup.sh'
[2.833s] INFO:colcon.colcon_core.shell:Creating prefix util module '/home/roy/ros2_packages/ros2_tutorial/install/_local_setup_util_sh.py'
[2.834s] INFO:colcon.colcon_core.shell:Creating prefix chain script '/home/roy/ros2_packages/ros2_tutorial/install/setup.sh'
[2.834s] INFO:colcon.colcon_core.shell:Creating prefix script '/home/roy/ros2_packages/ros2_tutorial/install/local_setup.bash'
[2.835s] INFO:colcon.colcon_core.shell:Creating prefix chain script '/home/roy/ros2_packages/ros2_tutorial/install/setup.bash'
[2.835s] INFO:colcon.colcon_core.shell:Creating prefix script '/home/roy/ros2_packages/ros2_tutorial/install/local_setup.zsh'
[2.836s] INFO:colcon.colcon_core.shell:Creating prefix chain script '/home/roy/ros2_packages/ros2_tutorial/install/setup.zsh'
