[0.013s] Invoking command in '/home/roy/ros2_packages/ros2_tutorial/build/interfaces': CMAKE_PREFIX_PATH=/opt/ros/humble /usr/bin/cmake /home/roy/ros2_packages/ros2_tutorial/src/interfaces -DAMENT_CMAKE_SYMLINK_INSTALL=1 -DCMAKE_INSTALL_PREFIX=/home/roy/ros2_packages/ros2_tutorial/install/interfaces
[0.064s] -- The C compiler identification is GNU 11.4.0
[0.157s] -- The CXX compiler identification is GNU 11.4.0
[0.163s] -- Detecting C compiler ABI info
[0.218s] -- Detecting C compiler ABI info - done
[0.224s] -- Check for working C compiler: /usr/bin/cc - skipped
[0.224s] -- Detecting C compile features
[0.224s] -- Detecting C compile features - done
[0.227s] -- Detecting CXX compiler ABI info
[0.291s] -- Detecting CXX compiler ABI info - done
[0.298s] -- Check for working CXX compiler: /usr/bin/c++ - skipped
[0.298s] -- Detecting CXX compile features
[0.298s] -- Detecting CXX compile features - done
[0.300s] -- Found ament_cmake: 1.3.9 (/opt/ros/humble/share/ament_cmake/cmake)
[0.418s] -- Found Python3: /usr/bin/python3 (found version "3.10.12") found components: Interpreter 
[0.468s] -- Override CMake install command with custom implementation using symlinks instead of copying resources
[0.486s] -- Found geometry_msgs: 4.2.4 (/opt/ros/humble/share/geometry_msgs/cmake)
[0.514s] -- Found rosidl_generator_c: 3.1.5 (/opt/ros/humble/share/rosidl_generator_c/cmake)
[0.518s] -- Found rosidl_adapter: 3.1.5 (/opt/ros/humble/share/rosidl_adapter/cmake)
[0.525s] -- Found rosidl_generator_cpp: 3.1.5 (/opt/ros/humble/share/rosidl_generator_cpp/cmake)
[0.536s] -- Using all available rosidl_typesupport_c: rosidl_typesupport_fastrtps_c;rosidl_typesupport_introspection_c
[0.551s] -- Using all available rosidl_typesupport_cpp: rosidl_typesupport_fastrtps_cpp;rosidl_typesupport_introspection_cpp
[0.652s] -- Found rosidl_default_generators: 1.2.0 (/opt/ros/humble/share/rosidl_default_generators/cmake)
[0.880s] -- Found ament_cmake_ros: 0.10.0 (/opt/ros/humble/share/ament_cmake_ros/cmake)
[1.204s] -- Using all available rosidl_typesupport_c: rosidl_typesupport_fastrtps_c;rosidl_typesupport_introspection_c
[1.329s] -- Using all available rosidl_typesupport_cpp: rosidl_typesupport_fastrtps_cpp;rosidl_typesupport_introspection_cpp
[1.347s] -- Found PythonInterp: /usr/bin/python3 (found suitable version "3.10.12", minimum required is "3.6") 
[1.348s] -- Found python_cmake_module: 0.10.0 (/opt/ros/humble/share/python_cmake_module/cmake)
[1.368s] -- Found PythonLibs: /usr/lib/x86_64-linux-gnu/libpython3.10.so (found suitable version "3.10.12", minimum required is "3.5") 
[1.368s] -- Using PYTHON_EXECUTABLE: /usr/bin/python3
[1.369s] -- Using PYTHON_INCLUDE_DIRS: /usr/include/python3.10
[1.369s] -- Using PYTHON_LIBRARIES: /usr/lib/x86_64-linux-gnu/libpython3.10.so
[1.385s] -- Found PythonExtra: .so  
[1.433s] -- Found ament_lint_auto: 0.12.11 (/opt/ros/humble/share/ament_lint_auto/cmake)
[1.449s] -- Added test 'lint_cmake' to check CMake code style
[1.450s] -- Added test 'xmllint' to check XML markup files
[1.453s] -- Configuring done
[1.481s] -- Generating done
[1.483s] -- Build files have been written to: /home/roy/ros2_packages/ros2_tutorial/build/interfaces
[1.491s] Invoked command in '/home/roy/ros2_packages/ros2_tutorial/build/interfaces' returned '0': CMAKE_PREFIX_PATH=/opt/ros/humble /usr/bin/cmake /home/roy/ros2_packages/ros2_tutorial/src/interfaces -DAMENT_CMAKE_SYMLINK_INSTALL=1 -DCMAKE_INSTALL_PREFIX=/home/roy/ros2_packages/ros2_tutorial/install/interfaces
[1.492s] Invoking command in '/home/roy/ros2_packages/ros2_tutorial/build/interfaces': CMAKE_PREFIX_PATH=/opt/ros/humble /usr/bin/cmake --build /home/roy/ros2_packages/ros2_tutorial/build/interfaces -- -j8 -l8
[1.522s] [  3%] [34m[1mGenerating C code for ROS interfaces[0m
[1.530s] [  6%] [34m[1mGenerating C++ code for ROS interfaces[0m
[1.537s] [  6%] Built target ament_cmake_python_symlink_interfaces
[1.740s] running egg_info
[1.740s] creating interfaces.egg-info
[1.741s] writing interfaces.egg-info/PKG-INFO
[1.741s] writing dependency_links to interfaces.egg-info/dependency_links.txt
[1.741s] writing top-level names to interfaces.egg-info/top_level.txt
[1.741s] writing manifest file 'interfaces.egg-info/SOURCES.txt'
[1.743s] reading manifest file 'interfaces.egg-info/SOURCES.txt'
[1.743s] writing manifest file 'interfaces.egg-info/SOURCES.txt'
[1.755s] [  6%] Built target interfaces__cpp
[1.758s] [  9%] [32mBuilding C object CMakeFiles/interfaces__rosidl_generator_c.dir/rosidl_generator_c/interfaces/srv/detail/my_service__functions.c.o[0m
[1.764s] [ 16%] [34m[1mGenerating C++ type support for eProsima Fast-RTPS[0m
[1.764s] [ 16%] [34m[1mGenerating C++ introspection for ROS interfaces[0m
[1.764s] [ 19%] [34m[1mGenerating C++ type support dispatch for ROS interfaces[0m
[1.769s] [ 19%] Built target ament_cmake_python_build_interfaces_egg
[1.814s] [ 22%] [32m[1mLinking C shared library libinterfaces__rosidl_generator_c.so[0m
[1.846s] [ 22%] Built target interfaces__rosidl_generator_c
[1.854s] [ 25%] [34m[1mGenerating C type support for eProsima Fast-RTPS[0m
[1.856s] [ 29%] [34m[1mGenerating C introspection for ROS interfaces[0m
[1.862s] [ 32%] [34m[1mGenerating C type support dispatch for ROS interfaces[0m
[1.995s] [ 35%] [32mBuilding CXX object CMakeFiles/interfaces__rosidl_typesupport_cpp.dir/rosidl_typesupport_cpp/interfaces/srv/my_service__type_support.cpp.o[0m
[2.013s] [ 38%] [32mBuilding CXX object CMakeFiles/interfaces__rosidl_typesupport_introspection_cpp.dir/rosidl_typesupport_introspection_cpp/interfaces/srv/detail/my_service__type_support.cpp.o[0m
[2.029s] [ 41%] [32mBuilding CXX object CMakeFiles/interfaces__rosidl_typesupport_fastrtps_cpp.dir/rosidl_typesupport_fastrtps_cpp/interfaces/srv/detail/dds_fastrtps/my_service__type_support.cpp.o[0m
[2.102s] [ 45%] [32mBuilding CXX object CMakeFiles/interfaces__rosidl_typesupport_c.dir/rosidl_typesupport_c/interfaces/srv/my_service__type_support.cpp.o[0m
[2.109s] [ 48%] [32mBuilding CXX object CMakeFiles/interfaces__rosidl_typesupport_fastrtps_c.dir/rosidl_typesupport_fastrtps_c/interfaces/srv/detail/my_service__type_support_c.cpp.o[0m
[2.117s] [ 51%] [32mBuilding C object CMakeFiles/interfaces__rosidl_typesupport_introspection_c.dir/rosidl_typesupport_introspection_c/interfaces/srv/detail/my_service__type_support.c.o[0m
[2.159s] [ 54%] [32m[1mLinking CXX shared library libinterfaces__rosidl_typesupport_c.so[0m
[2.194s] [ 58%] [32m[1mLinking C shared library libinterfaces__rosidl_typesupport_introspection_c.so[0m
[2.202s] [ 58%] Built target interfaces__rosidl_typesupport_c
[2.223s] [ 61%] [32m[1mLinking CXX shared library libinterfaces__rosidl_typesupport_cpp.so[0m
[2.232s] [ 61%] Built target interfaces__rosidl_typesupport_introspection_c
[2.259s] [ 61%] Built target interfaces__rosidl_typesupport_cpp
[2.330s] [ 64%] [32m[1mLinking CXX shared library libinterfaces__rosidl_typesupport_introspection_cpp.so[0m
[2.370s] [ 67%] [32m[1mLinking CXX shared library libinterfaces__rosidl_typesupport_fastrtps_cpp.so[0m
[2.385s] [ 67%] Built target interfaces__rosidl_typesupport_introspection_cpp
[2.402s] [ 70%] [32m[1mLinking CXX shared library libinterfaces__rosidl_typesupport_fastrtps_c.so[0m
[2.441s] [ 70%] Built target interfaces__rosidl_typesupport_fastrtps_cpp
[2.470s] [ 70%] Built target interfaces__rosidl_typesupport_fastrtps_c
[2.486s] [ 70%] Built target interfaces
[2.503s] [ 74%] [34m[1mGenerating Python code for ROS interfaces[0m
[2.786s] [ 74%] Built target interfaces__py
[2.802s] [ 77%] [32mBuilding C object CMakeFiles/interfaces__rosidl_generator_py.dir/rosidl_generator_py/interfaces/srv/_my_service_s.c.o[0m
[2.887s] [ 80%] [32m[1mLinking C shared library rosidl_generator_py/interfaces/libinterfaces__rosidl_generator_py.so[0m
[2.920s] [ 80%] Built target interfaces__rosidl_generator_py
[2.936s] [ 90%] [32mBuilding C object CMakeFiles/interfaces__rosidl_typesupport_fastrtps_c__pyext.dir/rosidl_generator_py/interfaces/_interfaces_s.ep.rosidl_typesupport_fastrtps_c.c.o[0m
[2.936s] [ 90%] [32mBuilding C object CMakeFiles/interfaces__rosidl_typesupport_c__pyext.dir/rosidl_generator_py/interfaces/_interfaces_s.ep.rosidl_typesupport_c.c.o[0m
[2.936s] [ 90%] [32mBuilding C object CMakeFiles/interfaces__rosidl_typesupport_introspection_c__pyext.dir/rosidl_generator_py/interfaces/_interfaces_s.ep.rosidl_typesupport_introspection_c.c.o[0m
[3.023s] [ 93%] [32m[1mLinking C shared library rosidl_generator_py/interfaces/interfaces_s__rosidl_typesupport_introspection_c.cpython-310-x86_64-linux-gnu.so[0m
[3.038s] [100%] [32m[1mLinking C shared library rosidl_generator_py/interfaces/interfaces_s__rosidl_typesupport_fastrtps_c.cpython-310-x86_64-linux-gnu.so[0m
[3.038s] [100%] [32m[1mLinking C shared library rosidl_generator_py/interfaces/interfaces_s__rosidl_typesupport_c.cpython-310-x86_64-linux-gnu.so[0m
[3.073s] [100%] Built target interfaces__rosidl_typesupport_c__pyext
[3.077s] [100%] Built target interfaces__rosidl_typesupport_fastrtps_c__pyext
[3.089s] [100%] Built target interfaces__rosidl_typesupport_introspection_c__pyext
[3.099s] Invoked command in '/home/roy/ros2_packages/ros2_tutorial/build/interfaces' returned '0': CMAKE_PREFIX_PATH=/opt/ros/humble /usr/bin/cmake --build /home/roy/ros2_packages/ros2_tutorial/build/interfaces -- -j8 -l8
[3.152s] Invoking command in '/home/roy/ros2_packages/ros2_tutorial/build/interfaces': CMAKE_PREFIX_PATH=/opt/ros/humble /usr/bin/cmake --install /home/roy/ros2_packages/ros2_tutorial/build/interfaces
[3.158s] -- Install configuration: ""
[3.158s] -- Execute custom install script
[3.158s] -- Symlinking: /home/roy/ros2_packages/ros2_tutorial/install/interfaces/share/ament_index/resource_index/rosidl_interfaces/interfaces
[3.166s] -- Symlinking: /home/roy/ros2_packages/ros2_tutorial/install/interfaces/include/interfaces/interfaces/msg/rosidl_generator_c__visibility_control.h
[3.173s] -- Symlinking: /home/roy/ros2_packages/ros2_tutorial/install/interfaces/include/interfaces/interfaces/srv/detail/my_service__functions.h
[3.180s] -- Symlinking: /home/roy/ros2_packages/ros2_tutorial/install/interfaces/include/interfaces/interfaces/srv/detail/my_service__struct.h
[3.186s] -- Symlinking: /home/roy/ros2_packages/ros2_tutorial/install/interfaces/include/interfaces/interfaces/srv/detail/my_service__type_support.h
[3.193s] -- Symlinking: /home/roy/ros2_packages/ros2_tutorial/install/interfaces/include/interfaces/interfaces/srv/my_service.h
[3.201s] -- Symlinking: /home/roy/ros2_packages/ros2_tutorial/install/interfaces/share/interfaces/environment/library_path.sh
[3.208s] -- Symlinking: /home/roy/ros2_packages/ros2_tutorial/install/interfaces/share/interfaces/environment/library_path.dsv
[3.215s] -- Symlinking: /home/roy/ros2_packages/ros2_tutorial/install/interfaces/include/interfaces/interfaces/msg/rosidl_typesupport_fastrtps_c__visibility_control.h
[3.222s] -- Symlinking: /home/roy/ros2_packages/ros2_tutorial/install/interfaces/include/interfaces/interfaces/srv/detail/my_service__rosidl_typesupport_fastrtps_c.h
[3.229s] -- Symlinking: /home/roy/ros2_packages/ros2_tutorial/install/interfaces/include/interfaces/interfaces/srv/detail/my_service__builder.hpp
[3.237s] -- Symlinking: /home/roy/ros2_packages/ros2_tutorial/install/interfaces/include/interfaces/interfaces/srv/detail/my_service__struct.hpp
[3.244s] -- Symlinking: /home/roy/ros2_packages/ros2_tutorial/install/interfaces/include/interfaces/interfaces/srv/detail/my_service__traits.hpp
[3.251s] -- Symlinking: /home/roy/ros2_packages/ros2_tutorial/install/interfaces/include/interfaces/interfaces/srv/my_service.hpp
[3.258s] -- Symlinking: /home/roy/ros2_packages/ros2_tutorial/install/interfaces/include/interfaces/interfaces/msg/rosidl_typesupport_fastrtps_cpp__visibility_control.h
[3.265s] -- Symlinking: /home/roy/ros2_packages/ros2_tutorial/install/interfaces/include/interfaces/interfaces/srv/detail/my_service__rosidl_typesupport_fastrtps_cpp.hpp
[3.272s] -- Symlinking: /home/roy/ros2_packages/ros2_tutorial/install/interfaces/include/interfaces/interfaces/msg/rosidl_typesupport_introspection_c__visibility_control.h
[3.279s] -- Symlinking: /home/roy/ros2_packages/ros2_tutorial/install/interfaces/include/interfaces/interfaces/srv/detail/my_service__rosidl_typesupport_introspection_c.h
[3.287s] -- Symlinking: /home/roy/ros2_packages/ros2_tutorial/install/interfaces/include/interfaces/interfaces/srv/detail/my_service__rosidl_typesupport_introspection_cpp.hpp
[3.294s] -- Symlinking: /home/roy/ros2_packages/ros2_tutorial/install/interfaces/share/interfaces/environment/pythonpath.sh
[3.301s] -- Symlinking: /home/roy/ros2_packages/ros2_tutorial/install/interfaces/share/interfaces/environment/pythonpath.dsv
[3.308s] -- Symlinking: /home/roy/ros2_packages/ros2_tutorial/install/interfaces/local/lib/python3.10/dist-packages/interfaces-0.0.0-py3.10.egg-info/PKG-INFO
[3.315s] -- Symlinking: /home/roy/ros2_packages/ros2_tutorial/install/interfaces/local/lib/python3.10/dist-packages/interfaces-0.0.0-py3.10.egg-info/SOURCES.txt
[3.323s] -- Symlinking: /home/roy/ros2_packages/ros2_tutorial/install/interfaces/local/lib/python3.10/dist-packages/interfaces-0.0.0-py3.10.egg-info/dependency_links.txt
[3.330s] -- Symlinking: /home/roy/ros2_packages/ros2_tutorial/install/interfaces/local/lib/python3.10/dist-packages/interfaces-0.0.0-py3.10.egg-info/top_level.txt
[3.338s] -- Symlinking: /home/roy/ros2_packages/ros2_tutorial/install/interfaces/local/lib/python3.10/dist-packages/interfaces/__init__.py
[3.345s] -- Symlinking: /home/roy/ros2_packages/ros2_tutorial/install/interfaces/local/lib/python3.10/dist-packages/interfaces/_interfaces_s.ep.rosidl_typesupport_c.c
[3.352s] -- Symlinking: /home/roy/ros2_packages/ros2_tutorial/install/interfaces/local/lib/python3.10/dist-packages/interfaces/_interfaces_s.ep.rosidl_typesupport_fastrtps_c.c
[3.359s] -- Symlinking: /home/roy/ros2_packages/ros2_tutorial/install/interfaces/local/lib/python3.10/dist-packages/interfaces/_interfaces_s.ep.rosidl_typesupport_introspection_c.c
[3.366s] -- Symlinking: /home/roy/ros2_packages/ros2_tutorial/install/interfaces/local/lib/python3.10/dist-packages/interfaces/interfaces_s__rosidl_typesupport_c.cpython-310-x86_64-linux-gnu.so
[3.373s] -- Symlinking: /home/roy/ros2_packages/ros2_tutorial/install/interfaces/local/lib/python3.10/dist-packages/interfaces/interfaces_s__rosidl_typesupport_fastrtps_c.cpython-310-x86_64-linux-gnu.so
[3.380s] -- Symlinking: /home/roy/ros2_packages/ros2_tutorial/install/interfaces/local/lib/python3.10/dist-packages/interfaces/interfaces_s__rosidl_typesupport_introspection_c.cpython-310-x86_64-linux-gnu.so
[3.387s] -- Symlinking: /home/roy/ros2_packages/ros2_tutorial/install/interfaces/local/lib/python3.10/dist-packages/interfaces/libinterfaces__rosidl_generator_py.so
[3.394s] -- Symlinking: /home/roy/ros2_packages/ros2_tutorial/install/interfaces/local/lib/python3.10/dist-packages/interfaces/srv/__init__.py
[3.401s] -- Symlinking: /home/roy/ros2_packages/ros2_tutorial/install/interfaces/local/lib/python3.10/dist-packages/interfaces/srv/_my_service.py
[3.408s] -- Symlinking: /home/roy/ros2_packages/ros2_tutorial/install/interfaces/local/lib/python3.10/dist-packages/interfaces/srv/_my_service_s.c
[3.416s] -- Up-to-date symlink: /home/roy/ros2_packages/ros2_tutorial/install/interfaces/local/lib/python3.10/dist-packages/interfaces/interfaces_s__rosidl_typesupport_fastrtps_c.cpython-310-x86_64-linux-gnu.so
[3.416s] -- Up-to-date symlink: /home/roy/ros2_packages/ros2_tutorial/install/interfaces/local/lib/python3.10/dist-packages/interfaces/interfaces_s__rosidl_typesupport_introspection_c.cpython-310-x86_64-linux-gnu.so
[3.416s] -- Up-to-date symlink: /home/roy/ros2_packages/ros2_tutorial/install/interfaces/local/lib/python3.10/dist-packages/interfaces/interfaces_s__rosidl_typesupport_c.cpython-310-x86_64-linux-gnu.so
[3.416s] -- Symlinking: /home/roy/ros2_packages/ros2_tutorial/install/interfaces/share/interfaces/srv/MyService.idl
[3.424s] -- Symlinking: /home/roy/ros2_packages/ros2_tutorial/install/interfaces/share/interfaces/srv/MyService.srv
[3.431s] -- Symlinking: /home/roy/ros2_packages/ros2_tutorial/install/interfaces/share/interfaces/srv/MyService_Request.msg
[3.438s] -- Symlinking: /home/roy/ros2_packages/ros2_tutorial/install/interfaces/share/interfaces/srv/MyService_Response.msg
[3.445s] -- Symlinking: /home/roy/ros2_packages/ros2_tutorial/install/interfaces/share/ament_index/resource_index/package_run_dependencies/interfaces
[3.452s] -- Symlinking: /home/roy/ros2_packages/ros2_tutorial/install/interfaces/share/ament_index/resource_index/parent_prefix_path/interfaces
[3.460s] -- Symlinking: /home/roy/ros2_packages/ros2_tutorial/install/interfaces/share/interfaces/environment/ament_prefix_path.sh
[3.467s] -- Symlinking: /home/roy/ros2_packages/ros2_tutorial/install/interfaces/share/interfaces/environment/ament_prefix_path.dsv
[3.474s] -- Symlinking: /home/roy/ros2_packages/ros2_tutorial/install/interfaces/share/interfaces/environment/path.sh
[3.482s] -- Symlinking: /home/roy/ros2_packages/ros2_tutorial/install/interfaces/share/interfaces/environment/path.dsv
[3.489s] -- Symlinking: /home/roy/ros2_packages/ros2_tutorial/install/interfaces/share/interfaces/local_setup.bash
[3.496s] -- Symlinking: /home/roy/ros2_packages/ros2_tutorial/install/interfaces/share/interfaces/local_setup.sh
[3.503s] -- Symlinking: /home/roy/ros2_packages/ros2_tutorial/install/interfaces/share/interfaces/local_setup.zsh
[3.511s] -- Symlinking: /home/roy/ros2_packages/ros2_tutorial/install/interfaces/share/interfaces/local_setup.dsv
[3.518s] -- Symlinking: /home/roy/ros2_packages/ros2_tutorial/install/interfaces/share/interfaces/package.dsv
[3.525s] -- Symlinking: /home/roy/ros2_packages/ros2_tutorial/install/interfaces/share/ament_index/resource_index/packages/interfaces
[3.532s] -- Symlinking: /home/roy/ros2_packages/ros2_tutorial/install/interfaces/share/interfaces/cmake/rosidl_cmake-extras.cmake
[3.539s] -- Symlinking: /home/roy/ros2_packages/ros2_tutorial/install/interfaces/share/interfaces/cmake/ament_cmake_export_dependencies-extras.cmake
[3.546s] -- Symlinking: /home/roy/ros2_packages/ros2_tutorial/install/interfaces/share/interfaces/cmake/ament_cmake_export_include_directories-extras.cmake
[3.553s] -- Symlinking: /home/roy/ros2_packages/ros2_tutorial/install/interfaces/share/interfaces/cmake/ament_cmake_export_libraries-extras.cmake
[3.560s] -- Symlinking: /home/roy/ros2_packages/ros2_tutorial/install/interfaces/share/interfaces/cmake/ament_cmake_export_targets-extras.cmake
[3.568s] -- Symlinking: /home/roy/ros2_packages/ros2_tutorial/install/interfaces/share/interfaces/cmake/rosidl_cmake_export_typesupport_targets-extras.cmake
[3.575s] -- Symlinking: /home/roy/ros2_packages/ros2_tutorial/install/interfaces/share/interfaces/cmake/rosidl_cmake_export_typesupport_libraries-extras.cmake
[3.582s] -- Symlinking: /home/roy/ros2_packages/ros2_tutorial/install/interfaces/share/interfaces/cmake/interfacesConfig.cmake
[3.589s] -- Symlinking: /home/roy/ros2_packages/ros2_tutorial/install/interfaces/share/interfaces/cmake/interfacesConfig-version.cmake
[3.596s] -- Symlinking: /home/roy/ros2_packages/ros2_tutorial/install/interfaces/share/interfaces/package.xml
[3.603s] -- Installing: /home/roy/ros2_packages/ros2_tutorial/install/interfaces/lib/libinterfaces__rosidl_generator_c.so
[3.603s] -- Set runtime path of "/home/roy/ros2_packages/ros2_tutorial/install/interfaces/lib/libinterfaces__rosidl_generator_c.so" to ""
[3.603s] -- Installing: /home/roy/ros2_packages/ros2_tutorial/install/interfaces/lib/libinterfaces__rosidl_typesupport_fastrtps_c.so
[3.604s] -- Set runtime path of "/home/roy/ros2_packages/ros2_tutorial/install/interfaces/lib/libinterfaces__rosidl_typesupport_fastrtps_c.so" to ""
[3.604s] -- Installing: /home/roy/ros2_packages/ros2_tutorial/install/interfaces/lib/libinterfaces__rosidl_typesupport_fastrtps_cpp.so
[3.604s] -- Set runtime path of "/home/roy/ros2_packages/ros2_tutorial/install/interfaces/lib/libinterfaces__rosidl_typesupport_fastrtps_cpp.so" to ""
[3.604s] -- Installing: /home/roy/ros2_packages/ros2_tutorial/install/interfaces/lib/libinterfaces__rosidl_typesupport_introspection_c.so
[3.604s] -- Set runtime path of "/home/roy/ros2_packages/ros2_tutorial/install/interfaces/lib/libinterfaces__rosidl_typesupport_introspection_c.so" to ""
[3.605s] -- Installing: /home/roy/ros2_packages/ros2_tutorial/install/interfaces/lib/libinterfaces__rosidl_typesupport_c.so
[3.605s] -- Set runtime path of "/home/roy/ros2_packages/ros2_tutorial/install/interfaces/lib/libinterfaces__rosidl_typesupport_c.so" to ""
[3.605s] -- Installing: /home/roy/ros2_packages/ros2_tutorial/install/interfaces/lib/libinterfaces__rosidl_typesupport_introspection_cpp.so
[3.605s] -- Set runtime path of "/home/roy/ros2_packages/ros2_tutorial/install/interfaces/lib/libinterfaces__rosidl_typesupport_introspection_cpp.so" to ""
[3.605s] -- Installing: /home/roy/ros2_packages/ros2_tutorial/install/interfaces/lib/libinterfaces__rosidl_typesupport_cpp.so
[3.606s] -- Set runtime path of "/home/roy/ros2_packages/ros2_tutorial/install/interfaces/lib/libinterfaces__rosidl_typesupport_cpp.so" to ""
[3.633s] Listing '/home/roy/ros2_packages/ros2_tutorial/install/interfaces/local/lib/python3.10/dist-packages/interfaces'...
[3.633s] Compiling '/home/roy/ros2_packages/ros2_tutorial/install/interfaces/local/lib/python3.10/dist-packages/interfaces/__init__.py'...
[3.633s] Listing '/home/roy/ros2_packages/ros2_tutorial/install/interfaces/local/lib/python3.10/dist-packages/interfaces/srv'...
[3.633s] Compiling '/home/roy/ros2_packages/ros2_tutorial/install/interfaces/local/lib/python3.10/dist-packages/interfaces/srv/__init__.py'...
[3.633s] Compiling '/home/roy/ros2_packages/ros2_tutorial/install/interfaces/local/lib/python3.10/dist-packages/interfaces/srv/_my_service.py'...
[3.637s] -- Installing: /home/roy/ros2_packages/ros2_tutorial/install/interfaces/lib/libinterfaces__rosidl_generator_py.so
[3.637s] -- Set runtime path of "/home/roy/ros2_packages/ros2_tutorial/install/interfaces/lib/libinterfaces__rosidl_generator_py.so" to ""
[3.637s] -- Installing: /home/roy/ros2_packages/ros2_tutorial/install/interfaces/share/interfaces/cmake/export_interfaces__rosidl_generator_cExport.cmake
[3.637s] -- Installing: /home/roy/ros2_packages/ros2_tutorial/install/interfaces/share/interfaces/cmake/export_interfaces__rosidl_generator_cExport-noconfig.cmake
[3.637s] -- Installing: /home/roy/ros2_packages/ros2_tutorial/install/interfaces/share/interfaces/cmake/export_interfaces__rosidl_typesupport_fastrtps_cExport.cmake
[3.637s] -- Installing: /home/roy/ros2_packages/ros2_tutorial/install/interfaces/share/interfaces/cmake/export_interfaces__rosidl_typesupport_fastrtps_cExport-noconfig.cmake
[3.637s] -- Installing: /home/roy/ros2_packages/ros2_tutorial/install/interfaces/share/interfaces/cmake/export_interfaces__rosidl_generator_cppExport.cmake
[3.637s] -- Installing: /home/roy/ros2_packages/ros2_tutorial/install/interfaces/share/interfaces/cmake/export_interfaces__rosidl_typesupport_fastrtps_cppExport.cmake
[3.638s] -- Installing: /home/roy/ros2_packages/ros2_tutorial/install/interfaces/share/interfaces/cmake/export_interfaces__rosidl_typesupport_fastrtps_cppExport-noconfig.cmake
[3.638s] -- Installing: /home/roy/ros2_packages/ros2_tutorial/install/interfaces/share/interfaces/cmake/interfaces__rosidl_typesupport_introspection_cExport.cmake
[3.638s] -- Installing: /home/roy/ros2_packages/ros2_tutorial/install/interfaces/share/interfaces/cmake/interfaces__rosidl_typesupport_introspection_cExport-noconfig.cmake
[3.638s] -- Installing: /home/roy/ros2_packages/ros2_tutorial/install/interfaces/share/interfaces/cmake/interfaces__rosidl_typesupport_cExport.cmake
[3.638s] -- Installing: /home/roy/ros2_packages/ros2_tutorial/install/interfaces/share/interfaces/cmake/interfaces__rosidl_typesupport_cExport-noconfig.cmake
[3.638s] -- Installing: /home/roy/ros2_packages/ros2_tutorial/install/interfaces/share/interfaces/cmake/interfaces__rosidl_typesupport_introspection_cppExport.cmake
[3.638s] -- Installing: /home/roy/ros2_packages/ros2_tutorial/install/interfaces/share/interfaces/cmake/interfaces__rosidl_typesupport_introspection_cppExport-noconfig.cmake
[3.638s] -- Installing: /home/roy/ros2_packages/ros2_tutorial/install/interfaces/share/interfaces/cmake/interfaces__rosidl_typesupport_cppExport.cmake
[3.638s] -- Installing: /home/roy/ros2_packages/ros2_tutorial/install/interfaces/share/interfaces/cmake/interfaces__rosidl_typesupport_cppExport-noconfig.cmake
[3.639s] -- Installing: /home/roy/ros2_packages/ros2_tutorial/install/interfaces/share/interfaces/cmake/export_interfaces__rosidl_generator_pyExport.cmake
[3.639s] -- Installing: /home/roy/ros2_packages/ros2_tutorial/install/interfaces/share/interfaces/cmake/export_interfaces__rosidl_generator_pyExport-noconfig.cmake
[3.641s] Invoked command in '/home/roy/ros2_packages/ros2_tutorial/build/interfaces' returned '0': CMAKE_PREFIX_PATH=/opt/ros/humble /usr/bin/cmake --install /home/roy/ros2_packages/ros2_tutorial/build/interfaces
