[0.082s] DEBUG:colcon:Command line arguments: ['/usr/bin/colcon', 'build', '--symlink-install']
[0.082s] DEBUG:colcon:Parsed command line arguments: Namespace(log_base=None, log_level=None, verb_name='build', build_base='build', install_base='install', merge_install=False, symlink_install=True, test_result_base=None, continue_on_error=False, executor='parallel', parallel_workers=8, event_handlers=None, ignore_user_meta=False, metas=['./colcon.meta'], base_paths=['.'], packages_ignore=None, packages_ignore_regex=None, paths=None, packages_up_to=None, packages_up_to_regex=None, packages_above=None, packages_above_and_dependencies=None, packages_above_depth=None, packages_select_by_dep=None, packages_skip_by_dep=None, packages_skip_up_to=None, packages_select_build_failed=False, packages_skip_build_finished=False, packages_select_test_failures=False, packages_skip_test_passed=False, packages_select=None, packages_skip=None, packages_select_regex=None, packages_skip_regex=None, packages_start=None, packages_end=None, allow_overriding=[], cmake_args=None, cmake_target=None, cmake_target_skip_unavailable=False, cmake_clean_cache=False, cmake_clean_first=False, cmake_force_configure=False, ament_cmake_args=None, catkin_cmake_args=None, catkin_skip_building_tests=False, mixin_files=None, mixin=None, verb_parser=<colcon_mixin.mixin.mixin_argument.MixinArgumentDecorator object at 0x7fe50ab4a1d0>, verb_extension=<colcon_core.verb.build.BuildVerb object at 0x7fe50ac5de70>, main=<bound method BuildVerb.main of <colcon_core.verb.build.BuildVerb object at 0x7fe50ac5de70>>, mixin_verb=('build',))
[0.207s] Level 1:colcon.colcon_core.package_discovery:discover_packages(colcon_meta) check parameters
[0.207s] Level 1:colcon.colcon_core.package_discovery:discover_packages(recursive) check parameters
[0.207s] Level 1:colcon.colcon_core.package_discovery:discover_packages(ignore) check parameters
[0.207s] Level 1:colcon.colcon_core.package_discovery:discover_packages(path) check parameters
[0.207s] Level 1:colcon.colcon_core.package_discovery:discover_packages(colcon_meta) discover
[0.207s] Level 1:colcon.colcon_core.package_discovery:discover_packages(recursive) discover
[0.207s] INFO:colcon.colcon_core.package_discovery:Crawling recursively for packages in '/home/roy/ros2_packages/ros2_tutorial'
[0.208s] Level 1:colcon.colcon_core.package_identification:_identify(.) by extensions ['ignore', 'ignore_ament_install']
[0.208s] Level 1:colcon.colcon_core.package_identification:_identify(.) by extension 'ignore'
[0.208s] Level 1:colcon.colcon_core.package_identification:_identify(.) by extension 'ignore_ament_install'
[0.208s] Level 1:colcon.colcon_core.package_identification:_identify(.) by extensions ['colcon_pkg']
[0.208s] Level 1:colcon.colcon_core.package_identification:_identify(.) by extension 'colcon_pkg'
[0.208s] Level 1:colcon.colcon_core.package_identification:_identify(.) by extensions ['colcon_meta']
[0.208s] Level 1:colcon.colcon_core.package_identification:_identify(.) by extension 'colcon_meta'
[0.208s] Level 1:colcon.colcon_core.package_identification:_identify(.) by extensions ['ros']
[0.208s] Level 1:colcon.colcon_core.package_identification:_identify(.) by extension 'ros'
[0.216s] Level 1:colcon.colcon_core.package_identification:_identify(.) by extensions ['cmake', 'python']
[0.216s] Level 1:colcon.colcon_core.package_identification:_identify(.) by extension 'cmake'
[0.216s] Level 1:colcon.colcon_core.package_identification:_identify(.) by extension 'python'
[0.216s] Level 1:colcon.colcon_core.package_identification:_identify(.) by extensions ['python_setup_py']
[0.216s] Level 1:colcon.colcon_core.package_identification:_identify(.) by extension 'python_setup_py'
[0.216s] Level 1:colcon.colcon_core.package_identification:_identify(build) by extensions ['ignore', 'ignore_ament_install']
[0.217s] Level 1:colcon.colcon_core.package_identification:_identify(build) by extension 'ignore'
[0.217s] Level 1:colcon.colcon_core.package_identification:_identify(build) ignored
[0.217s] Level 1:colcon.colcon_core.package_identification:_identify(install) by extensions ['ignore', 'ignore_ament_install']
[0.217s] Level 1:colcon.colcon_core.package_identification:_identify(install) by extension 'ignore'
[0.217s] Level 1:colcon.colcon_core.package_identification:_identify(install) ignored
[0.217s] Level 1:colcon.colcon_core.package_identification:_identify(log) by extensions ['ignore', 'ignore_ament_install']
[0.217s] Level 1:colcon.colcon_core.package_identification:_identify(log) by extension 'ignore'
[0.217s] Level 1:colcon.colcon_core.package_identification:_identify(log) ignored
[0.217s] Level 1:colcon.colcon_core.package_identification:_identify(src) by extensions ['ignore', 'ignore_ament_install']
[0.217s] Level 1:colcon.colcon_core.package_identification:_identify(src) by extension 'ignore'
[0.217s] Level 1:colcon.colcon_core.package_identification:_identify(src) by extension 'ignore_ament_install'
[0.217s] Level 1:colcon.colcon_core.package_identification:_identify(src) by extensions ['colcon_pkg']
[0.217s] Level 1:colcon.colcon_core.package_identification:_identify(src) by extension 'colcon_pkg'
[0.217s] Level 1:colcon.colcon_core.package_identification:_identify(src) by extensions ['colcon_meta']
[0.217s] Level 1:colcon.colcon_core.package_identification:_identify(src) by extension 'colcon_meta'
[0.217s] Level 1:colcon.colcon_core.package_identification:_identify(src) by extensions ['ros']
[0.217s] Level 1:colcon.colcon_core.package_identification:_identify(src) by extension 'ros'
[0.217s] Level 1:colcon.colcon_core.package_identification:_identify(src) by extensions ['cmake', 'python']
[0.217s] Level 1:colcon.colcon_core.package_identification:_identify(src) by extension 'cmake'
[0.217s] Level 1:colcon.colcon_core.package_identification:_identify(src) by extension 'python'
[0.218s] Level 1:colcon.colcon_core.package_identification:_identify(src) by extensions ['python_setup_py']
[0.218s] Level 1:colcon.colcon_core.package_identification:_identify(src) by extension 'python_setup_py'
[0.218s] Level 1:colcon.colcon_core.package_identification:_identify(src/interfaces) by extensions ['ignore', 'ignore_ament_install']
[0.218s] Level 1:colcon.colcon_core.package_identification:_identify(src/interfaces) by extension 'ignore'
[0.218s] Level 1:colcon.colcon_core.package_identification:_identify(src/interfaces) by extension 'ignore_ament_install'
[0.218s] Level 1:colcon.colcon_core.package_identification:_identify(src/interfaces) by extensions ['colcon_pkg']
[0.218s] Level 1:colcon.colcon_core.package_identification:_identify(src/interfaces) by extension 'colcon_pkg'
[0.218s] Level 1:colcon.colcon_core.package_identification:_identify(src/interfaces) by extensions ['colcon_meta']
[0.218s] Level 1:colcon.colcon_core.package_identification:_identify(src/interfaces) by extension 'colcon_meta'
[0.218s] Level 1:colcon.colcon_core.package_identification:_identify(src/interfaces) by extensions ['ros']
[0.218s] Level 1:colcon.colcon_core.package_identification:_identify(src/interfaces) by extension 'ros'
[0.220s] DEBUG:colcon.colcon_core.package_identification:Package 'src/interfaces' with type 'ros.ament_cmake' and name 'interfaces'
[0.220s] Level 1:colcon.colcon_core.package_identification:_identify(src/parameters) by extensions ['ignore', 'ignore_ament_install']
[0.220s] Level 1:colcon.colcon_core.package_identification:_identify(src/parameters) by extension 'ignore'
[0.220s] Level 1:colcon.colcon_core.package_identification:_identify(src/parameters) by extension 'ignore_ament_install'
[0.220s] Level 1:colcon.colcon_core.package_identification:_identify(src/parameters) by extensions ['colcon_pkg']
[0.220s] Level 1:colcon.colcon_core.package_identification:_identify(src/parameters) by extension 'colcon_pkg'
[0.220s] Level 1:colcon.colcon_core.package_identification:_identify(src/parameters) by extensions ['colcon_meta']
[0.220s] Level 1:colcon.colcon_core.package_identification:_identify(src/parameters) by extension 'colcon_meta'
[0.220s] Level 1:colcon.colcon_core.package_identification:_identify(src/parameters) by extensions ['ros']
[0.220s] Level 1:colcon.colcon_core.package_identification:_identify(src/parameters) by extension 'ros'
[0.220s] DEBUG:colcon.colcon_core.package_identification:Package 'src/parameters' with type 'ros.ament_cmake' and name 'parameters'
[0.221s] Level 1:colcon.colcon_core.package_identification:_identify(src/publisher) by extensions ['ignore', 'ignore_ament_install']
[0.221s] Level 1:colcon.colcon_core.package_identification:_identify(src/publisher) by extension 'ignore'
[0.221s] Level 1:colcon.colcon_core.package_identification:_identify(src/publisher) by extension 'ignore_ament_install'
[0.221s] Level 1:colcon.colcon_core.package_identification:_identify(src/publisher) by extensions ['colcon_pkg']
[0.221s] Level 1:colcon.colcon_core.package_identification:_identify(src/publisher) by extension 'colcon_pkg'
[0.221s] Level 1:colcon.colcon_core.package_identification:_identify(src/publisher) by extensions ['colcon_meta']
[0.221s] Level 1:colcon.colcon_core.package_identification:_identify(src/publisher) by extension 'colcon_meta'
[0.221s] Level 1:colcon.colcon_core.package_identification:_identify(src/publisher) by extensions ['ros']
[0.221s] Level 1:colcon.colcon_core.package_identification:_identify(src/publisher) by extension 'ros'
[0.222s] DEBUG:colcon.colcon_core.package_identification:Package 'src/publisher' with type 'ros.ament_cmake' and name 'publisher'
[0.222s] Level 1:colcon.colcon_core.package_identification:_identify(src/service_client) by extensions ['ignore', 'ignore_ament_install']
[0.222s] Level 1:colcon.colcon_core.package_identification:_identify(src/service_client) by extension 'ignore'
[0.222s] Level 1:colcon.colcon_core.package_identification:_identify(src/service_client) by extension 'ignore_ament_install'
[0.222s] Level 1:colcon.colcon_core.package_identification:_identify(src/service_client) by extensions ['colcon_pkg']
[0.222s] Level 1:colcon.colcon_core.package_identification:_identify(src/service_client) by extension 'colcon_pkg'
[0.222s] Level 1:colcon.colcon_core.package_identification:_identify(src/service_client) by extensions ['colcon_meta']
[0.222s] Level 1:colcon.colcon_core.package_identification:_identify(src/service_client) by extension 'colcon_meta'
[0.222s] Level 1:colcon.colcon_core.package_identification:_identify(src/service_client) by extensions ['ros']
[0.222s] Level 1:colcon.colcon_core.package_identification:_identify(src/service_client) by extension 'ros'
[0.222s] DEBUG:colcon.colcon_core.package_identification:Package 'src/service_client' with type 'ros.ament_cmake' and name 'service_client'
[0.222s] Level 1:colcon.colcon_core.package_identification:_identify(src/service_server) by extensions ['ignore', 'ignore_ament_install']
[0.223s] Level 1:colcon.colcon_core.package_identification:_identify(src/service_server) by extension 'ignore'
[0.223s] Level 1:colcon.colcon_core.package_identification:_identify(src/service_server) by extension 'ignore_ament_install'
[0.223s] Level 1:colcon.colcon_core.package_identification:_identify(src/service_server) by extensions ['colcon_pkg']
[0.223s] Level 1:colcon.colcon_core.package_identification:_identify(src/service_server) by extension 'colcon_pkg'
[0.223s] Level 1:colcon.colcon_core.package_identification:_identify(src/service_server) by extensions ['colcon_meta']
[0.223s] Level 1:colcon.colcon_core.package_identification:_identify(src/service_server) by extension 'colcon_meta'
[0.223s] Level 1:colcon.colcon_core.package_identification:_identify(src/service_server) by extensions ['ros']
[0.223s] Level 1:colcon.colcon_core.package_identification:_identify(src/service_server) by extension 'ros'
[0.223s] DEBUG:colcon.colcon_core.package_identification:Package 'src/service_server' with type 'ros.ament_cmake' and name 'service_server'
[0.223s] Level 1:colcon.colcon_core.package_identification:_identify(src/subscriber) by extensions ['ignore', 'ignore_ament_install']
[0.223s] Level 1:colcon.colcon_core.package_identification:_identify(src/subscriber) by extension 'ignore'
[0.223s] Level 1:colcon.colcon_core.package_identification:_identify(src/subscriber) by extension 'ignore_ament_install'
[0.224s] Level 1:colcon.colcon_core.package_identification:_identify(src/subscriber) by extensions ['colcon_pkg']
[0.224s] Level 1:colcon.colcon_core.package_identification:_identify(src/subscriber) by extension 'colcon_pkg'
[0.224s] Level 1:colcon.colcon_core.package_identification:_identify(src/subscriber) by extensions ['colcon_meta']
[0.224s] Level 1:colcon.colcon_core.package_identification:_identify(src/subscriber) by extension 'colcon_meta'
[0.224s] Level 1:colcon.colcon_core.package_identification:_identify(src/subscriber) by extensions ['ros']
[0.224s] Level 1:colcon.colcon_core.package_identification:_identify(src/subscriber) by extension 'ros'
[0.224s] DEBUG:colcon.colcon_core.package_identification:Package 'src/subscriber' with type 'ros.ament_cmake' and name 'subscriber'
[0.224s] Level 1:colcon.colcon_core.package_discovery:discover_packages(recursive) using defaults
[0.224s] Level 1:colcon.colcon_core.package_discovery:discover_packages(ignore) discover
[0.224s] Level 1:colcon.colcon_core.package_discovery:discover_packages(ignore) using defaults
[0.224s] Level 1:colcon.colcon_core.package_discovery:discover_packages(path) discover
[0.224s] Level 1:colcon.colcon_core.package_discovery:discover_packages(path) using defaults
[0.239s] Level 1:colcon.colcon_core.package_discovery:discover_packages(prefix_path) check parameters
[0.239s] Level 1:colcon.colcon_core.package_discovery:discover_packages(prefix_path) discover
[0.240s] DEBUG:colcon.colcon_installed_package_information.package_discovery:Found 312 installed packages in /opt/ros/humble
[0.249s] Level 1:colcon.colcon_core.package_discovery:discover_packages(prefix_path) using defaults
[0.280s] Level 5:colcon.colcon_core.verb:set package 'interfaces' build argument 'cmake_args' from command line to 'None'
[0.280s] Level 5:colcon.colcon_core.verb:set package 'interfaces' build argument 'cmake_target' from command line to 'None'
[0.280s] Level 5:colcon.colcon_core.verb:set package 'interfaces' build argument 'cmake_target_skip_unavailable' from command line to 'False'
[0.281s] Level 5:colcon.colcon_core.verb:set package 'interfaces' build argument 'cmake_clean_cache' from command line to 'False'
[0.281s] Level 5:colcon.colcon_core.verb:set package 'interfaces' build argument 'cmake_clean_first' from command line to 'False'
[0.281s] Level 5:colcon.colcon_core.verb:set package 'interfaces' build argument 'cmake_force_configure' from command line to 'False'
[0.281s] Level 5:colcon.colcon_core.verb:set package 'interfaces' build argument 'ament_cmake_args' from command line to 'None'
[0.281s] Level 5:colcon.colcon_core.verb:set package 'interfaces' build argument 'catkin_cmake_args' from command line to 'None'
[0.281s] Level 5:colcon.colcon_core.verb:set package 'interfaces' build argument 'catkin_skip_building_tests' from command line to 'False'
[0.281s] DEBUG:colcon.colcon_core.verb:Building package 'interfaces' with the following arguments: {'ament_cmake_args': None, 'build_base': '/home/roy/ros2_packages/ros2_tutorial/build/interfaces', 'catkin_cmake_args': None, 'catkin_skip_building_tests': False, 'cmake_args': None, 'cmake_clean_cache': False, 'cmake_clean_first': False, 'cmake_force_configure': False, 'cmake_target': None, 'cmake_target_skip_unavailable': False, 'install_base': '/home/roy/ros2_packages/ros2_tutorial/install/interfaces', 'merge_install': False, 'path': '/home/roy/ros2_packages/ros2_tutorial/src/interfaces', 'symlink_install': True, 'test_result_base': None}
[0.281s] Level 5:colcon.colcon_core.verb:set package 'parameters' build argument 'cmake_args' from command line to 'None'
[0.281s] Level 5:colcon.colcon_core.verb:set package 'parameters' build argument 'cmake_target' from command line to 'None'
[0.281s] Level 5:colcon.colcon_core.verb:set package 'parameters' build argument 'cmake_target_skip_unavailable' from command line to 'False'
[0.281s] Level 5:colcon.colcon_core.verb:set package 'parameters' build argument 'cmake_clean_cache' from command line to 'False'
[0.281s] Level 5:colcon.colcon_core.verb:set package 'parameters' build argument 'cmake_clean_first' from command line to 'False'
[0.281s] Level 5:colcon.colcon_core.verb:set package 'parameters' build argument 'cmake_force_configure' from command line to 'False'
[0.281s] Level 5:colcon.colcon_core.verb:set package 'parameters' build argument 'ament_cmake_args' from command line to 'None'
[0.281s] Level 5:colcon.colcon_core.verb:set package 'parameters' build argument 'catkin_cmake_args' from command line to 'None'
[0.281s] Level 5:colcon.colcon_core.verb:set package 'parameters' build argument 'catkin_skip_building_tests' from command line to 'False'
[0.281s] DEBUG:colcon.colcon_core.verb:Building package 'parameters' with the following arguments: {'ament_cmake_args': None, 'build_base': '/home/roy/ros2_packages/ros2_tutorial/build/parameters', 'catkin_cmake_args': None, 'catkin_skip_building_tests': False, 'cmake_args': None, 'cmake_clean_cache': False, 'cmake_clean_first': False, 'cmake_force_configure': False, 'cmake_target': None, 'cmake_target_skip_unavailable': False, 'install_base': '/home/roy/ros2_packages/ros2_tutorial/install/parameters', 'merge_install': False, 'path': '/home/roy/ros2_packages/ros2_tutorial/src/parameters', 'symlink_install': True, 'test_result_base': None}
[0.281s] Level 5:colcon.colcon_core.verb:set package 'publisher' build argument 'cmake_args' from command line to 'None'
[0.282s] Level 5:colcon.colcon_core.verb:set package 'publisher' build argument 'cmake_target' from command line to 'None'
[0.282s] Level 5:colcon.colcon_core.verb:set package 'publisher' build argument 'cmake_target_skip_unavailable' from command line to 'False'
[0.282s] Level 5:colcon.colcon_core.verb:set package 'publisher' build argument 'cmake_clean_cache' from command line to 'False'
[0.282s] Level 5:colcon.colcon_core.verb:set package 'publisher' build argument 'cmake_clean_first' from command line to 'False'
[0.282s] Level 5:colcon.colcon_core.verb:set package 'publisher' build argument 'cmake_force_configure' from command line to 'False'
[0.282s] Level 5:colcon.colcon_core.verb:set package 'publisher' build argument 'ament_cmake_args' from command line to 'None'
[0.282s] Level 5:colcon.colcon_core.verb:set package 'publisher' build argument 'catkin_cmake_args' from command line to 'None'
[0.282s] Level 5:colcon.colcon_core.verb:set package 'publisher' build argument 'catkin_skip_building_tests' from command line to 'False'
[0.282s] DEBUG:colcon.colcon_core.verb:Building package 'publisher' with the following arguments: {'ament_cmake_args': None, 'build_base': '/home/roy/ros2_packages/ros2_tutorial/build/publisher', 'catkin_cmake_args': None, 'catkin_skip_building_tests': False, 'cmake_args': None, 'cmake_clean_cache': False, 'cmake_clean_first': False, 'cmake_force_configure': False, 'cmake_target': None, 'cmake_target_skip_unavailable': False, 'install_base': '/home/roy/ros2_packages/ros2_tutorial/install/publisher', 'merge_install': False, 'path': '/home/roy/ros2_packages/ros2_tutorial/src/publisher', 'symlink_install': True, 'test_result_base': None}
[0.282s] Level 5:colcon.colcon_core.verb:set package 'subscriber' build argument 'cmake_args' from command line to 'None'
[0.282s] Level 5:colcon.colcon_core.verb:set package 'subscriber' build argument 'cmake_target' from command line to 'None'
[0.282s] Level 5:colcon.colcon_core.verb:set package 'subscriber' build argument 'cmake_target_skip_unavailable' from command line to 'False'
[0.282s] Level 5:colcon.colcon_core.verb:set package 'subscriber' build argument 'cmake_clean_cache' from command line to 'False'
[0.282s] Level 5:colcon.colcon_core.verb:set package 'subscriber' build argument 'cmake_clean_first' from command line to 'False'
[0.282s] Level 5:colcon.colcon_core.verb:set package 'subscriber' build argument 'cmake_force_configure' from command line to 'False'
[0.282s] Level 5:colcon.colcon_core.verb:set package 'subscriber' build argument 'ament_cmake_args' from command line to 'None'
[0.282s] Level 5:colcon.colcon_core.verb:set package 'subscriber' build argument 'catkin_cmake_args' from command line to 'None'
[0.282s] Level 5:colcon.colcon_core.verb:set package 'subscriber' build argument 'catkin_skip_building_tests' from command line to 'False'
[0.282s] DEBUG:colcon.colcon_core.verb:Building package 'subscriber' with the following arguments: {'ament_cmake_args': None, 'build_base': '/home/roy/ros2_packages/ros2_tutorial/build/subscriber', 'catkin_cmake_args': None, 'catkin_skip_building_tests': False, 'cmake_args': None, 'cmake_clean_cache': False, 'cmake_clean_first': False, 'cmake_force_configure': False, 'cmake_target': None, 'cmake_target_skip_unavailable': False, 'install_base': '/home/roy/ros2_packages/ros2_tutorial/install/subscriber', 'merge_install': False, 'path': '/home/roy/ros2_packages/ros2_tutorial/src/subscriber', 'symlink_install': True, 'test_result_base': None}
[0.282s] Level 5:colcon.colcon_core.verb:set package 'service_client' build argument 'cmake_args' from command line to 'None'
[0.282s] Level 5:colcon.colcon_core.verb:set package 'service_client' build argument 'cmake_target' from command line to 'None'
[0.283s] Level 5:colcon.colcon_core.verb:set package 'service_client' build argument 'cmake_target_skip_unavailable' from command line to 'False'
[0.283s] Level 5:colcon.colcon_core.verb:set package 'service_client' build argument 'cmake_clean_cache' from command line to 'False'
[0.283s] Level 5:colcon.colcon_core.verb:set package 'service_client' build argument 'cmake_clean_first' from command line to 'False'
[0.283s] Level 5:colcon.colcon_core.verb:set package 'service_client' build argument 'cmake_force_configure' from command line to 'False'
[0.283s] Level 5:colcon.colcon_core.verb:set package 'service_client' build argument 'ament_cmake_args' from command line to 'None'
[0.283s] Level 5:colcon.colcon_core.verb:set package 'service_client' build argument 'catkin_cmake_args' from command line to 'None'
[0.283s] Level 5:colcon.colcon_core.verb:set package 'service_client' build argument 'catkin_skip_building_tests' from command line to 'False'
[0.283s] DEBUG:colcon.colcon_core.verb:Building package 'service_client' with the following arguments: {'ament_cmake_args': None, 'build_base': '/home/roy/ros2_packages/ros2_tutorial/build/service_client', 'catkin_cmake_args': None, 'catkin_skip_building_tests': False, 'cmake_args': None, 'cmake_clean_cache': False, 'cmake_clean_first': False, 'cmake_force_configure': False, 'cmake_target': None, 'cmake_target_skip_unavailable': False, 'install_base': '/home/roy/ros2_packages/ros2_tutorial/install/service_client', 'merge_install': False, 'path': '/home/roy/ros2_packages/ros2_tutorial/src/service_client', 'symlink_install': True, 'test_result_base': None}
[0.283s] Level 5:colcon.colcon_core.verb:set package 'service_server' build argument 'cmake_args' from command line to 'None'
[0.283s] Level 5:colcon.colcon_core.verb:set package 'service_server' build argument 'cmake_target' from command line to 'None'
[0.283s] Level 5:colcon.colcon_core.verb:set package 'service_server' build argument 'cmake_target_skip_unavailable' from command line to 'False'
[0.283s] Level 5:colcon.colcon_core.verb:set package 'service_server' build argument 'cmake_clean_cache' from command line to 'False'
[0.283s] Level 5:colcon.colcon_core.verb:set package 'service_server' build argument 'cmake_clean_first' from command line to 'False'
[0.283s] Level 5:colcon.colcon_core.verb:set package 'service_server' build argument 'cmake_force_configure' from command line to 'False'
[0.283s] Level 5:colcon.colcon_core.verb:set package 'service_server' build argument 'ament_cmake_args' from command line to 'None'
[0.283s] Level 5:colcon.colcon_core.verb:set package 'service_server' build argument 'catkin_cmake_args' from command line to 'None'
[0.283s] Level 5:colcon.colcon_core.verb:set package 'service_server' build argument 'catkin_skip_building_tests' from command line to 'False'
[0.283s] DEBUG:colcon.colcon_core.verb:Building package 'service_server' with the following arguments: {'ament_cmake_args': None, 'build_base': '/home/roy/ros2_packages/ros2_tutorial/build/service_server', 'catkin_cmake_args': None, 'catkin_skip_building_tests': False, 'cmake_args': None, 'cmake_clean_cache': False, 'cmake_clean_first': False, 'cmake_force_configure': False, 'cmake_target': None, 'cmake_target_skip_unavailable': False, 'install_base': '/home/roy/ros2_packages/ros2_tutorial/install/service_server', 'merge_install': False, 'path': '/home/roy/ros2_packages/ros2_tutorial/src/service_server', 'symlink_install': True, 'test_result_base': None}
[0.283s] INFO:colcon.colcon_core.executor:Executing jobs using 'parallel' executor
[0.284s] DEBUG:colcon.colcon_parallel_executor.executor.parallel:run_until_complete
[0.284s] INFO:colcon.colcon_ros.task.ament_cmake.build:Building ROS package in '/home/roy/ros2_packages/ros2_tutorial/src/interfaces' with build type 'ament_cmake'
[0.284s] INFO:colcon.colcon_cmake.task.cmake.build:Building CMake package in '/home/roy/ros2_packages/ros2_tutorial/src/interfaces'
[0.286s] INFO:colcon.colcon_core.plugin_system:Skipping extension 'colcon_core.shell.bat': Not used on non-Windows systems
[0.286s] INFO:colcon.colcon_core.shell:Skip shell extension 'powershell' for command environment: Not usable outside of PowerShell
[0.286s] DEBUG:colcon.colcon_core.shell:Skip shell extension 'dsv' for command environment
[0.288s] INFO:colcon.colcon_ros.task.ament_cmake.build:Building ROS package in '/home/roy/ros2_packages/ros2_tutorial/src/parameters' with build type 'ament_cmake'
[0.288s] INFO:colcon.colcon_cmake.task.cmake.build:Building CMake package in '/home/roy/ros2_packages/ros2_tutorial/src/parameters'
[0.289s] INFO:colcon.colcon_core.shell:Skip shell extension 'powershell' for command environment: Not usable outside of PowerShell
[0.289s] DEBUG:colcon.colcon_core.shell:Skip shell extension 'dsv' for command environment
[0.291s] INFO:colcon.colcon_ros.task.ament_cmake.build:Building ROS package in '/home/roy/ros2_packages/ros2_tutorial/src/publisher' with build type 'ament_cmake'
[0.291s] INFO:colcon.colcon_cmake.task.cmake.build:Building CMake package in '/home/roy/ros2_packages/ros2_tutorial/src/publisher'
[0.291s] INFO:colcon.colcon_core.shell:Skip shell extension 'powershell' for command environment: Not usable outside of PowerShell
[0.291s] DEBUG:colcon.colcon_core.shell:Skip shell extension 'dsv' for command environment
[0.293s] INFO:colcon.colcon_ros.task.ament_cmake.build:Building ROS package in '/home/roy/ros2_packages/ros2_tutorial/src/subscriber' with build type 'ament_cmake'
[0.293s] INFO:colcon.colcon_cmake.task.cmake.build:Building CMake package in '/home/roy/ros2_packages/ros2_tutorial/src/subscriber'
[0.293s] INFO:colcon.colcon_core.shell:Skip shell extension 'powershell' for command environment: Not usable outside of PowerShell
[0.293s] DEBUG:colcon.colcon_core.shell:Skip shell extension 'dsv' for command environment
[0.300s] DEBUG:colcon.colcon_core.event_handler.log_command:Invoking command in '/home/roy/ros2_packages/ros2_tutorial/build/interfaces': CMAKE_PREFIX_PATH=/opt/ros/humble /usr/bin/cmake --build /home/roy/ros2_packages/ros2_tutorial/build/interfaces -- -j8 -l8
[0.302s] DEBUG:colcon.colcon_core.event_handler.log_command:Invoking command in '/home/roy/ros2_packages/ros2_tutorial/build/parameters': CMAKE_PREFIX_PATH=/opt/ros/humble /usr/bin/cmake --build /home/roy/ros2_packages/ros2_tutorial/build/parameters -- -j8 -l8
[0.305s] DEBUG:colcon.colcon_core.event_handler.log_command:Invoking command in '/home/roy/ros2_packages/ros2_tutorial/build/publisher': CMAKE_PREFIX_PATH=/opt/ros/humble /usr/bin/cmake --build /home/roy/ros2_packages/ros2_tutorial/build/publisher -- -j8 -l8
[0.308s] DEBUG:colcon.colcon_core.event_handler.log_command:Invoking command in '/home/roy/ros2_packages/ros2_tutorial/build/subscriber': CMAKE_PREFIX_PATH=/opt/ros/humble /usr/bin/cmake --build /home/roy/ros2_packages/ros2_tutorial/build/subscriber -- -j8 -l8
[0.353s] DEBUG:colcon.colcon_core.event_handler.log_command:Invoked command in '/home/roy/ros2_packages/ros2_tutorial/build/publisher' returned '0': CMAKE_PREFIX_PATH=/opt/ros/humble /usr/bin/cmake --build /home/roy/ros2_packages/ros2_tutorial/build/publisher -- -j8 -l8
[0.357s] DEBUG:colcon.colcon_core.event_handler.log_command:Invoked command in '/home/roy/ros2_packages/ros2_tutorial/build/parameters' returned '0': CMAKE_PREFIX_PATH=/opt/ros/humble /usr/bin/cmake --build /home/roy/ros2_packages/ros2_tutorial/build/parameters -- -j8 -l8
[0.360s] DEBUG:colcon.colcon_core.event_handler.log_command:Invoked command in '/home/roy/ros2_packages/ros2_tutorial/build/subscriber' returned '0': CMAKE_PREFIX_PATH=/opt/ros/humble /usr/bin/cmake --build /home/roy/ros2_packages/ros2_tutorial/build/subscriber -- -j8 -l8
[0.379s] DEBUG:colcon.colcon_core.event_handler.log_command:Invoking command in '/home/roy/ros2_packages/ros2_tutorial/build/publisher': CMAKE_PREFIX_PATH=/opt/ros/humble /usr/bin/cmake --install /home/roy/ros2_packages/ros2_tutorial/build/publisher
[0.382s] DEBUG:colcon.colcon_core.event_handler.log_command:Invoking command in '/home/roy/ros2_packages/ros2_tutorial/build/parameters': CMAKE_PREFIX_PATH=/opt/ros/humble /usr/bin/cmake --install /home/roy/ros2_packages/ros2_tutorial/build/parameters
[0.382s] DEBUG:colcon.colcon_core.event_handler.log_command:Invoking command in '/home/roy/ros2_packages/ros2_tutorial/build/subscriber': CMAKE_PREFIX_PATH=/opt/ros/humble /usr/bin/cmake --install /home/roy/ros2_packages/ros2_tutorial/build/subscriber
[0.397s] Level 1:colcon.colcon_core.environment:create_environment_scripts_only(publisher)
[0.398s] DEBUG:colcon.colcon_core.event_handler.log_command:Invoked command in '/home/roy/ros2_packages/ros2_tutorial/build/publisher' returned '0': CMAKE_PREFIX_PATH=/opt/ros/humble /usr/bin/cmake --install /home/roy/ros2_packages/ros2_tutorial/build/publisher
[0.399s] Level 1:colcon.colcon_core.environment:checking '/home/roy/ros2_packages/ros2_tutorial/install/publisher' for CMake module files
[0.400s] Level 1:colcon.colcon_core.environment:checking '/home/roy/ros2_packages/ros2_tutorial/install/publisher' for CMake config files
[0.400s] Level 1:colcon.colcon_core.shell:create_environment_hook('publisher', 'cmake_prefix_path')
[0.400s] INFO:colcon.colcon_core.shell:Creating environment hook '/home/roy/ros2_packages/ros2_tutorial/install/publisher/share/publisher/hook/cmake_prefix_path.ps1'
[0.401s] INFO:colcon.colcon_core.shell:Creating environment descriptor '/home/roy/ros2_packages/ros2_tutorial/install/publisher/share/publisher/hook/cmake_prefix_path.dsv'
[0.401s] INFO:colcon.colcon_core.shell:Creating environment hook '/home/roy/ros2_packages/ros2_tutorial/install/publisher/share/publisher/hook/cmake_prefix_path.sh'
[0.402s] Level 1:colcon.colcon_core.environment:checking '/home/roy/ros2_packages/ros2_tutorial/install/publisher/lib'
[0.402s] Level 1:colcon.colcon_core.environment:checking '/home/roy/ros2_packages/ros2_tutorial/install/publisher/bin'
[0.402s] Level 1:colcon.colcon_core.environment:checking '/home/roy/ros2_packages/ros2_tutorial/install/publisher/lib/pkgconfig/publisher.pc'
[0.402s] Level 1:colcon.colcon_core.environment:checking '/home/roy/ros2_packages/ros2_tutorial/install/publisher/lib/python3.10/site-packages'
[0.403s] Level 1:colcon.colcon_core.environment:checking '/home/roy/ros2_packages/ros2_tutorial/install/publisher/bin'
[0.403s] INFO:colcon.colcon_core.shell:Creating package script '/home/roy/ros2_packages/ros2_tutorial/install/publisher/share/publisher/package.ps1'
[0.403s] INFO:colcon.colcon_core.shell:Creating package descriptor '/home/roy/ros2_packages/ros2_tutorial/install/publisher/share/publisher/package.dsv'
[0.404s] INFO:colcon.colcon_core.shell:Creating package script '/home/roy/ros2_packages/ros2_tutorial/install/publisher/share/publisher/package.sh'
[0.404s] INFO:colcon.colcon_core.shell:Creating package script '/home/roy/ros2_packages/ros2_tutorial/install/publisher/share/publisher/package.bash'
[0.405s] INFO:colcon.colcon_core.shell:Creating package script '/home/roy/ros2_packages/ros2_tutorial/install/publisher/share/publisher/package.zsh'
[0.406s] Level 1:colcon.colcon_core.environment:create_file_with_runtime_dependencies(/home/roy/ros2_packages/ros2_tutorial/install/publisher/share/colcon-core/packages/publisher)
[0.407s] Level 1:colcon.colcon_core.environment:create_environment_scripts_only(parameters)
[0.407s] Level 1:colcon.colcon_core.environment:checking '/home/roy/ros2_packages/ros2_tutorial/install/parameters' for CMake module files
[0.407s] DEBUG:colcon.colcon_core.event_handler.log_command:Invoked command in '/home/roy/ros2_packages/ros2_tutorial/build/parameters' returned '0': CMAKE_PREFIX_PATH=/opt/ros/humble /usr/bin/cmake --install /home/roy/ros2_packages/ros2_tutorial/build/parameters
[0.408s] Level 1:colcon.colcon_core.environment:checking '/home/roy/ros2_packages/ros2_tutorial/install/parameters' for CMake config files
[0.408s] Level 1:colcon.colcon_core.shell:create_environment_hook('parameters', 'cmake_prefix_path')
[0.408s] INFO:colcon.colcon_core.shell:Creating environment hook '/home/roy/ros2_packages/ros2_tutorial/install/parameters/share/parameters/hook/cmake_prefix_path.ps1'
[0.408s] INFO:colcon.colcon_core.shell:Creating environment descriptor '/home/roy/ros2_packages/ros2_tutorial/install/parameters/share/parameters/hook/cmake_prefix_path.dsv'
[0.409s] INFO:colcon.colcon_core.shell:Creating environment hook '/home/roy/ros2_packages/ros2_tutorial/install/parameters/share/parameters/hook/cmake_prefix_path.sh'
[0.409s] Level 1:colcon.colcon_core.environment:checking '/home/roy/ros2_packages/ros2_tutorial/install/parameters/lib'
[0.409s] Level 1:colcon.colcon_core.environment:checking '/home/roy/ros2_packages/ros2_tutorial/install/parameters/bin'
[0.409s] Level 1:colcon.colcon_core.environment:checking '/home/roy/ros2_packages/ros2_tutorial/install/parameters/lib/pkgconfig/parameters.pc'
[0.409s] Level 1:colcon.colcon_core.environment:checking '/home/roy/ros2_packages/ros2_tutorial/install/parameters/lib/python3.10/site-packages'
[0.410s] Level 1:colcon.colcon_core.environment:checking '/home/roy/ros2_packages/ros2_tutorial/install/parameters/bin'
[0.410s] INFO:colcon.colcon_core.shell:Creating package script '/home/roy/ros2_packages/ros2_tutorial/install/parameters/share/parameters/package.ps1'
[0.410s] INFO:colcon.colcon_core.shell:Creating package descriptor '/home/roy/ros2_packages/ros2_tutorial/install/parameters/share/parameters/package.dsv'
[0.411s] INFO:colcon.colcon_core.shell:Creating package script '/home/roy/ros2_packages/ros2_tutorial/install/parameters/share/parameters/package.sh'
[0.411s] INFO:colcon.colcon_core.shell:Creating package script '/home/roy/ros2_packages/ros2_tutorial/install/parameters/share/parameters/package.bash'
[0.411s] INFO:colcon.colcon_core.shell:Creating package script '/home/roy/ros2_packages/ros2_tutorial/install/parameters/share/parameters/package.zsh'
[0.411s] Level 1:colcon.colcon_core.environment:create_file_with_runtime_dependencies(/home/roy/ros2_packages/ros2_tutorial/install/parameters/share/colcon-core/packages/parameters)
[0.413s] Level 1:colcon.colcon_core.environment:create_environment_scripts_only(subscriber)
[0.413s] Level 1:colcon.colcon_core.environment:checking '/home/roy/ros2_packages/ros2_tutorial/install/subscriber' for CMake module files
[0.413s] DEBUG:colcon.colcon_core.event_handler.log_command:Invoked command in '/home/roy/ros2_packages/ros2_tutorial/build/subscriber' returned '0': CMAKE_PREFIX_PATH=/opt/ros/humble /usr/bin/cmake --install /home/roy/ros2_packages/ros2_tutorial/build/subscriber
[0.414s] Level 1:colcon.colcon_core.environment:checking '/home/roy/ros2_packages/ros2_tutorial/install/subscriber' for CMake config files
[0.414s] Level 1:colcon.colcon_core.shell:create_environment_hook('subscriber', 'cmake_prefix_path')
[0.414s] INFO:colcon.colcon_core.shell:Creating environment hook '/home/roy/ros2_packages/ros2_tutorial/install/subscriber/share/subscriber/hook/cmake_prefix_path.ps1'
[0.414s] INFO:colcon.colcon_core.shell:Creating environment descriptor '/home/roy/ros2_packages/ros2_tutorial/install/subscriber/share/subscriber/hook/cmake_prefix_path.dsv'
[0.415s] INFO:colcon.colcon_core.shell:Creating environment hook '/home/roy/ros2_packages/ros2_tutorial/install/subscriber/share/subscriber/hook/cmake_prefix_path.sh'
[0.415s] Level 1:colcon.colcon_core.environment:checking '/home/roy/ros2_packages/ros2_tutorial/install/subscriber/lib'
[0.415s] Level 1:colcon.colcon_core.environment:checking '/home/roy/ros2_packages/ros2_tutorial/install/subscriber/bin'
[0.415s] Level 1:colcon.colcon_core.environment:checking '/home/roy/ros2_packages/ros2_tutorial/install/subscriber/lib/pkgconfig/subscriber.pc'
[0.415s] Level 1:colcon.colcon_core.environment:checking '/home/roy/ros2_packages/ros2_tutorial/install/subscriber/lib/python3.10/site-packages'
[0.416s] Level 1:colcon.colcon_core.environment:checking '/home/roy/ros2_packages/ros2_tutorial/install/subscriber/bin'
[0.416s] INFO:colcon.colcon_core.shell:Creating package script '/home/roy/ros2_packages/ros2_tutorial/install/subscriber/share/subscriber/package.ps1'
[0.416s] INFO:colcon.colcon_core.shell:Creating package descriptor '/home/roy/ros2_packages/ros2_tutorial/install/subscriber/share/subscriber/package.dsv'
[0.416s] INFO:colcon.colcon_core.shell:Creating package script '/home/roy/ros2_packages/ros2_tutorial/install/subscriber/share/subscriber/package.sh'
[0.417s] INFO:colcon.colcon_core.shell:Creating package script '/home/roy/ros2_packages/ros2_tutorial/install/subscriber/share/subscriber/package.bash'
[0.417s] INFO:colcon.colcon_core.shell:Creating package script '/home/roy/ros2_packages/ros2_tutorial/install/subscriber/share/subscriber/package.zsh'
[0.417s] Level 1:colcon.colcon_core.environment:create_file_with_runtime_dependencies(/home/roy/ros2_packages/ros2_tutorial/install/subscriber/share/colcon-core/packages/subscriber)
[0.430s] Level 1:colcon.colcon_core.environment:create_environment_scripts_only(parameters)
[0.430s] Level 1:colcon.colcon_core.environment:checking '/home/roy/ros2_packages/ros2_tutorial/install/parameters' for CMake module files
[0.430s] Level 1:colcon.colcon_core.environment:checking '/home/roy/ros2_packages/ros2_tutorial/install/parameters' for CMake config files
[0.431s] Level 1:colcon.colcon_core.shell:create_environment_hook('parameters', 'cmake_prefix_path')
[0.431s] INFO:colcon.colcon_core.shell:Creating environment hook '/home/roy/ros2_packages/ros2_tutorial/install/parameters/share/parameters/hook/cmake_prefix_path.ps1'
[0.431s] INFO:colcon.colcon_core.shell:Creating environment descriptor '/home/roy/ros2_packages/ros2_tutorial/install/parameters/share/parameters/hook/cmake_prefix_path.dsv'
[0.432s] INFO:colcon.colcon_core.shell:Creating environment hook '/home/roy/ros2_packages/ros2_tutorial/install/parameters/share/parameters/hook/cmake_prefix_path.sh'
[0.432s] Level 1:colcon.colcon_core.environment:checking '/home/roy/ros2_packages/ros2_tutorial/install/parameters/lib'
[0.432s] Level 1:colcon.colcon_core.environment:checking '/home/roy/ros2_packages/ros2_tutorial/install/parameters/bin'
[0.432s] Level 1:colcon.colcon_core.environment:checking '/home/roy/ros2_packages/ros2_tutorial/install/parameters/lib/pkgconfig/parameters.pc'
[0.432s] Level 1:colcon.colcon_core.environment:checking '/home/roy/ros2_packages/ros2_tutorial/install/parameters/lib/python3.10/site-packages'
[0.432s] Level 1:colcon.colcon_core.environment:checking '/home/roy/ros2_packages/ros2_tutorial/install/parameters/bin'
[0.433s] INFO:colcon.colcon_core.shell:Creating package script '/home/roy/ros2_packages/ros2_tutorial/install/parameters/share/parameters/package.ps1'
[0.433s] INFO:colcon.colcon_core.shell:Creating package descriptor '/home/roy/ros2_packages/ros2_tutorial/install/parameters/share/parameters/package.dsv'
[0.433s] INFO:colcon.colcon_core.shell:Creating package script '/home/roy/ros2_packages/ros2_tutorial/install/parameters/share/parameters/package.sh'
[0.434s] INFO:colcon.colcon_core.shell:Creating package script '/home/roy/ros2_packages/ros2_tutorial/install/parameters/share/parameters/package.bash'
[0.434s] INFO:colcon.colcon_core.shell:Creating package script '/home/roy/ros2_packages/ros2_tutorial/install/parameters/share/parameters/package.zsh'
[0.434s] Level 1:colcon.colcon_core.environment:create_file_with_runtime_dependencies(/home/roy/ros2_packages/ros2_tutorial/install/parameters/share/colcon-core/packages/parameters)
[0.435s] Level 1:colcon.colcon_core.environment:create_environment_scripts_only(publisher)
[0.435s] Level 1:colcon.colcon_core.environment:checking '/home/roy/ros2_packages/ros2_tutorial/install/publisher' for CMake module files
[0.436s] Level 1:colcon.colcon_core.environment:checking '/home/roy/ros2_packages/ros2_tutorial/install/publisher' for CMake config files
[0.436s] Level 1:colcon.colcon_core.shell:create_environment_hook('publisher', 'cmake_prefix_path')
[0.436s] INFO:colcon.colcon_core.shell:Creating environment hook '/home/roy/ros2_packages/ros2_tutorial/install/publisher/share/publisher/hook/cmake_prefix_path.ps1'
[0.436s] INFO:colcon.colcon_core.shell:Creating environment descriptor '/home/roy/ros2_packages/ros2_tutorial/install/publisher/share/publisher/hook/cmake_prefix_path.dsv'
[0.437s] INFO:colcon.colcon_core.shell:Creating environment hook '/home/roy/ros2_packages/ros2_tutorial/install/publisher/share/publisher/hook/cmake_prefix_path.sh'
[0.437s] Level 1:colcon.colcon_core.environment:checking '/home/roy/ros2_packages/ros2_tutorial/install/publisher/lib'
[0.437s] Level 1:colcon.colcon_core.environment:checking '/home/roy/ros2_packages/ros2_tutorial/install/publisher/bin'
[0.437s] Level 1:colcon.colcon_core.environment:checking '/home/roy/ros2_packages/ros2_tutorial/install/publisher/lib/pkgconfig/publisher.pc'
[0.437s] Level 1:colcon.colcon_core.environment:checking '/home/roy/ros2_packages/ros2_tutorial/install/publisher/lib/python3.10/site-packages'
[0.438s] Level 1:colcon.colcon_core.environment:checking '/home/roy/ros2_packages/ros2_tutorial/install/publisher/bin'
[0.438s] INFO:colcon.colcon_core.shell:Creating package script '/home/roy/ros2_packages/ros2_tutorial/install/publisher/share/publisher/package.ps1'
[0.438s] INFO:colcon.colcon_core.shell:Creating package descriptor '/home/roy/ros2_packages/ros2_tutorial/install/publisher/share/publisher/package.dsv'
[0.439s] INFO:colcon.colcon_core.shell:Creating package script '/home/roy/ros2_packages/ros2_tutorial/install/publisher/share/publisher/package.sh'
[0.439s] INFO:colcon.colcon_core.shell:Creating package script '/home/roy/ros2_packages/ros2_tutorial/install/publisher/share/publisher/package.bash'
[0.439s] INFO:colcon.colcon_core.shell:Creating package script '/home/roy/ros2_packages/ros2_tutorial/install/publisher/share/publisher/package.zsh'
[0.439s] Level 1:colcon.colcon_core.environment:create_file_with_runtime_dependencies(/home/roy/ros2_packages/ros2_tutorial/install/publisher/share/colcon-core/packages/publisher)
[0.440s] Level 1:colcon.colcon_core.environment:create_environment_scripts_only(subscriber)
[0.440s] Level 1:colcon.colcon_core.environment:checking '/home/roy/ros2_packages/ros2_tutorial/install/subscriber' for CMake module files
[0.441s] Level 1:colcon.colcon_core.environment:checking '/home/roy/ros2_packages/ros2_tutorial/install/subscriber' for CMake config files
[0.441s] Level 1:colcon.colcon_core.shell:create_environment_hook('subscriber', 'cmake_prefix_path')
[0.441s] INFO:colcon.colcon_core.shell:Creating environment hook '/home/roy/ros2_packages/ros2_tutorial/install/subscriber/share/subscriber/hook/cmake_prefix_path.ps1'
[0.441s] INFO:colcon.colcon_core.shell:Creating environment descriptor '/home/roy/ros2_packages/ros2_tutorial/install/subscriber/share/subscriber/hook/cmake_prefix_path.dsv'
[0.442s] INFO:colcon.colcon_core.shell:Creating environment hook '/home/roy/ros2_packages/ros2_tutorial/install/subscriber/share/subscriber/hook/cmake_prefix_path.sh'
[0.442s] Level 1:colcon.colcon_core.environment:checking '/home/roy/ros2_packages/ros2_tutorial/install/subscriber/lib'
[0.442s] Level 1:colcon.colcon_core.environment:checking '/home/roy/ros2_packages/ros2_tutorial/install/subscriber/bin'
[0.442s] Level 1:colcon.colcon_core.environment:checking '/home/roy/ros2_packages/ros2_tutorial/install/subscriber/lib/pkgconfig/subscriber.pc'
[0.442s] Level 1:colcon.colcon_core.environment:checking '/home/roy/ros2_packages/ros2_tutorial/install/subscriber/lib/python3.10/site-packages'
[0.443s] Level 1:colcon.colcon_core.environment:checking '/home/roy/ros2_packages/ros2_tutorial/install/subscriber/bin'
[0.443s] INFO:colcon.colcon_core.shell:Creating package script '/home/roy/ros2_packages/ros2_tutorial/install/subscriber/share/subscriber/package.ps1'
[0.443s] INFO:colcon.colcon_core.shell:Creating package descriptor '/home/roy/ros2_packages/ros2_tutorial/install/subscriber/share/subscriber/package.dsv'
[0.444s] INFO:colcon.colcon_core.shell:Creating package script '/home/roy/ros2_packages/ros2_tutorial/install/subscriber/share/subscriber/package.sh'
[0.444s] INFO:colcon.colcon_core.shell:Creating package script '/home/roy/ros2_packages/ros2_tutorial/install/subscriber/share/subscriber/package.bash'
[0.444s] INFO:colcon.colcon_core.shell:Creating package script '/home/roy/ros2_packages/ros2_tutorial/install/subscriber/share/subscriber/package.zsh'
[0.444s] Level 1:colcon.colcon_core.environment:create_file_with_runtime_dependencies(/home/roy/ros2_packages/ros2_tutorial/install/subscriber/share/colcon-core/packages/subscriber)
[0.576s] DEBUG:colcon.colcon_core.event_handler.log_command:Invoked command in '/home/roy/ros2_packages/ros2_tutorial/build/interfaces' returned '0': CMAKE_PREFIX_PATH=/opt/ros/humble /usr/bin/cmake --build /home/roy/ros2_packages/ros2_tutorial/build/interfaces -- -j8 -l8
[0.622s] DEBUG:colcon.colcon_core.event_handler.log_command:Invoking command in '/home/roy/ros2_packages/ros2_tutorial/build/interfaces': CMAKE_PREFIX_PATH=/opt/ros/humble /usr/bin/cmake --install /home/roy/ros2_packages/ros2_tutorial/build/interfaces
[0.681s] Level 1:colcon.colcon_core.environment:create_environment_scripts_only(interfaces)
[0.682s] Level 1:colcon.colcon_core.environment:checking '/home/roy/ros2_packages/ros2_tutorial/install/interfaces' for CMake module files
[0.682s] DEBUG:colcon.colcon_core.event_handler.log_command:Invoked command in '/home/roy/ros2_packages/ros2_tutorial/build/interfaces' returned '0': CMAKE_PREFIX_PATH=/opt/ros/humble /usr/bin/cmake --install /home/roy/ros2_packages/ros2_tutorial/build/interfaces
[0.682s] Level 1:colcon.colcon_core.environment:checking '/home/roy/ros2_packages/ros2_tutorial/install/interfaces' for CMake config files
[0.683s] Level 1:colcon.colcon_core.shell:create_environment_hook('interfaces', 'cmake_prefix_path')
[0.683s] INFO:colcon.colcon_core.shell:Creating environment hook '/home/roy/ros2_packages/ros2_tutorial/install/interfaces/share/interfaces/hook/cmake_prefix_path.ps1'
[0.683s] INFO:colcon.colcon_core.shell:Creating environment descriptor '/home/roy/ros2_packages/ros2_tutorial/install/interfaces/share/interfaces/hook/cmake_prefix_path.dsv'
[0.684s] INFO:colcon.colcon_core.shell:Creating environment hook '/home/roy/ros2_packages/ros2_tutorial/install/interfaces/share/interfaces/hook/cmake_prefix_path.sh'
[0.684s] Level 1:colcon.colcon_core.environment:checking '/home/roy/ros2_packages/ros2_tutorial/install/interfaces/lib'
[0.684s] Level 1:colcon.colcon_core.shell:create_environment_hook('interfaces', 'ld_library_path_lib')
[0.685s] INFO:colcon.colcon_core.shell:Creating environment hook '/home/roy/ros2_packages/ros2_tutorial/install/interfaces/share/interfaces/hook/ld_library_path_lib.ps1'
[0.685s] INFO:colcon.colcon_core.shell:Creating environment descriptor '/home/roy/ros2_packages/ros2_tutorial/install/interfaces/share/interfaces/hook/ld_library_path_lib.dsv'
[0.685s] INFO:colcon.colcon_core.shell:Creating environment hook '/home/roy/ros2_packages/ros2_tutorial/install/interfaces/share/interfaces/hook/ld_library_path_lib.sh'
[0.685s] Level 1:colcon.colcon_core.environment:checking '/home/roy/ros2_packages/ros2_tutorial/install/interfaces/bin'
[0.685s] Level 1:colcon.colcon_core.environment:checking '/home/roy/ros2_packages/ros2_tutorial/install/interfaces/lib/pkgconfig/interfaces.pc'
[0.686s] Level 1:colcon.colcon_core.environment:checking '/home/roy/ros2_packages/ros2_tutorial/install/interfaces/lib/python3.10/site-packages'
[0.686s] Level 1:colcon.colcon_core.environment:checking '/home/roy/ros2_packages/ros2_tutorial/install/interfaces/bin'
[0.686s] INFO:colcon.colcon_core.shell:Creating package script '/home/roy/ros2_packages/ros2_tutorial/install/interfaces/share/interfaces/package.ps1'
[0.686s] INFO:colcon.colcon_core.shell:Creating package descriptor '/home/roy/ros2_packages/ros2_tutorial/install/interfaces/share/interfaces/package.dsv'
[0.687s] INFO:colcon.colcon_core.shell:Creating package script '/home/roy/ros2_packages/ros2_tutorial/install/interfaces/share/interfaces/package.sh'
[0.687s] INFO:colcon.colcon_core.shell:Creating package script '/home/roy/ros2_packages/ros2_tutorial/install/interfaces/share/interfaces/package.bash'
[0.687s] INFO:colcon.colcon_core.shell:Creating package script '/home/roy/ros2_packages/ros2_tutorial/install/interfaces/share/interfaces/package.zsh'
[0.687s] Level 1:colcon.colcon_core.environment:create_file_with_runtime_dependencies(/home/roy/ros2_packages/ros2_tutorial/install/interfaces/share/colcon-core/packages/interfaces)
[0.731s] Level 1:colcon.colcon_core.environment:create_environment_scripts_only(interfaces)
[0.732s] Level 1:colcon.colcon_core.environment:checking '/home/roy/ros2_packages/ros2_tutorial/install/interfaces' for CMake module files
[0.732s] Level 1:colcon.colcon_core.environment:checking '/home/roy/ros2_packages/ros2_tutorial/install/interfaces' for CMake config files
[0.733s] Level 1:colcon.colcon_core.shell:create_environment_hook('interfaces', 'cmake_prefix_path')
[0.733s] INFO:colcon.colcon_core.shell:Creating environment hook '/home/roy/ros2_packages/ros2_tutorial/install/interfaces/share/interfaces/hook/cmake_prefix_path.ps1'
[0.733s] INFO:colcon.colcon_core.shell:Creating environment descriptor '/home/roy/ros2_packages/ros2_tutorial/install/interfaces/share/interfaces/hook/cmake_prefix_path.dsv'
[0.733s] INFO:colcon.colcon_core.shell:Creating environment hook '/home/roy/ros2_packages/ros2_tutorial/install/interfaces/share/interfaces/hook/cmake_prefix_path.sh'
[0.734s] Level 1:colcon.colcon_core.environment:checking '/home/roy/ros2_packages/ros2_tutorial/install/interfaces/lib'
[0.734s] Level 1:colcon.colcon_core.shell:create_environment_hook('interfaces', 'ld_library_path_lib')
[0.734s] INFO:colcon.colcon_core.shell:Creating environment hook '/home/roy/ros2_packages/ros2_tutorial/install/interfaces/share/interfaces/hook/ld_library_path_lib.ps1'
[0.735s] INFO:colcon.colcon_core.shell:Creating environment descriptor '/home/roy/ros2_packages/ros2_tutorial/install/interfaces/share/interfaces/hook/ld_library_path_lib.dsv'
[0.735s] INFO:colcon.colcon_core.shell:Creating environment hook '/home/roy/ros2_packages/ros2_tutorial/install/interfaces/share/interfaces/hook/ld_library_path_lib.sh'
[0.735s] Level 1:colcon.colcon_core.environment:checking '/home/roy/ros2_packages/ros2_tutorial/install/interfaces/bin'
[0.735s] Level 1:colcon.colcon_core.environment:checking '/home/roy/ros2_packages/ros2_tutorial/install/interfaces/lib/pkgconfig/interfaces.pc'
[0.735s] Level 1:colcon.colcon_core.environment:checking '/home/roy/ros2_packages/ros2_tutorial/install/interfaces/lib/python3.10/site-packages'
[0.736s] Level 1:colcon.colcon_core.environment:checking '/home/roy/ros2_packages/ros2_tutorial/install/interfaces/bin'
[0.736s] INFO:colcon.colcon_core.shell:Creating package script '/home/roy/ros2_packages/ros2_tutorial/install/interfaces/share/interfaces/package.ps1'
[0.736s] INFO:colcon.colcon_core.shell:Creating package descriptor '/home/roy/ros2_packages/ros2_tutorial/install/interfaces/share/interfaces/package.dsv'
[0.737s] INFO:colcon.colcon_core.shell:Creating package script '/home/roy/ros2_packages/ros2_tutorial/install/interfaces/share/interfaces/package.sh'
[0.737s] INFO:colcon.colcon_core.shell:Creating package script '/home/roy/ros2_packages/ros2_tutorial/install/interfaces/share/interfaces/package.bash'
[0.737s] INFO:colcon.colcon_core.shell:Creating package script '/home/roy/ros2_packages/ros2_tutorial/install/interfaces/share/interfaces/package.zsh'
[0.738s] Level 1:colcon.colcon_core.environment:create_file_with_runtime_dependencies(/home/roy/ros2_packages/ros2_tutorial/install/interfaces/share/colcon-core/packages/interfaces)
[0.738s] INFO:colcon.colcon_ros.task.ament_cmake.build:Building ROS package in '/home/roy/ros2_packages/ros2_tutorial/src/service_client' with build type 'ament_cmake'
[0.738s] INFO:colcon.colcon_cmake.task.cmake.build:Building CMake package in '/home/roy/ros2_packages/ros2_tutorial/src/service_client'
[0.738s] INFO:colcon.colcon_core.shell:Skip shell extension 'powershell' for command environment: Not usable outside of PowerShell
[0.738s] DEBUG:colcon.colcon_core.shell:Skip shell extension 'dsv' for command environment
[0.741s] INFO:colcon.colcon_ros.task.ament_cmake.build:Building ROS package in '/home/roy/ros2_packages/ros2_tutorial/src/service_server' with build type 'ament_cmake'
[0.741s] INFO:colcon.colcon_cmake.task.cmake.build:Building CMake package in '/home/roy/ros2_packages/ros2_tutorial/src/service_server'
[0.741s] INFO:colcon.colcon_core.shell:Skip shell extension 'powershell' for command environment: Not usable outside of PowerShell
[0.741s] DEBUG:colcon.colcon_core.shell:Skip shell extension 'dsv' for command environment
[0.747s] DEBUG:colcon.colcon_core.event_handler.log_command:Invoking command in '/home/roy/ros2_packages/ros2_tutorial/build/service_client': AMENT_PREFIX_PATH=/home/roy/ros2_packages/ros2_tutorial/install/interfaces:${AMENT_PREFIX_PATH} CMAKE_PREFIX_PATH=/home/roy/ros2_packages/ros2_tutorial/install/interfaces:/opt/ros/humble LD_LIBRARY_PATH=/home/roy/ros2_packages/ros2_tutorial/install/interfaces/lib:${LD_LIBRARY_PATH} PYTHONPATH=/home/roy/ros2_packages/ros2_tutorial/install/interfaces/local/lib/python3.10/dist-packages:${PYTHONPATH} /usr/bin/cmake --build /home/roy/ros2_packages/ros2_tutorial/build/service_client -- -j8 -l8
[0.749s] DEBUG:colcon.colcon_core.event_handler.log_command:Invoking command in '/home/roy/ros2_packages/ros2_tutorial/build/service_server': AMENT_PREFIX_PATH=/home/roy/ros2_packages/ros2_tutorial/install/interfaces:${AMENT_PREFIX_PATH} CMAKE_PREFIX_PATH=/home/roy/ros2_packages/ros2_tutorial/install/interfaces:/opt/ros/humble LD_LIBRARY_PATH=/home/roy/ros2_packages/ros2_tutorial/install/interfaces/lib:${LD_LIBRARY_PATH} PYTHONPATH=/home/roy/ros2_packages/ros2_tutorial/install/interfaces/local/lib/python3.10/dist-packages:${PYTHONPATH} /usr/bin/cmake --build /home/roy/ros2_packages/ros2_tutorial/build/service_server -- -j8 -l8
[0.804s] DEBUG:colcon.colcon_core.event_handler.log_command:Invoked command in '/home/roy/ros2_packages/ros2_tutorial/build/service_client' returned '0': AMENT_PREFIX_PATH=/home/roy/ros2_packages/ros2_tutorial/install/interfaces:${AMENT_PREFIX_PATH} CMAKE_PREFIX_PATH=/home/roy/ros2_packages/ros2_tutorial/install/interfaces:/opt/ros/humble LD_LIBRARY_PATH=/home/roy/ros2_packages/ros2_tutorial/install/interfaces/lib:${LD_LIBRARY_PATH} PYTHONPATH=/home/roy/ros2_packages/ros2_tutorial/install/interfaces/local/lib/python3.10/dist-packages:${PYTHONPATH} /usr/bin/cmake --build /home/roy/ros2_packages/ros2_tutorial/build/service_client -- -j8 -l8
[0.805s] DEBUG:colcon.colcon_core.event_handler.log_command:Invoked command in '/home/roy/ros2_packages/ros2_tutorial/build/service_server' returned '0': AMENT_PREFIX_PATH=/home/roy/ros2_packages/ros2_tutorial/install/interfaces:${AMENT_PREFIX_PATH} CMAKE_PREFIX_PATH=/home/roy/ros2_packages/ros2_tutorial/install/interfaces:/opt/ros/humble LD_LIBRARY_PATH=/home/roy/ros2_packages/ros2_tutorial/install/interfaces/lib:${LD_LIBRARY_PATH} PYTHONPATH=/home/roy/ros2_packages/ros2_tutorial/install/interfaces/local/lib/python3.10/dist-packages:${PYTHONPATH} /usr/bin/cmake --build /home/roy/ros2_packages/ros2_tutorial/build/service_server -- -j8 -l8
[0.825s] DEBUG:colcon.colcon_core.event_handler.log_command:Invoking command in '/home/roy/ros2_packages/ros2_tutorial/build/service_client': AMENT_PREFIX_PATH=/home/roy/ros2_packages/ros2_tutorial/install/interfaces:${AMENT_PREFIX_PATH} CMAKE_PREFIX_PATH=/home/roy/ros2_packages/ros2_tutorial/install/interfaces:/opt/ros/humble LD_LIBRARY_PATH=/home/roy/ros2_packages/ros2_tutorial/install/interfaces/lib:${LD_LIBRARY_PATH} PYTHONPATH=/home/roy/ros2_packages/ros2_tutorial/install/interfaces/local/lib/python3.10/dist-packages:${PYTHONPATH} /usr/bin/cmake --install /home/roy/ros2_packages/ros2_tutorial/build/service_client
[0.827s] DEBUG:colcon.colcon_core.event_handler.log_command:Invoking command in '/home/roy/ros2_packages/ros2_tutorial/build/service_server': AMENT_PREFIX_PATH=/home/roy/ros2_packages/ros2_tutorial/install/interfaces:${AMENT_PREFIX_PATH} CMAKE_PREFIX_PATH=/home/roy/ros2_packages/ros2_tutorial/install/interfaces:/opt/ros/humble LD_LIBRARY_PATH=/home/roy/ros2_packages/ros2_tutorial/install/interfaces/lib:${LD_LIBRARY_PATH} PYTHONPATH=/home/roy/ros2_packages/ros2_tutorial/install/interfaces/local/lib/python3.10/dist-packages:${PYTHONPATH} /usr/bin/cmake --install /home/roy/ros2_packages/ros2_tutorial/build/service_server
[0.843s] Level 1:colcon.colcon_core.environment:create_environment_scripts_only(service_client)
[0.843s] Level 1:colcon.colcon_core.environment:checking '/home/roy/ros2_packages/ros2_tutorial/install/service_client' for CMake module files
[0.844s] DEBUG:colcon.colcon_core.event_handler.log_command:Invoked command in '/home/roy/ros2_packages/ros2_tutorial/build/service_client' returned '0': AMENT_PREFIX_PATH=/home/roy/ros2_packages/ros2_tutorial/install/interfaces:${AMENT_PREFIX_PATH} CMAKE_PREFIX_PATH=/home/roy/ros2_packages/ros2_tutorial/install/interfaces:/opt/ros/humble LD_LIBRARY_PATH=/home/roy/ros2_packages/ros2_tutorial/install/interfaces/lib:${LD_LIBRARY_PATH} PYTHONPATH=/home/roy/ros2_packages/ros2_tutorial/install/interfaces/local/lib/python3.10/dist-packages:${PYTHONPATH} /usr/bin/cmake --install /home/roy/ros2_packages/ros2_tutorial/build/service_client
[0.844s] Level 1:colcon.colcon_core.environment:checking '/home/roy/ros2_packages/ros2_tutorial/install/service_client' for CMake config files
[0.844s] Level 1:colcon.colcon_core.shell:create_environment_hook('service_client', 'cmake_prefix_path')
[0.845s] INFO:colcon.colcon_core.shell:Creating environment hook '/home/roy/ros2_packages/ros2_tutorial/install/service_client/share/service_client/hook/cmake_prefix_path.ps1'
[0.845s] INFO:colcon.colcon_core.shell:Creating environment descriptor '/home/roy/ros2_packages/ros2_tutorial/install/service_client/share/service_client/hook/cmake_prefix_path.dsv'
[0.845s] INFO:colcon.colcon_core.shell:Creating environment hook '/home/roy/ros2_packages/ros2_tutorial/install/service_client/share/service_client/hook/cmake_prefix_path.sh'
[0.846s] Level 1:colcon.colcon_core.environment:checking '/home/roy/ros2_packages/ros2_tutorial/install/service_client/lib'
[0.846s] Level 1:colcon.colcon_core.environment:checking '/home/roy/ros2_packages/ros2_tutorial/install/service_client/bin'
[0.846s] Level 1:colcon.colcon_core.environment:checking '/home/roy/ros2_packages/ros2_tutorial/install/service_client/lib/pkgconfig/service_client.pc'
[0.846s] Level 1:colcon.colcon_core.environment:checking '/home/roy/ros2_packages/ros2_tutorial/install/service_client/lib/python3.10/site-packages'
[0.846s] Level 1:colcon.colcon_core.environment:checking '/home/roy/ros2_packages/ros2_tutorial/install/service_client/bin'
[0.846s] INFO:colcon.colcon_core.shell:Creating package script '/home/roy/ros2_packages/ros2_tutorial/install/service_client/share/service_client/package.ps1'
[0.847s] INFO:colcon.colcon_core.shell:Creating package descriptor '/home/roy/ros2_packages/ros2_tutorial/install/service_client/share/service_client/package.dsv'
[0.847s] INFO:colcon.colcon_core.shell:Creating package script '/home/roy/ros2_packages/ros2_tutorial/install/service_client/share/service_client/package.sh'
[0.847s] INFO:colcon.colcon_core.shell:Creating package script '/home/roy/ros2_packages/ros2_tutorial/install/service_client/share/service_client/package.bash'
[0.848s] INFO:colcon.colcon_core.shell:Creating package script '/home/roy/ros2_packages/ros2_tutorial/install/service_client/share/service_client/package.zsh'
[0.848s] Level 1:colcon.colcon_core.environment:create_file_with_runtime_dependencies(/home/roy/ros2_packages/ros2_tutorial/install/service_client/share/colcon-core/packages/service_client)
[0.849s] Level 1:colcon.colcon_core.environment:create_environment_scripts_only(service_server)
[0.849s] Level 1:colcon.colcon_core.environment:checking '/home/roy/ros2_packages/ros2_tutorial/install/service_server' for CMake module files
[0.850s] DEBUG:colcon.colcon_core.event_handler.log_command:Invoked command in '/home/roy/ros2_packages/ros2_tutorial/build/service_server' returned '0': AMENT_PREFIX_PATH=/home/roy/ros2_packages/ros2_tutorial/install/interfaces:${AMENT_PREFIX_PATH} CMAKE_PREFIX_PATH=/home/roy/ros2_packages/ros2_tutorial/install/interfaces:/opt/ros/humble LD_LIBRARY_PATH=/home/roy/ros2_packages/ros2_tutorial/install/interfaces/lib:${LD_LIBRARY_PATH} PYTHONPATH=/home/roy/ros2_packages/ros2_tutorial/install/interfaces/local/lib/python3.10/dist-packages:${PYTHONPATH} /usr/bin/cmake --install /home/roy/ros2_packages/ros2_tutorial/build/service_server
[0.850s] Level 1:colcon.colcon_core.environment:checking '/home/roy/ros2_packages/ros2_tutorial/install/service_server' for CMake config files
[0.850s] Level 1:colcon.colcon_core.shell:create_environment_hook('service_server', 'cmake_prefix_path')
[0.851s] INFO:colcon.colcon_core.shell:Creating environment hook '/home/roy/ros2_packages/ros2_tutorial/install/service_server/share/service_server/hook/cmake_prefix_path.ps1'
[0.851s] INFO:colcon.colcon_core.shell:Creating environment descriptor '/home/roy/ros2_packages/ros2_tutorial/install/service_server/share/service_server/hook/cmake_prefix_path.dsv'
[0.851s] INFO:colcon.colcon_core.shell:Creating environment hook '/home/roy/ros2_packages/ros2_tutorial/install/service_server/share/service_server/hook/cmake_prefix_path.sh'
[0.852s] Level 1:colcon.colcon_core.environment:checking '/home/roy/ros2_packages/ros2_tutorial/install/service_server/lib'
[0.852s] Level 1:colcon.colcon_core.environment:checking '/home/roy/ros2_packages/ros2_tutorial/install/service_server/bin'
[0.852s] Level 1:colcon.colcon_core.environment:checking '/home/roy/ros2_packages/ros2_tutorial/install/service_server/lib/pkgconfig/service_server.pc'
[0.852s] Level 1:colcon.colcon_core.environment:checking '/home/roy/ros2_packages/ros2_tutorial/install/service_server/lib/python3.10/site-packages'
[0.852s] Level 1:colcon.colcon_core.environment:checking '/home/roy/ros2_packages/ros2_tutorial/install/service_server/bin'
[0.852s] INFO:colcon.colcon_core.shell:Creating package script '/home/roy/ros2_packages/ros2_tutorial/install/service_server/share/service_server/package.ps1'
[0.853s] INFO:colcon.colcon_core.shell:Creating package descriptor '/home/roy/ros2_packages/ros2_tutorial/install/service_server/share/service_server/package.dsv'
[0.853s] INFO:colcon.colcon_core.shell:Creating package script '/home/roy/ros2_packages/ros2_tutorial/install/service_server/share/service_server/package.sh'
[0.853s] INFO:colcon.colcon_core.shell:Creating package script '/home/roy/ros2_packages/ros2_tutorial/install/service_server/share/service_server/package.bash'
[0.854s] INFO:colcon.colcon_core.shell:Creating package script '/home/roy/ros2_packages/ros2_tutorial/install/service_server/share/service_server/package.zsh'
[0.854s] Level 1:colcon.colcon_core.environment:create_file_with_runtime_dependencies(/home/roy/ros2_packages/ros2_tutorial/install/service_server/share/colcon-core/packages/service_server)
[0.869s] Level 1:colcon.colcon_core.environment:create_environment_scripts_only(service_client)
[0.869s] Level 1:colcon.colcon_core.environment:checking '/home/roy/ros2_packages/ros2_tutorial/install/service_client' for CMake module files
[0.870s] Level 1:colcon.colcon_core.environment:checking '/home/roy/ros2_packages/ros2_tutorial/install/service_client' for CMake config files
[0.870s] Level 1:colcon.colcon_core.shell:create_environment_hook('service_client', 'cmake_prefix_path')
[0.870s] INFO:colcon.colcon_core.shell:Creating environment hook '/home/roy/ros2_packages/ros2_tutorial/install/service_client/share/service_client/hook/cmake_prefix_path.ps1'
[0.871s] INFO:colcon.colcon_core.shell:Creating environment descriptor '/home/roy/ros2_packages/ros2_tutorial/install/service_client/share/service_client/hook/cmake_prefix_path.dsv'
[0.871s] INFO:colcon.colcon_core.shell:Creating environment hook '/home/roy/ros2_packages/ros2_tutorial/install/service_client/share/service_client/hook/cmake_prefix_path.sh'
[0.871s] Level 1:colcon.colcon_core.environment:checking '/home/roy/ros2_packages/ros2_tutorial/install/service_client/lib'
[0.871s] Level 1:colcon.colcon_core.environment:checking '/home/roy/ros2_packages/ros2_tutorial/install/service_client/bin'
[0.871s] Level 1:colcon.colcon_core.environment:checking '/home/roy/ros2_packages/ros2_tutorial/install/service_client/lib/pkgconfig/service_client.pc'
[0.872s] Level 1:colcon.colcon_core.environment:checking '/home/roy/ros2_packages/ros2_tutorial/install/service_client/lib/python3.10/site-packages'
[0.872s] Level 1:colcon.colcon_core.environment:checking '/home/roy/ros2_packages/ros2_tutorial/install/service_client/bin'
[0.872s] INFO:colcon.colcon_core.shell:Creating package script '/home/roy/ros2_packages/ros2_tutorial/install/service_client/share/service_client/package.ps1'
[0.872s] INFO:colcon.colcon_core.shell:Creating package descriptor '/home/roy/ros2_packages/ros2_tutorial/install/service_client/share/service_client/package.dsv'
[0.873s] INFO:colcon.colcon_core.shell:Creating package script '/home/roy/ros2_packages/ros2_tutorial/install/service_client/share/service_client/package.sh'
[0.873s] INFO:colcon.colcon_core.shell:Creating package script '/home/roy/ros2_packages/ros2_tutorial/install/service_client/share/service_client/package.bash'
[0.874s] INFO:colcon.colcon_core.shell:Creating package script '/home/roy/ros2_packages/ros2_tutorial/install/service_client/share/service_client/package.zsh'
[0.874s] Level 1:colcon.colcon_core.environment:create_file_with_runtime_dependencies(/home/roy/ros2_packages/ros2_tutorial/install/service_client/share/colcon-core/packages/service_client)
[0.875s] Level 1:colcon.colcon_core.environment:create_environment_scripts_only(service_server)
[0.875s] Level 1:colcon.colcon_core.environment:checking '/home/roy/ros2_packages/ros2_tutorial/install/service_server' for CMake module files
[0.876s] Level 1:colcon.colcon_core.environment:checking '/home/roy/ros2_packages/ros2_tutorial/install/service_server' for CMake config files
[0.876s] Level 1:colcon.colcon_core.shell:create_environment_hook('service_server', 'cmake_prefix_path')
[0.876s] INFO:colcon.colcon_core.shell:Creating environment hook '/home/roy/ros2_packages/ros2_tutorial/install/service_server/share/service_server/hook/cmake_prefix_path.ps1'
[0.876s] INFO:colcon.colcon_core.shell:Creating environment descriptor '/home/roy/ros2_packages/ros2_tutorial/install/service_server/share/service_server/hook/cmake_prefix_path.dsv'
[0.877s] INFO:colcon.colcon_core.shell:Creating environment hook '/home/roy/ros2_packages/ros2_tutorial/install/service_server/share/service_server/hook/cmake_prefix_path.sh'
[0.877s] Level 1:colcon.colcon_core.environment:checking '/home/roy/ros2_packages/ros2_tutorial/install/service_server/lib'
[0.877s] Level 1:colcon.colcon_core.environment:checking '/home/roy/ros2_packages/ros2_tutorial/install/service_server/bin'
[0.877s] Level 1:colcon.colcon_core.environment:checking '/home/roy/ros2_packages/ros2_tutorial/install/service_server/lib/pkgconfig/service_server.pc'
[0.877s] Level 1:colcon.colcon_core.environment:checking '/home/roy/ros2_packages/ros2_tutorial/install/service_server/lib/python3.10/site-packages'
[0.878s] Level 1:colcon.colcon_core.environment:checking '/home/roy/ros2_packages/ros2_tutorial/install/service_server/bin'
[0.878s] INFO:colcon.colcon_core.shell:Creating package script '/home/roy/ros2_packages/ros2_tutorial/install/service_server/share/service_server/package.ps1'
[0.878s] INFO:colcon.colcon_core.shell:Creating package descriptor '/home/roy/ros2_packages/ros2_tutorial/install/service_server/share/service_server/package.dsv'
[0.879s] INFO:colcon.colcon_core.shell:Creating package script '/home/roy/ros2_packages/ros2_tutorial/install/service_server/share/service_server/package.sh'
[0.879s] INFO:colcon.colcon_core.shell:Creating package script '/home/roy/ros2_packages/ros2_tutorial/install/service_server/share/service_server/package.bash'
[0.879s] INFO:colcon.colcon_core.shell:Creating package script '/home/roy/ros2_packages/ros2_tutorial/install/service_server/share/service_server/package.zsh'
[0.879s] Level 1:colcon.colcon_core.environment:create_file_with_runtime_dependencies(/home/roy/ros2_packages/ros2_tutorial/install/service_server/share/colcon-core/packages/service_server)
[0.880s] DEBUG:colcon.colcon_parallel_executor.executor.parallel:closing loop
[0.880s] DEBUG:colcon.colcon_parallel_executor.executor.parallel:loop closed
[0.880s] DEBUG:colcon.colcon_parallel_executor.executor.parallel:run_until_complete finished with '0'
[0.880s] DEBUG:colcon.colcon_core.event_reactor:joining thread
[0.884s] INFO:colcon.colcon_core.plugin_system:Skipping extension 'colcon_notification.desktop_notification.terminal_notifier': Not used on non-Darwin systems
[0.884s] INFO:colcon.colcon_core.plugin_system:Skipping extension 'colcon_notification.desktop_notification.win32': Not used on non-Windows systems
[0.885s] INFO:colcon.colcon_notification.desktop_notification:Sending desktop notification using 'notify2'
[0.893s] DEBUG:colcon.colcon_core.event_reactor:joined thread
[0.893s] INFO:colcon.colcon_core.shell:Creating prefix script '/home/roy/ros2_packages/ros2_tutorial/install/local_setup.ps1'
[0.894s] INFO:colcon.colcon_core.shell:Creating prefix util module '/home/roy/ros2_packages/ros2_tutorial/install/_local_setup_util_ps1.py'
[0.895s] INFO:colcon.colcon_core.shell:Creating prefix chain script '/home/roy/ros2_packages/ros2_tutorial/install/setup.ps1'
[0.896s] INFO:colcon.colcon_core.shell:Creating prefix script '/home/roy/ros2_packages/ros2_tutorial/install/local_setup.sh'
[0.897s] INFO:colcon.colcon_core.shell:Creating prefix util module '/home/roy/ros2_packages/ros2_tutorial/install/_local_setup_util_sh.py'
[0.897s] INFO:colcon.colcon_core.shell:Creating prefix chain script '/home/roy/ros2_packages/ros2_tutorial/install/setup.sh'
[0.898s] INFO:colcon.colcon_core.shell:Creating prefix script '/home/roy/ros2_packages/ros2_tutorial/install/local_setup.bash'
[0.898s] INFO:colcon.colcon_core.shell:Creating prefix chain script '/home/roy/ros2_packages/ros2_tutorial/install/setup.bash'
[0.899s] INFO:colcon.colcon_core.shell:Creating prefix script '/home/roy/ros2_packages/ros2_tutorial/install/local_setup.zsh'
[0.899s] INFO:colcon.colcon_core.shell:Creating prefix chain script '/home/roy/ros2_packages/ros2_tutorial/install/setup.zsh'
