[35m[1mConsolidate compiler generated dependencies of target parameters[0m
[100%] Built target parameters
-- Install configuration: ""
-- Execute custom install script
-- Up-to-date symlink: /home/roy/ros2_packages/ros2_tutorial/install/parameters/lib/parameters/parameters
-- Up-to-date symlink: /home/roy/ros2_packages/ros2_tutorial/install/parameters/share/ament_index/resource_index/package_run_dependencies/parameters
-- Up-to-date symlink: /home/roy/ros2_packages/ros2_tutorial/install/parameters/share/ament_index/resource_index/parent_prefix_path/parameters
-- Up-to-date symlink: /home/roy/ros2_packages/ros2_tutorial/install/parameters/share/parameters/environment/ament_prefix_path.sh
-- Up-to-date symlink: /home/roy/ros2_packages/ros2_tutorial/install/parameters/share/parameters/environment/ament_prefix_path.dsv
-- Up-to-date symlink: /home/roy/ros2_packages/ros2_tutorial/install/parameters/share/parameters/environment/path.sh
-- Up-to-date symlink: /home/roy/ros2_packages/ros2_tutorial/install/parameters/share/parameters/environment/path.dsv
-- Up-to-date symlink: /home/roy/ros2_packages/ros2_tutorial/install/parameters/share/parameters/local_setup.bash
-- Up-to-date symlink: /home/roy/ros2_packages/ros2_tutorial/install/parameters/share/parameters/local_setup.sh
-- Up-to-date symlink: /home/roy/ros2_packages/ros2_tutorial/install/parameters/share/parameters/local_setup.zsh
-- Up-to-date symlink: /home/roy/ros2_packages/ros2_tutorial/install/parameters/share/parameters/local_setup.dsv
-- Symlinking: /home/roy/ros2_packages/ros2_tutorial/install/parameters/share/parameters/package.dsv
-- Up-to-date symlink: /home/roy/ros2_packages/ros2_tutorial/install/parameters/share/ament_index/resource_index/packages/parameters
-- Up-to-date symlink: /home/roy/ros2_packages/ros2_tutorial/install/parameters/share/parameters/cmake/parametersConfig.cmake
-- Up-to-date symlink: /home/roy/ros2_packages/ros2_tutorial/install/parameters/share/parameters/cmake/parametersConfig-version.cmake
-- Up-to-date symlink: /home/roy/ros2_packages/ros2_tutorial/install/parameters/share/parameters/package.xml
