[35m[1mConsolidate compiler generated dependencies of target publisher[0m
[100%] Built target publisher
-- Install configuration: ""
-- Execute custom install script
-- Up-to-date symlink: /home/roy/ros2_packages/ros2_tutorial/install/publisher/lib/publisher/publisher
-- Up-to-date symlink: /home/roy/ros2_packages/ros2_tutorial/install/publisher/share/ament_index/resource_index/package_run_dependencies/publisher
-- Up-to-date symlink: /home/roy/ros2_packages/ros2_tutorial/install/publisher/share/ament_index/resource_index/parent_prefix_path/publisher
-- Up-to-date symlink: /home/roy/ros2_packages/ros2_tutorial/install/publisher/share/publisher/environment/ament_prefix_path.sh
-- Up-to-date symlink: /home/roy/ros2_packages/ros2_tutorial/install/publisher/share/publisher/environment/ament_prefix_path.dsv
-- Up-to-date symlink: /home/roy/ros2_packages/ros2_tutorial/install/publisher/share/publisher/environment/path.sh
-- Up-to-date symlink: /home/roy/ros2_packages/ros2_tutorial/install/publisher/share/publisher/environment/path.dsv
-- Up-to-date symlink: /home/roy/ros2_packages/ros2_tutorial/install/publisher/share/publisher/local_setup.bash
-- Up-to-date symlink: /home/roy/ros2_packages/ros2_tutorial/install/publisher/share/publisher/local_setup.sh
-- Up-to-date symlink: /home/roy/ros2_packages/ros2_tutorial/install/publisher/share/publisher/local_setup.zsh
-- Up-to-date symlink: /home/roy/ros2_packages/ros2_tutorial/install/publisher/share/publisher/local_setup.dsv
-- Symlinking: /home/roy/ros2_packages/ros2_tutorial/install/publisher/share/publisher/package.dsv
-- Up-to-date symlink: /home/roy/ros2_packages/ros2_tutorial/install/publisher/share/ament_index/resource_index/packages/publisher
-- Up-to-date symlink: /home/roy/ros2_packages/ros2_tutorial/install/publisher/share/publisher/cmake/publisherConfig.cmake
-- Up-to-date symlink: /home/roy/ros2_packages/ros2_tutorial/install/publisher/share/publisher/cmake/publisherConfig-version.cmake
-- Up-to-date symlink: /home/roy/ros2_packages/ros2_tutorial/install/publisher/share/publisher/package.xml
