[0.015s] Invoking command in '/home/roy/ros2_packages/ros2_tutorial/build/interfaces': CMAKE_PREFIX_PATH=/opt/ros/humble /usr/bin/cmake --build /home/roy/ros2_packages/ros2_tutorial/build/interfaces -- -j8 -l8
[0.054s] [  3%] Built target interfaces__cpp
[0.054s] [ 12%] Built target interfaces__rosidl_generator_c
[0.060s] [ 12%] Built target ament_cmake_python_symlink_interfaces
[0.071s] [ 22%] Built target interfaces__rosidl_typesupport_introspection_cpp
[0.071s] [ 32%] Built target interfaces__rosidl_typesupport_cpp
[0.074s] [ 41%] Built target interfaces__rosidl_typesupport_fastrtps_cpp
[0.077s] [ 51%] Built target interfaces__rosidl_typesupport_introspection_c
[0.080s] [ 61%] Built target interfaces__rosidl_typesupport_c
[0.080s] [ 70%] Built target interfaces__rosidl_typesupport_fastrtps_c
[0.096s] [ 70%] Built target interfaces
[0.115s] [ 74%] Built target interfaces__py
[0.134s] [ 80%] Built target interfaces__rosidl_generator_py
[0.151s] [100%] Built target interfaces__rosidl_typesupport_fastrtps_c__pyext
[0.151s] [100%] Built target interfaces__rosidl_typesupport_introspection_c__pyext
[0.151s] [100%] Built target interfaces__rosidl_typesupport_c__pyext
[0.262s] running egg_info
[0.263s] writing interfaces.egg-info/PKG-INFO
[0.263s] writing dependency_links to interfaces.egg-info/dependency_links.txt
[0.263s] writing top-level names to interfaces.egg-info/top_level.txt
[0.265s] reading manifest file 'interfaces.egg-info/SOURCES.txt'
[0.265s] writing manifest file 'interfaces.egg-info/SOURCES.txt'
[0.284s] [100%] Built target ament_cmake_python_build_interfaces_egg
[0.293s] Invoked command in '/home/roy/ros2_packages/ros2_tutorial/build/interfaces' returned '0': CMAKE_PREFIX_PATH=/opt/ros/humble /usr/bin/cmake --build /home/roy/ros2_packages/ros2_tutorial/build/interfaces -- -j8 -l8
[0.338s] Invoking command in '/home/roy/ros2_packages/ros2_tutorial/build/interfaces': CMAKE_PREFIX_PATH=/opt/ros/humble /usr/bin/cmake --install /home/roy/ros2_packages/ros2_tutorial/build/interfaces
[0.344s] -- Install configuration: ""
[0.345s] -- Execute custom install script
[0.345s] -- Up-to-date symlink: /home/roy/ros2_packages/ros2_tutorial/install/interfaces/share/ament_index/resource_index/rosidl_interfaces/interfaces
[0.345s] -- Up-to-date symlink: /home/roy/ros2_packages/ros2_tutorial/install/interfaces/include/interfaces/interfaces/msg/rosidl_generator_c__visibility_control.h
[0.346s] -- Up-to-date symlink: /home/roy/ros2_packages/ros2_tutorial/install/interfaces/include/interfaces/interfaces/srv/detail/my_service__functions.h
[0.346s] -- Up-to-date symlink: /home/roy/ros2_packages/ros2_tutorial/install/interfaces/include/interfaces/interfaces/srv/detail/my_service__struct.h
[0.346s] -- Up-to-date symlink: /home/roy/ros2_packages/ros2_tutorial/install/interfaces/include/interfaces/interfaces/srv/detail/my_service__type_support.h
[0.346s] -- Up-to-date symlink: /home/roy/ros2_packages/ros2_tutorial/install/interfaces/include/interfaces/interfaces/srv/my_service.h
[0.346s] -- Up-to-date symlink: /home/roy/ros2_packages/ros2_tutorial/install/interfaces/share/interfaces/environment/library_path.sh
[0.346s] -- Up-to-date symlink: /home/roy/ros2_packages/ros2_tutorial/install/interfaces/share/interfaces/environment/library_path.dsv
[0.347s] -- Up-to-date symlink: /home/roy/ros2_packages/ros2_tutorial/install/interfaces/include/interfaces/interfaces/msg/rosidl_typesupport_fastrtps_c__visibility_control.h
[0.347s] -- Up-to-date symlink: /home/roy/ros2_packages/ros2_tutorial/install/interfaces/include/interfaces/interfaces/srv/detail/my_service__rosidl_typesupport_fastrtps_c.h
[0.347s] -- Up-to-date symlink: /home/roy/ros2_packages/ros2_tutorial/install/interfaces/include/interfaces/interfaces/srv/detail/my_service__builder.hpp
[0.347s] -- Up-to-date symlink: /home/roy/ros2_packages/ros2_tutorial/install/interfaces/include/interfaces/interfaces/srv/detail/my_service__struct.hpp
[0.347s] -- Up-to-date symlink: /home/roy/ros2_packages/ros2_tutorial/install/interfaces/include/interfaces/interfaces/srv/detail/my_service__traits.hpp
[0.347s] -- Up-to-date symlink: /home/roy/ros2_packages/ros2_tutorial/install/interfaces/include/interfaces/interfaces/srv/my_service.hpp
[0.348s] -- Up-to-date symlink: /home/roy/ros2_packages/ros2_tutorial/install/interfaces/include/interfaces/interfaces/msg/rosidl_typesupport_fastrtps_cpp__visibility_control.h
[0.348s] -- Up-to-date symlink: /home/roy/ros2_packages/ros2_tutorial/install/interfaces/include/interfaces/interfaces/srv/detail/my_service__rosidl_typesupport_fastrtps_cpp.hpp
[0.348s] -- Up-to-date symlink: /home/roy/ros2_packages/ros2_tutorial/install/interfaces/include/interfaces/interfaces/msg/rosidl_typesupport_introspection_c__visibility_control.h
[0.348s] -- Up-to-date symlink: /home/roy/ros2_packages/ros2_tutorial/install/interfaces/include/interfaces/interfaces/srv/detail/my_service__rosidl_typesupport_introspection_c.h
[0.349s] -- Up-to-date symlink: /home/roy/ros2_packages/ros2_tutorial/install/interfaces/include/interfaces/interfaces/srv/detail/my_service__rosidl_typesupport_introspection_cpp.hpp
[0.349s] -- Up-to-date symlink: /home/roy/ros2_packages/ros2_tutorial/install/interfaces/share/interfaces/environment/pythonpath.sh
[0.349s] -- Up-to-date symlink: /home/roy/ros2_packages/ros2_tutorial/install/interfaces/share/interfaces/environment/pythonpath.dsv
[0.349s] -- Up-to-date symlink: /home/roy/ros2_packages/ros2_tutorial/install/interfaces/local/lib/python3.10/dist-packages/interfaces-0.0.0-py3.10.egg-info/PKG-INFO
[0.349s] -- Up-to-date symlink: /home/roy/ros2_packages/ros2_tutorial/install/interfaces/local/lib/python3.10/dist-packages/interfaces-0.0.0-py3.10.egg-info/SOURCES.txt
[0.349s] -- Up-to-date symlink: /home/roy/ros2_packages/ros2_tutorial/install/interfaces/local/lib/python3.10/dist-packages/interfaces-0.0.0-py3.10.egg-info/dependency_links.txt
[0.349s] -- Up-to-date symlink: /home/roy/ros2_packages/ros2_tutorial/install/interfaces/local/lib/python3.10/dist-packages/interfaces-0.0.0-py3.10.egg-info/top_level.txt
[0.350s] -- Up-to-date symlink: /home/roy/ros2_packages/ros2_tutorial/install/interfaces/local/lib/python3.10/dist-packages/interfaces/__init__.py
[0.350s] -- Up-to-date symlink: /home/roy/ros2_packages/ros2_tutorial/install/interfaces/local/lib/python3.10/dist-packages/interfaces/_interfaces_s.ep.rosidl_typesupport_c.c
[0.350s] -- Up-to-date symlink: /home/roy/ros2_packages/ros2_tutorial/install/interfaces/local/lib/python3.10/dist-packages/interfaces/_interfaces_s.ep.rosidl_typesupport_fastrtps_c.c
[0.350s] -- Up-to-date symlink: /home/roy/ros2_packages/ros2_tutorial/install/interfaces/local/lib/python3.10/dist-packages/interfaces/_interfaces_s.ep.rosidl_typesupport_introspection_c.c
[0.350s] -- Up-to-date symlink: /home/roy/ros2_packages/ros2_tutorial/install/interfaces/local/lib/python3.10/dist-packages/interfaces/interfaces_s__rosidl_typesupport_c.cpython-310-x86_64-linux-gnu.so
[0.350s] -- Up-to-date symlink: /home/roy/ros2_packages/ros2_tutorial/install/interfaces/local/lib/python3.10/dist-packages/interfaces/interfaces_s__rosidl_typesupport_fastrtps_c.cpython-310-x86_64-linux-gnu.so
[0.351s] -- Up-to-date symlink: /home/roy/ros2_packages/ros2_tutorial/install/interfaces/local/lib/python3.10/dist-packages/interfaces/interfaces_s__rosidl_typesupport_introspection_c.cpython-310-x86_64-linux-gnu.so
[0.351s] -- Up-to-date symlink: /home/roy/ros2_packages/ros2_tutorial/install/interfaces/local/lib/python3.10/dist-packages/interfaces/libinterfaces__rosidl_generator_py.so
[0.351s] -- Up-to-date symlink: /home/roy/ros2_packages/ros2_tutorial/install/interfaces/local/lib/python3.10/dist-packages/interfaces/srv/__init__.py
[0.351s] -- Up-to-date symlink: /home/roy/ros2_packages/ros2_tutorial/install/interfaces/local/lib/python3.10/dist-packages/interfaces/srv/_my_service.py
[0.351s] -- Up-to-date symlink: /home/roy/ros2_packages/ros2_tutorial/install/interfaces/local/lib/python3.10/dist-packages/interfaces/srv/_my_service_s.c
[0.351s] -- Up-to-date symlink: /home/roy/ros2_packages/ros2_tutorial/install/interfaces/local/lib/python3.10/dist-packages/interfaces/interfaces_s__rosidl_typesupport_fastrtps_c.cpython-310-x86_64-linux-gnu.so
[0.351s] -- Up-to-date symlink: /home/roy/ros2_packages/ros2_tutorial/install/interfaces/local/lib/python3.10/dist-packages/interfaces/interfaces_s__rosidl_typesupport_introspection_c.cpython-310-x86_64-linux-gnu.so
[0.352s] -- Up-to-date symlink: /home/roy/ros2_packages/ros2_tutorial/install/interfaces/local/lib/python3.10/dist-packages/interfaces/interfaces_s__rosidl_typesupport_c.cpython-310-x86_64-linux-gnu.so
[0.352s] -- Up-to-date symlink: /home/roy/ros2_packages/ros2_tutorial/install/interfaces/share/interfaces/srv/MyService.idl
[0.352s] -- Up-to-date symlink: /home/roy/ros2_packages/ros2_tutorial/install/interfaces/share/interfaces/srv/MyService.srv
[0.352s] -- Up-to-date symlink: /home/roy/ros2_packages/ros2_tutorial/install/interfaces/share/interfaces/srv/MyService_Request.msg
[0.352s] -- Up-to-date symlink: /home/roy/ros2_packages/ros2_tutorial/install/interfaces/share/interfaces/srv/MyService_Response.msg
[0.352s] -- Up-to-date symlink: /home/roy/ros2_packages/ros2_tutorial/install/interfaces/share/ament_index/resource_index/package_run_dependencies/interfaces
[0.352s] -- Up-to-date symlink: /home/roy/ros2_packages/ros2_tutorial/install/interfaces/share/ament_index/resource_index/parent_prefix_path/interfaces
[0.353s] -- Up-to-date symlink: /home/roy/ros2_packages/ros2_tutorial/install/interfaces/share/interfaces/environment/ament_prefix_path.sh
[0.353s] -- Up-to-date symlink: /home/roy/ros2_packages/ros2_tutorial/install/interfaces/share/interfaces/environment/ament_prefix_path.dsv
[0.353s] -- Up-to-date symlink: /home/roy/ros2_packages/ros2_tutorial/install/interfaces/share/interfaces/environment/path.sh
[0.353s] -- Up-to-date symlink: /home/roy/ros2_packages/ros2_tutorial/install/interfaces/share/interfaces/environment/path.dsv
[0.353s] -- Up-to-date symlink: /home/roy/ros2_packages/ros2_tutorial/install/interfaces/share/interfaces/local_setup.bash
[0.353s] -- Up-to-date symlink: /home/roy/ros2_packages/ros2_tutorial/install/interfaces/share/interfaces/local_setup.sh
[0.353s] -- Up-to-date symlink: /home/roy/ros2_packages/ros2_tutorial/install/interfaces/share/interfaces/local_setup.zsh
[0.353s] -- Up-to-date symlink: /home/roy/ros2_packages/ros2_tutorial/install/interfaces/share/interfaces/local_setup.dsv
[0.353s] -- Symlinking: /home/roy/ros2_packages/ros2_tutorial/install/interfaces/share/interfaces/package.dsv
[0.361s] -- Up-to-date symlink: /home/roy/ros2_packages/ros2_tutorial/install/interfaces/share/ament_index/resource_index/packages/interfaces
[0.361s] -- Up-to-date symlink: /home/roy/ros2_packages/ros2_tutorial/install/interfaces/share/interfaces/cmake/rosidl_cmake-extras.cmake
[0.361s] -- Up-to-date symlink: /home/roy/ros2_packages/ros2_tutorial/install/interfaces/share/interfaces/cmake/ament_cmake_export_dependencies-extras.cmake
[0.361s] -- Up-to-date symlink: /home/roy/ros2_packages/ros2_tutorial/install/interfaces/share/interfaces/cmake/ament_cmake_export_include_directories-extras.cmake
[0.361s] -- Up-to-date symlink: /home/roy/ros2_packages/ros2_tutorial/install/interfaces/share/interfaces/cmake/ament_cmake_export_libraries-extras.cmake
[0.361s] -- Up-to-date symlink: /home/roy/ros2_packages/ros2_tutorial/install/interfaces/share/interfaces/cmake/ament_cmake_export_targets-extras.cmake
[0.361s] -- Up-to-date symlink: /home/roy/ros2_packages/ros2_tutorial/install/interfaces/share/interfaces/cmake/rosidl_cmake_export_typesupport_targets-extras.cmake
[0.361s] -- Up-to-date symlink: /home/roy/ros2_packages/ros2_tutorial/install/interfaces/share/interfaces/cmake/rosidl_cmake_export_typesupport_libraries-extras.cmake
[0.362s] -- Up-to-date symlink: /home/roy/ros2_packages/ros2_tutorial/install/interfaces/share/interfaces/cmake/interfacesConfig.cmake
[0.362s] -- Up-to-date symlink: /home/roy/ros2_packages/ros2_tutorial/install/interfaces/share/interfaces/cmake/interfacesConfig-version.cmake
[0.362s] -- Up-to-date symlink: /home/roy/ros2_packages/ros2_tutorial/install/interfaces/share/interfaces/package.xml
[0.362s] -- Up-to-date: /home/roy/ros2_packages/ros2_tutorial/install/interfaces/lib/libinterfaces__rosidl_generator_c.so
[0.362s] -- Up-to-date: /home/roy/ros2_packages/ros2_tutorial/install/interfaces/lib/libinterfaces__rosidl_typesupport_fastrtps_c.so
[0.363s] -- Up-to-date: /home/roy/ros2_packages/ros2_tutorial/install/interfaces/lib/libinterfaces__rosidl_typesupport_fastrtps_cpp.so
[0.363s] -- Up-to-date: /home/roy/ros2_packages/ros2_tutorial/install/interfaces/lib/libinterfaces__rosidl_typesupport_introspection_c.so
[0.363s] -- Up-to-date: /home/roy/ros2_packages/ros2_tutorial/install/interfaces/lib/libinterfaces__rosidl_typesupport_c.so
[0.364s] -- Up-to-date: /home/roy/ros2_packages/ros2_tutorial/install/interfaces/lib/libinterfaces__rosidl_typesupport_introspection_cpp.so
[0.364s] -- Up-to-date: /home/roy/ros2_packages/ros2_tutorial/install/interfaces/lib/libinterfaces__rosidl_typesupport_cpp.so
[0.387s] Listing '/home/roy/ros2_packages/ros2_tutorial/install/interfaces/local/lib/python3.10/dist-packages/interfaces'...
[0.387s] Listing '/home/roy/ros2_packages/ros2_tutorial/install/interfaces/local/lib/python3.10/dist-packages/interfaces/srv'...
[0.390s] -- Up-to-date: /home/roy/ros2_packages/ros2_tutorial/install/interfaces/lib/libinterfaces__rosidl_generator_py.so
[0.390s] -- Up-to-date: /home/roy/ros2_packages/ros2_tutorial/install/interfaces/share/interfaces/cmake/export_interfaces__rosidl_generator_cExport.cmake
[0.391s] -- Up-to-date: /home/roy/ros2_packages/ros2_tutorial/install/interfaces/share/interfaces/cmake/export_interfaces__rosidl_generator_cExport-noconfig.cmake
[0.391s] -- Up-to-date: /home/roy/ros2_packages/ros2_tutorial/install/interfaces/share/interfaces/cmake/export_interfaces__rosidl_typesupport_fastrtps_cExport.cmake
[0.391s] -- Up-to-date: /home/roy/ros2_packages/ros2_tutorial/install/interfaces/share/interfaces/cmake/export_interfaces__rosidl_typesupport_fastrtps_cExport-noconfig.cmake
[0.391s] -- Up-to-date: /home/roy/ros2_packages/ros2_tutorial/install/interfaces/share/interfaces/cmake/export_interfaces__rosidl_generator_cppExport.cmake
[0.391s] -- Up-to-date: /home/roy/ros2_packages/ros2_tutorial/install/interfaces/share/interfaces/cmake/export_interfaces__rosidl_typesupport_fastrtps_cppExport.cmake
[0.391s] -- Up-to-date: /home/roy/ros2_packages/ros2_tutorial/install/interfaces/share/interfaces/cmake/export_interfaces__rosidl_typesupport_fastrtps_cppExport-noconfig.cmake
[0.391s] -- Up-to-date: /home/roy/ros2_packages/ros2_tutorial/install/interfaces/share/interfaces/cmake/interfaces__rosidl_typesupport_introspection_cExport.cmake
[0.391s] -- Up-to-date: /home/roy/ros2_packages/ros2_tutorial/install/interfaces/share/interfaces/cmake/interfaces__rosidl_typesupport_introspection_cExport-noconfig.cmake
[0.391s] -- Up-to-date: /home/roy/ros2_packages/ros2_tutorial/install/interfaces/share/interfaces/cmake/interfaces__rosidl_typesupport_cExport.cmake
[0.391s] -- Up-to-date: /home/roy/ros2_packages/ros2_tutorial/install/interfaces/share/interfaces/cmake/interfaces__rosidl_typesupport_cExport-noconfig.cmake
[0.391s] -- Up-to-date: /home/roy/ros2_packages/ros2_tutorial/install/interfaces/share/interfaces/cmake/interfaces__rosidl_typesupport_introspection_cppExport.cmake
[0.391s] -- Up-to-date: /home/roy/ros2_packages/ros2_tutorial/install/interfaces/share/interfaces/cmake/interfaces__rosidl_typesupport_introspection_cppExport-noconfig.cmake
[0.391s] -- Up-to-date: /home/roy/ros2_packages/ros2_tutorial/install/interfaces/share/interfaces/cmake/interfaces__rosidl_typesupport_cppExport.cmake
[0.391s] -- Up-to-date: /home/roy/ros2_packages/ros2_tutorial/install/interfaces/share/interfaces/cmake/interfaces__rosidl_typesupport_cppExport-noconfig.cmake
[0.391s] -- Up-to-date: /home/roy/ros2_packages/ros2_tutorial/install/interfaces/share/interfaces/cmake/export_interfaces__rosidl_generator_pyExport.cmake
[0.392s] -- Up-to-date: /home/roy/ros2_packages/ros2_tutorial/install/interfaces/share/interfaces/cmake/export_interfaces__rosidl_generator_pyExport-noconfig.cmake
[0.394s] Invoked command in '/home/roy/ros2_packages/ros2_tutorial/build/interfaces' returned '0': CMAKE_PREFIX_PATH=/opt/ros/humble /usr/bin/cmake --install /home/roy/ros2_packages/ros2_tutorial/build/interfaces
