[0.013s] Invoking command in '/home/roy/ros2_packages/ros2_tutorial/build/parameters': CMAKE_PREFIX_PATH=/opt/ros/humble /usr/bin/cmake --build /home/roy/ros2_packages/ros2_tutorial/build/parameters -- -j8 -l8
[0.030s] -- Found ament_cmake: 1.3.9 (/opt/ros/humble/share/ament_cmake/cmake)
[0.123s] -- Override CMake install command with custom implementation using symlinks instead of copying resources
[0.129s] -- Found rclcpp: 16.0.9 (/opt/ros/humble/share/rclcpp/cmake)
[0.154s] -- Found rosidl_generator_c: 3.1.5 (/opt/ros/humble/share/rosidl_generator_c/cmake)
[0.156s] -- Found rosidl_adapter: 3.1.5 (/opt/ros/humble/share/rosidl_adapter/cmake)
[0.161s] -- Found rosidl_generator_cpp: 3.1.5 (/opt/ros/humble/share/rosidl_generator_cpp/cmake)
[0.170s] -- Using all available rosidl_typesupport_c: rosidl_typesupport_fastrtps_c;rosidl_typesupport_introspection_c
[0.182s] -- Using all available rosidl_typesupport_cpp: rosidl_typesupport_fastrtps_cpp;rosidl_typesupport_introspection_cpp
[0.228s] -- Found rmw_implementation_cmake: 6.1.2 (/opt/ros/humble/share/rmw_implementation_cmake/cmake)
[0.229s] -- Found rmw_fastrtps_cpp: 6.2.6 (/opt/ros/humble/share/rmw_fastrtps_cpp/cmake)
[0.319s] -- Using RMW implementation 'rmw_fastrtps_cpp' as default
[0.447s] -- Found ament_lint_auto: 0.12.11 (/opt/ros/humble/share/ament_lint_auto/cmake)
[0.500s] -- Added test 'cppcheck' to perform static code analysis on C / C++ code
[0.500s] -- Configured cppcheck include dirs: 
[0.501s] -- Configured cppcheck exclude dirs and/or files: 
[0.501s] -- Added test 'lint_cmake' to check CMake code style
[0.501s] -- Added test 'uncrustify' to check C / C++ code style
[0.501s] -- Configured uncrustify additional arguments: 
[0.502s] -- Added test 'xmllint' to check XML markup files
[0.503s] -- Configuring done
[0.509s] -- Generating done
[0.510s] -- Build files have been written to: /home/roy/ros2_packages/ros2_tutorial/build/parameters
[0.530s] [35m[1mConsolidate compiler generated dependencies of target parameters[0m
[0.545s] [100%] Built target parameters
[0.554s] Invoked command in '/home/roy/ros2_packages/ros2_tutorial/build/parameters' returned '0': CMAKE_PREFIX_PATH=/opt/ros/humble /usr/bin/cmake --build /home/roy/ros2_packages/ros2_tutorial/build/parameters -- -j8 -l8
[0.574s] Invoking command in '/home/roy/ros2_packages/ros2_tutorial/build/parameters': CMAKE_PREFIX_PATH=/opt/ros/humble /usr/bin/cmake --install /home/roy/ros2_packages/ros2_tutorial/build/parameters
[0.579s] -- Install configuration: ""
[0.579s] -- Execute custom install script
[0.580s] -- Up-to-date symlink: /home/roy/ros2_packages/ros2_tutorial/install/parameters/lib/parameters/parameters
[0.581s] -- Up-to-date symlink: /home/roy/ros2_packages/ros2_tutorial/install/parameters/share/ament_index/resource_index/package_run_dependencies/parameters
[0.581s] -- Up-to-date symlink: /home/roy/ros2_packages/ros2_tutorial/install/parameters/share/ament_index/resource_index/parent_prefix_path/parameters
[0.581s] -- Up-to-date symlink: /home/roy/ros2_packages/ros2_tutorial/install/parameters/share/parameters/environment/ament_prefix_path.sh
[0.581s] -- Up-to-date symlink: /home/roy/ros2_packages/ros2_tutorial/install/parameters/share/parameters/environment/ament_prefix_path.dsv
[0.581s] -- Up-to-date symlink: /home/roy/ros2_packages/ros2_tutorial/install/parameters/share/parameters/environment/path.sh
[0.581s] -- Up-to-date symlink: /home/roy/ros2_packages/ros2_tutorial/install/parameters/share/parameters/environment/path.dsv
[0.581s] -- Up-to-date symlink: /home/roy/ros2_packages/ros2_tutorial/install/parameters/share/parameters/local_setup.bash
[0.581s] -- Up-to-date symlink: /home/roy/ros2_packages/ros2_tutorial/install/parameters/share/parameters/local_setup.sh
[0.581s] -- Up-to-date symlink: /home/roy/ros2_packages/ros2_tutorial/install/parameters/share/parameters/local_setup.zsh
[0.581s] -- Up-to-date symlink: /home/roy/ros2_packages/ros2_tutorial/install/parameters/share/parameters/local_setup.dsv
[0.581s] -- Symlinking: /home/roy/ros2_packages/ros2_tutorial/install/parameters/share/parameters/package.dsv
[0.588s] -- Up-to-date symlink: /home/roy/ros2_packages/ros2_tutorial/install/parameters/share/ament_index/resource_index/packages/parameters
[0.588s] -- Up-to-date symlink: /home/roy/ros2_packages/ros2_tutorial/install/parameters/share/parameters/cmake/parametersConfig.cmake
[0.588s] -- Up-to-date symlink: /home/roy/ros2_packages/ros2_tutorial/install/parameters/share/parameters/cmake/parametersConfig-version.cmake
[0.588s] -- Up-to-date symlink: /home/roy/ros2_packages/ros2_tutorial/install/parameters/share/parameters/package.xml
[0.590s] Invoked command in '/home/roy/ros2_packages/ros2_tutorial/build/parameters' returned '0': CMAKE_PREFIX_PATH=/opt/ros/humble /usr/bin/cmake --install /home/roy/ros2_packages/ros2_tutorial/build/parameters
