[0.008s] Invoking command in '/home/roy/ros2_packages/ros2_tutorial/build/service_client': AMENT_PREFIX_PATH=/home/roy/ros2_packages/ros2_tutorial/install/interfaces:${AMENT_PREFIX_PATH} CMAKE_PREFIX_PATH=/home/roy/ros2_packages/ros2_tutorial/install/interfaces:/opt/ros/humble LD_LIBRARY_PATH=/home/roy/ros2_packages/ros2_tutorial/install/interfaces/lib:${LD_LIBRARY_PATH} PYTHONPATH=/home/roy/ros2_packages/ros2_tutorial/install/interfaces/local/lib/python3.10/dist-packages:${PYTHONPATH} /usr/bin/cmake --build /home/roy/ros2_packages/ros2_tutorial/build/service_client -- -j8 -l8
[0.055s] [100%] Built target service_client
[0.065s] Invoked command in '/home/roy/ros2_packages/ros2_tutorial/build/service_client' returned '0': AMENT_PREFIX_PATH=/home/roy/ros2_packages/ros2_tutorial/install/interfaces:${AMENT_PREFIX_PATH} CMAKE_PREFIX_PATH=/home/roy/ros2_packages/ros2_tutorial/install/interfaces:/opt/ros/humble LD_LIBRARY_PATH=/home/roy/ros2_packages/ros2_tutorial/install/interfaces/lib:${LD_LIBRARY_PATH} PYTHONPATH=/home/roy/ros2_packages/ros2_tutorial/install/interfaces/local/lib/python3.10/dist-packages:${PYTHONPATH} /usr/bin/cmake --build /home/roy/ros2_packages/ros2_tutorial/build/service_client -- -j8 -l8
[0.089s] Invoking command in '/home/roy/ros2_packages/ros2_tutorial/build/service_client': AMENT_PREFIX_PATH=/home/roy/ros2_packages/ros2_tutorial/install/interfaces:${AMENT_PREFIX_PATH} CMAKE_PREFIX_PATH=/home/roy/ros2_packages/ros2_tutorial/install/interfaces:/opt/ros/humble LD_LIBRARY_PATH=/home/roy/ros2_packages/ros2_tutorial/install/interfaces/lib:${LD_LIBRARY_PATH} PYTHONPATH=/home/roy/ros2_packages/ros2_tutorial/install/interfaces/local/lib/python3.10/dist-packages:${PYTHONPATH} /usr/bin/cmake --install /home/roy/ros2_packages/ros2_tutorial/build/service_client
[0.094s] -- Install configuration: ""
[0.095s] -- Execute custom install script
[0.095s] -- Up-to-date symlink: /home/roy/ros2_packages/ros2_tutorial/install/service_client/lib/service_client/service_client
[0.095s] -- Up-to-date symlink: /home/roy/ros2_packages/ros2_tutorial/install/service_client/share/ament_index/resource_index/package_run_dependencies/service_client
[0.095s] -- Up-to-date symlink: /home/roy/ros2_packages/ros2_tutorial/install/service_client/share/ament_index/resource_index/parent_prefix_path/service_client
[0.096s] -- Up-to-date symlink: /home/roy/ros2_packages/ros2_tutorial/install/service_client/share/service_client/environment/ament_prefix_path.sh
[0.096s] -- Up-to-date symlink: /home/roy/ros2_packages/ros2_tutorial/install/service_client/share/service_client/environment/ament_prefix_path.dsv
[0.096s] -- Up-to-date symlink: /home/roy/ros2_packages/ros2_tutorial/install/service_client/share/service_client/environment/path.sh
[0.096s] -- Up-to-date symlink: /home/roy/ros2_packages/ros2_tutorial/install/service_client/share/service_client/environment/path.dsv
[0.096s] -- Up-to-date symlink: /home/roy/ros2_packages/ros2_tutorial/install/service_client/share/service_client/local_setup.bash
[0.096s] -- Up-to-date symlink: /home/roy/ros2_packages/ros2_tutorial/install/service_client/share/service_client/local_setup.sh
[0.096s] -- Up-to-date symlink: /home/roy/ros2_packages/ros2_tutorial/install/service_client/share/service_client/local_setup.zsh
[0.097s] -- Up-to-date symlink: /home/roy/ros2_packages/ros2_tutorial/install/service_client/share/service_client/local_setup.dsv
[0.097s] -- Symlinking: /home/roy/ros2_packages/ros2_tutorial/install/service_client/share/service_client/package.dsv
[0.105s] -- Up-to-date symlink: /home/roy/ros2_packages/ros2_tutorial/install/service_client/share/ament_index/resource_index/packages/service_client
[0.105s] -- Up-to-date symlink: /home/roy/ros2_packages/ros2_tutorial/install/service_client/share/service_client/cmake/service_clientConfig.cmake
[0.105s] -- Up-to-date symlink: /home/roy/ros2_packages/ros2_tutorial/install/service_client/share/service_client/cmake/service_clientConfig-version.cmake
[0.105s] -- Up-to-date symlink: /home/roy/ros2_packages/ros2_tutorial/install/service_client/share/service_client/package.xml
[0.107s] Invoked command in '/home/roy/ros2_packages/ros2_tutorial/build/service_client' returned '0': AMENT_PREFIX_PATH=/home/roy/ros2_packages/ros2_tutorial/install/interfaces:${AMENT_PREFIX_PATH} CMAKE_PREFIX_PATH=/home/roy/ros2_packages/ros2_tutorial/install/interfaces:/opt/ros/humble LD_LIBRARY_PATH=/home/roy/ros2_packages/ros2_tutorial/install/interfaces/lib:${LD_LIBRARY_PATH} PYTHONPATH=/home/roy/ros2_packages/ros2_tutorial/install/interfaces/local/lib/python3.10/dist-packages:${PYTHONPATH} /usr/bin/cmake --install /home/roy/ros2_packages/ros2_tutorial/build/service_client
