[0.015s] Invoking command in '/home/roy/ros2_packages/ros2_tutorial/build/interfaces': CMAKE_PREFIX_PATH=/opt/ros/humble /usr/bin/cmake --build /home/roy/ros2_packages/ros2_tutorial/build/interfaces -- -j8 -l8
[0.033s] -- Found ament_cmake: 1.3.9 (/opt/ros/humble/share/ament_cmake/cmake)
[0.127s] -- Override CMake install command with custom implementation using symlinks instead of copying resources
[0.133s] -- Found geometry_msgs: 4.2.4 (/opt/ros/humble/share/geometry_msgs/cmake)
[0.155s] -- Found rosidl_generator_c: 3.1.5 (/opt/ros/humble/share/rosidl_generator_c/cmake)
[0.157s] -- Found rosidl_adapter: 3.1.5 (/opt/ros/humble/share/rosidl_adapter/cmake)
[0.162s] -- Found rosidl_generator_cpp: 3.1.5 (/opt/ros/humble/share/rosidl_generator_cpp/cmake)
[0.171s] -- Using all available rosidl_typesupport_c: rosidl_typesupport_fastrtps_c;rosidl_typesupport_introspection_c
[0.184s] -- Using all available rosidl_typesupport_cpp: rosidl_typesupport_fastrtps_cpp;rosidl_typesupport_introspection_cpp
[0.277s] -- Found rosidl_default_generators: 1.2.0 (/opt/ros/humble/share/rosidl_default_generators/cmake)
[0.491s] -- Found ament_cmake_ros: 0.10.0 (/opt/ros/humble/share/ament_cmake_ros/cmake)
[0.803s] -- Using all available rosidl_typesupport_c: rosidl_typesupport_fastrtps_c;rosidl_typesupport_introspection_c
[0.924s] -- Using all available rosidl_typesupport_cpp: rosidl_typesupport_fastrtps_cpp;rosidl_typesupport_introspection_cpp
[0.941s] -- Found python_cmake_module: 0.10.0 (/opt/ros/humble/share/python_cmake_module/cmake)
[0.957s] -- Using PYTHON_EXECUTABLE: /usr/bin/python3
[0.957s] -- Using PYTHON_INCLUDE_DIRS: /usr/include/python3.10
[0.958s] -- Using PYTHON_LIBRARIES: /usr/lib/x86_64-linux-gnu/libpython3.10.so
[0.986s] -- Found ament_lint_auto: 0.12.11 (/opt/ros/humble/share/ament_lint_auto/cmake)
[0.994s] -- Added test 'lint_cmake' to check CMake code style
[0.995s] -- Added test 'xmllint' to check XML markup files
[0.997s] -- Configuring done
[1.023s] -- Generating done
[1.026s] -- Build files have been written to: /home/roy/ros2_packages/ros2_tutorial/build/interfaces
[1.045s] [35m[1mConsolidate compiler generated dependencies of target interfaces__rosidl_generator_c[0m
[1.052s] [  3%] Built target interfaces__cpp
[1.053s] [ 12%] Built target interfaces__rosidl_generator_c
[1.058s] [ 12%] Built target ament_cmake_python_symlink_interfaces
[1.060s] [35m[1mConsolidate compiler generated dependencies of target interfaces__rosidl_typesupport_cpp[0m
[1.060s] [35m[1mConsolidate compiler generated dependencies of target interfaces__rosidl_typesupport_introspection_cpp[0m
[1.060s] [35m[1mConsolidate compiler generated dependencies of target interfaces__rosidl_typesupport_fastrtps_cpp[0m
[1.061s] [35m[1mConsolidate compiler generated dependencies of target interfaces__rosidl_typesupport_c[0m
[1.061s] [35m[1mConsolidate compiler generated dependencies of target interfaces__rosidl_typesupport_introspection_c[0m
[1.061s] [35m[1mConsolidate compiler generated dependencies of target interfaces__rosidl_typesupport_fastrtps_c[0m
[1.071s] [ 22%] Built target interfaces__rosidl_typesupport_c
[1.071s] [ 67%] Built target interfaces__rosidl_typesupport_fastrtps_cpp
[1.072s] [ 67%] Built target interfaces__rosidl_typesupport_cpp
[1.072s] [ 67%] Built target interfaces__rosidl_typesupport_fastrtps_c
[1.072s] [ 67%] Built target interfaces__rosidl_typesupport_introspection_cpp
[1.072s] [ 70%] Built target interfaces__rosidl_typesupport_introspection_c
[1.087s] [ 70%] Built target interfaces
[1.102s] [ 74%] Built target interfaces__py
[1.110s] [35m[1mConsolidate compiler generated dependencies of target interfaces__rosidl_generator_py[0m
[1.120s] [ 80%] Built target interfaces__rosidl_generator_py
[1.129s] [35m[1mConsolidate compiler generated dependencies of target interfaces__rosidl_typesupport_introspection_c__pyext[0m
[1.129s] [35m[1mConsolidate compiler generated dependencies of target interfaces__rosidl_typesupport_c__pyext[0m
[1.129s] [35m[1mConsolidate compiler generated dependencies of target interfaces__rosidl_typesupport_fastrtps_c__pyext[0m
[1.139s] [100%] Built target interfaces__rosidl_typesupport_fastrtps_c__pyext
[1.140s] [100%] Built target interfaces__rosidl_typesupport_introspection_c__pyext
[1.140s] [100%] Built target interfaces__rosidl_typesupport_c__pyext
[1.252s] running egg_info
[1.253s] writing interfaces.egg-info/PKG-INFO
[1.253s] writing dependency_links to interfaces.egg-info/dependency_links.txt
[1.253s] writing top-level names to interfaces.egg-info/top_level.txt
[1.254s] reading manifest file 'interfaces.egg-info/SOURCES.txt'
[1.255s] writing manifest file 'interfaces.egg-info/SOURCES.txt'
[1.273s] [100%] Built target ament_cmake_python_build_interfaces_egg
[1.281s] Invoked command in '/home/roy/ros2_packages/ros2_tutorial/build/interfaces' returned '0': CMAKE_PREFIX_PATH=/opt/ros/humble /usr/bin/cmake --build /home/roy/ros2_packages/ros2_tutorial/build/interfaces -- -j8 -l8
[1.324s] Invoking command in '/home/roy/ros2_packages/ros2_tutorial/build/interfaces': CMAKE_PREFIX_PATH=/opt/ros/humble /usr/bin/cmake --install /home/roy/ros2_packages/ros2_tutorial/build/interfaces
[1.330s] -- Install configuration: ""
[1.330s] -- Execute custom install script
[1.330s] -- Up-to-date symlink: /home/roy/ros2_packages/ros2_tutorial/install/interfaces/share/ament_index/resource_index/rosidl_interfaces/interfaces
[1.331s] -- Up-to-date symlink: /home/roy/ros2_packages/ros2_tutorial/install/interfaces/include/interfaces/interfaces/msg/rosidl_generator_c__visibility_control.h
[1.331s] -- Up-to-date symlink: /home/roy/ros2_packages/ros2_tutorial/install/interfaces/include/interfaces/interfaces/srv/detail/my_service__functions.h
[1.331s] -- Up-to-date symlink: /home/roy/ros2_packages/ros2_tutorial/install/interfaces/include/interfaces/interfaces/srv/detail/my_service__struct.h
[1.331s] -- Up-to-date symlink: /home/roy/ros2_packages/ros2_tutorial/install/interfaces/include/interfaces/interfaces/srv/detail/my_service__type_support.h
[1.331s] -- Up-to-date symlink: /home/roy/ros2_packages/ros2_tutorial/install/interfaces/include/interfaces/interfaces/srv/my_service.h
[1.331s] -- Up-to-date symlink: /home/roy/ros2_packages/ros2_tutorial/install/interfaces/share/interfaces/environment/library_path.sh
[1.332s] -- Up-to-date symlink: /home/roy/ros2_packages/ros2_tutorial/install/interfaces/share/interfaces/environment/library_path.dsv
[1.332s] -- Up-to-date symlink: /home/roy/ros2_packages/ros2_tutorial/install/interfaces/include/interfaces/interfaces/msg/rosidl_typesupport_fastrtps_c__visibility_control.h
[1.332s] -- Up-to-date symlink: /home/roy/ros2_packages/ros2_tutorial/install/interfaces/include/interfaces/interfaces/srv/detail/my_service__rosidl_typesupport_fastrtps_c.h
[1.332s] -- Up-to-date symlink: /home/roy/ros2_packages/ros2_tutorial/install/interfaces/include/interfaces/interfaces/srv/detail/my_service__builder.hpp
[1.333s] -- Up-to-date symlink: /home/roy/ros2_packages/ros2_tutorial/install/interfaces/include/interfaces/interfaces/srv/detail/my_service__struct.hpp
[1.333s] -- Up-to-date symlink: /home/roy/ros2_packages/ros2_tutorial/install/interfaces/include/interfaces/interfaces/srv/detail/my_service__traits.hpp
[1.333s] -- Up-to-date symlink: /home/roy/ros2_packages/ros2_tutorial/install/interfaces/include/interfaces/interfaces/srv/my_service.hpp
[1.333s] -- Up-to-date symlink: /home/roy/ros2_packages/ros2_tutorial/install/interfaces/include/interfaces/interfaces/msg/rosidl_typesupport_fastrtps_cpp__visibility_control.h
[1.333s] -- Up-to-date symlink: /home/roy/ros2_packages/ros2_tutorial/install/interfaces/include/interfaces/interfaces/srv/detail/my_service__rosidl_typesupport_fastrtps_cpp.hpp
[1.334s] -- Up-to-date symlink: /home/roy/ros2_packages/ros2_tutorial/install/interfaces/include/interfaces/interfaces/msg/rosidl_typesupport_introspection_c__visibility_control.h
[1.334s] -- Up-to-date symlink: /home/roy/ros2_packages/ros2_tutorial/install/interfaces/include/interfaces/interfaces/srv/detail/my_service__rosidl_typesupport_introspection_c.h
[1.334s] -- Up-to-date symlink: /home/roy/ros2_packages/ros2_tutorial/install/interfaces/include/interfaces/interfaces/srv/detail/my_service__rosidl_typesupport_introspection_cpp.hpp
[1.334s] -- Up-to-date symlink: /home/roy/ros2_packages/ros2_tutorial/install/interfaces/share/interfaces/environment/pythonpath.sh
[1.334s] -- Up-to-date symlink: /home/roy/ros2_packages/ros2_tutorial/install/interfaces/share/interfaces/environment/pythonpath.dsv
[1.334s] -- Up-to-date symlink: /home/roy/ros2_packages/ros2_tutorial/install/interfaces/local/lib/python3.10/dist-packages/interfaces-0.0.0-py3.10.egg-info/PKG-INFO
[1.335s] -- Up-to-date symlink: /home/roy/ros2_packages/ros2_tutorial/install/interfaces/local/lib/python3.10/dist-packages/interfaces-0.0.0-py3.10.egg-info/SOURCES.txt
[1.335s] -- Up-to-date symlink: /home/roy/ros2_packages/ros2_tutorial/install/interfaces/local/lib/python3.10/dist-packages/interfaces-0.0.0-py3.10.egg-info/dependency_links.txt
[1.335s] -- Up-to-date symlink: /home/roy/ros2_packages/ros2_tutorial/install/interfaces/local/lib/python3.10/dist-packages/interfaces-0.0.0-py3.10.egg-info/top_level.txt
[1.335s] -- Up-to-date symlink: /home/roy/ros2_packages/ros2_tutorial/install/interfaces/local/lib/python3.10/dist-packages/interfaces/__init__.py
[1.335s] -- Up-to-date symlink: /home/roy/ros2_packages/ros2_tutorial/install/interfaces/local/lib/python3.10/dist-packages/interfaces/_interfaces_s.ep.rosidl_typesupport_c.c
[1.335s] -- Up-to-date symlink: /home/roy/ros2_packages/ros2_tutorial/install/interfaces/local/lib/python3.10/dist-packages/interfaces/_interfaces_s.ep.rosidl_typesupport_fastrtps_c.c
[1.335s] -- Up-to-date symlink: /home/roy/ros2_packages/ros2_tutorial/install/interfaces/local/lib/python3.10/dist-packages/interfaces/_interfaces_s.ep.rosidl_typesupport_introspection_c.c
[1.336s] -- Up-to-date symlink: /home/roy/ros2_packages/ros2_tutorial/install/interfaces/local/lib/python3.10/dist-packages/interfaces/interfaces_s__rosidl_typesupport_c.cpython-310-x86_64-linux-gnu.so
[1.336s] -- Up-to-date symlink: /home/roy/ros2_packages/ros2_tutorial/install/interfaces/local/lib/python3.10/dist-packages/interfaces/interfaces_s__rosidl_typesupport_fastrtps_c.cpython-310-x86_64-linux-gnu.so
[1.336s] -- Up-to-date symlink: /home/roy/ros2_packages/ros2_tutorial/install/interfaces/local/lib/python3.10/dist-packages/interfaces/interfaces_s__rosidl_typesupport_introspection_c.cpython-310-x86_64-linux-gnu.so
[1.336s] -- Up-to-date symlink: /home/roy/ros2_packages/ros2_tutorial/install/interfaces/local/lib/python3.10/dist-packages/interfaces/libinterfaces__rosidl_generator_py.so
[1.336s] -- Up-to-date symlink: /home/roy/ros2_packages/ros2_tutorial/install/interfaces/local/lib/python3.10/dist-packages/interfaces/srv/__init__.py
[1.336s] -- Up-to-date symlink: /home/roy/ros2_packages/ros2_tutorial/install/interfaces/local/lib/python3.10/dist-packages/interfaces/srv/_my_service.py
[1.336s] -- Up-to-date symlink: /home/roy/ros2_packages/ros2_tutorial/install/interfaces/local/lib/python3.10/dist-packages/interfaces/srv/_my_service_s.c
[1.336s] -- Up-to-date symlink: /home/roy/ros2_packages/ros2_tutorial/install/interfaces/local/lib/python3.10/dist-packages/interfaces/interfaces_s__rosidl_typesupport_fastrtps_c.cpython-310-x86_64-linux-gnu.so
[1.337s] -- Up-to-date symlink: /home/roy/ros2_packages/ros2_tutorial/install/interfaces/local/lib/python3.10/dist-packages/interfaces/interfaces_s__rosidl_typesupport_introspection_c.cpython-310-x86_64-linux-gnu.so
[1.337s] -- Up-to-date symlink: /home/roy/ros2_packages/ros2_tutorial/install/interfaces/local/lib/python3.10/dist-packages/interfaces/interfaces_s__rosidl_typesupport_c.cpython-310-x86_64-linux-gnu.so
[1.337s] -- Up-to-date symlink: /home/roy/ros2_packages/ros2_tutorial/install/interfaces/share/interfaces/srv/MyService.idl
[1.337s] -- Up-to-date symlink: /home/roy/ros2_packages/ros2_tutorial/install/interfaces/share/interfaces/srv/MyService.srv
[1.337s] -- Up-to-date symlink: /home/roy/ros2_packages/ros2_tutorial/install/interfaces/share/interfaces/srv/MyService_Request.msg
[1.337s] -- Up-to-date symlink: /home/roy/ros2_packages/ros2_tutorial/install/interfaces/share/interfaces/srv/MyService_Response.msg
[1.338s] -- Up-to-date symlink: /home/roy/ros2_packages/ros2_tutorial/install/interfaces/share/ament_index/resource_index/package_run_dependencies/interfaces
[1.338s] -- Up-to-date symlink: /home/roy/ros2_packages/ros2_tutorial/install/interfaces/share/ament_index/resource_index/parent_prefix_path/interfaces
[1.338s] -- Up-to-date symlink: /home/roy/ros2_packages/ros2_tutorial/install/interfaces/share/interfaces/environment/ament_prefix_path.sh
[1.338s] -- Up-to-date symlink: /home/roy/ros2_packages/ros2_tutorial/install/interfaces/share/interfaces/environment/ament_prefix_path.dsv
[1.338s] -- Up-to-date symlink: /home/roy/ros2_packages/ros2_tutorial/install/interfaces/share/interfaces/environment/path.sh
[1.338s] -- Up-to-date symlink: /home/roy/ros2_packages/ros2_tutorial/install/interfaces/share/interfaces/environment/path.dsv
[1.339s] -- Up-to-date symlink: /home/roy/ros2_packages/ros2_tutorial/install/interfaces/share/interfaces/local_setup.bash
[1.339s] -- Up-to-date symlink: /home/roy/ros2_packages/ros2_tutorial/install/interfaces/share/interfaces/local_setup.sh
[1.339s] -- Up-to-date symlink: /home/roy/ros2_packages/ros2_tutorial/install/interfaces/share/interfaces/local_setup.zsh
[1.339s] -- Up-to-date symlink: /home/roy/ros2_packages/ros2_tutorial/install/interfaces/share/interfaces/local_setup.dsv
[1.339s] -- Symlinking: /home/roy/ros2_packages/ros2_tutorial/install/interfaces/share/interfaces/package.dsv
[1.346s] -- Up-to-date symlink: /home/roy/ros2_packages/ros2_tutorial/install/interfaces/share/ament_index/resource_index/packages/interfaces
[1.346s] -- Up-to-date symlink: /home/roy/ros2_packages/ros2_tutorial/install/interfaces/share/interfaces/cmake/rosidl_cmake-extras.cmake
[1.346s] -- Up-to-date symlink: /home/roy/ros2_packages/ros2_tutorial/install/interfaces/share/interfaces/cmake/ament_cmake_export_dependencies-extras.cmake
[1.346s] -- Up-to-date symlink: /home/roy/ros2_packages/ros2_tutorial/install/interfaces/share/interfaces/cmake/ament_cmake_export_include_directories-extras.cmake
[1.347s] -- Up-to-date symlink: /home/roy/ros2_packages/ros2_tutorial/install/interfaces/share/interfaces/cmake/ament_cmake_export_libraries-extras.cmake
[1.347s] -- Up-to-date symlink: /home/roy/ros2_packages/ros2_tutorial/install/interfaces/share/interfaces/cmake/ament_cmake_export_targets-extras.cmake
[1.347s] -- Up-to-date symlink: /home/roy/ros2_packages/ros2_tutorial/install/interfaces/share/interfaces/cmake/rosidl_cmake_export_typesupport_targets-extras.cmake
[1.347s] -- Up-to-date symlink: /home/roy/ros2_packages/ros2_tutorial/install/interfaces/share/interfaces/cmake/rosidl_cmake_export_typesupport_libraries-extras.cmake
[1.347s] -- Up-to-date symlink: /home/roy/ros2_packages/ros2_tutorial/install/interfaces/share/interfaces/cmake/interfacesConfig.cmake
[1.347s] -- Up-to-date symlink: /home/roy/ros2_packages/ros2_tutorial/install/interfaces/share/interfaces/cmake/interfacesConfig-version.cmake
[1.347s] -- Up-to-date symlink: /home/roy/ros2_packages/ros2_tutorial/install/interfaces/share/interfaces/package.xml
[1.348s] -- Up-to-date: /home/roy/ros2_packages/ros2_tutorial/install/interfaces/lib/libinterfaces__rosidl_generator_c.so
[1.348s] -- Up-to-date: /home/roy/ros2_packages/ros2_tutorial/install/interfaces/lib/libinterfaces__rosidl_typesupport_fastrtps_c.so
[1.348s] -- Up-to-date: /home/roy/ros2_packages/ros2_tutorial/install/interfaces/lib/libinterfaces__rosidl_typesupport_fastrtps_cpp.so
[1.348s] -- Up-to-date: /home/roy/ros2_packages/ros2_tutorial/install/interfaces/lib/libinterfaces__rosidl_typesupport_introspection_c.so
[1.349s] -- Up-to-date: /home/roy/ros2_packages/ros2_tutorial/install/interfaces/lib/libinterfaces__rosidl_typesupport_c.so
[1.349s] -- Up-to-date: /home/roy/ros2_packages/ros2_tutorial/install/interfaces/lib/libinterfaces__rosidl_typesupport_introspection_cpp.so
[1.349s] -- Up-to-date: /home/roy/ros2_packages/ros2_tutorial/install/interfaces/lib/libinterfaces__rosidl_typesupport_cpp.so
[1.373s] Listing '/home/roy/ros2_packages/ros2_tutorial/install/interfaces/local/lib/python3.10/dist-packages/interfaces'...
[1.373s] Compiling '/home/roy/ros2_packages/ros2_tutorial/install/interfaces/local/lib/python3.10/dist-packages/interfaces/__init__.py'...
[1.373s] Listing '/home/roy/ros2_packages/ros2_tutorial/install/interfaces/local/lib/python3.10/dist-packages/interfaces/srv'...
[1.376s] -- Up-to-date: /home/roy/ros2_packages/ros2_tutorial/install/interfaces/lib/libinterfaces__rosidl_generator_py.so
[1.376s] -- Up-to-date: /home/roy/ros2_packages/ros2_tutorial/install/interfaces/share/interfaces/cmake/export_interfaces__rosidl_generator_cExport.cmake
[1.376s] -- Up-to-date: /home/roy/ros2_packages/ros2_tutorial/install/interfaces/share/interfaces/cmake/export_interfaces__rosidl_generator_cExport-noconfig.cmake
[1.376s] -- Up-to-date: /home/roy/ros2_packages/ros2_tutorial/install/interfaces/share/interfaces/cmake/export_interfaces__rosidl_typesupport_fastrtps_cExport.cmake
[1.376s] -- Up-to-date: /home/roy/ros2_packages/ros2_tutorial/install/interfaces/share/interfaces/cmake/export_interfaces__rosidl_typesupport_fastrtps_cExport-noconfig.cmake
[1.377s] -- Up-to-date: /home/roy/ros2_packages/ros2_tutorial/install/interfaces/share/interfaces/cmake/export_interfaces__rosidl_generator_cppExport.cmake
[1.377s] -- Up-to-date: /home/roy/ros2_packages/ros2_tutorial/install/interfaces/share/interfaces/cmake/export_interfaces__rosidl_typesupport_fastrtps_cppExport.cmake
[1.377s] -- Up-to-date: /home/roy/ros2_packages/ros2_tutorial/install/interfaces/share/interfaces/cmake/export_interfaces__rosidl_typesupport_fastrtps_cppExport-noconfig.cmake
[1.377s] -- Up-to-date: /home/roy/ros2_packages/ros2_tutorial/install/interfaces/share/interfaces/cmake/interfaces__rosidl_typesupport_introspection_cExport.cmake
[1.377s] -- Up-to-date: /home/roy/ros2_packages/ros2_tutorial/install/interfaces/share/interfaces/cmake/interfaces__rosidl_typesupport_introspection_cExport-noconfig.cmake
[1.377s] -- Up-to-date: /home/roy/ros2_packages/ros2_tutorial/install/interfaces/share/interfaces/cmake/interfaces__rosidl_typesupport_cExport.cmake
[1.377s] -- Up-to-date: /home/roy/ros2_packages/ros2_tutorial/install/interfaces/share/interfaces/cmake/interfaces__rosidl_typesupport_cExport-noconfig.cmake
[1.377s] -- Up-to-date: /home/roy/ros2_packages/ros2_tutorial/install/interfaces/share/interfaces/cmake/interfaces__rosidl_typesupport_introspection_cppExport.cmake
[1.377s] -- Up-to-date: /home/roy/ros2_packages/ros2_tutorial/install/interfaces/share/interfaces/cmake/interfaces__rosidl_typesupport_introspection_cppExport-noconfig.cmake
[1.377s] -- Up-to-date: /home/roy/ros2_packages/ros2_tutorial/install/interfaces/share/interfaces/cmake/interfaces__rosidl_typesupport_cppExport.cmake
[1.377s] -- Up-to-date: /home/roy/ros2_packages/ros2_tutorial/install/interfaces/share/interfaces/cmake/interfaces__rosidl_typesupport_cppExport-noconfig.cmake
[1.377s] -- Up-to-date: /home/roy/ros2_packages/ros2_tutorial/install/interfaces/share/interfaces/cmake/export_interfaces__rosidl_generator_pyExport.cmake
[1.377s] -- Up-to-date: /home/roy/ros2_packages/ros2_tutorial/install/interfaces/share/interfaces/cmake/export_interfaces__rosidl_generator_pyExport-noconfig.cmake
[1.379s] Invoked command in '/home/roy/ros2_packages/ros2_tutorial/build/interfaces' returned '0': CMAKE_PREFIX_PATH=/opt/ros/humble /usr/bin/cmake --install /home/roy/ros2_packages/ros2_tutorial/build/interfaces
