[0.085s] DEBUG:colcon:Command line arguments: ['/usr/bin/colcon', 'build', '--symlink-install']
[0.085s] DEBUG:colcon:Parsed command line arguments: Namespace(log_base=None, log_level=None, verb_name='build', build_base='build', install_base='install', merge_install=False, symlink_install=True, test_result_base=None, continue_on_error=False, executor='parallel', parallel_workers=8, event_handlers=None, ignore_user_meta=False, metas=['./colcon.meta'], base_paths=['.'], packages_ignore=None, packages_ignore_regex=None, paths=None, packages_up_to=None, packages_up_to_regex=None, packages_above=None, packages_above_and_dependencies=None, packages_above_depth=None, packages_select_by_dep=None, packages_skip_by_dep=None, packages_skip_up_to=None, packages_select_build_failed=False, packages_skip_build_finished=False, packages_select_test_failures=False, packages_skip_test_passed=False, packages_select=None, packages_skip=None, packages_select_regex=None, packages_skip_regex=None, packages_start=None, packages_end=None, allow_overriding=[], cmake_args=None, cmake_target=None, cmake_target_skip_unavailable=False, cmake_clean_cache=False, cmake_clean_first=False, cmake_force_configure=False, ament_cmake_args=None, catkin_cmake_args=None, catkin_skip_building_tests=False, mixin_files=None, mixin=None, verb_parser=<colcon_mixin.mixin.mixin_argument.MixinArgumentDecorator object at 0x7fb174bfa1d0>, verb_extension=<colcon_core.verb.build.BuildVerb object at 0x7fb174d49e70>, main=<bound method BuildVerb.main of <colcon_core.verb.build.BuildVerb object at 0x7fb174d49e70>>, mixin_verb=('build',))
[0.215s] Level 1:colcon.colcon_core.package_discovery:discover_packages(colcon_meta) check parameters
[0.215s] Level 1:colcon.colcon_core.package_discovery:discover_packages(recursive) check parameters
[0.215s] Level 1:colcon.colcon_core.package_discovery:discover_packages(ignore) check parameters
[0.215s] Level 1:colcon.colcon_core.package_discovery:discover_packages(path) check parameters
[0.215s] Level 1:colcon.colcon_core.package_discovery:discover_packages(colcon_meta) discover
[0.215s] Level 1:colcon.colcon_core.package_discovery:discover_packages(recursive) discover
[0.215s] INFO:colcon.colcon_core.package_discovery:Crawling recursively for packages in '/home/roy/ros2_packages/ros2_tutorial'
[0.215s] Level 1:colcon.colcon_core.package_identification:_identify(.) by extensions ['ignore', 'ignore_ament_install']
[0.215s] Level 1:colcon.colcon_core.package_identification:_identify(.) by extension 'ignore'
[0.215s] Level 1:colcon.colcon_core.package_identification:_identify(.) by extension 'ignore_ament_install'
[0.216s] Level 1:colcon.colcon_core.package_identification:_identify(.) by extensions ['colcon_pkg']
[0.216s] Level 1:colcon.colcon_core.package_identification:_identify(.) by extension 'colcon_pkg'
[0.216s] Level 1:colcon.colcon_core.package_identification:_identify(.) by extensions ['colcon_meta']
[0.216s] Level 1:colcon.colcon_core.package_identification:_identify(.) by extension 'colcon_meta'
[0.216s] Level 1:colcon.colcon_core.package_identification:_identify(.) by extensions ['ros']
[0.216s] Level 1:colcon.colcon_core.package_identification:_identify(.) by extension 'ros'
[0.224s] Level 1:colcon.colcon_core.package_identification:_identify(.) by extensions ['cmake', 'python']
[0.224s] Level 1:colcon.colcon_core.package_identification:_identify(.) by extension 'cmake'
[0.224s] Level 1:colcon.colcon_core.package_identification:_identify(.) by extension 'python'
[0.224s] Level 1:colcon.colcon_core.package_identification:_identify(.) by extensions ['python_setup_py']
[0.224s] Level 1:colcon.colcon_core.package_identification:_identify(.) by extension 'python_setup_py'
[0.224s] Level 1:colcon.colcon_core.package_identification:_identify(build) by extensions ['ignore', 'ignore_ament_install']
[0.224s] Level 1:colcon.colcon_core.package_identification:_identify(build) by extension 'ignore'
[0.224s] Level 1:colcon.colcon_core.package_identification:_identify(build) ignored
[0.225s] Level 1:colcon.colcon_core.package_identification:_identify(install) by extensions ['ignore', 'ignore_ament_install']
[0.225s] Level 1:colcon.colcon_core.package_identification:_identify(install) by extension 'ignore'
[0.225s] Level 1:colcon.colcon_core.package_identification:_identify(install) ignored
[0.225s] Level 1:colcon.colcon_core.package_identification:_identify(log) by extensions ['ignore', 'ignore_ament_install']
[0.225s] Level 1:colcon.colcon_core.package_identification:_identify(log) by extension 'ignore'
[0.225s] Level 1:colcon.colcon_core.package_identification:_identify(log) ignored
[0.225s] Level 1:colcon.colcon_core.package_identification:_identify(src) by extensions ['ignore', 'ignore_ament_install']
[0.225s] Level 1:colcon.colcon_core.package_identification:_identify(src) by extension 'ignore'
[0.225s] Level 1:colcon.colcon_core.package_identification:_identify(src) by extension 'ignore_ament_install'
[0.225s] Level 1:colcon.colcon_core.package_identification:_identify(src) by extensions ['colcon_pkg']
[0.225s] Level 1:colcon.colcon_core.package_identification:_identify(src) by extension 'colcon_pkg'
[0.225s] Level 1:colcon.colcon_core.package_identification:_identify(src) by extensions ['colcon_meta']
[0.225s] Level 1:colcon.colcon_core.package_identification:_identify(src) by extension 'colcon_meta'
[0.225s] Level 1:colcon.colcon_core.package_identification:_identify(src) by extensions ['ros']
[0.225s] Level 1:colcon.colcon_core.package_identification:_identify(src) by extension 'ros'
[0.225s] Level 1:colcon.colcon_core.package_identification:_identify(src) by extensions ['cmake', 'python']
[0.225s] Level 1:colcon.colcon_core.package_identification:_identify(src) by extension 'cmake'
[0.225s] Level 1:colcon.colcon_core.package_identification:_identify(src) by extension 'python'
[0.225s] Level 1:colcon.colcon_core.package_identification:_identify(src) by extensions ['python_setup_py']
[0.225s] Level 1:colcon.colcon_core.package_identification:_identify(src) by extension 'python_setup_py'
[0.225s] Level 1:colcon.colcon_core.package_identification:_identify(src/interfaces) by extensions ['ignore', 'ignore_ament_install']
[0.226s] Level 1:colcon.colcon_core.package_identification:_identify(src/interfaces) by extension 'ignore'
[0.226s] Level 1:colcon.colcon_core.package_identification:_identify(src/interfaces) by extension 'ignore_ament_install'
[0.226s] Level 1:colcon.colcon_core.package_identification:_identify(src/interfaces) by extensions ['colcon_pkg']
[0.226s] Level 1:colcon.colcon_core.package_identification:_identify(src/interfaces) by extension 'colcon_pkg'
[0.226s] Level 1:colcon.colcon_core.package_identification:_identify(src/interfaces) by extensions ['colcon_meta']
[0.226s] Level 1:colcon.colcon_core.package_identification:_identify(src/interfaces) by extension 'colcon_meta'
[0.226s] Level 1:colcon.colcon_core.package_identification:_identify(src/interfaces) by extensions ['ros']
[0.226s] Level 1:colcon.colcon_core.package_identification:_identify(src/interfaces) by extension 'ros'
[0.228s] DEBUG:colcon.colcon_core.package_identification:Package 'src/interfaces' with type 'ros.ament_cmake' and name 'interfaces'
[0.228s] Level 1:colcon.colcon_core.package_identification:_identify(src/parameters) by extensions ['ignore', 'ignore_ament_install']
[0.228s] Level 1:colcon.colcon_core.package_identification:_identify(src/parameters) by extension 'ignore'
[0.228s] Level 1:colcon.colcon_core.package_identification:_identify(src/parameters) by extension 'ignore_ament_install'
[0.228s] Level 1:colcon.colcon_core.package_identification:_identify(src/parameters) by extensions ['colcon_pkg']
[0.228s] Level 1:colcon.colcon_core.package_identification:_identify(src/parameters) by extension 'colcon_pkg'
[0.228s] Level 1:colcon.colcon_core.package_identification:_identify(src/parameters) by extensions ['colcon_meta']
[0.228s] Level 1:colcon.colcon_core.package_identification:_identify(src/parameters) by extension 'colcon_meta'
[0.228s] Level 1:colcon.colcon_core.package_identification:_identify(src/parameters) by extensions ['ros']
[0.228s] Level 1:colcon.colcon_core.package_identification:_identify(src/parameters) by extension 'ros'
[0.228s] DEBUG:colcon.colcon_core.package_identification:Package 'src/parameters' with type 'ros.ament_cmake' and name 'parameters'
[0.228s] Level 1:colcon.colcon_core.package_identification:_identify(src/publisher) by extensions ['ignore', 'ignore_ament_install']
[0.229s] Level 1:colcon.colcon_core.package_identification:_identify(src/publisher) by extension 'ignore'
[0.229s] Level 1:colcon.colcon_core.package_identification:_identify(src/publisher) by extension 'ignore_ament_install'
[0.229s] Level 1:colcon.colcon_core.package_identification:_identify(src/publisher) by extensions ['colcon_pkg']
[0.229s] Level 1:colcon.colcon_core.package_identification:_identify(src/publisher) by extension 'colcon_pkg'
[0.229s] Level 1:colcon.colcon_core.package_identification:_identify(src/publisher) by extensions ['colcon_meta']
[0.229s] Level 1:colcon.colcon_core.package_identification:_identify(src/publisher) by extension 'colcon_meta'
[0.229s] Level 1:colcon.colcon_core.package_identification:_identify(src/publisher) by extensions ['ros']
[0.229s] Level 1:colcon.colcon_core.package_identification:_identify(src/publisher) by extension 'ros'
[0.229s] DEBUG:colcon.colcon_core.package_identification:Package 'src/publisher' with type 'ros.ament_cmake' and name 'publisher'
[0.229s] Level 1:colcon.colcon_core.package_identification:_identify(src/service_client) by extensions ['ignore', 'ignore_ament_install']
[0.229s] Level 1:colcon.colcon_core.package_identification:_identify(src/service_client) by extension 'ignore'
[0.229s] Level 1:colcon.colcon_core.package_identification:_identify(src/service_client) by extension 'ignore_ament_install'
[0.230s] Level 1:colcon.colcon_core.package_identification:_identify(src/service_client) by extensions ['colcon_pkg']
[0.230s] Level 1:colcon.colcon_core.package_identification:_identify(src/service_client) by extension 'colcon_pkg'
[0.230s] Level 1:colcon.colcon_core.package_identification:_identify(src/service_client) by extensions ['colcon_meta']
[0.230s] Level 1:colcon.colcon_core.package_identification:_identify(src/service_client) by extension 'colcon_meta'
[0.230s] Level 1:colcon.colcon_core.package_identification:_identify(src/service_client) by extensions ['ros']
[0.230s] Level 1:colcon.colcon_core.package_identification:_identify(src/service_client) by extension 'ros'
[0.230s] DEBUG:colcon.colcon_core.package_identification:Package 'src/service_client' with type 'ros.ament_cmake' and name 'service_client'
[0.230s] Level 1:colcon.colcon_core.package_identification:_identify(src/service_server) by extensions ['ignore', 'ignore_ament_install']
[0.230s] Level 1:colcon.colcon_core.package_identification:_identify(src/service_server) by extension 'ignore'
[0.230s] Level 1:colcon.colcon_core.package_identification:_identify(src/service_server) by extension 'ignore_ament_install'
[0.230s] Level 1:colcon.colcon_core.package_identification:_identify(src/service_server) by extensions ['colcon_pkg']
[0.230s] Level 1:colcon.colcon_core.package_identification:_identify(src/service_server) by extension 'colcon_pkg'
[0.230s] Level 1:colcon.colcon_core.package_identification:_identify(src/service_server) by extensions ['colcon_meta']
[0.231s] Level 1:colcon.colcon_core.package_identification:_identify(src/service_server) by extension 'colcon_meta'
[0.231s] Level 1:colcon.colcon_core.package_identification:_identify(src/service_server) by extensions ['ros']
[0.231s] Level 1:colcon.colcon_core.package_identification:_identify(src/service_server) by extension 'ros'
[0.231s] DEBUG:colcon.colcon_core.package_identification:Package 'src/service_server' with type 'ros.ament_cmake' and name 'service_server'
[0.231s] Level 1:colcon.colcon_core.package_identification:_identify(src/subscriber) by extensions ['ignore', 'ignore_ament_install']
[0.231s] Level 1:colcon.colcon_core.package_identification:_identify(src/subscriber) by extension 'ignore'
[0.231s] Level 1:colcon.colcon_core.package_identification:_identify(src/subscriber) by extension 'ignore_ament_install'
[0.231s] Level 1:colcon.colcon_core.package_identification:_identify(src/subscriber) by extensions ['colcon_pkg']
[0.231s] Level 1:colcon.colcon_core.package_identification:_identify(src/subscriber) by extension 'colcon_pkg'
[0.231s] Level 1:colcon.colcon_core.package_identification:_identify(src/subscriber) by extensions ['colcon_meta']
[0.231s] Level 1:colcon.colcon_core.package_identification:_identify(src/subscriber) by extension 'colcon_meta'
[0.231s] Level 1:colcon.colcon_core.package_identification:_identify(src/subscriber) by extensions ['ros']
[0.231s] Level 1:colcon.colcon_core.package_identification:_identify(src/subscriber) by extension 'ros'
[0.232s] DEBUG:colcon.colcon_core.package_identification:Package 'src/subscriber' with type 'ros.ament_cmake' and name 'subscriber'
[0.232s] Level 1:colcon.colcon_core.package_discovery:discover_packages(recursive) using defaults
[0.232s] Level 1:colcon.colcon_core.package_discovery:discover_packages(ignore) discover
[0.232s] Level 1:colcon.colcon_core.package_discovery:discover_packages(ignore) using defaults
[0.232s] Level 1:colcon.colcon_core.package_discovery:discover_packages(path) discover
[0.232s] Level 1:colcon.colcon_core.package_discovery:discover_packages(path) using defaults
[0.247s] Level 1:colcon.colcon_core.package_discovery:discover_packages(prefix_path) check parameters
[0.247s] Level 1:colcon.colcon_core.package_discovery:discover_packages(prefix_path) discover
[0.249s] DEBUG:colcon.colcon_installed_package_information.package_discovery:Found 312 installed packages in /opt/ros/humble
[0.257s] Level 1:colcon.colcon_core.package_discovery:discover_packages(prefix_path) using defaults
[0.290s] Level 5:colcon.colcon_core.verb:set package 'interfaces' build argument 'cmake_args' from command line to 'None'
[0.290s] Level 5:colcon.colcon_core.verb:set package 'interfaces' build argument 'cmake_target' from command line to 'None'
[0.290s] Level 5:colcon.colcon_core.verb:set package 'interfaces' build argument 'cmake_target_skip_unavailable' from command line to 'False'
[0.290s] Level 5:colcon.colcon_core.verb:set package 'interfaces' build argument 'cmake_clean_cache' from command line to 'False'
[0.290s] Level 5:colcon.colcon_core.verb:set package 'interfaces' build argument 'cmake_clean_first' from command line to 'False'
[0.290s] Level 5:colcon.colcon_core.verb:set package 'interfaces' build argument 'cmake_force_configure' from command line to 'False'
[0.290s] Level 5:colcon.colcon_core.verb:set package 'interfaces' build argument 'ament_cmake_args' from command line to 'None'
[0.290s] Level 5:colcon.colcon_core.verb:set package 'interfaces' build argument 'catkin_cmake_args' from command line to 'None'
[0.290s] Level 5:colcon.colcon_core.verb:set package 'interfaces' build argument 'catkin_skip_building_tests' from command line to 'False'
[0.290s] DEBUG:colcon.colcon_core.verb:Building package 'interfaces' with the following arguments: {'ament_cmake_args': None, 'build_base': '/home/roy/ros2_packages/ros2_tutorial/build/interfaces', 'catkin_cmake_args': None, 'catkin_skip_building_tests': False, 'cmake_args': None, 'cmake_clean_cache': False, 'cmake_clean_first': False, 'cmake_force_configure': False, 'cmake_target': None, 'cmake_target_skip_unavailable': False, 'install_base': '/home/roy/ros2_packages/ros2_tutorial/install/interfaces', 'merge_install': False, 'path': '/home/roy/ros2_packages/ros2_tutorial/src/interfaces', 'symlink_install': True, 'test_result_base': None}
[0.291s] Level 5:colcon.colcon_core.verb:set package 'parameters' build argument 'cmake_args' from command line to 'None'
[0.291s] Level 5:colcon.colcon_core.verb:set package 'parameters' build argument 'cmake_target' from command line to 'None'
[0.291s] Level 5:colcon.colcon_core.verb:set package 'parameters' build argument 'cmake_target_skip_unavailable' from command line to 'False'
[0.291s] Level 5:colcon.colcon_core.verb:set package 'parameters' build argument 'cmake_clean_cache' from command line to 'False'
[0.291s] Level 5:colcon.colcon_core.verb:set package 'parameters' build argument 'cmake_clean_first' from command line to 'False'
[0.291s] Level 5:colcon.colcon_core.verb:set package 'parameters' build argument 'cmake_force_configure' from command line to 'False'
[0.291s] Level 5:colcon.colcon_core.verb:set package 'parameters' build argument 'ament_cmake_args' from command line to 'None'
[0.291s] Level 5:colcon.colcon_core.verb:set package 'parameters' build argument 'catkin_cmake_args' from command line to 'None'
[0.291s] Level 5:colcon.colcon_core.verb:set package 'parameters' build argument 'catkin_skip_building_tests' from command line to 'False'
[0.291s] DEBUG:colcon.colcon_core.verb:Building package 'parameters' with the following arguments: {'ament_cmake_args': None, 'build_base': '/home/roy/ros2_packages/ros2_tutorial/build/parameters', 'catkin_cmake_args': None, 'catkin_skip_building_tests': False, 'cmake_args': None, 'cmake_clean_cache': False, 'cmake_clean_first': False, 'cmake_force_configure': False, 'cmake_target': None, 'cmake_target_skip_unavailable': False, 'install_base': '/home/roy/ros2_packages/ros2_tutorial/install/parameters', 'merge_install': False, 'path': '/home/roy/ros2_packages/ros2_tutorial/src/parameters', 'symlink_install': True, 'test_result_base': None}
[0.291s] Level 5:colcon.colcon_core.verb:set package 'publisher' build argument 'cmake_args' from command line to 'None'
[0.291s] Level 5:colcon.colcon_core.verb:set package 'publisher' build argument 'cmake_target' from command line to 'None'
[0.291s] Level 5:colcon.colcon_core.verb:set package 'publisher' build argument 'cmake_target_skip_unavailable' from command line to 'False'
[0.291s] Level 5:colcon.colcon_core.verb:set package 'publisher' build argument 'cmake_clean_cache' from command line to 'False'
[0.291s] Level 5:colcon.colcon_core.verb:set package 'publisher' build argument 'cmake_clean_first' from command line to 'False'
[0.291s] Level 5:colcon.colcon_core.verb:set package 'publisher' build argument 'cmake_force_configure' from command line to 'False'
[0.291s] Level 5:colcon.colcon_core.verb:set package 'publisher' build argument 'ament_cmake_args' from command line to 'None'
[0.291s] Level 5:colcon.colcon_core.verb:set package 'publisher' build argument 'catkin_cmake_args' from command line to 'None'
[0.291s] Level 5:colcon.colcon_core.verb:set package 'publisher' build argument 'catkin_skip_building_tests' from command line to 'False'
[0.291s] DEBUG:colcon.colcon_core.verb:Building package 'publisher' with the following arguments: {'ament_cmake_args': None, 'build_base': '/home/roy/ros2_packages/ros2_tutorial/build/publisher', 'catkin_cmake_args': None, 'catkin_skip_building_tests': False, 'cmake_args': None, 'cmake_clean_cache': False, 'cmake_clean_first': False, 'cmake_force_configure': False, 'cmake_target': None, 'cmake_target_skip_unavailable': False, 'install_base': '/home/roy/ros2_packages/ros2_tutorial/install/publisher', 'merge_install': False, 'path': '/home/roy/ros2_packages/ros2_tutorial/src/publisher', 'symlink_install': True, 'test_result_base': None}
[0.292s] Level 5:colcon.colcon_core.verb:set package 'subscriber' build argument 'cmake_args' from command line to 'None'
[0.292s] Level 5:colcon.colcon_core.verb:set package 'subscriber' build argument 'cmake_target' from command line to 'None'
[0.292s] Level 5:colcon.colcon_core.verb:set package 'subscriber' build argument 'cmake_target_skip_unavailable' from command line to 'False'
[0.292s] Level 5:colcon.colcon_core.verb:set package 'subscriber' build argument 'cmake_clean_cache' from command line to 'False'
[0.292s] Level 5:colcon.colcon_core.verb:set package 'subscriber' build argument 'cmake_clean_first' from command line to 'False'
[0.292s] Level 5:colcon.colcon_core.verb:set package 'subscriber' build argument 'cmake_force_configure' from command line to 'False'
[0.292s] Level 5:colcon.colcon_core.verb:set package 'subscriber' build argument 'ament_cmake_args' from command line to 'None'
[0.292s] Level 5:colcon.colcon_core.verb:set package 'subscriber' build argument 'catkin_cmake_args' from command line to 'None'
[0.292s] Level 5:colcon.colcon_core.verb:set package 'subscriber' build argument 'catkin_skip_building_tests' from command line to 'False'
[0.292s] DEBUG:colcon.colcon_core.verb:Building package 'subscriber' with the following arguments: {'ament_cmake_args': None, 'build_base': '/home/roy/ros2_packages/ros2_tutorial/build/subscriber', 'catkin_cmake_args': None, 'catkin_skip_building_tests': False, 'cmake_args': None, 'cmake_clean_cache': False, 'cmake_clean_first': False, 'cmake_force_configure': False, 'cmake_target': None, 'cmake_target_skip_unavailable': False, 'install_base': '/home/roy/ros2_packages/ros2_tutorial/install/subscriber', 'merge_install': False, 'path': '/home/roy/ros2_packages/ros2_tutorial/src/subscriber', 'symlink_install': True, 'test_result_base': None}
[0.292s] Level 5:colcon.colcon_core.verb:set package 'service_client' build argument 'cmake_args' from command line to 'None'
[0.292s] Level 5:colcon.colcon_core.verb:set package 'service_client' build argument 'cmake_target' from command line to 'None'
[0.292s] Level 5:colcon.colcon_core.verb:set package 'service_client' build argument 'cmake_target_skip_unavailable' from command line to 'False'
[0.292s] Level 5:colcon.colcon_core.verb:set package 'service_client' build argument 'cmake_clean_cache' from command line to 'False'
[0.292s] Level 5:colcon.colcon_core.verb:set package 'service_client' build argument 'cmake_clean_first' from command line to 'False'
[0.292s] Level 5:colcon.colcon_core.verb:set package 'service_client' build argument 'cmake_force_configure' from command line to 'False'
[0.292s] Level 5:colcon.colcon_core.verb:set package 'service_client' build argument 'ament_cmake_args' from command line to 'None'
[0.292s] Level 5:colcon.colcon_core.verb:set package 'service_client' build argument 'catkin_cmake_args' from command line to 'None'
[0.292s] Level 5:colcon.colcon_core.verb:set package 'service_client' build argument 'catkin_skip_building_tests' from command line to 'False'
[0.292s] DEBUG:colcon.colcon_core.verb:Building package 'service_client' with the following arguments: {'ament_cmake_args': None, 'build_base': '/home/roy/ros2_packages/ros2_tutorial/build/service_client', 'catkin_cmake_args': None, 'catkin_skip_building_tests': False, 'cmake_args': None, 'cmake_clean_cache': False, 'cmake_clean_first': False, 'cmake_force_configure': False, 'cmake_target': None, 'cmake_target_skip_unavailable': False, 'install_base': '/home/roy/ros2_packages/ros2_tutorial/install/service_client', 'merge_install': False, 'path': '/home/roy/ros2_packages/ros2_tutorial/src/service_client', 'symlink_install': True, 'test_result_base': None}
[0.293s] Level 5:colcon.colcon_core.verb:set package 'service_server' build argument 'cmake_args' from command line to 'None'
[0.293s] Level 5:colcon.colcon_core.verb:set package 'service_server' build argument 'cmake_target' from command line to 'None'
[0.293s] Level 5:colcon.colcon_core.verb:set package 'service_server' build argument 'cmake_target_skip_unavailable' from command line to 'False'
[0.293s] Level 5:colcon.colcon_core.verb:set package 'service_server' build argument 'cmake_clean_cache' from command line to 'False'
[0.293s] Level 5:colcon.colcon_core.verb:set package 'service_server' build argument 'cmake_clean_first' from command line to 'False'
[0.293s] Level 5:colcon.colcon_core.verb:set package 'service_server' build argument 'cmake_force_configure' from command line to 'False'
[0.293s] Level 5:colcon.colcon_core.verb:set package 'service_server' build argument 'ament_cmake_args' from command line to 'None'
[0.293s] Level 5:colcon.colcon_core.verb:set package 'service_server' build argument 'catkin_cmake_args' from command line to 'None'
[0.293s] Level 5:colcon.colcon_core.verb:set package 'service_server' build argument 'catkin_skip_building_tests' from command line to 'False'
[0.293s] DEBUG:colcon.colcon_core.verb:Building package 'service_server' with the following arguments: {'ament_cmake_args': None, 'build_base': '/home/roy/ros2_packages/ros2_tutorial/build/service_server', 'catkin_cmake_args': None, 'catkin_skip_building_tests': False, 'cmake_args': None, 'cmake_clean_cache': False, 'cmake_clean_first': False, 'cmake_force_configure': False, 'cmake_target': None, 'cmake_target_skip_unavailable': False, 'install_base': '/home/roy/ros2_packages/ros2_tutorial/install/service_server', 'merge_install': False, 'path': '/home/roy/ros2_packages/ros2_tutorial/src/service_server', 'symlink_install': True, 'test_result_base': None}
[0.293s] INFO:colcon.colcon_core.executor:Executing jobs using 'parallel' executor
[0.294s] DEBUG:colcon.colcon_parallel_executor.executor.parallel:run_until_complete
[0.294s] INFO:colcon.colcon_ros.task.ament_cmake.build:Building ROS package in '/home/roy/ros2_packages/ros2_tutorial/src/interfaces' with build type 'ament_cmake'
[0.294s] INFO:colcon.colcon_cmake.task.cmake.build:Building CMake package in '/home/roy/ros2_packages/ros2_tutorial/src/interfaces'
[0.296s] INFO:colcon.colcon_core.plugin_system:Skipping extension 'colcon_core.shell.bat': Not used on non-Windows systems
[0.296s] INFO:colcon.colcon_core.shell:Skip shell extension 'powershell' for command environment: Not usable outside of PowerShell
[0.296s] DEBUG:colcon.colcon_core.shell:Skip shell extension 'dsv' for command environment
[0.298s] INFO:colcon.colcon_ros.task.ament_cmake.build:Building ROS package in '/home/roy/ros2_packages/ros2_tutorial/src/parameters' with build type 'ament_cmake'
[0.298s] INFO:colcon.colcon_cmake.task.cmake.build:Building CMake package in '/home/roy/ros2_packages/ros2_tutorial/src/parameters'
[0.299s] INFO:colcon.colcon_core.shell:Skip shell extension 'powershell' for command environment: Not usable outside of PowerShell
[0.299s] DEBUG:colcon.colcon_core.shell:Skip shell extension 'dsv' for command environment
[0.300s] INFO:colcon.colcon_ros.task.ament_cmake.build:Building ROS package in '/home/roy/ros2_packages/ros2_tutorial/src/publisher' with build type 'ament_cmake'
[0.301s] INFO:colcon.colcon_cmake.task.cmake.build:Building CMake package in '/home/roy/ros2_packages/ros2_tutorial/src/publisher'
[0.301s] INFO:colcon.colcon_core.shell:Skip shell extension 'powershell' for command environment: Not usable outside of PowerShell
[0.301s] DEBUG:colcon.colcon_core.shell:Skip shell extension 'dsv' for command environment
[0.303s] INFO:colcon.colcon_ros.task.ament_cmake.build:Building ROS package in '/home/roy/ros2_packages/ros2_tutorial/src/subscriber' with build type 'ament_cmake'
[0.303s] INFO:colcon.colcon_cmake.task.cmake.build:Building CMake package in '/home/roy/ros2_packages/ros2_tutorial/src/subscriber'
[0.304s] INFO:colcon.colcon_core.shell:Skip shell extension 'powershell' for command environment: Not usable outside of PowerShell
[0.304s] DEBUG:colcon.colcon_core.shell:Skip shell extension 'dsv' for command environment
[0.310s] DEBUG:colcon.colcon_core.event_handler.log_command:Invoking command in '/home/roy/ros2_packages/ros2_tutorial/build/interfaces': CMAKE_PREFIX_PATH=/opt/ros/humble /usr/bin/cmake --build /home/roy/ros2_packages/ros2_tutorial/build/interfaces -- -j8 -l8
[0.312s] DEBUG:colcon.colcon_core.event_handler.log_command:Invoking command in '/home/roy/ros2_packages/ros2_tutorial/build/parameters': CMAKE_PREFIX_PATH=/opt/ros/humble /usr/bin/cmake --build /home/roy/ros2_packages/ros2_tutorial/build/parameters -- -j8 -l8
[0.315s] DEBUG:colcon.colcon_core.event_handler.log_command:Invoking command in '/home/roy/ros2_packages/ros2_tutorial/build/publisher': CMAKE_PREFIX_PATH=/opt/ros/humble /usr/bin/cmake --build /home/roy/ros2_packages/ros2_tutorial/build/publisher -- -j8 -l8
[0.318s] DEBUG:colcon.colcon_core.event_handler.log_command:Invoking command in '/home/roy/ros2_packages/ros2_tutorial/build/subscriber': CMAKE_PREFIX_PATH=/opt/ros/humble /usr/bin/cmake --build /home/roy/ros2_packages/ros2_tutorial/build/subscriber -- -j8 -l8
[0.364s] DEBUG:colcon.colcon_core.event_handler.log_command:Invoked command in '/home/roy/ros2_packages/ros2_tutorial/build/publisher' returned '0': CMAKE_PREFIX_PATH=/opt/ros/humble /usr/bin/cmake --build /home/roy/ros2_packages/ros2_tutorial/build/publisher -- -j8 -l8
[0.366s] DEBUG:colcon.colcon_core.event_handler.log_command:Invoked command in '/home/roy/ros2_packages/ros2_tutorial/build/subscriber' returned '0': CMAKE_PREFIX_PATH=/opt/ros/humble /usr/bin/cmake --build /home/roy/ros2_packages/ros2_tutorial/build/subscriber -- -j8 -l8
[0.392s] DEBUG:colcon.colcon_core.event_handler.log_command:Invoking command in '/home/roy/ros2_packages/ros2_tutorial/build/publisher': CMAKE_PREFIX_PATH=/opt/ros/humble /usr/bin/cmake --install /home/roy/ros2_packages/ros2_tutorial/build/publisher
[0.394s] DEBUG:colcon.colcon_core.event_handler.log_command:Invoking command in '/home/roy/ros2_packages/ros2_tutorial/build/subscriber': CMAKE_PREFIX_PATH=/opt/ros/humble /usr/bin/cmake --install /home/roy/ros2_packages/ros2_tutorial/build/subscriber
[0.409s] Level 1:colcon.colcon_core.environment:create_environment_scripts_only(publisher)
[0.409s] DEBUG:colcon.colcon_core.event_handler.log_command:Invoked command in '/home/roy/ros2_packages/ros2_tutorial/build/publisher' returned '0': CMAKE_PREFIX_PATH=/opt/ros/humble /usr/bin/cmake --install /home/roy/ros2_packages/ros2_tutorial/build/publisher
[0.411s] Level 1:colcon.colcon_core.environment:checking '/home/roy/ros2_packages/ros2_tutorial/install/publisher' for CMake module files
[0.411s] Level 1:colcon.colcon_core.environment:checking '/home/roy/ros2_packages/ros2_tutorial/install/publisher' for CMake config files
[0.411s] Level 1:colcon.colcon_core.shell:create_environment_hook('publisher', 'cmake_prefix_path')
[0.412s] INFO:colcon.colcon_core.shell:Creating environment hook '/home/roy/ros2_packages/ros2_tutorial/install/publisher/share/publisher/hook/cmake_prefix_path.ps1'
[0.412s] INFO:colcon.colcon_core.shell:Creating environment descriptor '/home/roy/ros2_packages/ros2_tutorial/install/publisher/share/publisher/hook/cmake_prefix_path.dsv'
[0.413s] INFO:colcon.colcon_core.shell:Creating environment hook '/home/roy/ros2_packages/ros2_tutorial/install/publisher/share/publisher/hook/cmake_prefix_path.sh'
[0.413s] Level 1:colcon.colcon_core.environment:checking '/home/roy/ros2_packages/ros2_tutorial/install/publisher/lib'
[0.413s] Level 1:colcon.colcon_core.environment:checking '/home/roy/ros2_packages/ros2_tutorial/install/publisher/bin'
[0.413s] Level 1:colcon.colcon_core.environment:checking '/home/roy/ros2_packages/ros2_tutorial/install/publisher/lib/pkgconfig/publisher.pc'
[0.414s] Level 1:colcon.colcon_core.environment:checking '/home/roy/ros2_packages/ros2_tutorial/install/publisher/lib/python3.10/site-packages'
[0.414s] Level 1:colcon.colcon_core.environment:checking '/home/roy/ros2_packages/ros2_tutorial/install/publisher/bin'
[0.414s] INFO:colcon.colcon_core.shell:Creating package script '/home/roy/ros2_packages/ros2_tutorial/install/publisher/share/publisher/package.ps1'
[0.415s] INFO:colcon.colcon_core.shell:Creating package descriptor '/home/roy/ros2_packages/ros2_tutorial/install/publisher/share/publisher/package.dsv'
[0.415s] INFO:colcon.colcon_core.shell:Creating package script '/home/roy/ros2_packages/ros2_tutorial/install/publisher/share/publisher/package.sh'
[0.416s] INFO:colcon.colcon_core.shell:Creating package script '/home/roy/ros2_packages/ros2_tutorial/install/publisher/share/publisher/package.bash'
[0.417s] INFO:colcon.colcon_core.shell:Creating package script '/home/roy/ros2_packages/ros2_tutorial/install/publisher/share/publisher/package.zsh'
[0.417s] Level 1:colcon.colcon_core.environment:create_file_with_runtime_dependencies(/home/roy/ros2_packages/ros2_tutorial/install/publisher/share/colcon-core/packages/publisher)
[0.418s] Level 1:colcon.colcon_core.environment:create_environment_scripts_only(subscriber)
[0.418s] Level 1:colcon.colcon_core.environment:checking '/home/roy/ros2_packages/ros2_tutorial/install/subscriber' for CMake module files
[0.419s] DEBUG:colcon.colcon_core.event_handler.log_command:Invoked command in '/home/roy/ros2_packages/ros2_tutorial/build/subscriber' returned '0': CMAKE_PREFIX_PATH=/opt/ros/humble /usr/bin/cmake --install /home/roy/ros2_packages/ros2_tutorial/build/subscriber
[0.419s] Level 1:colcon.colcon_core.environment:checking '/home/roy/ros2_packages/ros2_tutorial/install/subscriber' for CMake config files
[0.419s] Level 1:colcon.colcon_core.shell:create_environment_hook('subscriber', 'cmake_prefix_path')
[0.419s] INFO:colcon.colcon_core.shell:Creating environment hook '/home/roy/ros2_packages/ros2_tutorial/install/subscriber/share/subscriber/hook/cmake_prefix_path.ps1'
[0.420s] INFO:colcon.colcon_core.shell:Creating environment descriptor '/home/roy/ros2_packages/ros2_tutorial/install/subscriber/share/subscriber/hook/cmake_prefix_path.dsv'
[0.420s] INFO:colcon.colcon_core.shell:Creating environment hook '/home/roy/ros2_packages/ros2_tutorial/install/subscriber/share/subscriber/hook/cmake_prefix_path.sh'
[0.420s] Level 1:colcon.colcon_core.environment:checking '/home/roy/ros2_packages/ros2_tutorial/install/subscriber/lib'
[0.421s] Level 1:colcon.colcon_core.environment:checking '/home/roy/ros2_packages/ros2_tutorial/install/subscriber/bin'
[0.421s] Level 1:colcon.colcon_core.environment:checking '/home/roy/ros2_packages/ros2_tutorial/install/subscriber/lib/pkgconfig/subscriber.pc'
[0.421s] Level 1:colcon.colcon_core.environment:checking '/home/roy/ros2_packages/ros2_tutorial/install/subscriber/lib/python3.10/site-packages'
[0.421s] Level 1:colcon.colcon_core.environment:checking '/home/roy/ros2_packages/ros2_tutorial/install/subscriber/bin'
[0.421s] INFO:colcon.colcon_core.shell:Creating package script '/home/roy/ros2_packages/ros2_tutorial/install/subscriber/share/subscriber/package.ps1'
[0.422s] INFO:colcon.colcon_core.shell:Creating package descriptor '/home/roy/ros2_packages/ros2_tutorial/install/subscriber/share/subscriber/package.dsv'
[0.422s] INFO:colcon.colcon_core.shell:Creating package script '/home/roy/ros2_packages/ros2_tutorial/install/subscriber/share/subscriber/package.sh'
[0.422s] INFO:colcon.colcon_core.shell:Creating package script '/home/roy/ros2_packages/ros2_tutorial/install/subscriber/share/subscriber/package.bash'
[0.422s] INFO:colcon.colcon_core.shell:Creating package script '/home/roy/ros2_packages/ros2_tutorial/install/subscriber/share/subscriber/package.zsh'
[0.423s] Level 1:colcon.colcon_core.environment:create_file_with_runtime_dependencies(/home/roy/ros2_packages/ros2_tutorial/install/subscriber/share/colcon-core/packages/subscriber)
[0.436s] Level 1:colcon.colcon_core.environment:create_environment_scripts_only(publisher)
[0.437s] Level 1:colcon.colcon_core.environment:checking '/home/roy/ros2_packages/ros2_tutorial/install/publisher' for CMake module files
[0.437s] Level 1:colcon.colcon_core.environment:checking '/home/roy/ros2_packages/ros2_tutorial/install/publisher' for CMake config files
[0.437s] Level 1:colcon.colcon_core.shell:create_environment_hook('publisher', 'cmake_prefix_path')
[0.438s] INFO:colcon.colcon_core.shell:Creating environment hook '/home/roy/ros2_packages/ros2_tutorial/install/publisher/share/publisher/hook/cmake_prefix_path.ps1'
[0.438s] INFO:colcon.colcon_core.shell:Creating environment descriptor '/home/roy/ros2_packages/ros2_tutorial/install/publisher/share/publisher/hook/cmake_prefix_path.dsv'
[0.439s] INFO:colcon.colcon_core.shell:Creating environment hook '/home/roy/ros2_packages/ros2_tutorial/install/publisher/share/publisher/hook/cmake_prefix_path.sh'
[0.439s] Level 1:colcon.colcon_core.environment:checking '/home/roy/ros2_packages/ros2_tutorial/install/publisher/lib'
[0.440s] Level 1:colcon.colcon_core.environment:checking '/home/roy/ros2_packages/ros2_tutorial/install/publisher/bin'
[0.440s] Level 1:colcon.colcon_core.environment:checking '/home/roy/ros2_packages/ros2_tutorial/install/publisher/lib/pkgconfig/publisher.pc'
[0.440s] Level 1:colcon.colcon_core.environment:checking '/home/roy/ros2_packages/ros2_tutorial/install/publisher/lib/python3.10/site-packages'
[0.440s] Level 1:colcon.colcon_core.environment:checking '/home/roy/ros2_packages/ros2_tutorial/install/publisher/bin'
[0.441s] INFO:colcon.colcon_core.shell:Creating package script '/home/roy/ros2_packages/ros2_tutorial/install/publisher/share/publisher/package.ps1'
[0.441s] INFO:colcon.colcon_core.shell:Creating package descriptor '/home/roy/ros2_packages/ros2_tutorial/install/publisher/share/publisher/package.dsv'
[0.442s] INFO:colcon.colcon_core.shell:Creating package script '/home/roy/ros2_packages/ros2_tutorial/install/publisher/share/publisher/package.sh'
[0.442s] INFO:colcon.colcon_core.shell:Creating package script '/home/roy/ros2_packages/ros2_tutorial/install/publisher/share/publisher/package.bash'
[0.443s] INFO:colcon.colcon_core.shell:Creating package script '/home/roy/ros2_packages/ros2_tutorial/install/publisher/share/publisher/package.zsh'
[0.443s] Level 1:colcon.colcon_core.environment:create_file_with_runtime_dependencies(/home/roy/ros2_packages/ros2_tutorial/install/publisher/share/colcon-core/packages/publisher)
[0.444s] Level 1:colcon.colcon_core.environment:create_environment_scripts_only(subscriber)
[0.444s] Level 1:colcon.colcon_core.environment:checking '/home/roy/ros2_packages/ros2_tutorial/install/subscriber' for CMake module files
[0.444s] Level 1:colcon.colcon_core.environment:checking '/home/roy/ros2_packages/ros2_tutorial/install/subscriber' for CMake config files
[0.445s] Level 1:colcon.colcon_core.shell:create_environment_hook('subscriber', 'cmake_prefix_path')
[0.445s] INFO:colcon.colcon_core.shell:Creating environment hook '/home/roy/ros2_packages/ros2_tutorial/install/subscriber/share/subscriber/hook/cmake_prefix_path.ps1'
[0.445s] INFO:colcon.colcon_core.shell:Creating environment descriptor '/home/roy/ros2_packages/ros2_tutorial/install/subscriber/share/subscriber/hook/cmake_prefix_path.dsv'
[0.445s] INFO:colcon.colcon_core.shell:Creating environment hook '/home/roy/ros2_packages/ros2_tutorial/install/subscriber/share/subscriber/hook/cmake_prefix_path.sh'
[0.446s] Level 1:colcon.colcon_core.environment:checking '/home/roy/ros2_packages/ros2_tutorial/install/subscriber/lib'
[0.446s] Level 1:colcon.colcon_core.environment:checking '/home/roy/ros2_packages/ros2_tutorial/install/subscriber/bin'
[0.446s] Level 1:colcon.colcon_core.environment:checking '/home/roy/ros2_packages/ros2_tutorial/install/subscriber/lib/pkgconfig/subscriber.pc'
[0.446s] Level 1:colcon.colcon_core.environment:checking '/home/roy/ros2_packages/ros2_tutorial/install/subscriber/lib/python3.10/site-packages'
[0.446s] Level 1:colcon.colcon_core.environment:checking '/home/roy/ros2_packages/ros2_tutorial/install/subscriber/bin'
[0.446s] INFO:colcon.colcon_core.shell:Creating package script '/home/roy/ros2_packages/ros2_tutorial/install/subscriber/share/subscriber/package.ps1'
[0.447s] INFO:colcon.colcon_core.shell:Creating package descriptor '/home/roy/ros2_packages/ros2_tutorial/install/subscriber/share/subscriber/package.dsv'
[0.447s] INFO:colcon.colcon_core.shell:Creating package script '/home/roy/ros2_packages/ros2_tutorial/install/subscriber/share/subscriber/package.sh'
[0.448s] INFO:colcon.colcon_core.shell:Creating package script '/home/roy/ros2_packages/ros2_tutorial/install/subscriber/share/subscriber/package.bash'
[0.448s] INFO:colcon.colcon_core.shell:Creating package script '/home/roy/ros2_packages/ros2_tutorial/install/subscriber/share/subscriber/package.zsh'
[0.448s] Level 1:colcon.colcon_core.environment:create_file_with_runtime_dependencies(/home/roy/ros2_packages/ros2_tutorial/install/subscriber/share/colcon-core/packages/subscriber)
[0.591s] DEBUG:colcon.colcon_core.event_handler.log_command:Invoked command in '/home/roy/ros2_packages/ros2_tutorial/build/interfaces' returned '0': CMAKE_PREFIX_PATH=/opt/ros/humble /usr/bin/cmake --build /home/roy/ros2_packages/ros2_tutorial/build/interfaces -- -j8 -l8
[0.637s] DEBUG:colcon.colcon_core.event_handler.log_command:Invoking command in '/home/roy/ros2_packages/ros2_tutorial/build/interfaces': CMAKE_PREFIX_PATH=/opt/ros/humble /usr/bin/cmake --install /home/roy/ros2_packages/ros2_tutorial/build/interfaces
[0.693s] Level 1:colcon.colcon_core.environment:create_environment_scripts_only(interfaces)
[0.694s] Level 1:colcon.colcon_core.environment:checking '/home/roy/ros2_packages/ros2_tutorial/install/interfaces' for CMake module files
[0.694s] DEBUG:colcon.colcon_core.event_handler.log_command:Invoked command in '/home/roy/ros2_packages/ros2_tutorial/build/interfaces' returned '0': CMAKE_PREFIX_PATH=/opt/ros/humble /usr/bin/cmake --install /home/roy/ros2_packages/ros2_tutorial/build/interfaces
[0.695s] Level 1:colcon.colcon_core.environment:checking '/home/roy/ros2_packages/ros2_tutorial/install/interfaces' for CMake config files
[0.695s] Level 1:colcon.colcon_core.shell:create_environment_hook('interfaces', 'cmake_prefix_path')
[0.695s] INFO:colcon.colcon_core.shell:Creating environment hook '/home/roy/ros2_packages/ros2_tutorial/install/interfaces/share/interfaces/hook/cmake_prefix_path.ps1'
[0.695s] INFO:colcon.colcon_core.shell:Creating environment descriptor '/home/roy/ros2_packages/ros2_tutorial/install/interfaces/share/interfaces/hook/cmake_prefix_path.dsv'
[0.696s] INFO:colcon.colcon_core.shell:Creating environment hook '/home/roy/ros2_packages/ros2_tutorial/install/interfaces/share/interfaces/hook/cmake_prefix_path.sh'
[0.696s] Level 1:colcon.colcon_core.environment:checking '/home/roy/ros2_packages/ros2_tutorial/install/interfaces/lib'
[0.696s] Level 1:colcon.colcon_core.shell:create_environment_hook('interfaces', 'ld_library_path_lib')
[0.696s] INFO:colcon.colcon_core.shell:Creating environment hook '/home/roy/ros2_packages/ros2_tutorial/install/interfaces/share/interfaces/hook/ld_library_path_lib.ps1'
[0.696s] INFO:colcon.colcon_core.shell:Creating environment descriptor '/home/roy/ros2_packages/ros2_tutorial/install/interfaces/share/interfaces/hook/ld_library_path_lib.dsv'
[0.697s] INFO:colcon.colcon_core.shell:Creating environment hook '/home/roy/ros2_packages/ros2_tutorial/install/interfaces/share/interfaces/hook/ld_library_path_lib.sh'
[0.697s] Level 1:colcon.colcon_core.environment:checking '/home/roy/ros2_packages/ros2_tutorial/install/interfaces/bin'
[0.697s] Level 1:colcon.colcon_core.environment:checking '/home/roy/ros2_packages/ros2_tutorial/install/interfaces/lib/pkgconfig/interfaces.pc'
[0.697s] Level 1:colcon.colcon_core.environment:checking '/home/roy/ros2_packages/ros2_tutorial/install/interfaces/lib/python3.10/site-packages'
[0.697s] Level 1:colcon.colcon_core.environment:checking '/home/roy/ros2_packages/ros2_tutorial/install/interfaces/bin'
[0.698s] INFO:colcon.colcon_core.shell:Creating package script '/home/roy/ros2_packages/ros2_tutorial/install/interfaces/share/interfaces/package.ps1'
[0.698s] INFO:colcon.colcon_core.shell:Creating package descriptor '/home/roy/ros2_packages/ros2_tutorial/install/interfaces/share/interfaces/package.dsv'
[0.699s] INFO:colcon.colcon_core.shell:Creating package script '/home/roy/ros2_packages/ros2_tutorial/install/interfaces/share/interfaces/package.sh'
[0.699s] INFO:colcon.colcon_core.shell:Creating package script '/home/roy/ros2_packages/ros2_tutorial/install/interfaces/share/interfaces/package.bash'
[0.699s] INFO:colcon.colcon_core.shell:Creating package script '/home/roy/ros2_packages/ros2_tutorial/install/interfaces/share/interfaces/package.zsh'
[0.700s] Level 1:colcon.colcon_core.environment:create_file_with_runtime_dependencies(/home/roy/ros2_packages/ros2_tutorial/install/interfaces/share/colcon-core/packages/interfaces)
[0.743s] Level 1:colcon.colcon_core.environment:create_environment_scripts_only(interfaces)
[0.743s] Level 1:colcon.colcon_core.environment:checking '/home/roy/ros2_packages/ros2_tutorial/install/interfaces' for CMake module files
[0.744s] Level 1:colcon.colcon_core.environment:checking '/home/roy/ros2_packages/ros2_tutorial/install/interfaces' for CMake config files
[0.744s] Level 1:colcon.colcon_core.shell:create_environment_hook('interfaces', 'cmake_prefix_path')
[0.744s] INFO:colcon.colcon_core.shell:Creating environment hook '/home/roy/ros2_packages/ros2_tutorial/install/interfaces/share/interfaces/hook/cmake_prefix_path.ps1'
[0.745s] INFO:colcon.colcon_core.shell:Creating environment descriptor '/home/roy/ros2_packages/ros2_tutorial/install/interfaces/share/interfaces/hook/cmake_prefix_path.dsv'
[0.745s] INFO:colcon.colcon_core.shell:Creating environment hook '/home/roy/ros2_packages/ros2_tutorial/install/interfaces/share/interfaces/hook/cmake_prefix_path.sh'
[0.745s] Level 1:colcon.colcon_core.environment:checking '/home/roy/ros2_packages/ros2_tutorial/install/interfaces/lib'
[0.745s] Level 1:colcon.colcon_core.shell:create_environment_hook('interfaces', 'ld_library_path_lib')
[0.745s] INFO:colcon.colcon_core.shell:Creating environment hook '/home/roy/ros2_packages/ros2_tutorial/install/interfaces/share/interfaces/hook/ld_library_path_lib.ps1'
[0.746s] INFO:colcon.colcon_core.shell:Creating environment descriptor '/home/roy/ros2_packages/ros2_tutorial/install/interfaces/share/interfaces/hook/ld_library_path_lib.dsv'
[0.746s] INFO:colcon.colcon_core.shell:Creating environment hook '/home/roy/ros2_packages/ros2_tutorial/install/interfaces/share/interfaces/hook/ld_library_path_lib.sh'
[0.746s] Level 1:colcon.colcon_core.environment:checking '/home/roy/ros2_packages/ros2_tutorial/install/interfaces/bin'
[0.746s] Level 1:colcon.colcon_core.environment:checking '/home/roy/ros2_packages/ros2_tutorial/install/interfaces/lib/pkgconfig/interfaces.pc'
[0.746s] Level 1:colcon.colcon_core.environment:checking '/home/roy/ros2_packages/ros2_tutorial/install/interfaces/lib/python3.10/site-packages'
[0.747s] Level 1:colcon.colcon_core.environment:checking '/home/roy/ros2_packages/ros2_tutorial/install/interfaces/bin'
[0.747s] INFO:colcon.colcon_core.shell:Creating package script '/home/roy/ros2_packages/ros2_tutorial/install/interfaces/share/interfaces/package.ps1'
[0.747s] INFO:colcon.colcon_core.shell:Creating package descriptor '/home/roy/ros2_packages/ros2_tutorial/install/interfaces/share/interfaces/package.dsv'
[0.748s] INFO:colcon.colcon_core.shell:Creating package script '/home/roy/ros2_packages/ros2_tutorial/install/interfaces/share/interfaces/package.sh'
[0.748s] INFO:colcon.colcon_core.shell:Creating package script '/home/roy/ros2_packages/ros2_tutorial/install/interfaces/share/interfaces/package.bash'
[0.748s] INFO:colcon.colcon_core.shell:Creating package script '/home/roy/ros2_packages/ros2_tutorial/install/interfaces/share/interfaces/package.zsh'
[0.749s] Level 1:colcon.colcon_core.environment:create_file_with_runtime_dependencies(/home/roy/ros2_packages/ros2_tutorial/install/interfaces/share/colcon-core/packages/interfaces)
[0.749s] INFO:colcon.colcon_ros.task.ament_cmake.build:Building ROS package in '/home/roy/ros2_packages/ros2_tutorial/src/service_client' with build type 'ament_cmake'
[0.749s] INFO:colcon.colcon_cmake.task.cmake.build:Building CMake package in '/home/roy/ros2_packages/ros2_tutorial/src/service_client'
[0.749s] INFO:colcon.colcon_core.shell:Skip shell extension 'powershell' for command environment: Not usable outside of PowerShell
[0.749s] DEBUG:colcon.colcon_core.shell:Skip shell extension 'dsv' for command environment
[0.752s] INFO:colcon.colcon_ros.task.ament_cmake.build:Building ROS package in '/home/roy/ros2_packages/ros2_tutorial/src/service_server' with build type 'ament_cmake'
[0.752s] INFO:colcon.colcon_cmake.task.cmake.build:Building CMake package in '/home/roy/ros2_packages/ros2_tutorial/src/service_server'
[0.752s] INFO:colcon.colcon_core.shell:Skip shell extension 'powershell' for command environment: Not usable outside of PowerShell
[0.752s] DEBUG:colcon.colcon_core.shell:Skip shell extension 'dsv' for command environment
[0.757s] DEBUG:colcon.colcon_core.event_handler.log_command:Invoking command in '/home/roy/ros2_packages/ros2_tutorial/build/service_client': AMENT_PREFIX_PATH=/home/roy/ros2_packages/ros2_tutorial/install/interfaces:${AMENT_PREFIX_PATH} CMAKE_PREFIX_PATH=/home/roy/ros2_packages/ros2_tutorial/install/interfaces:/opt/ros/humble LD_LIBRARY_PATH=/home/roy/ros2_packages/ros2_tutorial/install/interfaces/lib:${LD_LIBRARY_PATH} PYTHONPATH=/home/roy/ros2_packages/ros2_tutorial/install/interfaces/local/lib/python3.10/dist-packages:${PYTHONPATH} /usr/bin/cmake --build /home/roy/ros2_packages/ros2_tutorial/build/service_client -- -j8 -l8
[0.760s] DEBUG:colcon.colcon_core.event_handler.log_command:Invoking command in '/home/roy/ros2_packages/ros2_tutorial/build/service_server': AMENT_PREFIX_PATH=/home/roy/ros2_packages/ros2_tutorial/install/interfaces:${AMENT_PREFIX_PATH} CMAKE_PREFIX_PATH=/home/roy/ros2_packages/ros2_tutorial/install/interfaces:/opt/ros/humble LD_LIBRARY_PATH=/home/roy/ros2_packages/ros2_tutorial/install/interfaces/lib:${LD_LIBRARY_PATH} PYTHONPATH=/home/roy/ros2_packages/ros2_tutorial/install/interfaces/local/lib/python3.10/dist-packages:${PYTHONPATH} /usr/bin/cmake --build /home/roy/ros2_packages/ros2_tutorial/build/service_server -- -j8 -l8
[0.809s] DEBUG:colcon.colcon_core.event_handler.log_command:Invoked command in '/home/roy/ros2_packages/ros2_tutorial/build/service_client' returned '0': AMENT_PREFIX_PATH=/home/roy/ros2_packages/ros2_tutorial/install/interfaces:${AMENT_PREFIX_PATH} CMAKE_PREFIX_PATH=/home/roy/ros2_packages/ros2_tutorial/install/interfaces:/opt/ros/humble LD_LIBRARY_PATH=/home/roy/ros2_packages/ros2_tutorial/install/interfaces/lib:${LD_LIBRARY_PATH} PYTHONPATH=/home/roy/ros2_packages/ros2_tutorial/install/interfaces/local/lib/python3.10/dist-packages:${PYTHONPATH} /usr/bin/cmake --build /home/roy/ros2_packages/ros2_tutorial/build/service_client -- -j8 -l8
[0.810s] DEBUG:colcon.colcon_core.event_handler.log_command:Invoked command in '/home/roy/ros2_packages/ros2_tutorial/build/service_server' returned '0': AMENT_PREFIX_PATH=/home/roy/ros2_packages/ros2_tutorial/install/interfaces:${AMENT_PREFIX_PATH} CMAKE_PREFIX_PATH=/home/roy/ros2_packages/ros2_tutorial/install/interfaces:/opt/ros/humble LD_LIBRARY_PATH=/home/roy/ros2_packages/ros2_tutorial/install/interfaces/lib:${LD_LIBRARY_PATH} PYTHONPATH=/home/roy/ros2_packages/ros2_tutorial/install/interfaces/local/lib/python3.10/dist-packages:${PYTHONPATH} /usr/bin/cmake --build /home/roy/ros2_packages/ros2_tutorial/build/service_server -- -j8 -l8
[0.830s] DEBUG:colcon.colcon_core.event_handler.log_command:Invoking command in '/home/roy/ros2_packages/ros2_tutorial/build/service_server': AMENT_PREFIX_PATH=/home/roy/ros2_packages/ros2_tutorial/install/interfaces:${AMENT_PREFIX_PATH} CMAKE_PREFIX_PATH=/home/roy/ros2_packages/ros2_tutorial/install/interfaces:/opt/ros/humble LD_LIBRARY_PATH=/home/roy/ros2_packages/ros2_tutorial/install/interfaces/lib:${LD_LIBRARY_PATH} PYTHONPATH=/home/roy/ros2_packages/ros2_tutorial/install/interfaces/local/lib/python3.10/dist-packages:${PYTHONPATH} /usr/bin/cmake --install /home/roy/ros2_packages/ros2_tutorial/build/service_server
[0.831s] DEBUG:colcon.colcon_core.event_handler.log_command:Invoking command in '/home/roy/ros2_packages/ros2_tutorial/build/service_client': AMENT_PREFIX_PATH=/home/roy/ros2_packages/ros2_tutorial/install/interfaces:${AMENT_PREFIX_PATH} CMAKE_PREFIX_PATH=/home/roy/ros2_packages/ros2_tutorial/install/interfaces:/opt/ros/humble LD_LIBRARY_PATH=/home/roy/ros2_packages/ros2_tutorial/install/interfaces/lib:${LD_LIBRARY_PATH} PYTHONPATH=/home/roy/ros2_packages/ros2_tutorial/install/interfaces/local/lib/python3.10/dist-packages:${PYTHONPATH} /usr/bin/cmake --install /home/roy/ros2_packages/ros2_tutorial/build/service_client
[0.846s] Level 1:colcon.colcon_core.environment:create_environment_scripts_only(service_server)
[0.846s] Level 1:colcon.colcon_core.environment:checking '/home/roy/ros2_packages/ros2_tutorial/install/service_server' for CMake module files
[0.847s] DEBUG:colcon.colcon_core.event_handler.log_command:Invoked command in '/home/roy/ros2_packages/ros2_tutorial/build/service_server' returned '0': AMENT_PREFIX_PATH=/home/roy/ros2_packages/ros2_tutorial/install/interfaces:${AMENT_PREFIX_PATH} CMAKE_PREFIX_PATH=/home/roy/ros2_packages/ros2_tutorial/install/interfaces:/opt/ros/humble LD_LIBRARY_PATH=/home/roy/ros2_packages/ros2_tutorial/install/interfaces/lib:${LD_LIBRARY_PATH} PYTHONPATH=/home/roy/ros2_packages/ros2_tutorial/install/interfaces/local/lib/python3.10/dist-packages:${PYTHONPATH} /usr/bin/cmake --install /home/roy/ros2_packages/ros2_tutorial/build/service_server
[0.847s] Level 1:colcon.colcon_core.environment:checking '/home/roy/ros2_packages/ros2_tutorial/install/service_server' for CMake config files
[0.847s] Level 1:colcon.colcon_core.shell:create_environment_hook('service_server', 'cmake_prefix_path')
[0.847s] INFO:colcon.colcon_core.shell:Creating environment hook '/home/roy/ros2_packages/ros2_tutorial/install/service_server/share/service_server/hook/cmake_prefix_path.ps1'
[0.848s] INFO:colcon.colcon_core.shell:Creating environment descriptor '/home/roy/ros2_packages/ros2_tutorial/install/service_server/share/service_server/hook/cmake_prefix_path.dsv'
[0.848s] INFO:colcon.colcon_core.shell:Creating environment hook '/home/roy/ros2_packages/ros2_tutorial/install/service_server/share/service_server/hook/cmake_prefix_path.sh'
[0.848s] Level 1:colcon.colcon_core.environment:checking '/home/roy/ros2_packages/ros2_tutorial/install/service_server/lib'
[0.848s] Level 1:colcon.colcon_core.environment:checking '/home/roy/ros2_packages/ros2_tutorial/install/service_server/bin'
[0.849s] Level 1:colcon.colcon_core.environment:checking '/home/roy/ros2_packages/ros2_tutorial/install/service_server/lib/pkgconfig/service_server.pc'
[0.849s] Level 1:colcon.colcon_core.environment:checking '/home/roy/ros2_packages/ros2_tutorial/install/service_server/lib/python3.10/site-packages'
[0.849s] Level 1:colcon.colcon_core.environment:checking '/home/roy/ros2_packages/ros2_tutorial/install/service_server/bin'
[0.849s] INFO:colcon.colcon_core.shell:Creating package script '/home/roy/ros2_packages/ros2_tutorial/install/service_server/share/service_server/package.ps1'
[0.849s] INFO:colcon.colcon_core.shell:Creating package descriptor '/home/roy/ros2_packages/ros2_tutorial/install/service_server/share/service_server/package.dsv'
[0.850s] INFO:colcon.colcon_core.shell:Creating package script '/home/roy/ros2_packages/ros2_tutorial/install/service_server/share/service_server/package.sh'
[0.850s] INFO:colcon.colcon_core.shell:Creating package script '/home/roy/ros2_packages/ros2_tutorial/install/service_server/share/service_server/package.bash'
[0.850s] INFO:colcon.colcon_core.shell:Creating package script '/home/roy/ros2_packages/ros2_tutorial/install/service_server/share/service_server/package.zsh'
[0.850s] Level 1:colcon.colcon_core.environment:create_file_with_runtime_dependencies(/home/roy/ros2_packages/ros2_tutorial/install/service_server/share/colcon-core/packages/service_server)
[0.851s] Level 1:colcon.colcon_core.environment:create_environment_scripts_only(service_client)
[0.852s] Level 1:colcon.colcon_core.environment:checking '/home/roy/ros2_packages/ros2_tutorial/install/service_client' for CMake module files
[0.852s] DEBUG:colcon.colcon_core.event_handler.log_command:Invoked command in '/home/roy/ros2_packages/ros2_tutorial/build/service_client' returned '0': AMENT_PREFIX_PATH=/home/roy/ros2_packages/ros2_tutorial/install/interfaces:${AMENT_PREFIX_PATH} CMAKE_PREFIX_PATH=/home/roy/ros2_packages/ros2_tutorial/install/interfaces:/opt/ros/humble LD_LIBRARY_PATH=/home/roy/ros2_packages/ros2_tutorial/install/interfaces/lib:${LD_LIBRARY_PATH} PYTHONPATH=/home/roy/ros2_packages/ros2_tutorial/install/interfaces/local/lib/python3.10/dist-packages:${PYTHONPATH} /usr/bin/cmake --install /home/roy/ros2_packages/ros2_tutorial/build/service_client
[0.852s] Level 1:colcon.colcon_core.environment:checking '/home/roy/ros2_packages/ros2_tutorial/install/service_client' for CMake config files
[0.853s] Level 1:colcon.colcon_core.shell:create_environment_hook('service_client', 'cmake_prefix_path')
[0.853s] INFO:colcon.colcon_core.shell:Creating environment hook '/home/roy/ros2_packages/ros2_tutorial/install/service_client/share/service_client/hook/cmake_prefix_path.ps1'
[0.853s] INFO:colcon.colcon_core.shell:Creating environment descriptor '/home/roy/ros2_packages/ros2_tutorial/install/service_client/share/service_client/hook/cmake_prefix_path.dsv'
[0.853s] INFO:colcon.colcon_core.shell:Creating environment hook '/home/roy/ros2_packages/ros2_tutorial/install/service_client/share/service_client/hook/cmake_prefix_path.sh'
[0.854s] Level 1:colcon.colcon_core.environment:checking '/home/roy/ros2_packages/ros2_tutorial/install/service_client/lib'
[0.854s] Level 1:colcon.colcon_core.environment:checking '/home/roy/ros2_packages/ros2_tutorial/install/service_client/bin'
[0.854s] Level 1:colcon.colcon_core.environment:checking '/home/roy/ros2_packages/ros2_tutorial/install/service_client/lib/pkgconfig/service_client.pc'
[0.854s] Level 1:colcon.colcon_core.environment:checking '/home/roy/ros2_packages/ros2_tutorial/install/service_client/lib/python3.10/site-packages'
[0.854s] Level 1:colcon.colcon_core.environment:checking '/home/roy/ros2_packages/ros2_tutorial/install/service_client/bin'
[0.855s] INFO:colcon.colcon_core.shell:Creating package script '/home/roy/ros2_packages/ros2_tutorial/install/service_client/share/service_client/package.ps1'
[0.855s] INFO:colcon.colcon_core.shell:Creating package descriptor '/home/roy/ros2_packages/ros2_tutorial/install/service_client/share/service_client/package.dsv'
[0.855s] INFO:colcon.colcon_core.shell:Creating package script '/home/roy/ros2_packages/ros2_tutorial/install/service_client/share/service_client/package.sh'
[0.856s] INFO:colcon.colcon_core.shell:Creating package script '/home/roy/ros2_packages/ros2_tutorial/install/service_client/share/service_client/package.bash'
[0.856s] INFO:colcon.colcon_core.shell:Creating package script '/home/roy/ros2_packages/ros2_tutorial/install/service_client/share/service_client/package.zsh'
[0.856s] Level 1:colcon.colcon_core.environment:create_file_with_runtime_dependencies(/home/roy/ros2_packages/ros2_tutorial/install/service_client/share/colcon-core/packages/service_client)
[0.870s] Level 1:colcon.colcon_core.environment:create_environment_scripts_only(service_server)
[0.870s] Level 1:colcon.colcon_core.environment:checking '/home/roy/ros2_packages/ros2_tutorial/install/service_server' for CMake module files
[0.871s] Level 1:colcon.colcon_core.environment:checking '/home/roy/ros2_packages/ros2_tutorial/install/service_server' for CMake config files
[0.871s] Level 1:colcon.colcon_core.shell:create_environment_hook('service_server', 'cmake_prefix_path')
[0.871s] INFO:colcon.colcon_core.shell:Creating environment hook '/home/roy/ros2_packages/ros2_tutorial/install/service_server/share/service_server/hook/cmake_prefix_path.ps1'
[0.871s] INFO:colcon.colcon_core.shell:Creating environment descriptor '/home/roy/ros2_packages/ros2_tutorial/install/service_server/share/service_server/hook/cmake_prefix_path.dsv'
[0.872s] INFO:colcon.colcon_core.shell:Creating environment hook '/home/roy/ros2_packages/ros2_tutorial/install/service_server/share/service_server/hook/cmake_prefix_path.sh'
[0.872s] Level 1:colcon.colcon_core.environment:checking '/home/roy/ros2_packages/ros2_tutorial/install/service_server/lib'
[0.872s] Level 1:colcon.colcon_core.environment:checking '/home/roy/ros2_packages/ros2_tutorial/install/service_server/bin'
[0.872s] Level 1:colcon.colcon_core.environment:checking '/home/roy/ros2_packages/ros2_tutorial/install/service_server/lib/pkgconfig/service_server.pc'
[0.872s] Level 1:colcon.colcon_core.environment:checking '/home/roy/ros2_packages/ros2_tutorial/install/service_server/lib/python3.10/site-packages'
[0.873s] Level 1:colcon.colcon_core.environment:checking '/home/roy/ros2_packages/ros2_tutorial/install/service_server/bin'
[0.873s] INFO:colcon.colcon_core.shell:Creating package script '/home/roy/ros2_packages/ros2_tutorial/install/service_server/share/service_server/package.ps1'
[0.873s] INFO:colcon.colcon_core.shell:Creating package descriptor '/home/roy/ros2_packages/ros2_tutorial/install/service_server/share/service_server/package.dsv'
[0.873s] INFO:colcon.colcon_core.shell:Creating package script '/home/roy/ros2_packages/ros2_tutorial/install/service_server/share/service_server/package.sh'
[0.874s] INFO:colcon.colcon_core.shell:Creating package script '/home/roy/ros2_packages/ros2_tutorial/install/service_server/share/service_server/package.bash'
[0.874s] INFO:colcon.colcon_core.shell:Creating package script '/home/roy/ros2_packages/ros2_tutorial/install/service_server/share/service_server/package.zsh'
[0.874s] Level 1:colcon.colcon_core.environment:create_file_with_runtime_dependencies(/home/roy/ros2_packages/ros2_tutorial/install/service_server/share/colcon-core/packages/service_server)
[0.875s] Level 1:colcon.colcon_core.environment:create_environment_scripts_only(service_client)
[0.876s] Level 1:colcon.colcon_core.environment:checking '/home/roy/ros2_packages/ros2_tutorial/install/service_client' for CMake module files
[0.876s] Level 1:colcon.colcon_core.environment:checking '/home/roy/ros2_packages/ros2_tutorial/install/service_client' for CMake config files
[0.876s] Level 1:colcon.colcon_core.shell:create_environment_hook('service_client', 'cmake_prefix_path')
[0.877s] INFO:colcon.colcon_core.shell:Creating environment hook '/home/roy/ros2_packages/ros2_tutorial/install/service_client/share/service_client/hook/cmake_prefix_path.ps1'
[0.877s] INFO:colcon.colcon_core.shell:Creating environment descriptor '/home/roy/ros2_packages/ros2_tutorial/install/service_client/share/service_client/hook/cmake_prefix_path.dsv'
[0.877s] INFO:colcon.colcon_core.shell:Creating environment hook '/home/roy/ros2_packages/ros2_tutorial/install/service_client/share/service_client/hook/cmake_prefix_path.sh'
[0.877s] Level 1:colcon.colcon_core.environment:checking '/home/roy/ros2_packages/ros2_tutorial/install/service_client/lib'
[0.877s] Level 1:colcon.colcon_core.environment:checking '/home/roy/ros2_packages/ros2_tutorial/install/service_client/bin'
[0.877s] Level 1:colcon.colcon_core.environment:checking '/home/roy/ros2_packages/ros2_tutorial/install/service_client/lib/pkgconfig/service_client.pc'
[0.878s] Level 1:colcon.colcon_core.environment:checking '/home/roy/ros2_packages/ros2_tutorial/install/service_client/lib/python3.10/site-packages'
[0.878s] Level 1:colcon.colcon_core.environment:checking '/home/roy/ros2_packages/ros2_tutorial/install/service_client/bin'
[0.878s] INFO:colcon.colcon_core.shell:Creating package script '/home/roy/ros2_packages/ros2_tutorial/install/service_client/share/service_client/package.ps1'
[0.878s] INFO:colcon.colcon_core.shell:Creating package descriptor '/home/roy/ros2_packages/ros2_tutorial/install/service_client/share/service_client/package.dsv'
[0.879s] INFO:colcon.colcon_core.shell:Creating package script '/home/roy/ros2_packages/ros2_tutorial/install/service_client/share/service_client/package.sh'
[0.879s] INFO:colcon.colcon_core.shell:Creating package script '/home/roy/ros2_packages/ros2_tutorial/install/service_client/share/service_client/package.bash'
[0.879s] INFO:colcon.colcon_core.shell:Creating package script '/home/roy/ros2_packages/ros2_tutorial/install/service_client/share/service_client/package.zsh'
[0.879s] Level 1:colcon.colcon_core.environment:create_file_with_runtime_dependencies(/home/roy/ros2_packages/ros2_tutorial/install/service_client/share/colcon-core/packages/service_client)
[2.392s] DEBUG:colcon.colcon_core.event_handler.log_command:Invoked command in '/home/roy/ros2_packages/ros2_tutorial/build/parameters' returned '2': CMAKE_PREFIX_PATH=/opt/ros/humble /usr/bin/cmake --build /home/roy/ros2_packages/ros2_tutorial/build/parameters -- -j8 -l8
[2.411s] Level 1:colcon.colcon_core.environment:create_environment_scripts_only(parameters)
[2.411s] Level 1:colcon.colcon_core.environment:checking '/home/roy/ros2_packages/ros2_tutorial/install/parameters' for CMake module files
[2.411s] Level 1:colcon.colcon_core.environment:checking '/home/roy/ros2_packages/ros2_tutorial/install/parameters' for CMake config files
[2.412s] Level 1:colcon.colcon_core.shell:create_environment_hook('parameters', 'cmake_prefix_path')
[2.412s] INFO:colcon.colcon_core.shell:Creating environment hook '/home/roy/ros2_packages/ros2_tutorial/install/parameters/share/parameters/hook/cmake_prefix_path.ps1'
[2.412s] INFO:colcon.colcon_core.shell:Creating environment descriptor '/home/roy/ros2_packages/ros2_tutorial/install/parameters/share/parameters/hook/cmake_prefix_path.dsv'
[2.412s] INFO:colcon.colcon_core.shell:Creating environment hook '/home/roy/ros2_packages/ros2_tutorial/install/parameters/share/parameters/hook/cmake_prefix_path.sh'
[2.413s] Level 1:colcon.colcon_core.environment:checking '/home/roy/ros2_packages/ros2_tutorial/install/parameters/lib'
[2.413s] Level 1:colcon.colcon_core.environment:checking '/home/roy/ros2_packages/ros2_tutorial/install/parameters/bin'
[2.413s] Level 1:colcon.colcon_core.environment:checking '/home/roy/ros2_packages/ros2_tutorial/install/parameters/lib/pkgconfig/parameters.pc'
[2.413s] Level 1:colcon.colcon_core.environment:checking '/home/roy/ros2_packages/ros2_tutorial/install/parameters/lib/python3.10/site-packages'
[2.413s] Level 1:colcon.colcon_core.environment:checking '/home/roy/ros2_packages/ros2_tutorial/install/parameters/bin'
[2.413s] INFO:colcon.colcon_core.shell:Creating package script '/home/roy/ros2_packages/ros2_tutorial/install/parameters/share/parameters/package.ps1'
[2.414s] INFO:colcon.colcon_core.shell:Creating package descriptor '/home/roy/ros2_packages/ros2_tutorial/install/parameters/share/parameters/package.dsv'
[2.414s] INFO:colcon.colcon_core.shell:Creating package script '/home/roy/ros2_packages/ros2_tutorial/install/parameters/share/parameters/package.sh'
[2.414s] INFO:colcon.colcon_core.shell:Creating package script '/home/roy/ros2_packages/ros2_tutorial/install/parameters/share/parameters/package.bash'
[2.415s] INFO:colcon.colcon_core.shell:Creating package script '/home/roy/ros2_packages/ros2_tutorial/install/parameters/share/parameters/package.zsh'
[2.415s] Level 1:colcon.colcon_core.environment:create_file_with_runtime_dependencies(/home/roy/ros2_packages/ros2_tutorial/install/parameters/share/colcon-core/packages/parameters)
[2.425s] DEBUG:colcon.colcon_parallel_executor.executor.parallel:closing loop
[2.425s] DEBUG:colcon.colcon_parallel_executor.executor.parallel:loop closed
[2.425s] DEBUG:colcon.colcon_parallel_executor.executor.parallel:run_until_complete finished with '2'
[2.426s] DEBUG:colcon.colcon_core.event_reactor:joining thread
[2.430s] INFO:colcon.colcon_core.plugin_system:Skipping extension 'colcon_notification.desktop_notification.terminal_notifier': Not used on non-Darwin systems
[2.430s] INFO:colcon.colcon_core.plugin_system:Skipping extension 'colcon_notification.desktop_notification.win32': Not used on non-Windows systems
[2.430s] INFO:colcon.colcon_notification.desktop_notification:Sending desktop notification using 'notify2'
[2.438s] DEBUG:colcon.colcon_core.event_reactor:joined thread
[2.438s] INFO:colcon.colcon_core.shell:Creating prefix script '/home/roy/ros2_packages/ros2_tutorial/install/local_setup.ps1'
[2.439s] INFO:colcon.colcon_core.shell:Creating prefix util module '/home/roy/ros2_packages/ros2_tutorial/install/_local_setup_util_ps1.py'
[2.440s] INFO:colcon.colcon_core.shell:Creating prefix chain script '/home/roy/ros2_packages/ros2_tutorial/install/setup.ps1'
[2.440s] INFO:colcon.colcon_core.shell:Creating prefix script '/home/roy/ros2_packages/ros2_tutorial/install/local_setup.sh'
[2.441s] INFO:colcon.colcon_core.shell:Creating prefix util module '/home/roy/ros2_packages/ros2_tutorial/install/_local_setup_util_sh.py'
[2.441s] INFO:colcon.colcon_core.shell:Creating prefix chain script '/home/roy/ros2_packages/ros2_tutorial/install/setup.sh'
[2.442s] INFO:colcon.colcon_core.shell:Creating prefix script '/home/roy/ros2_packages/ros2_tutorial/install/local_setup.bash'
[2.442s] INFO:colcon.colcon_core.shell:Creating prefix chain script '/home/roy/ros2_packages/ros2_tutorial/install/setup.bash'
[2.443s] INFO:colcon.colcon_core.shell:Creating prefix script '/home/roy/ros2_packages/ros2_tutorial/install/local_setup.zsh'
[2.443s] INFO:colcon.colcon_core.shell:Creating prefix chain script '/home/roy/ros2_packages/ros2_tutorial/install/setup.zsh'
